[2024-03-05T21:26:01.766-0300] {taskinstance.py:1979} INFO - Dependencies all met for dep_context=non-requeueable deps ti=<TaskInstance: Executando-notebook-etl.Transformando-dados scheduled__2024-02-20T09:00:00+00:00 [queued]>
[2024-03-05T21:26:01.773-0300] {taskinstance.py:1979} INFO - Dependencies all met for dep_context=requeueable deps ti=<TaskInstance: Executando-notebook-etl.Transformando-dados scheduled__2024-02-20T09:00:00+00:00 [queued]>
[2024-03-05T21:26:01.773-0300] {taskinstance.py:2193} INFO - Starting attempt 1 of 1
[2024-03-05T21:26:01.787-0300] {taskinstance.py:2214} INFO - Executing <Task(DatabricksRunNowOperator): Transformando-dados> on 2024-02-20 09:00:00+00:00
[2024-03-05T21:26:01.789-0300] {standard_task_runner.py:60} INFO - Started process 42292 to run task
[2024-03-05T21:26:01.792-0300] {standard_task_runner.py:87} INFO - Running: ['airflow', 'tasks', 'run', 'Executando-notebook-etl', 'Transformando-dados', 'scheduled__2024-02-20T09:00:00+00:00', '--job-id', '27', '--raw', '--subdir', 'DAGS_FOLDER/exchange_rate_dag.py', '--cfg-path', '/tmp/tmp8fzrkqpn']
[2024-03-05T21:26:01.793-0300] {standard_task_runner.py:88} INFO - Job 27: Subtask Transformando-dados
[2024-03-05T21:26:01.823-0300] {task_command.py:423} INFO - Running <TaskInstance: Executando-notebook-etl.Transformando-dados scheduled__2024-02-20T09:00:00+00:00 [running]> on host GabGalani.
[2024-03-05T21:26:01.880-0300] {taskinstance.py:2510} INFO - Exporting env vars: AIRFLOW_CTX_DAG_OWNER='airflow' AIRFLOW_CTX_DAG_ID='Executando-notebook-etl' AIRFLOW_CTX_TASK_ID='Transformando-dados' AIRFLOW_CTX_EXECUTION_DATE='2024-02-20T09:00:00+00:00' AIRFLOW_CTX_TRY_NUMBER='1' AIRFLOW_CTX_DAG_RUN_ID='scheduled__2024-02-20T09:00:00+00:00'
[2024-03-05T21:26:01.884-0300] {base.py:83} INFO - Using connection ID 'databricks_default' for task execution.
[2024-03-05T21:26:01.897-0300] {databricks_base.py:500} INFO - Using token auth.
[2024-03-05T21:26:02.197-0300] {databricks.py:54} INFO - Run submitted with run_id: 905207630099632
[2024-03-05T21:26:02.198-0300] {databricks_base.py:500} INFO - Using token auth.
[2024-03-05T21:26:02.448-0300] {databricks_base.py:500} INFO - Using token auth.
[2024-03-05T21:26:02.607-0300] {databricks.py:108} INFO - Transformando-dados in run state: {'life_cycle_state': 'RUNNING', 'result_state': '', 'state_message': ''}
[2024-03-05T21:26:02.608-0300] {databricks.py:109} INFO - View run status, Spark UI, and logs at https://adb-2816171104137333.13.azuredatabricks.net/?o=2816171104137333#job/140817525018336/run/905207630099632
[2024-03-05T21:26:02.608-0300] {databricks.py:110} INFO - Sleeping for 30 seconds.
[2024-03-05T21:26:32.635-0300] {databricks_base.py:500} INFO - Using token auth.
[2024-03-05T21:26:32.896-0300] {databricks.py:65} INFO - Transformando-dados completed successfully.
[2024-03-05T21:26:32.897-0300] {databricks.py:66} INFO - View run status, Spark UI, and logs at https://adb-2816171104137333.13.azuredatabricks.net/?o=2816171104137333#job/140817525018336/run/905207630099632
[2024-03-05T21:26:32.902-0300] {taskinstance.py:1149} INFO - Marking task as SUCCESS. dag_id=Executando-notebook-etl, task_id=Transformando-dados, execution_date=20240220T090000, start_date=20240306T002601, end_date=20240306T002632
[2024-03-05T21:26:32.927-0300] {local_task_job_runner.py:234} INFO - Task exited with return code 0
[2024-03-05T21:26:32.934-0300] {taskinstance.py:3309} INFO - 0 downstream tasks scheduled from follow-on schedule check
