[2024-03-05T20:57:28.880-0300] {processor.py:161} INFO - Started process (PID=25901) to work on /home/gabriel/Documents/Airflow/dags/exchange_rate_dag.py
[2024-03-05T20:57:28.881-0300] {processor.py:830} INFO - Processing file /home/gabriel/Documents/Airflow/dags/exchange_rate_dag.py for tasks to queue
[2024-03-05T20:57:28.882-0300] {logging_mixin.py:188} INFO - [2024-03-05T20:57:28.882-0300] {dagbag.py:540} INFO - Filling up the DagBag from /home/gabriel/Documents/Airflow/dags/exchange_rate_dag.py
[2024-03-05T20:57:28.897-0300] {processor.py:840} INFO - DAG(s) 'Executando-notebook-etl' retrieved from /home/gabriel/Documents/Airflow/dags/exchange_rate_dag.py
[2024-03-05T20:57:28.914-0300] {logging_mixin.py:188} INFO - [2024-03-05T20:57:28.913-0300] {dag.py:3047} INFO - Sync 1 DAGs
[2024-03-05T20:57:28.933-0300] {logging_mixin.py:188} INFO - [2024-03-05T20:57:28.932-0300] {dag.py:3834} INFO - Setting next_dagrun for Executando-notebook-etl to 2024-02-01 09:00:00+00:00, run_after=2024-02-02 09:00:00+00:00
[2024-03-05T20:57:28.955-0300] {processor.py:183} INFO - Processing /home/gabriel/Documents/Airflow/dags/exchange_rate_dag.py took 0.081 seconds
[2024-03-05T20:57:59.115-0300] {processor.py:161} INFO - Started process (PID=26104) to work on /home/gabriel/Documents/Airflow/dags/exchange_rate_dag.py
[2024-03-05T20:57:59.136-0300] {processor.py:830} INFO - Processing file /home/gabriel/Documents/Airflow/dags/exchange_rate_dag.py for tasks to queue
[2024-03-05T20:57:59.140-0300] {logging_mixin.py:188} INFO - [2024-03-05T20:57:59.138-0300] {dagbag.py:540} INFO - Filling up the DagBag from /home/gabriel/Documents/Airflow/dags/exchange_rate_dag.py
[2024-03-05T20:57:59.447-0300] {processor.py:840} INFO - DAG(s) 'Executando-notebook-etl' retrieved from /home/gabriel/Documents/Airflow/dags/exchange_rate_dag.py
[2024-03-05T20:58:00.703-0300] {logging_mixin.py:188} INFO - [2024-03-05T20:58:00.703-0300] {dag.py:3047} INFO - Sync 1 DAGs
[2024-03-05T20:58:00.737-0300] {logging_mixin.py:188} INFO - [2024-03-05T20:58:00.737-0300] {dag.py:3834} INFO - Setting next_dagrun for Executando-notebook-etl to 2024-02-01 09:00:00+00:00, run_after=2024-02-02 09:00:00+00:00
[2024-03-05T20:58:00.772-0300] {processor.py:183} INFO - Processing /home/gabriel/Documents/Airflow/dags/exchange_rate_dag.py took 1.681 seconds
[2024-03-05T20:58:31.020-0300] {processor.py:161} INFO - Started process (PID=26452) to work on /home/gabriel/Documents/Airflow/dags/exchange_rate_dag.py
[2024-03-05T20:58:31.022-0300] {processor.py:830} INFO - Processing file /home/gabriel/Documents/Airflow/dags/exchange_rate_dag.py for tasks to queue
[2024-03-05T20:58:31.023-0300] {logging_mixin.py:188} INFO - [2024-03-05T20:58:31.023-0300] {dagbag.py:540} INFO - Filling up the DagBag from /home/gabriel/Documents/Airflow/dags/exchange_rate_dag.py
[2024-03-05T20:58:31.042-0300] {processor.py:840} INFO - DAG(s) 'Executando-notebook-etl' retrieved from /home/gabriel/Documents/Airflow/dags/exchange_rate_dag.py
[2024-03-05T20:58:31.070-0300] {logging_mixin.py:188} INFO - [2024-03-05T20:58:31.069-0300] {dag.py:3047} INFO - Sync 1 DAGs
[2024-03-05T20:58:31.092-0300] {logging_mixin.py:188} INFO - [2024-03-05T20:58:31.092-0300] {dag.py:3834} INFO - Setting next_dagrun for Executando-notebook-etl to 2024-02-01 09:00:00+00:00, run_after=2024-02-02 09:00:00+00:00
[2024-03-05T20:58:31.115-0300] {processor.py:183} INFO - Processing /home/gabriel/Documents/Airflow/dags/exchange_rate_dag.py took 0.104 seconds
[2024-03-05T20:59:01.668-0300] {processor.py:161} INFO - Started process (PID=26681) to work on /home/gabriel/Documents/Airflow/dags/exchange_rate_dag.py
[2024-03-05T20:59:01.669-0300] {processor.py:830} INFO - Processing file /home/gabriel/Documents/Airflow/dags/exchange_rate_dag.py for tasks to queue
[2024-03-05T20:59:01.670-0300] {logging_mixin.py:188} INFO - [2024-03-05T20:59:01.670-0300] {dagbag.py:540} INFO - Filling up the DagBag from /home/gabriel/Documents/Airflow/dags/exchange_rate_dag.py
[2024-03-05T20:59:01.678-0300] {processor.py:840} INFO - DAG(s) 'Executando-notebook-etl' retrieved from /home/gabriel/Documents/Airflow/dags/exchange_rate_dag.py
[2024-03-05T20:59:01.712-0300] {logging_mixin.py:188} INFO - [2024-03-05T20:59:01.712-0300] {dag.py:3047} INFO - Sync 1 DAGs
[2024-03-05T20:59:01.737-0300] {logging_mixin.py:188} INFO - [2024-03-05T20:59:01.736-0300] {dag.py:3834} INFO - Setting next_dagrun for Executando-notebook-etl to 2024-02-01 09:00:00+00:00, run_after=2024-02-02 09:00:00+00:00
[2024-03-05T20:59:01.759-0300] {processor.py:183} INFO - Processing /home/gabriel/Documents/Airflow/dags/exchange_rate_dag.py took 0.093 seconds
[2024-03-05T20:59:32.044-0300] {processor.py:161} INFO - Started process (PID=26817) to work on /home/gabriel/Documents/Airflow/dags/exchange_rate_dag.py
[2024-03-05T20:59:32.046-0300] {processor.py:830} INFO - Processing file /home/gabriel/Documents/Airflow/dags/exchange_rate_dag.py for tasks to queue
[2024-03-05T20:59:32.047-0300] {logging_mixin.py:188} INFO - [2024-03-05T20:59:32.047-0300] {dagbag.py:540} INFO - Filling up the DagBag from /home/gabriel/Documents/Airflow/dags/exchange_rate_dag.py
[2024-03-05T20:59:32.057-0300] {processor.py:840} INFO - DAG(s) 'Executando-notebook-etl' retrieved from /home/gabriel/Documents/Airflow/dags/exchange_rate_dag.py
[2024-03-05T20:59:32.074-0300] {logging_mixin.py:188} INFO - [2024-03-05T20:59:32.074-0300] {dag.py:3047} INFO - Sync 1 DAGs
[2024-03-05T20:59:32.093-0300] {logging_mixin.py:188} INFO - [2024-03-05T20:59:32.093-0300] {dag.py:3834} INFO - Setting next_dagrun for Executando-notebook-etl to 2024-02-01 09:00:00+00:00, run_after=2024-02-02 09:00:00+00:00
[2024-03-05T20:59:32.113-0300] {processor.py:183} INFO - Processing /home/gabriel/Documents/Airflow/dags/exchange_rate_dag.py took 0.071 seconds
