[2024-03-05T21:40:51.402-0300] {taskinstance.py:1979} INFO - Dependencies all met for dep_context=non-requeueable deps ti=<TaskInstance: Executando-notebook-etl.Transformando-dados scheduled__2024-03-03T09:00:00+00:00 [queued]>
[2024-03-05T21:40:51.410-0300] {taskinstance.py:1979} INFO - Dependencies all met for dep_context=requeueable deps ti=<TaskInstance: Executando-notebook-etl.Transformando-dados scheduled__2024-03-03T09:00:00+00:00 [queued]>
[2024-03-05T21:40:51.410-0300] {taskinstance.py:2193} INFO - Starting attempt 1 of 1
[2024-03-05T21:40:51.428-0300] {taskinstance.py:2214} INFO - Executing <Task(DatabricksRunNowOperator): Transformando-dados> on 2024-03-03 09:00:00+00:00
[2024-03-05T21:40:51.430-0300] {standard_task_runner.py:60} INFO - Started process 52988 to run task
[2024-03-05T21:40:51.436-0300] {standard_task_runner.py:87} INFO - Running: ['airflow', 'tasks', 'run', 'Executando-notebook-etl', 'Transformando-dados', 'scheduled__2024-03-03T09:00:00+00:00', '--job-id', '50', '--raw', '--subdir', 'DAGS_FOLDER/exchange_rate_dag.py', '--cfg-path', '/tmp/tmpust0jmm1']
[2024-03-05T21:40:51.437-0300] {standard_task_runner.py:88} INFO - Job 50: Subtask Transformando-dados
[2024-03-05T21:40:51.478-0300] {task_command.py:423} INFO - Running <TaskInstance: Executando-notebook-etl.Transformando-dados scheduled__2024-03-03T09:00:00+00:00 [running]> on host GabGalani.
[2024-03-05T21:40:51.540-0300] {taskinstance.py:2510} INFO - Exporting env vars: AIRFLOW_CTX_DAG_OWNER='airflow' AIRFLOW_CTX_DAG_ID='Executando-notebook-etl' AIRFLOW_CTX_TASK_ID='Transformando-dados' AIRFLOW_CTX_EXECUTION_DATE='2024-03-03T09:00:00+00:00' AIRFLOW_CTX_TRY_NUMBER='1' AIRFLOW_CTX_DAG_RUN_ID='scheduled__2024-03-03T09:00:00+00:00'
[2024-03-05T21:40:51.546-0300] {base.py:83} INFO - Using connection ID 'databricks_default' for task execution.
[2024-03-05T21:40:51.562-0300] {databricks_base.py:500} INFO - Using token auth.
[2024-03-05T21:40:51.882-0300] {databricks.py:54} INFO - Run submitted with run_id: 632601853240388
[2024-03-05T21:40:51.882-0300] {databricks_base.py:500} INFO - Using token auth.
[2024-03-05T21:40:52.075-0300] {databricks_base.py:500} INFO - Using token auth.
[2024-03-05T21:40:52.322-0300] {databricks.py:108} INFO - Transformando-dados in run state: {'life_cycle_state': 'RUNNING', 'result_state': '', 'state_message': ''}
[2024-03-05T21:40:52.323-0300] {databricks.py:109} INFO - View run status, Spark UI, and logs at https://adb-2816171104137333.13.azuredatabricks.net/?o=2816171104137333#job/140817525018336/run/632601853240388
[2024-03-05T21:40:52.323-0300] {databricks.py:110} INFO - Sleeping for 30 seconds.
[2024-03-05T21:41:22.345-0300] {databricks_base.py:500} INFO - Using token auth.
[2024-03-05T21:41:22.631-0300] {databricks.py:65} INFO - Transformando-dados completed successfully.
[2024-03-05T21:41:22.632-0300] {databricks.py:66} INFO - View run status, Spark UI, and logs at https://adb-2816171104137333.13.azuredatabricks.net/?o=2816171104137333#job/140817525018336/run/632601853240388
[2024-03-05T21:41:22.636-0300] {taskinstance.py:1149} INFO - Marking task as SUCCESS. dag_id=Executando-notebook-etl, task_id=Transformando-dados, execution_date=20240303T090000, start_date=20240306T004051, end_date=20240306T004122
[2024-03-05T21:41:22.678-0300] {local_task_job_runner.py:234} INFO - Task exited with return code 0
[2024-03-05T21:41:22.686-0300] {taskinstance.py:3309} INFO - 0 downstream tasks scheduled from follow-on schedule check
