[2024-03-05T20:53:16.536-0300] {processor.py:161} INFO - Started process (PID=23396) to work on /home/gabriel/Documents/Airflow/venv/lib/python3.10/site-packages/airflow/example_dags/example_datasets.py
[2024-03-05T20:53:16.540-0300] {processor.py:830} INFO - Processing file /home/gabriel/Documents/Airflow/venv/lib/python3.10/site-packages/airflow/example_dags/example_datasets.py for tasks to queue
[2024-03-05T20:53:16.546-0300] {logging_mixin.py:188} INFO - [2024-03-05T20:53:16.543-0300] {dagbag.py:540} INFO - Filling up the DagBag from /home/gabriel/Documents/Airflow/venv/lib/python3.10/site-packages/airflow/example_dags/example_datasets.py
[2024-03-05T20:53:16.715-0300] {processor.py:840} INFO - DAG(s) 'dataset_produces_1', 'dataset_produces_2', 'dataset_consumes_1', 'dataset_consumes_1_and_2', 'dataset_consumes_unknown_never_scheduled', 'dataset_consumes_1_never_scheduled' retrieved from /home/gabriel/Documents/Airflow/venv/lib/python3.10/site-packages/airflow/example_dags/example_datasets.py
[2024-03-05T20:53:17.067-0300] {logging_mixin.py:188} INFO - [2024-03-05T20:53:17.066-0300] {override.py:1769} INFO - Created Permission View: can read on DAG:dataset_produces_1
[2024-03-05T20:53:17.094-0300] {logging_mixin.py:188} INFO - [2024-03-05T20:53:17.093-0300] {override.py:1769} INFO - Created Permission View: can delete on DAG:dataset_produces_1
[2024-03-05T20:53:17.118-0300] {logging_mixin.py:188} INFO - [2024-03-05T20:53:17.117-0300] {override.py:1769} INFO - Created Permission View: can edit on DAG:dataset_produces_1
[2024-03-05T20:53:17.150-0300] {logging_mixin.py:188} INFO - [2024-03-05T20:53:17.149-0300] {override.py:1769} INFO - Created Permission View: can read on DAG:dataset_produces_2
[2024-03-05T20:53:17.168-0300] {logging_mixin.py:188} INFO - [2024-03-05T20:53:17.167-0300] {override.py:1769} INFO - Created Permission View: can delete on DAG:dataset_produces_2
[2024-03-05T20:53:17.185-0300] {logging_mixin.py:188} INFO - [2024-03-05T20:53:17.184-0300] {override.py:1769} INFO - Created Permission View: can edit on DAG:dataset_produces_2
[2024-03-05T20:53:17.226-0300] {logging_mixin.py:188} INFO - [2024-03-05T20:53:17.225-0300] {override.py:1769} INFO - Created Permission View: can read on DAG:dataset_consumes_1
[2024-03-05T20:53:17.250-0300] {logging_mixin.py:188} INFO - [2024-03-05T20:53:17.250-0300] {override.py:1769} INFO - Created Permission View: can delete on DAG:dataset_consumes_1
[2024-03-05T20:53:17.281-0300] {logging_mixin.py:188} INFO - [2024-03-05T20:53:17.281-0300] {override.py:1769} INFO - Created Permission View: can edit on DAG:dataset_consumes_1
[2024-03-05T20:53:17.319-0300] {logging_mixin.py:188} INFO - [2024-03-05T20:53:17.318-0300] {override.py:1769} INFO - Created Permission View: can read on DAG:dataset_consumes_1_and_2
[2024-03-05T20:53:17.342-0300] {logging_mixin.py:188} INFO - [2024-03-05T20:53:17.340-0300] {override.py:1769} INFO - Created Permission View: can delete on DAG:dataset_consumes_1_and_2
[2024-03-05T20:53:17.373-0300] {logging_mixin.py:188} INFO - [2024-03-05T20:53:17.371-0300] {override.py:1769} INFO - Created Permission View: can edit on DAG:dataset_consumes_1_and_2
[2024-03-05T20:53:17.430-0300] {logging_mixin.py:188} INFO - [2024-03-05T20:53:17.428-0300] {override.py:1769} INFO - Created Permission View: can read on DAG:dataset_consumes_unknown_never_scheduled
[2024-03-05T20:53:17.464-0300] {logging_mixin.py:188} INFO - [2024-03-05T20:53:17.462-0300] {override.py:1769} INFO - Created Permission View: can delete on DAG:dataset_consumes_unknown_never_scheduled
[2024-03-05T20:53:17.502-0300] {logging_mixin.py:188} INFO - [2024-03-05T20:53:17.500-0300] {override.py:1769} INFO - Created Permission View: can edit on DAG:dataset_consumes_unknown_never_scheduled
[2024-03-05T20:53:17.568-0300] {logging_mixin.py:188} INFO - [2024-03-05T20:53:17.567-0300] {override.py:1769} INFO - Created Permission View: can read on DAG:dataset_consumes_1_never_scheduled
[2024-03-05T20:53:17.600-0300] {logging_mixin.py:188} INFO - [2024-03-05T20:53:17.598-0300] {override.py:1769} INFO - Created Permission View: can delete on DAG:dataset_consumes_1_never_scheduled
[2024-03-05T20:53:17.631-0300] {logging_mixin.py:188} INFO - [2024-03-05T20:53:17.630-0300] {override.py:1769} INFO - Created Permission View: can edit on DAG:dataset_consumes_1_never_scheduled
[2024-03-05T20:53:17.632-0300] {logging_mixin.py:188} INFO - [2024-03-05T20:53:17.632-0300] {dag.py:3047} INFO - Sync 6 DAGs
[2024-03-05T20:53:17.731-0300] {logging_mixin.py:188} INFO - [2024-03-05T20:53:17.729-0300] {dag.py:3069} INFO - Creating ORM DAG for dataset_consumes_1
[2024-03-05T20:53:17.734-0300] {logging_mixin.py:188} INFO - [2024-03-05T20:53:17.733-0300] {dag.py:3069} INFO - Creating ORM DAG for dataset_produces_2
[2024-03-05T20:53:17.737-0300] {logging_mixin.py:188} INFO - [2024-03-05T20:53:17.736-0300] {dag.py:3069} INFO - Creating ORM DAG for dataset_consumes_1_never_scheduled
[2024-03-05T20:53:17.741-0300] {logging_mixin.py:188} INFO - [2024-03-05T20:53:17.740-0300] {dag.py:3069} INFO - Creating ORM DAG for dataset_produces_1
[2024-03-05T20:53:17.743-0300] {logging_mixin.py:188} INFO - [2024-03-05T20:53:17.743-0300] {dag.py:3069} INFO - Creating ORM DAG for dataset_consumes_unknown_never_scheduled
[2024-03-05T20:53:17.746-0300] {logging_mixin.py:188} INFO - [2024-03-05T20:53:17.746-0300] {dag.py:3069} INFO - Creating ORM DAG for dataset_consumes_1_and_2
[2024-03-05T20:53:17.825-0300] {logging_mixin.py:188} INFO - [2024-03-05T20:53:17.824-0300] {dag.py:3834} INFO - Setting next_dagrun for dataset_consumes_1 to None, run_after=None
[2024-03-05T20:53:17.832-0300] {logging_mixin.py:188} INFO - [2024-03-05T20:53:17.831-0300] {dag.py:3834} INFO - Setting next_dagrun for dataset_consumes_1_and_2 to None, run_after=None
[2024-03-05T20:53:17.835-0300] {logging_mixin.py:188} INFO - [2024-03-05T20:53:17.834-0300] {dag.py:3834} INFO - Setting next_dagrun for dataset_consumes_1_never_scheduled to None, run_after=None
[2024-03-05T20:53:17.837-0300] {logging_mixin.py:188} INFO - [2024-03-05T20:53:17.836-0300] {dag.py:3834} INFO - Setting next_dagrun for dataset_consumes_unknown_never_scheduled to None, run_after=None
[2024-03-05T20:53:17.851-0300] {logging_mixin.py:188} INFO - [2024-03-05T20:53:17.850-0300] {dag.py:3834} INFO - Setting next_dagrun for dataset_produces_1 to 2024-03-04 00:00:00+00:00, run_after=2024-03-05 00:00:00+00:00
[2024-03-05T20:53:17.856-0300] {logging_mixin.py:188} INFO - [2024-03-05T20:53:17.853-0300] {dag.py:3834} INFO - Setting next_dagrun for dataset_produces_2 to None, run_after=None
[2024-03-05T20:53:18.964-0300] {processor.py:183} INFO - Processing /home/gabriel/Documents/Airflow/venv/lib/python3.10/site-packages/airflow/example_dags/example_datasets.py took 2.464 seconds
[2024-03-05T20:54:15.053-0300] {processor.py:161} INFO - Started process (PID=24088) to work on /home/gabriel/Documents/Airflow/venv/lib/python3.10/site-packages/airflow/example_dags/example_datasets.py
[2024-03-05T20:54:15.055-0300] {processor.py:830} INFO - Processing file /home/gabriel/Documents/Airflow/venv/lib/python3.10/site-packages/airflow/example_dags/example_datasets.py for tasks to queue
[2024-03-05T20:54:15.056-0300] {logging_mixin.py:188} INFO - [2024-03-05T20:54:15.056-0300] {dagbag.py:540} INFO - Filling up the DagBag from /home/gabriel/Documents/Airflow/venv/lib/python3.10/site-packages/airflow/example_dags/example_datasets.py
[2024-03-05T20:54:15.064-0300] {processor.py:840} INFO - DAG(s) 'dataset_consumes_1_and_2', 'dataset_consumes_1', 'dataset_consumes_1_never_scheduled', 'dataset_produces_2', 'dataset_produces_1', 'dataset_consumes_unknown_never_scheduled' retrieved from /home/gabriel/Documents/Airflow/venv/lib/python3.10/site-packages/airflow/example_dags/example_datasets.py
[2024-03-05T20:54:15.089-0300] {logging_mixin.py:188} INFO - [2024-03-05T20:54:15.088-0300] {dag.py:3047} INFO - Sync 6 DAGs
[2024-03-05T20:54:15.107-0300] {logging_mixin.py:188} INFO - [2024-03-05T20:54:15.107-0300] {dag.py:3834} INFO - Setting next_dagrun for dataset_consumes_1 to None, run_after=None
[2024-03-05T20:54:15.110-0300] {logging_mixin.py:188} INFO - [2024-03-05T20:54:15.110-0300] {dag.py:3834} INFO - Setting next_dagrun for dataset_consumes_1_and_2 to None, run_after=None
[2024-03-05T20:54:15.111-0300] {logging_mixin.py:188} INFO - [2024-03-05T20:54:15.111-0300] {dag.py:3834} INFO - Setting next_dagrun for dataset_consumes_1_never_scheduled to None, run_after=None
[2024-03-05T20:54:15.112-0300] {logging_mixin.py:188} INFO - [2024-03-05T20:54:15.112-0300] {dag.py:3834} INFO - Setting next_dagrun for dataset_consumes_unknown_never_scheduled to None, run_after=None
[2024-03-05T20:54:15.115-0300] {logging_mixin.py:188} INFO - [2024-03-05T20:54:15.115-0300] {dag.py:3834} INFO - Setting next_dagrun for dataset_produces_1 to 2024-03-04 00:00:00+00:00, run_after=2024-03-05 00:00:00+00:00
[2024-03-05T20:54:15.117-0300] {logging_mixin.py:188} INFO - [2024-03-05T20:54:15.116-0300] {dag.py:3834} INFO - Setting next_dagrun for dataset_produces_2 to None, run_after=None
[2024-03-05T20:54:15.148-0300] {processor.py:183} INFO - Processing /home/gabriel/Documents/Airflow/venv/lib/python3.10/site-packages/airflow/example_dags/example_datasets.py took 0.097 seconds
[2024-03-05T20:55:05.296-0300] {processor.py:161} INFO - Started process (PID=24564) to work on /home/gabriel/Documents/Airflow/venv/lib/python3.10/site-packages/airflow/example_dags/example_datasets.py
[2024-03-05T20:55:05.299-0300] {processor.py:830} INFO - Processing file /home/gabriel/Documents/Airflow/venv/lib/python3.10/site-packages/airflow/example_dags/example_datasets.py for tasks to queue
[2024-03-05T20:55:05.301-0300] {logging_mixin.py:188} INFO - [2024-03-05T20:55:05.300-0300] {dagbag.py:540} INFO - Filling up the DagBag from /home/gabriel/Documents/Airflow/venv/lib/python3.10/site-packages/airflow/example_dags/example_datasets.py
[2024-03-05T20:55:05.313-0300] {processor.py:840} INFO - DAG(s) 'dataset_produces_1', 'dataset_consumes_1_and_2', 'dataset_produces_2', 'dataset_consumes_unknown_never_scheduled', 'dataset_consumes_1', 'dataset_consumes_1_never_scheduled' retrieved from /home/gabriel/Documents/Airflow/venv/lib/python3.10/site-packages/airflow/example_dags/example_datasets.py
[2024-03-05T20:55:05.345-0300] {logging_mixin.py:188} INFO - [2024-03-05T20:55:05.344-0300] {dag.py:3047} INFO - Sync 6 DAGs
[2024-03-05T20:55:05.476-0300] {logging_mixin.py:188} INFO - [2024-03-05T20:55:05.476-0300] {dag.py:3834} INFO - Setting next_dagrun for dataset_consumes_1 to None, run_after=None
[2024-03-05T20:55:05.479-0300] {logging_mixin.py:188} INFO - [2024-03-05T20:55:05.478-0300] {dag.py:3834} INFO - Setting next_dagrun for dataset_consumes_1_and_2 to None, run_after=None
[2024-03-05T20:55:05.480-0300] {logging_mixin.py:188} INFO - [2024-03-05T20:55:05.480-0300] {dag.py:3834} INFO - Setting next_dagrun for dataset_consumes_1_never_scheduled to None, run_after=None
[2024-03-05T20:55:05.483-0300] {logging_mixin.py:188} INFO - [2024-03-05T20:55:05.482-0300] {dag.py:3834} INFO - Setting next_dagrun for dataset_consumes_unknown_never_scheduled to None, run_after=None
[2024-03-05T20:55:05.487-0300] {logging_mixin.py:188} INFO - [2024-03-05T20:55:05.486-0300] {dag.py:3834} INFO - Setting next_dagrun for dataset_produces_1 to 2024-03-04 00:00:00+00:00, run_after=2024-03-05 00:00:00+00:00
[2024-03-05T20:55:05.489-0300] {logging_mixin.py:188} INFO - [2024-03-05T20:55:05.488-0300] {dag.py:3834} INFO - Setting next_dagrun for dataset_produces_2 to None, run_after=None
[2024-03-05T20:55:05.526-0300] {processor.py:183} INFO - Processing /home/gabriel/Documents/Airflow/venv/lib/python3.10/site-packages/airflow/example_dags/example_datasets.py took 0.235 seconds
[2024-03-05T20:56:03.773-0300] {processor.py:161} INFO - Started process (PID=25201) to work on /home/gabriel/Documents/Airflow/venv/lib/python3.10/site-packages/airflow/example_dags/example_datasets.py
[2024-03-05T20:56:03.775-0300] {processor.py:830} INFO - Processing file /home/gabriel/Documents/Airflow/venv/lib/python3.10/site-packages/airflow/example_dags/example_datasets.py for tasks to queue
[2024-03-05T20:56:03.777-0300] {logging_mixin.py:188} INFO - [2024-03-05T20:56:03.776-0300] {dagbag.py:540} INFO - Filling up the DagBag from /home/gabriel/Documents/Airflow/venv/lib/python3.10/site-packages/airflow/example_dags/example_datasets.py
[2024-03-05T20:56:03.793-0300] {processor.py:840} INFO - DAG(s) 'dataset_consumes_1_and_2', 'dataset_produces_1', 'dataset_consumes_unknown_never_scheduled', 'dataset_consumes_1', 'dataset_consumes_1_never_scheduled', 'dataset_produces_2' retrieved from /home/gabriel/Documents/Airflow/venv/lib/python3.10/site-packages/airflow/example_dags/example_datasets.py
[2024-03-05T20:56:03.839-0300] {logging_mixin.py:188} INFO - [2024-03-05T20:56:03.838-0300] {dag.py:3047} INFO - Sync 6 DAGs
[2024-03-05T20:56:03.863-0300] {logging_mixin.py:188} INFO - [2024-03-05T20:56:03.863-0300] {dag.py:3834} INFO - Setting next_dagrun for dataset_consumes_1 to None, run_after=None
[2024-03-05T20:56:03.868-0300] {logging_mixin.py:188} INFO - [2024-03-05T20:56:03.868-0300] {dag.py:3834} INFO - Setting next_dagrun for dataset_consumes_1_and_2 to None, run_after=None
[2024-03-05T20:56:03.870-0300] {logging_mixin.py:188} INFO - [2024-03-05T20:56:03.869-0300] {dag.py:3834} INFO - Setting next_dagrun for dataset_consumes_1_never_scheduled to None, run_after=None
[2024-03-05T20:56:03.870-0300] {logging_mixin.py:188} INFO - [2024-03-05T20:56:03.870-0300] {dag.py:3834} INFO - Setting next_dagrun for dataset_consumes_unknown_never_scheduled to None, run_after=None
[2024-03-05T20:56:03.873-0300] {logging_mixin.py:188} INFO - [2024-03-05T20:56:03.872-0300] {dag.py:3834} INFO - Setting next_dagrun for dataset_produces_1 to 2024-03-04 00:00:00+00:00, run_after=2024-03-05 00:00:00+00:00
[2024-03-05T20:56:03.874-0300] {logging_mixin.py:188} INFO - [2024-03-05T20:56:03.873-0300] {dag.py:3834} INFO - Setting next_dagrun for dataset_produces_2 to None, run_after=None
[2024-03-05T20:56:03.912-0300] {processor.py:183} INFO - Processing /home/gabriel/Documents/Airflow/venv/lib/python3.10/site-packages/airflow/example_dags/example_datasets.py took 0.141 seconds
[2024-03-05T20:56:57.492-0300] {processor.py:161} INFO - Started process (PID=25710) to work on /home/gabriel/Documents/Airflow/venv/lib/python3.10/site-packages/airflow/example_dags/example_datasets.py
[2024-03-05T20:56:57.494-0300] {processor.py:830} INFO - Processing file /home/gabriel/Documents/Airflow/venv/lib/python3.10/site-packages/airflow/example_dags/example_datasets.py for tasks to queue
[2024-03-05T20:56:57.495-0300] {logging_mixin.py:188} INFO - [2024-03-05T20:56:57.495-0300] {dagbag.py:540} INFO - Filling up the DagBag from /home/gabriel/Documents/Airflow/venv/lib/python3.10/site-packages/airflow/example_dags/example_datasets.py
[2024-03-05T20:56:57.503-0300] {processor.py:840} INFO - DAG(s) 'dataset_produces_1', 'dataset_consumes_1_and_2', 'dataset_consumes_unknown_never_scheduled', 'dataset_consumes_1_never_scheduled', 'dataset_produces_2', 'dataset_consumes_1' retrieved from /home/gabriel/Documents/Airflow/venv/lib/python3.10/site-packages/airflow/example_dags/example_datasets.py
[2024-03-05T20:56:57.528-0300] {logging_mixin.py:188} INFO - [2024-03-05T20:56:57.528-0300] {dag.py:3047} INFO - Sync 6 DAGs
[2024-03-05T20:56:57.549-0300] {logging_mixin.py:188} INFO - [2024-03-05T20:56:57.549-0300] {dag.py:3834} INFO - Setting next_dagrun for dataset_consumes_1 to None, run_after=None
[2024-03-05T20:56:57.552-0300] {logging_mixin.py:188} INFO - [2024-03-05T20:56:57.552-0300] {dag.py:3834} INFO - Setting next_dagrun for dataset_consumes_1_and_2 to None, run_after=None
[2024-03-05T20:56:57.554-0300] {logging_mixin.py:188} INFO - [2024-03-05T20:56:57.553-0300] {dag.py:3834} INFO - Setting next_dagrun for dataset_consumes_1_never_scheduled to None, run_after=None
[2024-03-05T20:56:57.555-0300] {logging_mixin.py:188} INFO - [2024-03-05T20:56:57.555-0300] {dag.py:3834} INFO - Setting next_dagrun for dataset_consumes_unknown_never_scheduled to None, run_after=None
[2024-03-05T20:56:57.557-0300] {logging_mixin.py:188} INFO - [2024-03-05T20:56:57.557-0300] {dag.py:3834} INFO - Setting next_dagrun for dataset_produces_1 to 2024-03-04 00:00:00+00:00, run_after=2024-03-05 00:00:00+00:00
[2024-03-05T20:56:57.558-0300] {logging_mixin.py:188} INFO - [2024-03-05T20:56:57.558-0300] {dag.py:3834} INFO - Setting next_dagrun for dataset_produces_2 to None, run_after=None
[2024-03-05T20:56:57.591-0300] {processor.py:183} INFO - Processing /home/gabriel/Documents/Airflow/venv/lib/python3.10/site-packages/airflow/example_dags/example_datasets.py took 0.101 seconds
