[2024-03-05T20:53:24.484-0300] {processor.py:161} INFO - Started process (PID=23422) to work on /home/gabriel/Documents/Airflow/venv/lib/python3.10/site-packages/airflow/example_dags/example_latest_only_with_trigger.py
[2024-03-05T20:53:24.484-0300] {processor.py:830} INFO - Processing file /home/gabriel/Documents/Airflow/venv/lib/python3.10/site-packages/airflow/example_dags/example_latest_only_with_trigger.py for tasks to queue
[2024-03-05T20:53:24.486-0300] {logging_mixin.py:188} INFO - [2024-03-05T20:53:24.485-0300] {dagbag.py:540} INFO - Filling up the DagBag from /home/gabriel/Documents/Airflow/venv/lib/python3.10/site-packages/airflow/example_dags/example_latest_only_with_trigger.py
[2024-03-05T20:53:24.492-0300] {processor.py:840} INFO - DAG(s) 'latest_only_with_trigger' retrieved from /home/gabriel/Documents/Airflow/venv/lib/python3.10/site-packages/airflow/example_dags/example_latest_only_with_trigger.py
[2024-03-05T20:53:24.583-0300] {logging_mixin.py:188} INFO - [2024-03-05T20:53:24.582-0300] {override.py:1769} INFO - Created Permission View: can read on DAG:latest_only_with_trigger
[2024-03-05T20:53:24.597-0300] {logging_mixin.py:188} INFO - [2024-03-05T20:53:24.596-0300] {override.py:1769} INFO - Created Permission View: can delete on DAG:latest_only_with_trigger
[2024-03-05T20:53:24.607-0300] {logging_mixin.py:188} INFO - [2024-03-05T20:53:24.607-0300] {override.py:1769} INFO - Created Permission View: can edit on DAG:latest_only_with_trigger
[2024-03-05T20:53:24.607-0300] {logging_mixin.py:188} INFO - [2024-03-05T20:53:24.607-0300] {dag.py:3047} INFO - Sync 1 DAGs
[2024-03-05T20:53:24.616-0300] {logging_mixin.py:188} INFO - [2024-03-05T20:53:24.616-0300] {dag.py:3069} INFO - Creating ORM DAG for latest_only_with_trigger
[2024-03-05T20:53:24.623-0300] {logging_mixin.py:188} INFO - [2024-03-05T20:53:24.623-0300] {dag.py:3834} INFO - Setting next_dagrun for latest_only_with_trigger to 2024-03-05 16:00:00+00:00, run_after=2024-03-05 20:00:00+00:00
[2024-03-05T20:53:24.734-0300] {processor.py:183} INFO - Processing /home/gabriel/Documents/Airflow/venv/lib/python3.10/site-packages/airflow/example_dags/example_latest_only_with_trigger.py took 0.253 seconds
[2024-03-05T20:54:19.462-0300] {processor.py:161} INFO - Started process (PID=24098) to work on /home/gabriel/Documents/Airflow/venv/lib/python3.10/site-packages/airflow/example_dags/example_latest_only_with_trigger.py
[2024-03-05T20:54:19.463-0300] {processor.py:830} INFO - Processing file /home/gabriel/Documents/Airflow/venv/lib/python3.10/site-packages/airflow/example_dags/example_latest_only_with_trigger.py for tasks to queue
[2024-03-05T20:54:19.465-0300] {logging_mixin.py:188} INFO - [2024-03-05T20:54:19.464-0300] {dagbag.py:540} INFO - Filling up the DagBag from /home/gabriel/Documents/Airflow/venv/lib/python3.10/site-packages/airflow/example_dags/example_latest_only_with_trigger.py
[2024-03-05T20:54:19.472-0300] {processor.py:840} INFO - DAG(s) 'latest_only_with_trigger' retrieved from /home/gabriel/Documents/Airflow/venv/lib/python3.10/site-packages/airflow/example_dags/example_latest_only_with_trigger.py
[2024-03-05T20:54:19.485-0300] {logging_mixin.py:188} INFO - [2024-03-05T20:54:19.484-0300] {dag.py:3047} INFO - Sync 1 DAGs
[2024-03-05T20:54:19.508-0300] {logging_mixin.py:188} INFO - [2024-03-05T20:54:19.507-0300] {dag.py:3834} INFO - Setting next_dagrun for latest_only_with_trigger to 2024-03-05 16:00:00+00:00, run_after=2024-03-05 20:00:00+00:00
[2024-03-05T20:54:19.542-0300] {processor.py:183} INFO - Processing /home/gabriel/Documents/Airflow/venv/lib/python3.10/site-packages/airflow/example_dags/example_latest_only_with_trigger.py took 0.082 seconds
[2024-03-05T20:55:10.218-0300] {processor.py:161} INFO - Started process (PID=24580) to work on /home/gabriel/Documents/Airflow/venv/lib/python3.10/site-packages/airflow/example_dags/example_latest_only_with_trigger.py
[2024-03-05T20:55:10.220-0300] {processor.py:830} INFO - Processing file /home/gabriel/Documents/Airflow/venv/lib/python3.10/site-packages/airflow/example_dags/example_latest_only_with_trigger.py for tasks to queue
[2024-03-05T20:55:10.220-0300] {logging_mixin.py:188} INFO - [2024-03-05T20:55:10.220-0300] {dagbag.py:540} INFO - Filling up the DagBag from /home/gabriel/Documents/Airflow/venv/lib/python3.10/site-packages/airflow/example_dags/example_latest_only_with_trigger.py
[2024-03-05T20:55:10.225-0300] {processor.py:840} INFO - DAG(s) 'latest_only_with_trigger' retrieved from /home/gabriel/Documents/Airflow/venv/lib/python3.10/site-packages/airflow/example_dags/example_latest_only_with_trigger.py
[2024-03-05T20:55:10.238-0300] {logging_mixin.py:188} INFO - [2024-03-05T20:55:10.237-0300] {dag.py:3047} INFO - Sync 1 DAGs
[2024-03-05T20:55:10.349-0300] {logging_mixin.py:188} INFO - [2024-03-05T20:55:10.348-0300] {dag.py:3834} INFO - Setting next_dagrun for latest_only_with_trigger to 2024-03-05 16:00:00+00:00, run_after=2024-03-05 20:00:00+00:00
[2024-03-05T20:55:10.371-0300] {processor.py:183} INFO - Processing /home/gabriel/Documents/Airflow/venv/lib/python3.10/site-packages/airflow/example_dags/example_latest_only_with_trigger.py took 0.155 seconds
[2024-03-05T20:56:07.911-0300] {processor.py:161} INFO - Started process (PID=25217) to work on /home/gabriel/Documents/Airflow/venv/lib/python3.10/site-packages/airflow/example_dags/example_latest_only_with_trigger.py
[2024-03-05T20:56:07.912-0300] {processor.py:830} INFO - Processing file /home/gabriel/Documents/Airflow/venv/lib/python3.10/site-packages/airflow/example_dags/example_latest_only_with_trigger.py for tasks to queue
[2024-03-05T20:56:07.913-0300] {logging_mixin.py:188} INFO - [2024-03-05T20:56:07.913-0300] {dagbag.py:540} INFO - Filling up the DagBag from /home/gabriel/Documents/Airflow/venv/lib/python3.10/site-packages/airflow/example_dags/example_latest_only_with_trigger.py
[2024-03-05T20:56:07.918-0300] {processor.py:840} INFO - DAG(s) 'latest_only_with_trigger' retrieved from /home/gabriel/Documents/Airflow/venv/lib/python3.10/site-packages/airflow/example_dags/example_latest_only_with_trigger.py
[2024-03-05T20:56:07.930-0300] {logging_mixin.py:188} INFO - [2024-03-05T20:56:07.930-0300] {dag.py:3047} INFO - Sync 1 DAGs
[2024-03-05T20:56:07.949-0300] {logging_mixin.py:188} INFO - [2024-03-05T20:56:07.949-0300] {dag.py:3834} INFO - Setting next_dagrun for latest_only_with_trigger to 2024-03-05 16:00:00+00:00, run_after=2024-03-05 20:00:00+00:00
[2024-03-05T20:56:07.971-0300] {processor.py:183} INFO - Processing /home/gabriel/Documents/Airflow/venv/lib/python3.10/site-packages/airflow/example_dags/example_latest_only_with_trigger.py took 0.063 seconds
[2024-03-05T20:57:01.624-0300] {processor.py:161} INFO - Started process (PID=25726) to work on /home/gabriel/Documents/Airflow/venv/lib/python3.10/site-packages/airflow/example_dags/example_latest_only_with_trigger.py
[2024-03-05T20:57:01.625-0300] {processor.py:830} INFO - Processing file /home/gabriel/Documents/Airflow/venv/lib/python3.10/site-packages/airflow/example_dags/example_latest_only_with_trigger.py for tasks to queue
[2024-03-05T20:57:01.626-0300] {logging_mixin.py:188} INFO - [2024-03-05T20:57:01.626-0300] {dagbag.py:540} INFO - Filling up the DagBag from /home/gabriel/Documents/Airflow/venv/lib/python3.10/site-packages/airflow/example_dags/example_latest_only_with_trigger.py
[2024-03-05T20:57:01.631-0300] {processor.py:840} INFO - DAG(s) 'latest_only_with_trigger' retrieved from /home/gabriel/Documents/Airflow/venv/lib/python3.10/site-packages/airflow/example_dags/example_latest_only_with_trigger.py
[2024-03-05T20:57:01.642-0300] {logging_mixin.py:188} INFO - [2024-03-05T20:57:01.642-0300] {dag.py:3047} INFO - Sync 1 DAGs
[2024-03-05T20:57:01.657-0300] {logging_mixin.py:188} INFO - [2024-03-05T20:57:01.657-0300] {dag.py:3834} INFO - Setting next_dagrun for latest_only_with_trigger to 2024-03-05 16:00:00+00:00, run_after=2024-03-05 20:00:00+00:00
[2024-03-05T20:57:01.676-0300] {processor.py:183} INFO - Processing /home/gabriel/Documents/Airflow/venv/lib/python3.10/site-packages/airflow/example_dags/example_latest_only_with_trigger.py took 0.054 seconds
