[2024-03-05T20:52:35.967-0300] {processor.py:161} INFO - Started process (PID=22901) to work on /home/gabriel/Documents/Airflow/venv/lib/python3.10/site-packages/airflow/example_dags/example_sla_dag.py
[2024-03-05T20:52:35.967-0300] {processor.py:830} INFO - Processing file /home/gabriel/Documents/Airflow/venv/lib/python3.10/site-packages/airflow/example_dags/example_sla_dag.py for tasks to queue
[2024-03-05T20:52:35.968-0300] {logging_mixin.py:188} INFO - [2024-03-05T20:52:35.968-0300] {dagbag.py:540} INFO - Filling up the DagBag from /home/gabriel/Documents/Airflow/venv/lib/python3.10/site-packages/airflow/example_dags/example_sla_dag.py
[2024-03-05T20:52:35.987-0300] {processor.py:840} INFO - DAG(s) 'example_sla_dag' retrieved from /home/gabriel/Documents/Airflow/venv/lib/python3.10/site-packages/airflow/example_dags/example_sla_dag.py
[2024-03-05T20:52:37.433-0300] {logging_mixin.py:188} INFO - [2024-03-05T20:52:37.432-0300] {override.py:1769} INFO - Created Permission View: can read on DAG:example_sla_dag
[2024-03-05T20:52:39.144-0300] {logging_mixin.py:188} INFO - [2024-03-05T20:52:39.141-0300] {override.py:1769} INFO - Created Permission View: can delete on DAG:example_sla_dag
[2024-03-05T20:52:39.197-0300] {logging_mixin.py:188} INFO - [2024-03-05T20:52:39.196-0300] {override.py:1769} INFO - Created Permission View: can edit on DAG:example_sla_dag
[2024-03-05T20:52:39.198-0300] {logging_mixin.py:188} INFO - [2024-03-05T20:52:39.198-0300] {dag.py:3047} INFO - Sync 1 DAGs
[2024-03-05T20:52:39.278-0300] {logging_mixin.py:188} INFO - [2024-03-05T20:52:39.277-0300] {dag.py:3069} INFO - Creating ORM DAG for example_sla_dag
[2024-03-05T20:52:39.346-0300] {logging_mixin.py:188} INFO - [2024-03-05T20:52:39.345-0300] {dag.py:3834} INFO - Setting next_dagrun for example_sla_dag to 2024-03-05 23:50:00+00:00, run_after=2024-03-05 23:52:00+00:00
[2024-03-05T20:52:39.477-0300] {processor.py:183} INFO - Processing /home/gabriel/Documents/Airflow/venv/lib/python3.10/site-packages/airflow/example_dags/example_sla_dag.py took 3.512 seconds
[2024-03-05T20:53:48.681-0300] {processor.py:161} INFO - Started process (PID=23802) to work on /home/gabriel/Documents/Airflow/venv/lib/python3.10/site-packages/airflow/example_dags/example_sla_dag.py
[2024-03-05T20:53:48.683-0300] {processor.py:830} INFO - Processing file /home/gabriel/Documents/Airflow/venv/lib/python3.10/site-packages/airflow/example_dags/example_sla_dag.py for tasks to queue
[2024-03-05T20:53:48.683-0300] {logging_mixin.py:188} INFO - [2024-03-05T20:53:48.683-0300] {dagbag.py:540} INFO - Filling up the DagBag from /home/gabriel/Documents/Airflow/venv/lib/python3.10/site-packages/airflow/example_dags/example_sla_dag.py
[2024-03-05T20:53:48.689-0300] {processor.py:840} INFO - DAG(s) 'example_sla_dag' retrieved from /home/gabriel/Documents/Airflow/venv/lib/python3.10/site-packages/airflow/example_dags/example_sla_dag.py
[2024-03-05T20:53:48.700-0300] {logging_mixin.py:188} INFO - [2024-03-05T20:53:48.700-0300] {dag.py:3047} INFO - Sync 1 DAGs
[2024-03-05T20:53:48.719-0300] {logging_mixin.py:188} INFO - [2024-03-05T20:53:48.719-0300] {dag.py:3834} INFO - Setting next_dagrun for example_sla_dag to 2024-03-05 23:50:00+00:00, run_after=2024-03-05 23:52:00+00:00
[2024-03-05T20:53:48.740-0300] {processor.py:183} INFO - Processing /home/gabriel/Documents/Airflow/venv/lib/python3.10/site-packages/airflow/example_dags/example_sla_dag.py took 0.061 seconds
[2024-03-05T20:54:36.679-0300] {processor.py:161} INFO - Started process (PID=24219) to work on /home/gabriel/Documents/Airflow/venv/lib/python3.10/site-packages/airflow/example_dags/example_sla_dag.py
[2024-03-05T20:54:36.683-0300] {processor.py:830} INFO - Processing file /home/gabriel/Documents/Airflow/venv/lib/python3.10/site-packages/airflow/example_dags/example_sla_dag.py for tasks to queue
[2024-03-05T20:54:36.685-0300] {logging_mixin.py:188} INFO - [2024-03-05T20:54:36.684-0300] {dagbag.py:540} INFO - Filling up the DagBag from /home/gabriel/Documents/Airflow/venv/lib/python3.10/site-packages/airflow/example_dags/example_sla_dag.py
[2024-03-05T20:54:36.691-0300] {processor.py:840} INFO - DAG(s) 'example_sla_dag' retrieved from /home/gabriel/Documents/Airflow/venv/lib/python3.10/site-packages/airflow/example_dags/example_sla_dag.py
[2024-03-05T20:54:36.701-0300] {logging_mixin.py:188} INFO - [2024-03-05T20:54:36.701-0300] {dag.py:3047} INFO - Sync 1 DAGs
[2024-03-05T20:54:36.717-0300] {logging_mixin.py:188} INFO - [2024-03-05T20:54:36.717-0300] {dag.py:3834} INFO - Setting next_dagrun for example_sla_dag to 2024-03-05 23:52:00+00:00, run_after=2024-03-05 23:54:00+00:00
[2024-03-05T20:54:36.828-0300] {processor.py:183} INFO - Processing /home/gabriel/Documents/Airflow/venv/lib/python3.10/site-packages/airflow/example_dags/example_sla_dag.py took 0.151 seconds
[2024-03-05T20:55:16.702-0300] {processor.py:161} INFO - Started process (PID=24605) to work on /home/gabriel/Documents/Airflow/venv/lib/python3.10/site-packages/airflow/example_dags/example_sla_dag.py
[2024-03-05T20:55:16.704-0300] {processor.py:830} INFO - Processing file /home/gabriel/Documents/Airflow/venv/lib/python3.10/site-packages/airflow/example_dags/example_sla_dag.py for tasks to queue
[2024-03-05T20:55:16.705-0300] {logging_mixin.py:188} INFO - [2024-03-05T20:55:16.705-0300] {dagbag.py:540} INFO - Filling up the DagBag from /home/gabriel/Documents/Airflow/venv/lib/python3.10/site-packages/airflow/example_dags/example_sla_dag.py
[2024-03-05T20:55:16.711-0300] {processor.py:840} INFO - DAG(s) 'example_sla_dag' retrieved from /home/gabriel/Documents/Airflow/venv/lib/python3.10/site-packages/airflow/example_dags/example_sla_dag.py
[2024-03-05T20:55:16.723-0300] {logging_mixin.py:188} INFO - [2024-03-05T20:55:16.722-0300] {dag.py:3047} INFO - Sync 1 DAGs
[2024-03-05T20:55:16.833-0300] {logging_mixin.py:188} INFO - [2024-03-05T20:55:16.833-0300] {dag.py:3834} INFO - Setting next_dagrun for example_sla_dag to 2024-03-05 23:52:00+00:00, run_after=2024-03-05 23:54:00+00:00
[2024-03-05T20:55:16.853-0300] {processor.py:183} INFO - Processing /home/gabriel/Documents/Airflow/venv/lib/python3.10/site-packages/airflow/example_dags/example_sla_dag.py took 0.153 seconds
[2024-03-05T20:55:57.768-0300] {processor.py:161} INFO - Started process (PID=25123) to work on /home/gabriel/Documents/Airflow/venv/lib/python3.10/site-packages/airflow/example_dags/example_sla_dag.py
[2024-03-05T20:55:57.769-0300] {processor.py:830} INFO - Processing file /home/gabriel/Documents/Airflow/venv/lib/python3.10/site-packages/airflow/example_dags/example_sla_dag.py for tasks to queue
[2024-03-05T20:55:57.771-0300] {logging_mixin.py:188} INFO - [2024-03-05T20:55:57.770-0300] {dagbag.py:540} INFO - Filling up the DagBag from /home/gabriel/Documents/Airflow/venv/lib/python3.10/site-packages/airflow/example_dags/example_sla_dag.py
[2024-03-05T20:55:57.779-0300] {processor.py:840} INFO - DAG(s) 'example_sla_dag' retrieved from /home/gabriel/Documents/Airflow/venv/lib/python3.10/site-packages/airflow/example_dags/example_sla_dag.py
[2024-03-05T20:55:57.792-0300] {logging_mixin.py:188} INFO - [2024-03-05T20:55:57.792-0300] {dag.py:3047} INFO - Sync 1 DAGs
[2024-03-05T20:55:57.812-0300] {logging_mixin.py:188} INFO - [2024-03-05T20:55:57.812-0300] {dag.py:3834} INFO - Setting next_dagrun for example_sla_dag to 2024-03-05 23:52:00+00:00, run_after=2024-03-05 23:54:00+00:00
[2024-03-05T20:55:57.837-0300] {processor.py:183} INFO - Processing /home/gabriel/Documents/Airflow/venv/lib/python3.10/site-packages/airflow/example_dags/example_sla_dag.py took 0.072 seconds
[2024-03-05T20:56:34.654-0300] {processor.py:161} INFO - Started process (PID=25433) to work on /home/gabriel/Documents/Airflow/venv/lib/python3.10/site-packages/airflow/example_dags/example_sla_dag.py
[2024-03-05T20:56:34.656-0300] {processor.py:830} INFO - Processing file /home/gabriel/Documents/Airflow/venv/lib/python3.10/site-packages/airflow/example_dags/example_sla_dag.py for tasks to queue
[2024-03-05T20:56:34.657-0300] {logging_mixin.py:188} INFO - [2024-03-05T20:56:34.656-0300] {dagbag.py:540} INFO - Filling up the DagBag from /home/gabriel/Documents/Airflow/venv/lib/python3.10/site-packages/airflow/example_dags/example_sla_dag.py
[2024-03-05T20:56:34.663-0300] {processor.py:840} INFO - DAG(s) 'example_sla_dag' retrieved from /home/gabriel/Documents/Airflow/venv/lib/python3.10/site-packages/airflow/example_dags/example_sla_dag.py
[2024-03-05T20:56:34.673-0300] {logging_mixin.py:188} INFO - [2024-03-05T20:56:34.673-0300] {dag.py:3047} INFO - Sync 1 DAGs
[2024-03-05T20:56:34.690-0300] {logging_mixin.py:188} INFO - [2024-03-05T20:56:34.690-0300] {dag.py:3834} INFO - Setting next_dagrun for example_sla_dag to 2024-03-05 23:54:00+00:00, run_after=2024-03-05 23:56:00+00:00
[2024-03-05T20:56:34.712-0300] {processor.py:183} INFO - Processing /home/gabriel/Documents/Airflow/venv/lib/python3.10/site-packages/airflow/example_dags/example_sla_dag.py took 0.060 seconds
[2024-03-05T20:57:10.732-0300] {processor.py:161} INFO - Started process (PID=25753) to work on /home/gabriel/Documents/Airflow/venv/lib/python3.10/site-packages/airflow/example_dags/example_sla_dag.py
[2024-03-05T20:57:10.734-0300] {processor.py:830} INFO - Processing file /home/gabriel/Documents/Airflow/venv/lib/python3.10/site-packages/airflow/example_dags/example_sla_dag.py for tasks to queue
[2024-03-05T20:57:10.735-0300] {logging_mixin.py:188} INFO - [2024-03-05T20:57:10.735-0300] {dagbag.py:540} INFO - Filling up the DagBag from /home/gabriel/Documents/Airflow/venv/lib/python3.10/site-packages/airflow/example_dags/example_sla_dag.py
[2024-03-05T20:57:10.743-0300] {processor.py:840} INFO - DAG(s) 'example_sla_dag' retrieved from /home/gabriel/Documents/Airflow/venv/lib/python3.10/site-packages/airflow/example_dags/example_sla_dag.py
[2024-03-05T20:57:10.754-0300] {logging_mixin.py:188} INFO - [2024-03-05T20:57:10.754-0300] {dag.py:3047} INFO - Sync 1 DAGs
[2024-03-05T20:57:10.773-0300] {logging_mixin.py:188} INFO - [2024-03-05T20:57:10.773-0300] {dag.py:3834} INFO - Setting next_dagrun for example_sla_dag to 2024-03-05 23:54:00+00:00, run_after=2024-03-05 23:56:00+00:00
[2024-03-05T20:57:10.795-0300] {processor.py:183} INFO - Processing /home/gabriel/Documents/Airflow/venv/lib/python3.10/site-packages/airflow/example_dags/example_sla_dag.py took 0.064 seconds
