[2024-03-05T20:52:45.336-0300] {processor.py:161} INFO - Started process (PID=23051) to work on /home/gabriel/Documents/Airflow/venv/lib/python3.10/site-packages/airflow/example_dags/example_xcomargs.py
[2024-03-05T20:52:45.337-0300] {processor.py:830} INFO - Processing file /home/gabriel/Documents/Airflow/venv/lib/python3.10/site-packages/airflow/example_dags/example_xcomargs.py for tasks to queue
[2024-03-05T20:52:45.337-0300] {logging_mixin.py:188} INFO - [2024-03-05T20:52:45.337-0300] {dagbag.py:540} INFO - Filling up the DagBag from /home/gabriel/Documents/Airflow/venv/lib/python3.10/site-packages/airflow/example_dags/example_xcomargs.py
[2024-03-05T20:52:45.344-0300] {processor.py:840} INFO - DAG(s) 'example_xcom_args', 'example_xcom_args_with_operators' retrieved from /home/gabriel/Documents/Airflow/venv/lib/python3.10/site-packages/airflow/example_dags/example_xcomargs.py
[2024-03-05T20:52:45.420-0300] {logging_mixin.py:188} INFO - [2024-03-05T20:52:45.419-0300] {override.py:1769} INFO - Created Permission View: can read on DAG:example_xcom_args
[2024-03-05T20:52:45.431-0300] {logging_mixin.py:188} INFO - [2024-03-05T20:52:45.431-0300] {override.py:1769} INFO - Created Permission View: can delete on DAG:example_xcom_args
[2024-03-05T20:52:45.441-0300] {logging_mixin.py:188} INFO - [2024-03-05T20:52:45.441-0300] {override.py:1769} INFO - Created Permission View: can edit on DAG:example_xcom_args
[2024-03-05T20:52:45.462-0300] {logging_mixin.py:188} INFO - [2024-03-05T20:52:45.461-0300] {override.py:1769} INFO - Created Permission View: can read on DAG:example_xcom_args_with_operators
[2024-03-05T20:52:45.473-0300] {logging_mixin.py:188} INFO - [2024-03-05T20:52:45.472-0300] {override.py:1769} INFO - Created Permission View: can delete on DAG:example_xcom_args_with_operators
[2024-03-05T20:52:45.484-0300] {logging_mixin.py:188} INFO - [2024-03-05T20:52:45.483-0300] {override.py:1769} INFO - Created Permission View: can edit on DAG:example_xcom_args_with_operators
[2024-03-05T20:52:45.484-0300] {logging_mixin.py:188} INFO - [2024-03-05T20:52:45.484-0300] {dag.py:3047} INFO - Sync 2 DAGs
[2024-03-05T20:52:45.492-0300] {logging_mixin.py:188} INFO - [2024-03-05T20:52:45.492-0300] {dag.py:3069} INFO - Creating ORM DAG for example_xcom_args
[2024-03-05T20:52:45.492-0300] {logging_mixin.py:188} INFO - [2024-03-05T20:52:45.492-0300] {dag.py:3069} INFO - Creating ORM DAG for example_xcom_args_with_operators
[2024-03-05T20:52:45.493-0300] {logging_mixin.py:188} INFO - [2024-03-05T20:52:45.492-0300] {dag.py:3834} INFO - Setting next_dagrun for example_xcom_args to None, run_after=None
[2024-03-05T20:52:45.493-0300] {logging_mixin.py:188} INFO - [2024-03-05T20:52:45.493-0300] {dag.py:3834} INFO - Setting next_dagrun for example_xcom_args_with_operators to None, run_after=None
[2024-03-05T20:52:45.512-0300] {processor.py:183} INFO - Processing /home/gabriel/Documents/Airflow/venv/lib/python3.10/site-packages/airflow/example_dags/example_xcomargs.py took 0.178 seconds
[2024-03-05T20:53:53.607-0300] {processor.py:161} INFO - Started process (PID=23819) to work on /home/gabriel/Documents/Airflow/venv/lib/python3.10/site-packages/airflow/example_dags/example_xcomargs.py
[2024-03-05T20:53:53.609-0300] {processor.py:830} INFO - Processing file /home/gabriel/Documents/Airflow/venv/lib/python3.10/site-packages/airflow/example_dags/example_xcomargs.py for tasks to queue
[2024-03-05T20:53:53.610-0300] {logging_mixin.py:188} INFO - [2024-03-05T20:53:53.610-0300] {dagbag.py:540} INFO - Filling up the DagBag from /home/gabriel/Documents/Airflow/venv/lib/python3.10/site-packages/airflow/example_dags/example_xcomargs.py
[2024-03-05T20:53:53.616-0300] {processor.py:840} INFO - DAG(s) 'example_xcom_args_with_operators', 'example_xcom_args' retrieved from /home/gabriel/Documents/Airflow/venv/lib/python3.10/site-packages/airflow/example_dags/example_xcomargs.py
[2024-03-05T20:53:53.630-0300] {logging_mixin.py:188} INFO - [2024-03-05T20:53:53.630-0300] {dag.py:3047} INFO - Sync 2 DAGs
[2024-03-05T20:53:53.640-0300] {logging_mixin.py:188} INFO - [2024-03-05T20:53:53.639-0300] {dag.py:3834} INFO - Setting next_dagrun for example_xcom_args to None, run_after=None
[2024-03-05T20:53:53.643-0300] {logging_mixin.py:188} INFO - [2024-03-05T20:53:53.642-0300] {dag.py:3834} INFO - Setting next_dagrun for example_xcom_args_with_operators to None, run_after=None
[2024-03-05T20:53:53.663-0300] {processor.py:183} INFO - Processing /home/gabriel/Documents/Airflow/venv/lib/python3.10/site-packages/airflow/example_dags/example_xcomargs.py took 0.058 seconds
[2024-03-05T20:54:42.993-0300] {processor.py:161} INFO - Started process (PID=24296) to work on /home/gabriel/Documents/Airflow/venv/lib/python3.10/site-packages/airflow/example_dags/example_xcomargs.py
[2024-03-05T20:54:42.995-0300] {processor.py:830} INFO - Processing file /home/gabriel/Documents/Airflow/venv/lib/python3.10/site-packages/airflow/example_dags/example_xcomargs.py for tasks to queue
[2024-03-05T20:54:42.995-0300] {logging_mixin.py:188} INFO - [2024-03-05T20:54:42.995-0300] {dagbag.py:540} INFO - Filling up the DagBag from /home/gabriel/Documents/Airflow/venv/lib/python3.10/site-packages/airflow/example_dags/example_xcomargs.py
[2024-03-05T20:54:43.001-0300] {processor.py:840} INFO - DAG(s) 'example_xcom_args_with_operators', 'example_xcom_args' retrieved from /home/gabriel/Documents/Airflow/venv/lib/python3.10/site-packages/airflow/example_dags/example_xcomargs.py
[2024-03-05T20:54:43.015-0300] {logging_mixin.py:188} INFO - [2024-03-05T20:54:43.015-0300] {dag.py:3047} INFO - Sync 2 DAGs
[2024-03-05T20:54:43.025-0300] {logging_mixin.py:188} INFO - [2024-03-05T20:54:43.025-0300] {dag.py:3834} INFO - Setting next_dagrun for example_xcom_args to None, run_after=None
[2024-03-05T20:54:43.028-0300] {logging_mixin.py:188} INFO - [2024-03-05T20:54:43.028-0300] {dag.py:3834} INFO - Setting next_dagrun for example_xcom_args_with_operators to None, run_after=None
[2024-03-05T20:54:43.046-0300] {processor.py:183} INFO - Processing /home/gabriel/Documents/Airflow/venv/lib/python3.10/site-packages/airflow/example_dags/example_xcomargs.py took 0.055 seconds
[2024-03-05T20:55:33.908-0300] {processor.py:161} INFO - Started process (PID=24785) to work on /home/gabriel/Documents/Airflow/venv/lib/python3.10/site-packages/airflow/example_dags/example_xcomargs.py
[2024-03-05T20:55:33.910-0300] {processor.py:830} INFO - Processing file /home/gabriel/Documents/Airflow/venv/lib/python3.10/site-packages/airflow/example_dags/example_xcomargs.py for tasks to queue
[2024-03-05T20:55:33.911-0300] {logging_mixin.py:188} INFO - [2024-03-05T20:55:33.910-0300] {dagbag.py:540} INFO - Filling up the DagBag from /home/gabriel/Documents/Airflow/venv/lib/python3.10/site-packages/airflow/example_dags/example_xcomargs.py
[2024-03-05T20:55:33.917-0300] {processor.py:840} INFO - DAG(s) 'example_xcom_args_with_operators', 'example_xcom_args' retrieved from /home/gabriel/Documents/Airflow/venv/lib/python3.10/site-packages/airflow/example_dags/example_xcomargs.py
[2024-03-05T20:55:33.932-0300] {logging_mixin.py:188} INFO - [2024-03-05T20:55:33.932-0300] {dag.py:3047} INFO - Sync 2 DAGs
[2024-03-05T20:55:33.942-0300] {logging_mixin.py:188} INFO - [2024-03-05T20:55:33.941-0300] {dag.py:3834} INFO - Setting next_dagrun for example_xcom_args to None, run_after=None
[2024-03-05T20:55:33.945-0300] {logging_mixin.py:188} INFO - [2024-03-05T20:55:33.945-0300] {dag.py:3834} INFO - Setting next_dagrun for example_xcom_args_with_operators to None, run_after=None
[2024-03-05T20:55:33.976-0300] {processor.py:183} INFO - Processing /home/gabriel/Documents/Airflow/venv/lib/python3.10/site-packages/airflow/example_dags/example_xcomargs.py took 0.071 seconds
[2024-03-05T20:56:14.175-0300] {processor.py:161} INFO - Started process (PID=25235) to work on /home/gabriel/Documents/Airflow/venv/lib/python3.10/site-packages/airflow/example_dags/example_xcomargs.py
[2024-03-05T20:56:14.177-0300] {processor.py:830} INFO - Processing file /home/gabriel/Documents/Airflow/venv/lib/python3.10/site-packages/airflow/example_dags/example_xcomargs.py for tasks to queue
[2024-03-05T20:56:14.178-0300] {logging_mixin.py:188} INFO - [2024-03-05T20:56:14.177-0300] {dagbag.py:540} INFO - Filling up the DagBag from /home/gabriel/Documents/Airflow/venv/lib/python3.10/site-packages/airflow/example_dags/example_xcomargs.py
[2024-03-05T20:56:14.185-0300] {processor.py:840} INFO - DAG(s) 'example_xcom_args_with_operators', 'example_xcom_args' retrieved from /home/gabriel/Documents/Airflow/venv/lib/python3.10/site-packages/airflow/example_dags/example_xcomargs.py
[2024-03-05T20:56:14.203-0300] {logging_mixin.py:188} INFO - [2024-03-05T20:56:14.203-0300] {dag.py:3047} INFO - Sync 2 DAGs
[2024-03-05T20:56:14.217-0300] {logging_mixin.py:188} INFO - [2024-03-05T20:56:14.215-0300] {dag.py:3834} INFO - Setting next_dagrun for example_xcom_args to None, run_after=None
[2024-03-05T20:56:14.221-0300] {logging_mixin.py:188} INFO - [2024-03-05T20:56:14.221-0300] {dag.py:3834} INFO - Setting next_dagrun for example_xcom_args_with_operators to None, run_after=None
[2024-03-05T20:56:14.243-0300] {processor.py:183} INFO - Processing /home/gabriel/Documents/Airflow/venv/lib/python3.10/site-packages/airflow/example_dags/example_xcomargs.py took 0.070 seconds
[2024-03-05T20:56:50.206-0300] {processor.py:161} INFO - Started process (PID=25684) to work on /home/gabriel/Documents/Airflow/venv/lib/python3.10/site-packages/airflow/example_dags/example_xcomargs.py
[2024-03-05T20:56:50.208-0300] {processor.py:830} INFO - Processing file /home/gabriel/Documents/Airflow/venv/lib/python3.10/site-packages/airflow/example_dags/example_xcomargs.py for tasks to queue
[2024-03-05T20:56:50.209-0300] {logging_mixin.py:188} INFO - [2024-03-05T20:56:50.209-0300] {dagbag.py:540} INFO - Filling up the DagBag from /home/gabriel/Documents/Airflow/venv/lib/python3.10/site-packages/airflow/example_dags/example_xcomargs.py
[2024-03-05T20:56:50.217-0300] {processor.py:840} INFO - DAG(s) 'example_xcom_args_with_operators', 'example_xcom_args' retrieved from /home/gabriel/Documents/Airflow/venv/lib/python3.10/site-packages/airflow/example_dags/example_xcomargs.py
[2024-03-05T20:56:50.232-0300] {logging_mixin.py:188} INFO - [2024-03-05T20:56:50.232-0300] {dag.py:3047} INFO - Sync 2 DAGs
[2024-03-05T20:56:50.240-0300] {logging_mixin.py:188} INFO - [2024-03-05T20:56:50.240-0300] {dag.py:3834} INFO - Setting next_dagrun for example_xcom_args to None, run_after=None
[2024-03-05T20:56:50.244-0300] {logging_mixin.py:188} INFO - [2024-03-05T20:56:50.243-0300] {dag.py:3834} INFO - Setting next_dagrun for example_xcom_args_with_operators to None, run_after=None
[2024-03-05T20:56:50.266-0300] {processor.py:183} INFO - Processing /home/gabriel/Documents/Airflow/venv/lib/python3.10/site-packages/airflow/example_dags/example_xcomargs.py took 0.062 seconds
