[2024-03-05T20:52:39.967-0300] {processor.py:161} INFO - Started process (PID=22967) to work on /home/gabriel/Documents/Airflow/venv/lib/python3.10/site-packages/airflow/example_dags/example_short_circuit_operator.py
[2024-03-05T20:52:39.968-0300] {processor.py:830} INFO - Processing file /home/gabriel/Documents/Airflow/venv/lib/python3.10/site-packages/airflow/example_dags/example_short_circuit_operator.py for tasks to queue
[2024-03-05T20:52:39.968-0300] {logging_mixin.py:188} INFO - [2024-03-05T20:52:39.968-0300] {dagbag.py:540} INFO - Filling up the DagBag from /home/gabriel/Documents/Airflow/venv/lib/python3.10/site-packages/airflow/example_dags/example_short_circuit_operator.py
[2024-03-05T20:52:39.980-0300] {processor.py:840} INFO - DAG(s) 'example_short_circuit_operator' retrieved from /home/gabriel/Documents/Airflow/venv/lib/python3.10/site-packages/airflow/example_dags/example_short_circuit_operator.py
[2024-03-05T20:52:40.224-0300] {logging_mixin.py:188} INFO - [2024-03-05T20:52:40.223-0300] {override.py:1769} INFO - Created Permission View: can read on DAG:example_short_circuit_operator
[2024-03-05T20:52:40.242-0300] {logging_mixin.py:188} INFO - [2024-03-05T20:52:40.242-0300] {override.py:1769} INFO - Created Permission View: can delete on DAG:example_short_circuit_operator
[2024-03-05T20:52:40.254-0300] {logging_mixin.py:188} INFO - [2024-03-05T20:52:40.253-0300] {override.py:1769} INFO - Created Permission View: can edit on DAG:example_short_circuit_operator
[2024-03-05T20:52:40.254-0300] {logging_mixin.py:188} INFO - [2024-03-05T20:52:40.254-0300] {dag.py:3047} INFO - Sync 1 DAGs
[2024-03-05T20:52:40.286-0300] {logging_mixin.py:188} INFO - [2024-03-05T20:52:40.286-0300] {dag.py:3069} INFO - Creating ORM DAG for example_short_circuit_operator
[2024-03-05T20:52:40.307-0300] {logging_mixin.py:188} INFO - [2024-03-05T20:52:40.306-0300] {dag.py:3834} INFO - Setting next_dagrun for example_short_circuit_operator to 2024-03-04 00:00:00+00:00, run_after=2024-03-05 00:00:00+00:00
[2024-03-05T20:52:40.343-0300] {processor.py:183} INFO - Processing /home/gabriel/Documents/Airflow/venv/lib/python3.10/site-packages/airflow/example_dags/example_short_circuit_operator.py took 0.379 seconds
[2024-03-05T20:53:49.827-0300] {processor.py:161} INFO - Started process (PID=23809) to work on /home/gabriel/Documents/Airflow/venv/lib/python3.10/site-packages/airflow/example_dags/example_short_circuit_operator.py
[2024-03-05T20:53:49.829-0300] {processor.py:830} INFO - Processing file /home/gabriel/Documents/Airflow/venv/lib/python3.10/site-packages/airflow/example_dags/example_short_circuit_operator.py for tasks to queue
[2024-03-05T20:53:49.830-0300] {logging_mixin.py:188} INFO - [2024-03-05T20:53:49.830-0300] {dagbag.py:540} INFO - Filling up the DagBag from /home/gabriel/Documents/Airflow/venv/lib/python3.10/site-packages/airflow/example_dags/example_short_circuit_operator.py
[2024-03-05T20:53:49.835-0300] {processor.py:840} INFO - DAG(s) 'example_short_circuit_operator' retrieved from /home/gabriel/Documents/Airflow/venv/lib/python3.10/site-packages/airflow/example_dags/example_short_circuit_operator.py
[2024-03-05T20:53:49.850-0300] {logging_mixin.py:188} INFO - [2024-03-05T20:53:49.850-0300] {dag.py:3047} INFO - Sync 1 DAGs
[2024-03-05T20:53:49.868-0300] {logging_mixin.py:188} INFO - [2024-03-05T20:53:49.868-0300] {dag.py:3834} INFO - Setting next_dagrun for example_short_circuit_operator to 2024-03-04 00:00:00+00:00, run_after=2024-03-05 00:00:00+00:00
[2024-03-05T20:53:49.891-0300] {processor.py:183} INFO - Processing /home/gabriel/Documents/Airflow/venv/lib/python3.10/site-packages/airflow/example_dags/example_short_circuit_operator.py took 0.066 seconds
[2024-03-05T20:54:37.921-0300] {processor.py:161} INFO - Started process (PID=24220) to work on /home/gabriel/Documents/Airflow/venv/lib/python3.10/site-packages/airflow/example_dags/example_short_circuit_operator.py
[2024-03-05T20:54:37.923-0300] {processor.py:830} INFO - Processing file /home/gabriel/Documents/Airflow/venv/lib/python3.10/site-packages/airflow/example_dags/example_short_circuit_operator.py for tasks to queue
[2024-03-05T20:54:37.924-0300] {logging_mixin.py:188} INFO - [2024-03-05T20:54:37.924-0300] {dagbag.py:540} INFO - Filling up the DagBag from /home/gabriel/Documents/Airflow/venv/lib/python3.10/site-packages/airflow/example_dags/example_short_circuit_operator.py
[2024-03-05T20:54:37.930-0300] {processor.py:840} INFO - DAG(s) 'example_short_circuit_operator' retrieved from /home/gabriel/Documents/Airflow/venv/lib/python3.10/site-packages/airflow/example_dags/example_short_circuit_operator.py
[2024-03-05T20:54:37.943-0300] {logging_mixin.py:188} INFO - [2024-03-05T20:54:37.943-0300] {dag.py:3047} INFO - Sync 1 DAGs
[2024-03-05T20:54:37.958-0300] {logging_mixin.py:188} INFO - [2024-03-05T20:54:37.958-0300] {dag.py:3834} INFO - Setting next_dagrun for example_short_circuit_operator to 2024-03-04 00:00:00+00:00, run_after=2024-03-05 00:00:00+00:00
[2024-03-05T20:54:38.085-0300] {processor.py:183} INFO - Processing /home/gabriel/Documents/Airflow/venv/lib/python3.10/site-packages/airflow/example_dags/example_short_circuit_operator.py took 0.167 seconds
[2024-03-05T20:55:16.986-0300] {processor.py:161} INFO - Started process (PID=24606) to work on /home/gabriel/Documents/Airflow/venv/lib/python3.10/site-packages/airflow/example_dags/example_short_circuit_operator.py
[2024-03-05T20:55:16.987-0300] {processor.py:830} INFO - Processing file /home/gabriel/Documents/Airflow/venv/lib/python3.10/site-packages/airflow/example_dags/example_short_circuit_operator.py for tasks to queue
[2024-03-05T20:55:16.989-0300] {logging_mixin.py:188} INFO - [2024-03-05T20:55:16.988-0300] {dagbag.py:540} INFO - Filling up the DagBag from /home/gabriel/Documents/Airflow/venv/lib/python3.10/site-packages/airflow/example_dags/example_short_circuit_operator.py
[2024-03-05T20:55:16.995-0300] {processor.py:840} INFO - DAG(s) 'example_short_circuit_operator' retrieved from /home/gabriel/Documents/Airflow/venv/lib/python3.10/site-packages/airflow/example_dags/example_short_circuit_operator.py
[2024-03-05T20:55:17.010-0300] {logging_mixin.py:188} INFO - [2024-03-05T20:55:17.010-0300] {dag.py:3047} INFO - Sync 1 DAGs
[2024-03-05T20:55:17.113-0300] {logging_mixin.py:188} INFO - [2024-03-05T20:55:17.113-0300] {dag.py:3834} INFO - Setting next_dagrun for example_short_circuit_operator to 2024-03-04 00:00:00+00:00, run_after=2024-03-05 00:00:00+00:00
[2024-03-05T20:55:17.133-0300] {processor.py:183} INFO - Processing /home/gabriel/Documents/Airflow/venv/lib/python3.10/site-packages/airflow/example_dags/example_short_circuit_operator.py took 0.150 seconds
[2024-03-05T20:55:58.517-0300] {processor.py:161} INFO - Started process (PID=25124) to work on /home/gabriel/Documents/Airflow/venv/lib/python3.10/site-packages/airflow/example_dags/example_short_circuit_operator.py
[2024-03-05T20:55:58.521-0300] {processor.py:830} INFO - Processing file /home/gabriel/Documents/Airflow/venv/lib/python3.10/site-packages/airflow/example_dags/example_short_circuit_operator.py for tasks to queue
[2024-03-05T20:55:58.522-0300] {logging_mixin.py:188} INFO - [2024-03-05T20:55:58.522-0300] {dagbag.py:540} INFO - Filling up the DagBag from /home/gabriel/Documents/Airflow/venv/lib/python3.10/site-packages/airflow/example_dags/example_short_circuit_operator.py
[2024-03-05T20:55:58.533-0300] {processor.py:840} INFO - DAG(s) 'example_short_circuit_operator' retrieved from /home/gabriel/Documents/Airflow/venv/lib/python3.10/site-packages/airflow/example_dags/example_short_circuit_operator.py
[2024-03-05T20:55:58.558-0300] {logging_mixin.py:188} INFO - [2024-03-05T20:55:58.558-0300] {dag.py:3047} INFO - Sync 1 DAGs
[2024-03-05T20:55:58.583-0300] {logging_mixin.py:188} INFO - [2024-03-05T20:55:58.583-0300] {dag.py:3834} INFO - Setting next_dagrun for example_short_circuit_operator to 2024-03-04 00:00:00+00:00, run_after=2024-03-05 00:00:00+00:00
[2024-03-05T20:55:58.612-0300] {processor.py:183} INFO - Processing /home/gabriel/Documents/Airflow/venv/lib/python3.10/site-packages/airflow/example_dags/example_short_circuit_operator.py took 0.102 seconds
[2024-03-05T20:56:35.793-0300] {processor.py:161} INFO - Started process (PID=25440) to work on /home/gabriel/Documents/Airflow/venv/lib/python3.10/site-packages/airflow/example_dags/example_short_circuit_operator.py
[2024-03-05T20:56:35.794-0300] {processor.py:830} INFO - Processing file /home/gabriel/Documents/Airflow/venv/lib/python3.10/site-packages/airflow/example_dags/example_short_circuit_operator.py for tasks to queue
[2024-03-05T20:56:35.795-0300] {logging_mixin.py:188} INFO - [2024-03-05T20:56:35.795-0300] {dagbag.py:540} INFO - Filling up the DagBag from /home/gabriel/Documents/Airflow/venv/lib/python3.10/site-packages/airflow/example_dags/example_short_circuit_operator.py
[2024-03-05T20:56:35.800-0300] {processor.py:840} INFO - DAG(s) 'example_short_circuit_operator' retrieved from /home/gabriel/Documents/Airflow/venv/lib/python3.10/site-packages/airflow/example_dags/example_short_circuit_operator.py
[2024-03-05T20:56:35.815-0300] {logging_mixin.py:188} INFO - [2024-03-05T20:56:35.814-0300] {dag.py:3047} INFO - Sync 1 DAGs
[2024-03-05T20:56:35.831-0300] {logging_mixin.py:188} INFO - [2024-03-05T20:56:35.830-0300] {dag.py:3834} INFO - Setting next_dagrun for example_short_circuit_operator to 2024-03-04 00:00:00+00:00, run_after=2024-03-05 00:00:00+00:00
[2024-03-05T20:56:35.856-0300] {processor.py:183} INFO - Processing /home/gabriel/Documents/Airflow/venv/lib/python3.10/site-packages/airflow/example_dags/example_short_circuit_operator.py took 0.065 seconds
[2024-03-05T20:57:11.875-0300] {processor.py:161} INFO - Started process (PID=25760) to work on /home/gabriel/Documents/Airflow/venv/lib/python3.10/site-packages/airflow/example_dags/example_short_circuit_operator.py
[2024-03-05T20:57:11.876-0300] {processor.py:830} INFO - Processing file /home/gabriel/Documents/Airflow/venv/lib/python3.10/site-packages/airflow/example_dags/example_short_circuit_operator.py for tasks to queue
[2024-03-05T20:57:11.877-0300] {logging_mixin.py:188} INFO - [2024-03-05T20:57:11.877-0300] {dagbag.py:540} INFO - Filling up the DagBag from /home/gabriel/Documents/Airflow/venv/lib/python3.10/site-packages/airflow/example_dags/example_short_circuit_operator.py
[2024-03-05T20:57:11.883-0300] {processor.py:840} INFO - DAG(s) 'example_short_circuit_operator' retrieved from /home/gabriel/Documents/Airflow/venv/lib/python3.10/site-packages/airflow/example_dags/example_short_circuit_operator.py
[2024-03-05T20:57:11.897-0300] {logging_mixin.py:188} INFO - [2024-03-05T20:57:11.897-0300] {dag.py:3047} INFO - Sync 1 DAGs
[2024-03-05T20:57:11.913-0300] {logging_mixin.py:188} INFO - [2024-03-05T20:57:11.913-0300] {dag.py:3834} INFO - Setting next_dagrun for example_short_circuit_operator to 2024-03-04 00:00:00+00:00, run_after=2024-03-05 00:00:00+00:00
[2024-03-05T20:57:11.934-0300] {processor.py:183} INFO - Processing /home/gabriel/Documents/Airflow/venv/lib/python3.10/site-packages/airflow/example_dags/example_short_circuit_operator.py took 0.062 seconds
