[2024-03-05T20:52:59.947-0300] {processor.py:161} INFO - Started process (PID=23196) to work on /home/gabriel/Documents/Airflow/venv/lib/python3.10/site-packages/airflow/example_dags/example_dag_decorator.py
[2024-03-05T20:52:59.948-0300] {processor.py:830} INFO - Processing file /home/gabriel/Documents/Airflow/venv/lib/python3.10/site-packages/airflow/example_dags/example_dag_decorator.py for tasks to queue
[2024-03-05T20:52:59.949-0300] {logging_mixin.py:188} INFO - [2024-03-05T20:52:59.948-0300] {dagbag.py:540} INFO - Filling up the DagBag from /home/gabriel/Documents/Airflow/venv/lib/python3.10/site-packages/airflow/example_dags/example_dag_decorator.py
[2024-03-05T20:53:00.038-0300] {processor.py:840} INFO - DAG(s) 'example_dag_decorator' retrieved from /home/gabriel/Documents/Airflow/venv/lib/python3.10/site-packages/airflow/example_dags/example_dag_decorator.py
[2024-03-05T20:53:00.219-0300] {logging_mixin.py:188} INFO - [2024-03-05T20:53:00.218-0300] {override.py:1769} INFO - Created Permission View: can read on DAG:example_dag_decorator
[2024-03-05T20:53:00.234-0300] {logging_mixin.py:188} INFO - [2024-03-05T20:53:00.234-0300] {override.py:1769} INFO - Created Permission View: can delete on DAG:example_dag_decorator
[2024-03-05T20:53:00.246-0300] {logging_mixin.py:188} INFO - [2024-03-05T20:53:00.246-0300] {override.py:1769} INFO - Created Permission View: can edit on DAG:example_dag_decorator
[2024-03-05T20:53:00.246-0300] {logging_mixin.py:188} INFO - [2024-03-05T20:53:00.246-0300] {dag.py:3047} INFO - Sync 1 DAGs
[2024-03-05T20:53:00.255-0300] {logging_mixin.py:188} INFO - [2024-03-05T20:53:00.255-0300] {dag.py:3069} INFO - Creating ORM DAG for example_dag_decorator
[2024-03-05T20:53:00.255-0300] {logging_mixin.py:188} INFO - [2024-03-05T20:53:00.255-0300] {dag.py:3834} INFO - Setting next_dagrun for example_dag_decorator to None, run_after=None
[2024-03-05T20:53:00.276-0300] {processor.py:183} INFO - Processing /home/gabriel/Documents/Airflow/venv/lib/python3.10/site-packages/airflow/example_dags/example_dag_decorator.py took 0.331 seconds
[2024-03-05T20:54:07.062-0300] {processor.py:161} INFO - Started process (PID=24062) to work on /home/gabriel/Documents/Airflow/venv/lib/python3.10/site-packages/airflow/example_dags/example_dag_decorator.py
[2024-03-05T20:54:07.064-0300] {processor.py:830} INFO - Processing file /home/gabriel/Documents/Airflow/venv/lib/python3.10/site-packages/airflow/example_dags/example_dag_decorator.py for tasks to queue
[2024-03-05T20:54:07.065-0300] {logging_mixin.py:188} INFO - [2024-03-05T20:54:07.065-0300] {dagbag.py:540} INFO - Filling up the DagBag from /home/gabriel/Documents/Airflow/venv/lib/python3.10/site-packages/airflow/example_dags/example_dag_decorator.py
[2024-03-05T20:54:07.319-0300] {processor.py:840} INFO - DAG(s) 'example_dag_decorator' retrieved from /home/gabriel/Documents/Airflow/venv/lib/python3.10/site-packages/airflow/example_dags/example_dag_decorator.py
[2024-03-05T20:54:07.420-0300] {logging_mixin.py:188} INFO - [2024-03-05T20:54:07.419-0300] {dag.py:3047} INFO - Sync 1 DAGs
[2024-03-05T20:54:07.428-0300] {logging_mixin.py:188} INFO - [2024-03-05T20:54:07.428-0300] {dag.py:3834} INFO - Setting next_dagrun for example_dag_decorator to None, run_after=None
[2024-03-05T20:54:07.460-0300] {processor.py:183} INFO - Processing /home/gabriel/Documents/Airflow/venv/lib/python3.10/site-packages/airflow/example_dags/example_dag_decorator.py took 0.401 seconds
[2024-03-05T20:54:56.150-0300] {processor.py:161} INFO - Started process (PID=24443) to work on /home/gabriel/Documents/Airflow/venv/lib/python3.10/site-packages/airflow/example_dags/example_dag_decorator.py
[2024-03-05T20:54:56.152-0300] {processor.py:830} INFO - Processing file /home/gabriel/Documents/Airflow/venv/lib/python3.10/site-packages/airflow/example_dags/example_dag_decorator.py for tasks to queue
[2024-03-05T20:54:56.153-0300] {logging_mixin.py:188} INFO - [2024-03-05T20:54:56.153-0300] {dagbag.py:540} INFO - Filling up the DagBag from /home/gabriel/Documents/Airflow/venv/lib/python3.10/site-packages/airflow/example_dags/example_dag_decorator.py
[2024-03-05T20:54:56.313-0300] {processor.py:840} INFO - DAG(s) 'example_dag_decorator' retrieved from /home/gabriel/Documents/Airflow/venv/lib/python3.10/site-packages/airflow/example_dags/example_dag_decorator.py
[2024-03-05T20:54:56.387-0300] {logging_mixin.py:188} INFO - [2024-03-05T20:54:56.387-0300] {dag.py:3047} INFO - Sync 1 DAGs
[2024-03-05T20:54:56.396-0300] {logging_mixin.py:188} INFO - [2024-03-05T20:54:56.395-0300] {dag.py:3834} INFO - Setting next_dagrun for example_dag_decorator to None, run_after=None
[2024-03-05T20:54:56.417-0300] {processor.py:183} INFO - Processing /home/gabriel/Documents/Airflow/venv/lib/python3.10/site-packages/airflow/example_dags/example_dag_decorator.py took 0.270 seconds
[2024-03-05T20:55:47.406-0300] {processor.py:161} INFO - Started process (PID=25024) to work on /home/gabriel/Documents/Airflow/venv/lib/python3.10/site-packages/airflow/example_dags/example_dag_decorator.py
[2024-03-05T20:55:47.408-0300] {processor.py:830} INFO - Processing file /home/gabriel/Documents/Airflow/venv/lib/python3.10/site-packages/airflow/example_dags/example_dag_decorator.py for tasks to queue
[2024-03-05T20:55:47.410-0300] {logging_mixin.py:188} INFO - [2024-03-05T20:55:47.409-0300] {dagbag.py:540} INFO - Filling up the DagBag from /home/gabriel/Documents/Airflow/venv/lib/python3.10/site-packages/airflow/example_dags/example_dag_decorator.py
[2024-03-05T20:55:47.473-0300] {processor.py:840} INFO - DAG(s) 'example_dag_decorator' retrieved from /home/gabriel/Documents/Airflow/venv/lib/python3.10/site-packages/airflow/example_dags/example_dag_decorator.py
[2024-03-05T20:55:47.553-0300] {logging_mixin.py:188} INFO - [2024-03-05T20:55:47.552-0300] {dag.py:3047} INFO - Sync 1 DAGs
[2024-03-05T20:55:47.560-0300] {logging_mixin.py:188} INFO - [2024-03-05T20:55:47.559-0300] {dag.py:3834} INFO - Setting next_dagrun for example_dag_decorator to None, run_after=None
[2024-03-05T20:55:47.584-0300] {processor.py:183} INFO - Processing /home/gabriel/Documents/Airflow/venv/lib/python3.10/site-packages/airflow/example_dags/example_dag_decorator.py took 0.180 seconds
[2024-03-05T20:56:42.225-0300] {processor.py:161} INFO - Started process (PID=25563) to work on /home/gabriel/Documents/Airflow/venv/lib/python3.10/site-packages/airflow/example_dags/example_dag_decorator.py
[2024-03-05T20:56:42.227-0300] {processor.py:830} INFO - Processing file /home/gabriel/Documents/Airflow/venv/lib/python3.10/site-packages/airflow/example_dags/example_dag_decorator.py for tasks to queue
[2024-03-05T20:56:42.227-0300] {logging_mixin.py:188} INFO - [2024-03-05T20:56:42.227-0300] {dagbag.py:540} INFO - Filling up the DagBag from /home/gabriel/Documents/Airflow/venv/lib/python3.10/site-packages/airflow/example_dags/example_dag_decorator.py
[2024-03-05T20:56:42.304-0300] {processor.py:840} INFO - DAG(s) 'example_dag_decorator' retrieved from /home/gabriel/Documents/Airflow/venv/lib/python3.10/site-packages/airflow/example_dags/example_dag_decorator.py
[2024-03-05T20:56:42.386-0300] {logging_mixin.py:188} INFO - [2024-03-05T20:56:42.385-0300] {dag.py:3047} INFO - Sync 1 DAGs
[2024-03-05T20:56:42.393-0300] {logging_mixin.py:188} INFO - [2024-03-05T20:56:42.393-0300] {dag.py:3834} INFO - Setting next_dagrun for example_dag_decorator to None, run_after=None
[2024-03-05T20:56:42.417-0300] {processor.py:183} INFO - Processing /home/gabriel/Documents/Airflow/venv/lib/python3.10/site-packages/airflow/example_dags/example_dag_decorator.py took 0.195 seconds
