[2024-03-05T20:53:39.231-0300] {processor.py:161} INFO - Started process (PID=23652) to work on /home/gabriel/Documents/Airflow/venv/lib/python3.10/site-packages/airflow/example_dags/example_sensors.py
[2024-03-05T20:53:39.231-0300] {processor.py:830} INFO - Processing file /home/gabriel/Documents/Airflow/venv/lib/python3.10/site-packages/airflow/example_dags/example_sensors.py for tasks to queue
[2024-03-05T20:53:39.232-0300] {logging_mixin.py:188} INFO - [2024-03-05T20:53:39.232-0300] {dagbag.py:540} INFO - Filling up the DagBag from /home/gabriel/Documents/Airflow/venv/lib/python3.10/site-packages/airflow/example_dags/example_sensors.py
[2024-03-05T20:53:39.241-0300] {processor.py:840} INFO - DAG(s) 'example_sensors' retrieved from /home/gabriel/Documents/Airflow/venv/lib/python3.10/site-packages/airflow/example_dags/example_sensors.py
[2024-03-05T20:53:39.347-0300] {logging_mixin.py:188} INFO - [2024-03-05T20:53:39.346-0300] {override.py:1769} INFO - Created Permission View: can read on DAG:example_sensors
[2024-03-05T20:53:39.362-0300] {logging_mixin.py:188} INFO - [2024-03-05T20:53:39.361-0300] {override.py:1769} INFO - Created Permission View: can delete on DAG:example_sensors
[2024-03-05T20:53:39.374-0300] {logging_mixin.py:188} INFO - [2024-03-05T20:53:39.373-0300] {override.py:1769} INFO - Created Permission View: can edit on DAG:example_sensors
[2024-03-05T20:53:39.374-0300] {logging_mixin.py:188} INFO - [2024-03-05T20:53:39.374-0300] {dag.py:3047} INFO - Sync 1 DAGs
[2024-03-05T20:53:39.476-0300] {logging_mixin.py:188} INFO - [2024-03-05T20:53:39.475-0300] {dag.py:3069} INFO - Creating ORM DAG for example_sensors
[2024-03-05T20:53:39.476-0300] {logging_mixin.py:188} INFO - [2024-03-05T20:53:39.476-0300] {dag.py:3834} INFO - Setting next_dagrun for example_sensors to None, run_after=None
[2024-03-05T20:53:39.520-0300] {processor.py:183} INFO - Processing /home/gabriel/Documents/Airflow/venv/lib/python3.10/site-packages/airflow/example_dags/example_sensors.py took 0.291 seconds
[2024-03-05T20:54:29.196-0300] {processor.py:161} INFO - Started process (PID=24132) to work on /home/gabriel/Documents/Airflow/venv/lib/python3.10/site-packages/airflow/example_dags/example_sensors.py
[2024-03-05T20:54:29.198-0300] {processor.py:830} INFO - Processing file /home/gabriel/Documents/Airflow/venv/lib/python3.10/site-packages/airflow/example_dags/example_sensors.py for tasks to queue
[2024-03-05T20:54:29.200-0300] {logging_mixin.py:188} INFO - [2024-03-05T20:54:29.199-0300] {dagbag.py:540} INFO - Filling up the DagBag from /home/gabriel/Documents/Airflow/venv/lib/python3.10/site-packages/airflow/example_dags/example_sensors.py
[2024-03-05T20:54:29.206-0300] {processor.py:840} INFO - DAG(s) 'example_sensors' retrieved from /home/gabriel/Documents/Airflow/venv/lib/python3.10/site-packages/airflow/example_dags/example_sensors.py
[2024-03-05T20:54:29.221-0300] {logging_mixin.py:188} INFO - [2024-03-05T20:54:29.221-0300] {dag.py:3047} INFO - Sync 1 DAGs
[2024-03-05T20:54:29.230-0300] {logging_mixin.py:188} INFO - [2024-03-05T20:54:29.230-0300] {dag.py:3834} INFO - Setting next_dagrun for example_sensors to None, run_after=None
[2024-03-05T20:54:29.252-0300] {processor.py:183} INFO - Processing /home/gabriel/Documents/Airflow/venv/lib/python3.10/site-packages/airflow/example_dags/example_sensors.py took 0.058 seconds
[2024-03-05T20:55:28.755-0300] {processor.py:161} INFO - Started process (PID=24708) to work on /home/gabriel/Documents/Airflow/venv/lib/python3.10/site-packages/airflow/example_dags/example_sensors.py
[2024-03-05T20:55:28.757-0300] {processor.py:830} INFO - Processing file /home/gabriel/Documents/Airflow/venv/lib/python3.10/site-packages/airflow/example_dags/example_sensors.py for tasks to queue
[2024-03-05T20:55:28.758-0300] {logging_mixin.py:188} INFO - [2024-03-05T20:55:28.757-0300] {dagbag.py:540} INFO - Filling up the DagBag from /home/gabriel/Documents/Airflow/venv/lib/python3.10/site-packages/airflow/example_dags/example_sensors.py
[2024-03-05T20:55:28.877-0300] {processor.py:840} INFO - DAG(s) 'example_sensors' retrieved from /home/gabriel/Documents/Airflow/venv/lib/python3.10/site-packages/airflow/example_dags/example_sensors.py
[2024-03-05T20:55:28.892-0300] {logging_mixin.py:188} INFO - [2024-03-05T20:55:28.892-0300] {dag.py:3047} INFO - Sync 1 DAGs
[2024-03-05T20:55:28.901-0300] {logging_mixin.py:188} INFO - [2024-03-05T20:55:28.901-0300] {dag.py:3834} INFO - Setting next_dagrun for example_sensors to None, run_after=None
[2024-03-05T20:55:28.922-0300] {processor.py:183} INFO - Processing /home/gabriel/Documents/Airflow/venv/lib/python3.10/site-packages/airflow/example_dags/example_sensors.py took 0.170 seconds
[2024-03-05T20:56:27.070-0300] {processor.py:161} INFO - Started process (PID=25312) to work on /home/gabriel/Documents/Airflow/venv/lib/python3.10/site-packages/airflow/example_dags/example_sensors.py
[2024-03-05T20:56:27.071-0300] {processor.py:830} INFO - Processing file /home/gabriel/Documents/Airflow/venv/lib/python3.10/site-packages/airflow/example_dags/example_sensors.py for tasks to queue
[2024-03-05T20:56:27.072-0300] {logging_mixin.py:188} INFO - [2024-03-05T20:56:27.072-0300] {dagbag.py:540} INFO - Filling up the DagBag from /home/gabriel/Documents/Airflow/venv/lib/python3.10/site-packages/airflow/example_dags/example_sensors.py
[2024-03-05T20:56:27.080-0300] {processor.py:840} INFO - DAG(s) 'example_sensors' retrieved from /home/gabriel/Documents/Airflow/venv/lib/python3.10/site-packages/airflow/example_dags/example_sensors.py
[2024-03-05T20:56:27.099-0300] {logging_mixin.py:188} INFO - [2024-03-05T20:56:27.099-0300] {dag.py:3047} INFO - Sync 1 DAGs
[2024-03-05T20:56:27.108-0300] {logging_mixin.py:188} INFO - [2024-03-05T20:56:27.108-0300] {dag.py:3834} INFO - Setting next_dagrun for example_sensors to None, run_after=None
[2024-03-05T20:56:27.134-0300] {processor.py:183} INFO - Processing /home/gabriel/Documents/Airflow/venv/lib/python3.10/site-packages/airflow/example_dags/example_sensors.py took 0.066 seconds
