[2024-03-05T20:53:04.987-0300] {processor.py:161} INFO - Started process (PID=23248) to work on /home/gabriel/Documents/Airflow/venv/lib/python3.10/site-packages/airflow/example_dags/example_params_trigger_ui.py
[2024-03-05T20:53:04.991-0300] {processor.py:830} INFO - Processing file /home/gabriel/Documents/Airflow/venv/lib/python3.10/site-packages/airflow/example_dags/example_params_trigger_ui.py for tasks to queue
[2024-03-05T20:53:04.995-0300] {logging_mixin.py:188} INFO - [2024-03-05T20:53:04.994-0300] {dagbag.py:540} INFO - Filling up the DagBag from /home/gabriel/Documents/Airflow/venv/lib/python3.10/site-packages/airflow/example_dags/example_params_trigger_ui.py
[2024-03-05T20:53:05.023-0300] {processor.py:840} INFO - DAG(s) 'example_params_trigger_ui' retrieved from /home/gabriel/Documents/Airflow/venv/lib/python3.10/site-packages/airflow/example_dags/example_params_trigger_ui.py
[2024-03-05T20:53:05.171-0300] {logging_mixin.py:188} INFO - [2024-03-05T20:53:05.171-0300] {override.py:1769} INFO - Created Permission View: can read on DAG:example_params_trigger_ui
[2024-03-05T20:53:05.184-0300] {logging_mixin.py:188} INFO - [2024-03-05T20:53:05.184-0300] {override.py:1769} INFO - Created Permission View: can delete on DAG:example_params_trigger_ui
[2024-03-05T20:53:05.195-0300] {logging_mixin.py:188} INFO - [2024-03-05T20:53:05.194-0300] {override.py:1769} INFO - Created Permission View: can edit on DAG:example_params_trigger_ui
[2024-03-05T20:53:05.195-0300] {logging_mixin.py:188} INFO - [2024-03-05T20:53:05.195-0300] {dag.py:3047} INFO - Sync 1 DAGs
[2024-03-05T20:53:05.206-0300] {logging_mixin.py:188} INFO - [2024-03-05T20:53:05.206-0300] {dag.py:3069} INFO - Creating ORM DAG for example_params_trigger_ui
[2024-03-05T20:53:05.207-0300] {logging_mixin.py:188} INFO - [2024-03-05T20:53:05.206-0300] {dag.py:3834} INFO - Setting next_dagrun for example_params_trigger_ui to None, run_after=None
[2024-03-05T20:53:05.242-0300] {processor.py:183} INFO - Processing /home/gabriel/Documents/Airflow/venv/lib/python3.10/site-packages/airflow/example_dags/example_params_trigger_ui.py took 0.263 seconds
[2024-03-05T20:54:11.081-0300] {processor.py:161} INFO - Started process (PID=24072) to work on /home/gabriel/Documents/Airflow/venv/lib/python3.10/site-packages/airflow/example_dags/example_params_trigger_ui.py
[2024-03-05T20:54:11.084-0300] {processor.py:830} INFO - Processing file /home/gabriel/Documents/Airflow/venv/lib/python3.10/site-packages/airflow/example_dags/example_params_trigger_ui.py for tasks to queue
[2024-03-05T20:54:11.085-0300] {logging_mixin.py:188} INFO - [2024-03-05T20:54:11.084-0300] {dagbag.py:540} INFO - Filling up the DagBag from /home/gabriel/Documents/Airflow/venv/lib/python3.10/site-packages/airflow/example_dags/example_params_trigger_ui.py
[2024-03-05T20:54:11.097-0300] {processor.py:840} INFO - DAG(s) 'example_params_trigger_ui' retrieved from /home/gabriel/Documents/Airflow/venv/lib/python3.10/site-packages/airflow/example_dags/example_params_trigger_ui.py
[2024-03-05T20:54:11.134-0300] {logging_mixin.py:188} INFO - [2024-03-05T20:54:11.133-0300] {dag.py:3047} INFO - Sync 1 DAGs
[2024-03-05T20:54:11.144-0300] {logging_mixin.py:188} INFO - [2024-03-05T20:54:11.144-0300] {dag.py:3834} INFO - Setting next_dagrun for example_params_trigger_ui to None, run_after=None
[2024-03-05T20:54:11.176-0300] {processor.py:183} INFO - Processing /home/gabriel/Documents/Airflow/venv/lib/python3.10/site-packages/airflow/example_dags/example_params_trigger_ui.py took 0.097 seconds
[2024-03-05T20:55:01.235-0300] {processor.py:161} INFO - Started process (PID=24519) to work on /home/gabriel/Documents/Airflow/venv/lib/python3.10/site-packages/airflow/example_dags/example_params_trigger_ui.py
[2024-03-05T20:55:01.237-0300] {processor.py:830} INFO - Processing file /home/gabriel/Documents/Airflow/venv/lib/python3.10/site-packages/airflow/example_dags/example_params_trigger_ui.py for tasks to queue
[2024-03-05T20:55:01.239-0300] {logging_mixin.py:188} INFO - [2024-03-05T20:55:01.238-0300] {dagbag.py:540} INFO - Filling up the DagBag from /home/gabriel/Documents/Airflow/venv/lib/python3.10/site-packages/airflow/example_dags/example_params_trigger_ui.py
[2024-03-05T20:55:01.261-0300] {processor.py:840} INFO - DAG(s) 'example_params_trigger_ui' retrieved from /home/gabriel/Documents/Airflow/venv/lib/python3.10/site-packages/airflow/example_dags/example_params_trigger_ui.py
[2024-03-05T20:55:01.300-0300] {logging_mixin.py:188} INFO - [2024-03-05T20:55:01.300-0300] {dag.py:3047} INFO - Sync 1 DAGs
[2024-03-05T20:55:01.416-0300] {logging_mixin.py:188} INFO - [2024-03-05T20:55:01.415-0300] {dag.py:3834} INFO - Setting next_dagrun for example_params_trigger_ui to None, run_after=None
[2024-03-05T20:55:01.452-0300] {processor.py:183} INFO - Processing /home/gabriel/Documents/Airflow/venv/lib/python3.10/site-packages/airflow/example_dags/example_params_trigger_ui.py took 0.221 seconds
[2024-03-05T20:55:51.632-0300] {processor.py:161} INFO - Started process (PID=25042) to work on /home/gabriel/Documents/Airflow/venv/lib/python3.10/site-packages/airflow/example_dags/example_params_trigger_ui.py
[2024-03-05T20:55:51.633-0300] {processor.py:830} INFO - Processing file /home/gabriel/Documents/Airflow/venv/lib/python3.10/site-packages/airflow/example_dags/example_params_trigger_ui.py for tasks to queue
[2024-03-05T20:55:51.634-0300] {logging_mixin.py:188} INFO - [2024-03-05T20:55:51.634-0300] {dagbag.py:540} INFO - Filling up the DagBag from /home/gabriel/Documents/Airflow/venv/lib/python3.10/site-packages/airflow/example_dags/example_params_trigger_ui.py
[2024-03-05T20:55:51.646-0300] {processor.py:840} INFO - DAG(s) 'example_params_trigger_ui' retrieved from /home/gabriel/Documents/Airflow/venv/lib/python3.10/site-packages/airflow/example_dags/example_params_trigger_ui.py
[2024-03-05T20:55:51.681-0300] {logging_mixin.py:188} INFO - [2024-03-05T20:55:51.680-0300] {dag.py:3047} INFO - Sync 1 DAGs
[2024-03-05T20:55:51.690-0300] {logging_mixin.py:188} INFO - [2024-03-05T20:55:51.690-0300] {dag.py:3834} INFO - Setting next_dagrun for example_params_trigger_ui to None, run_after=None
[2024-03-05T20:55:51.722-0300] {processor.py:183} INFO - Processing /home/gabriel/Documents/Airflow/venv/lib/python3.10/site-packages/airflow/example_dags/example_params_trigger_ui.py took 0.093 seconds
[2024-03-05T20:56:46.206-0300] {processor.py:161} INFO - Started process (PID=25614) to work on /home/gabriel/Documents/Airflow/venv/lib/python3.10/site-packages/airflow/example_dags/example_params_trigger_ui.py
[2024-03-05T20:56:46.209-0300] {processor.py:830} INFO - Processing file /home/gabriel/Documents/Airflow/venv/lib/python3.10/site-packages/airflow/example_dags/example_params_trigger_ui.py for tasks to queue
[2024-03-05T20:56:46.209-0300] {logging_mixin.py:188} INFO - [2024-03-05T20:56:46.209-0300] {dagbag.py:540} INFO - Filling up the DagBag from /home/gabriel/Documents/Airflow/venv/lib/python3.10/site-packages/airflow/example_dags/example_params_trigger_ui.py
[2024-03-05T20:56:46.220-0300] {processor.py:840} INFO - DAG(s) 'example_params_trigger_ui' retrieved from /home/gabriel/Documents/Airflow/venv/lib/python3.10/site-packages/airflow/example_dags/example_params_trigger_ui.py
[2024-03-05T20:56:46.253-0300] {logging_mixin.py:188} INFO - [2024-03-05T20:56:46.253-0300] {dag.py:3047} INFO - Sync 1 DAGs
[2024-03-05T20:56:46.263-0300] {logging_mixin.py:188} INFO - [2024-03-05T20:56:46.263-0300] {dag.py:3834} INFO - Setting next_dagrun for example_params_trigger_ui to None, run_after=None
[2024-03-05T20:56:46.287-0300] {processor.py:183} INFO - Processing /home/gabriel/Documents/Airflow/venv/lib/python3.10/site-packages/airflow/example_dags/example_params_trigger_ui.py took 0.083 seconds
