[2024-03-05T20:53:36.886-0300] {processor.py:161} INFO - Started process (PID=23606) to work on /home/gabriel/Documents/Airflow/venv/lib/python3.10/site-packages/airflow/example_dags/example_complex.py
[2024-03-05T20:53:36.887-0300] {processor.py:830} INFO - Processing file /home/gabriel/Documents/Airflow/venv/lib/python3.10/site-packages/airflow/example_dags/example_complex.py for tasks to queue
[2024-03-05T20:53:36.890-0300] {logging_mixin.py:188} INFO - [2024-03-05T20:53:36.889-0300] {dagbag.py:540} INFO - Filling up the DagBag from /home/gabriel/Documents/Airflow/venv/lib/python3.10/site-packages/airflow/example_dags/example_complex.py
[2024-03-05T20:53:36.902-0300] {processor.py:840} INFO - DAG(s) 'example_complex' retrieved from /home/gabriel/Documents/Airflow/venv/lib/python3.10/site-packages/airflow/example_dags/example_complex.py
[2024-03-05T20:53:37.025-0300] {logging_mixin.py:188} INFO - [2024-03-05T20:53:37.025-0300] {override.py:1769} INFO - Created Permission View: can read on DAG:example_complex
[2024-03-05T20:53:37.039-0300] {logging_mixin.py:188} INFO - [2024-03-05T20:53:37.039-0300] {override.py:1769} INFO - Created Permission View: can delete on DAG:example_complex
[2024-03-05T20:53:37.051-0300] {logging_mixin.py:188} INFO - [2024-03-05T20:53:37.050-0300] {override.py:1769} INFO - Created Permission View: can edit on DAG:example_complex
[2024-03-05T20:53:37.051-0300] {logging_mixin.py:188} INFO - [2024-03-05T20:53:37.051-0300] {dag.py:3047} INFO - Sync 1 DAGs
[2024-03-05T20:53:37.169-0300] {logging_mixin.py:188} INFO - [2024-03-05T20:53:37.169-0300] {dag.py:3069} INFO - Creating ORM DAG for example_complex
[2024-03-05T20:53:37.170-0300] {logging_mixin.py:188} INFO - [2024-03-05T20:53:37.170-0300] {dag.py:3834} INFO - Setting next_dagrun for example_complex to None, run_after=None
[2024-03-05T20:53:37.197-0300] {processor.py:183} INFO - Processing /home/gabriel/Documents/Airflow/venv/lib/python3.10/site-packages/airflow/example_dags/example_complex.py took 0.315 seconds
[2024-03-05T20:54:27.583-0300] {processor.py:161} INFO - Started process (PID=24124) to work on /home/gabriel/Documents/Airflow/venv/lib/python3.10/site-packages/airflow/example_dags/example_complex.py
[2024-03-05T20:54:27.584-0300] {processor.py:830} INFO - Processing file /home/gabriel/Documents/Airflow/venv/lib/python3.10/site-packages/airflow/example_dags/example_complex.py for tasks to queue
[2024-03-05T20:54:27.586-0300] {logging_mixin.py:188} INFO - [2024-03-05T20:54:27.585-0300] {dagbag.py:540} INFO - Filling up the DagBag from /home/gabriel/Documents/Airflow/venv/lib/python3.10/site-packages/airflow/example_dags/example_complex.py
[2024-03-05T20:54:27.593-0300] {processor.py:840} INFO - DAG(s) 'example_complex' retrieved from /home/gabriel/Documents/Airflow/venv/lib/python3.10/site-packages/airflow/example_dags/example_complex.py
[2024-03-05T20:54:27.614-0300] {logging_mixin.py:188} INFO - [2024-03-05T20:54:27.613-0300] {dag.py:3047} INFO - Sync 1 DAGs
[2024-03-05T20:54:27.623-0300] {logging_mixin.py:188} INFO - [2024-03-05T20:54:27.623-0300] {dag.py:3834} INFO - Setting next_dagrun for example_complex to None, run_after=None
[2024-03-05T20:54:27.646-0300] {processor.py:183} INFO - Processing /home/gabriel/Documents/Airflow/venv/lib/python3.10/site-packages/airflow/example_dags/example_complex.py took 0.066 seconds
[2024-03-05T20:55:26.864-0300] {processor.py:161} INFO - Started process (PID=24676) to work on /home/gabriel/Documents/Airflow/venv/lib/python3.10/site-packages/airflow/example_dags/example_complex.py
[2024-03-05T20:55:26.867-0300] {processor.py:830} INFO - Processing file /home/gabriel/Documents/Airflow/venv/lib/python3.10/site-packages/airflow/example_dags/example_complex.py for tasks to queue
[2024-03-05T20:55:26.868-0300] {logging_mixin.py:188} INFO - [2024-03-05T20:55:26.867-0300] {dagbag.py:540} INFO - Filling up the DagBag from /home/gabriel/Documents/Airflow/venv/lib/python3.10/site-packages/airflow/example_dags/example_complex.py
[2024-03-05T20:55:26.997-0300] {processor.py:840} INFO - DAG(s) 'example_complex' retrieved from /home/gabriel/Documents/Airflow/venv/lib/python3.10/site-packages/airflow/example_dags/example_complex.py
[2024-03-05T20:55:27.019-0300] {logging_mixin.py:188} INFO - [2024-03-05T20:55:27.018-0300] {dag.py:3047} INFO - Sync 1 DAGs
[2024-03-05T20:55:27.030-0300] {logging_mixin.py:188} INFO - [2024-03-05T20:55:27.029-0300] {dag.py:3834} INFO - Setting next_dagrun for example_complex to None, run_after=None
[2024-03-05T20:55:27.064-0300] {processor.py:183} INFO - Processing /home/gabriel/Documents/Airflow/venv/lib/python3.10/site-packages/airflow/example_dags/example_complex.py took 0.204 seconds
[2024-03-05T20:56:25.619-0300] {processor.py:161} INFO - Started process (PID=25282) to work on /home/gabriel/Documents/Airflow/venv/lib/python3.10/site-packages/airflow/example_dags/example_complex.py
[2024-03-05T20:56:25.621-0300] {processor.py:830} INFO - Processing file /home/gabriel/Documents/Airflow/venv/lib/python3.10/site-packages/airflow/example_dags/example_complex.py for tasks to queue
[2024-03-05T20:56:25.621-0300] {logging_mixin.py:188} INFO - [2024-03-05T20:56:25.621-0300] {dagbag.py:540} INFO - Filling up the DagBag from /home/gabriel/Documents/Airflow/venv/lib/python3.10/site-packages/airflow/example_dags/example_complex.py
[2024-03-05T20:56:25.630-0300] {processor.py:840} INFO - DAG(s) 'example_complex' retrieved from /home/gabriel/Documents/Airflow/venv/lib/python3.10/site-packages/airflow/example_dags/example_complex.py
[2024-03-05T20:56:25.650-0300] {logging_mixin.py:188} INFO - [2024-03-05T20:56:25.650-0300] {dag.py:3047} INFO - Sync 1 DAGs
[2024-03-05T20:56:25.660-0300] {logging_mixin.py:188} INFO - [2024-03-05T20:56:25.660-0300] {dag.py:3834} INFO - Setting next_dagrun for example_complex to None, run_after=None
[2024-03-05T20:56:25.687-0300] {processor.py:183} INFO - Processing /home/gabriel/Documents/Airflow/venv/lib/python3.10/site-packages/airflow/example_dags/example_complex.py took 0.070 seconds
