[2024-03-05T20:53:09.955-0300] {processor.py:161} INFO - Started process (PID=23356) to work on /home/gabriel/Documents/Airflow/venv/lib/python3.10/site-packages/airflow/example_dags/example_sensor_decorator.py
[2024-03-05T20:53:09.965-0300] {processor.py:830} INFO - Processing file /home/gabriel/Documents/Airflow/venv/lib/python3.10/site-packages/airflow/example_dags/example_sensor_decorator.py for tasks to queue
[2024-03-05T20:53:09.971-0300] {logging_mixin.py:188} INFO - [2024-03-05T20:53:09.968-0300] {dagbag.py:540} INFO - Filling up the DagBag from /home/gabriel/Documents/Airflow/venv/lib/python3.10/site-packages/airflow/example_dags/example_sensor_decorator.py
[2024-03-05T20:53:10.062-0300] {processor.py:840} INFO - DAG(s) 'example_sensor_decorator' retrieved from /home/gabriel/Documents/Airflow/venv/lib/python3.10/site-packages/airflow/example_dags/example_sensor_decorator.py
[2024-03-05T20:53:10.856-0300] {logging_mixin.py:188} INFO - [2024-03-05T20:53:10.853-0300] {override.py:1769} INFO - Created Permission View: can read on DAG:example_sensor_decorator
[2024-03-05T20:53:11.019-0300] {logging_mixin.py:188} INFO - [2024-03-05T20:53:11.018-0300] {override.py:1769} INFO - Created Permission View: can delete on DAG:example_sensor_decorator
[2024-03-05T20:53:11.042-0300] {logging_mixin.py:188} INFO - [2024-03-05T20:53:11.042-0300] {override.py:1769} INFO - Created Permission View: can edit on DAG:example_sensor_decorator
[2024-03-05T20:53:11.045-0300] {logging_mixin.py:188} INFO - [2024-03-05T20:53:11.043-0300] {dag.py:3047} INFO - Sync 1 DAGs
[2024-03-05T20:53:11.077-0300] {logging_mixin.py:188} INFO - [2024-03-05T20:53:11.077-0300] {dag.py:3069} INFO - Creating ORM DAG for example_sensor_decorator
[2024-03-05T20:53:11.080-0300] {logging_mixin.py:188} INFO - [2024-03-05T20:53:11.079-0300] {dag.py:3834} INFO - Setting next_dagrun for example_sensor_decorator to None, run_after=None
[2024-03-05T20:53:11.148-0300] {processor.py:183} INFO - Processing /home/gabriel/Documents/Airflow/venv/lib/python3.10/site-packages/airflow/example_dags/example_sensor_decorator.py took 1.225 seconds
[2024-03-05T20:54:12.770-0300] {processor.py:161} INFO - Started process (PID=24080) to work on /home/gabriel/Documents/Airflow/venv/lib/python3.10/site-packages/airflow/example_dags/example_sensor_decorator.py
[2024-03-05T20:54:12.773-0300] {processor.py:830} INFO - Processing file /home/gabriel/Documents/Airflow/venv/lib/python3.10/site-packages/airflow/example_dags/example_sensor_decorator.py for tasks to queue
[2024-03-05T20:54:12.776-0300] {logging_mixin.py:188} INFO - [2024-03-05T20:54:12.774-0300] {dagbag.py:540} INFO - Filling up the DagBag from /home/gabriel/Documents/Airflow/venv/lib/python3.10/site-packages/airflow/example_dags/example_sensor_decorator.py
[2024-03-05T20:54:12.789-0300] {processor.py:840} INFO - DAG(s) 'example_sensor_decorator' retrieved from /home/gabriel/Documents/Airflow/venv/lib/python3.10/site-packages/airflow/example_dags/example_sensor_decorator.py
[2024-03-05T20:54:12.808-0300] {logging_mixin.py:188} INFO - [2024-03-05T20:54:12.808-0300] {dag.py:3047} INFO - Sync 1 DAGs
[2024-03-05T20:54:12.820-0300] {logging_mixin.py:188} INFO - [2024-03-05T20:54:12.820-0300] {dag.py:3834} INFO - Setting next_dagrun for example_sensor_decorator to None, run_after=None
[2024-03-05T20:54:12.849-0300] {processor.py:183} INFO - Processing /home/gabriel/Documents/Airflow/venv/lib/python3.10/site-packages/airflow/example_dags/example_sensor_decorator.py took 0.085 seconds
[2024-03-05T20:55:03.021-0300] {processor.py:161} INFO - Started process (PID=24556) to work on /home/gabriel/Documents/Airflow/venv/lib/python3.10/site-packages/airflow/example_dags/example_sensor_decorator.py
[2024-03-05T20:55:03.023-0300] {processor.py:830} INFO - Processing file /home/gabriel/Documents/Airflow/venv/lib/python3.10/site-packages/airflow/example_dags/example_sensor_decorator.py for tasks to queue
[2024-03-05T20:55:03.024-0300] {logging_mixin.py:188} INFO - [2024-03-05T20:55:03.024-0300] {dagbag.py:540} INFO - Filling up the DagBag from /home/gabriel/Documents/Airflow/venv/lib/python3.10/site-packages/airflow/example_dags/example_sensor_decorator.py
[2024-03-05T20:55:03.028-0300] {processor.py:840} INFO - DAG(s) 'example_sensor_decorator' retrieved from /home/gabriel/Documents/Airflow/venv/lib/python3.10/site-packages/airflow/example_dags/example_sensor_decorator.py
[2024-03-05T20:55:03.040-0300] {logging_mixin.py:188} INFO - [2024-03-05T20:55:03.039-0300] {dag.py:3047} INFO - Sync 1 DAGs
[2024-03-05T20:55:03.138-0300] {logging_mixin.py:188} INFO - [2024-03-05T20:55:03.138-0300] {dag.py:3834} INFO - Setting next_dagrun for example_sensor_decorator to None, run_after=None
[2024-03-05T20:55:03.168-0300] {processor.py:183} INFO - Processing /home/gabriel/Documents/Airflow/venv/lib/python3.10/site-packages/airflow/example_dags/example_sensor_decorator.py took 0.149 seconds
[2024-03-05T20:55:53.356-0300] {processor.py:161} INFO - Started process (PID=25044) to work on /home/gabriel/Documents/Airflow/venv/lib/python3.10/site-packages/airflow/example_dags/example_sensor_decorator.py
[2024-03-05T20:55:53.358-0300] {processor.py:830} INFO - Processing file /home/gabriel/Documents/Airflow/venv/lib/python3.10/site-packages/airflow/example_dags/example_sensor_decorator.py for tasks to queue
[2024-03-05T20:55:53.358-0300] {logging_mixin.py:188} INFO - [2024-03-05T20:55:53.358-0300] {dagbag.py:540} INFO - Filling up the DagBag from /home/gabriel/Documents/Airflow/venv/lib/python3.10/site-packages/airflow/example_dags/example_sensor_decorator.py
[2024-03-05T20:55:53.364-0300] {processor.py:840} INFO - DAG(s) 'example_sensor_decorator' retrieved from /home/gabriel/Documents/Airflow/venv/lib/python3.10/site-packages/airflow/example_dags/example_sensor_decorator.py
[2024-03-05T20:55:53.377-0300] {logging_mixin.py:188} INFO - [2024-03-05T20:55:53.376-0300] {dag.py:3047} INFO - Sync 1 DAGs
[2024-03-05T20:55:53.385-0300] {logging_mixin.py:188} INFO - [2024-03-05T20:55:53.385-0300] {dag.py:3834} INFO - Setting next_dagrun for example_sensor_decorator to None, run_after=None
[2024-03-05T20:55:53.412-0300] {processor.py:183} INFO - Processing /home/gabriel/Documents/Airflow/venv/lib/python3.10/site-packages/airflow/example_dags/example_sensor_decorator.py took 0.058 seconds
[2024-03-05T20:56:48.180-0300] {processor.py:161} INFO - Started process (PID=25676) to work on /home/gabriel/Documents/Airflow/venv/lib/python3.10/site-packages/airflow/example_dags/example_sensor_decorator.py
[2024-03-05T20:56:48.182-0300] {processor.py:830} INFO - Processing file /home/gabriel/Documents/Airflow/venv/lib/python3.10/site-packages/airflow/example_dags/example_sensor_decorator.py for tasks to queue
[2024-03-05T20:56:48.182-0300] {logging_mixin.py:188} INFO - [2024-03-05T20:56:48.182-0300] {dagbag.py:540} INFO - Filling up the DagBag from /home/gabriel/Documents/Airflow/venv/lib/python3.10/site-packages/airflow/example_dags/example_sensor_decorator.py
[2024-03-05T20:56:48.187-0300] {processor.py:840} INFO - DAG(s) 'example_sensor_decorator' retrieved from /home/gabriel/Documents/Airflow/venv/lib/python3.10/site-packages/airflow/example_dags/example_sensor_decorator.py
[2024-03-05T20:56:48.201-0300] {logging_mixin.py:188} INFO - [2024-03-05T20:56:48.200-0300] {dag.py:3047} INFO - Sync 1 DAGs
[2024-03-05T20:56:48.213-0300] {logging_mixin.py:188} INFO - [2024-03-05T20:56:48.212-0300] {dag.py:3834} INFO - Setting next_dagrun for example_sensor_decorator to None, run_after=None
[2024-03-05T20:56:48.239-0300] {processor.py:183} INFO - Processing /home/gabriel/Documents/Airflow/venv/lib/python3.10/site-packages/airflow/example_dags/example_sensor_decorator.py took 0.062 seconds
