[2024-03-05T20:53:32.522-0300] {processor.py:161} INFO - Started process (PID=23567) to work on /home/gabriel/Documents/Airflow/venv/lib/python3.10/site-packages/airflow/example_dags/example_latest_only.py
[2024-03-05T20:53:32.523-0300] {processor.py:830} INFO - Processing file /home/gabriel/Documents/Airflow/venv/lib/python3.10/site-packages/airflow/example_dags/example_latest_only.py for tasks to queue
[2024-03-05T20:53:32.525-0300] {logging_mixin.py:188} INFO - [2024-03-05T20:53:32.524-0300] {dagbag.py:540} INFO - Filling up the DagBag from /home/gabriel/Documents/Airflow/venv/lib/python3.10/site-packages/airflow/example_dags/example_latest_only.py
[2024-03-05T20:53:32.533-0300] {processor.py:840} INFO - DAG(s) 'latest_only' retrieved from /home/gabriel/Documents/Airflow/venv/lib/python3.10/site-packages/airflow/example_dags/example_latest_only.py
[2024-03-05T20:53:32.635-0300] {logging_mixin.py:188} INFO - [2024-03-05T20:53:32.634-0300] {override.py:1769} INFO - Created Permission View: can read on DAG:latest_only
[2024-03-05T20:53:32.650-0300] {logging_mixin.py:188} INFO - [2024-03-05T20:53:32.649-0300] {override.py:1769} INFO - Created Permission View: can delete on DAG:latest_only
[2024-03-05T20:53:32.669-0300] {logging_mixin.py:188} INFO - [2024-03-05T20:53:32.669-0300] {override.py:1769} INFO - Created Permission View: can edit on DAG:latest_only
[2024-03-05T20:53:32.670-0300] {logging_mixin.py:188} INFO - [2024-03-05T20:53:32.670-0300] {dag.py:3047} INFO - Sync 1 DAGs
[2024-03-05T20:53:32.680-0300] {logging_mixin.py:188} INFO - [2024-03-05T20:53:32.679-0300] {dag.py:3069} INFO - Creating ORM DAG for latest_only
[2024-03-05T20:53:32.688-0300] {logging_mixin.py:188} INFO - [2024-03-05T20:53:32.688-0300] {dag.py:3834} INFO - Setting next_dagrun for latest_only to 2024-03-05 16:00:00+00:00, run_after=2024-03-05 20:00:00+00:00
[2024-03-05T20:53:32.799-0300] {processor.py:183} INFO - Processing /home/gabriel/Documents/Airflow/venv/lib/python3.10/site-packages/airflow/example_dags/example_latest_only.py took 0.279 seconds
[2024-03-05T20:54:24.051-0300] {processor.py:161} INFO - Started process (PID=24115) to work on /home/gabriel/Documents/Airflow/venv/lib/python3.10/site-packages/airflow/example_dags/example_latest_only.py
[2024-03-05T20:54:24.053-0300] {processor.py:830} INFO - Processing file /home/gabriel/Documents/Airflow/venv/lib/python3.10/site-packages/airflow/example_dags/example_latest_only.py for tasks to queue
[2024-03-05T20:54:24.054-0300] {logging_mixin.py:188} INFO - [2024-03-05T20:54:24.054-0300] {dagbag.py:540} INFO - Filling up the DagBag from /home/gabriel/Documents/Airflow/venv/lib/python3.10/site-packages/airflow/example_dags/example_latest_only.py
[2024-03-05T20:54:24.060-0300] {processor.py:840} INFO - DAG(s) 'latest_only' retrieved from /home/gabriel/Documents/Airflow/venv/lib/python3.10/site-packages/airflow/example_dags/example_latest_only.py
[2024-03-05T20:54:24.073-0300] {logging_mixin.py:188} INFO - [2024-03-05T20:54:24.073-0300] {dag.py:3047} INFO - Sync 1 DAGs
[2024-03-05T20:54:24.094-0300] {logging_mixin.py:188} INFO - [2024-03-05T20:54:24.094-0300] {dag.py:3834} INFO - Setting next_dagrun for latest_only to 2024-03-05 16:00:00+00:00, run_after=2024-03-05 20:00:00+00:00
[2024-03-05T20:54:24.123-0300] {processor.py:183} INFO - Processing /home/gabriel/Documents/Airflow/venv/lib/python3.10/site-packages/airflow/example_dags/example_latest_only.py took 0.075 seconds
[2024-03-05T20:55:23.488-0300] {processor.py:161} INFO - Started process (PID=24625) to work on /home/gabriel/Documents/Airflow/venv/lib/python3.10/site-packages/airflow/example_dags/example_latest_only.py
[2024-03-05T20:55:23.490-0300] {processor.py:830} INFO - Processing file /home/gabriel/Documents/Airflow/venv/lib/python3.10/site-packages/airflow/example_dags/example_latest_only.py for tasks to queue
[2024-03-05T20:55:23.492-0300] {logging_mixin.py:188} INFO - [2024-03-05T20:55:23.491-0300] {dagbag.py:540} INFO - Filling up the DagBag from /home/gabriel/Documents/Airflow/venv/lib/python3.10/site-packages/airflow/example_dags/example_latest_only.py
[2024-03-05T20:55:23.498-0300] {processor.py:840} INFO - DAG(s) 'latest_only' retrieved from /home/gabriel/Documents/Airflow/venv/lib/python3.10/site-packages/airflow/example_dags/example_latest_only.py
[2024-03-05T20:55:23.513-0300] {logging_mixin.py:188} INFO - [2024-03-05T20:55:23.513-0300] {dag.py:3047} INFO - Sync 1 DAGs
[2024-03-05T20:55:23.682-0300] {logging_mixin.py:188} INFO - [2024-03-05T20:55:23.681-0300] {dag.py:3834} INFO - Setting next_dagrun for latest_only to 2024-03-05 16:00:00+00:00, run_after=2024-03-05 20:00:00+00:00
[2024-03-05T20:55:23.726-0300] {processor.py:183} INFO - Processing /home/gabriel/Documents/Airflow/venv/lib/python3.10/site-packages/airflow/example_dags/example_latest_only.py took 0.242 seconds
[2024-03-05T20:56:13.596-0300] {processor.py:161} INFO - Started process (PID=25234) to work on /home/gabriel/Documents/Airflow/venv/lib/python3.10/site-packages/airflow/example_dags/example_latest_only.py
[2024-03-05T20:56:13.598-0300] {processor.py:830} INFO - Processing file /home/gabriel/Documents/Airflow/venv/lib/python3.10/site-packages/airflow/example_dags/example_latest_only.py for tasks to queue
[2024-03-05T20:56:13.600-0300] {logging_mixin.py:188} INFO - [2024-03-05T20:56:13.599-0300] {dagbag.py:540} INFO - Filling up the DagBag from /home/gabriel/Documents/Airflow/venv/lib/python3.10/site-packages/airflow/example_dags/example_latest_only.py
[2024-03-05T20:56:13.605-0300] {processor.py:840} INFO - DAG(s) 'latest_only' retrieved from /home/gabriel/Documents/Airflow/venv/lib/python3.10/site-packages/airflow/example_dags/example_latest_only.py
[2024-03-05T20:56:13.622-0300] {logging_mixin.py:188} INFO - [2024-03-05T20:56:13.622-0300] {dag.py:3047} INFO - Sync 1 DAGs
[2024-03-05T20:56:13.646-0300] {logging_mixin.py:188} INFO - [2024-03-05T20:56:13.645-0300] {dag.py:3834} INFO - Setting next_dagrun for latest_only to 2024-03-05 16:00:00+00:00, run_after=2024-03-05 20:00:00+00:00
[2024-03-05T20:56:13.671-0300] {processor.py:183} INFO - Processing /home/gabriel/Documents/Airflow/venv/lib/python3.10/site-packages/airflow/example_dags/example_latest_only.py took 0.077 seconds
[2024-03-05T20:57:06.492-0300] {processor.py:161} INFO - Started process (PID=25743) to work on /home/gabriel/Documents/Airflow/venv/lib/python3.10/site-packages/airflow/example_dags/example_latest_only.py
[2024-03-05T20:57:06.494-0300] {processor.py:830} INFO - Processing file /home/gabriel/Documents/Airflow/venv/lib/python3.10/site-packages/airflow/example_dags/example_latest_only.py for tasks to queue
[2024-03-05T20:57:06.496-0300] {logging_mixin.py:188} INFO - [2024-03-05T20:57:06.495-0300] {dagbag.py:540} INFO - Filling up the DagBag from /home/gabriel/Documents/Airflow/venv/lib/python3.10/site-packages/airflow/example_dags/example_latest_only.py
[2024-03-05T20:57:06.501-0300] {processor.py:840} INFO - DAG(s) 'latest_only' retrieved from /home/gabriel/Documents/Airflow/venv/lib/python3.10/site-packages/airflow/example_dags/example_latest_only.py
[2024-03-05T20:57:06.517-0300] {logging_mixin.py:188} INFO - [2024-03-05T20:57:06.517-0300] {dag.py:3047} INFO - Sync 1 DAGs
[2024-03-05T20:57:06.538-0300] {logging_mixin.py:188} INFO - [2024-03-05T20:57:06.537-0300] {dag.py:3834} INFO - Setting next_dagrun for latest_only to 2024-03-05 16:00:00+00:00, run_after=2024-03-05 20:00:00+00:00
[2024-03-05T20:57:06.572-0300] {processor.py:183} INFO - Processing /home/gabriel/Documents/Airflow/venv/lib/python3.10/site-packages/airflow/example_dags/example_latest_only.py took 0.082 seconds
