[2024-03-05T20:53:40.576-0300] {processor.py:161} INFO - Started process (PID=23661) to work on /home/gabriel/Documents/Airflow/venv/lib/python3.10/site-packages/airflow/example_dags/example_python_operator.py
[2024-03-05T20:53:40.576-0300] {processor.py:830} INFO - Processing file /home/gabriel/Documents/Airflow/venv/lib/python3.10/site-packages/airflow/example_dags/example_python_operator.py for tasks to queue
[2024-03-05T20:53:40.577-0300] {logging_mixin.py:188} INFO - [2024-03-05T20:53:40.577-0300] {dagbag.py:540} INFO - Filling up the DagBag from /home/gabriel/Documents/Airflow/venv/lib/python3.10/site-packages/airflow/example_dags/example_python_operator.py
[2024-03-05T20:53:40.585-0300] {processor.py:840} INFO - DAG(s) 'example_python_operator' retrieved from /home/gabriel/Documents/Airflow/venv/lib/python3.10/site-packages/airflow/example_dags/example_python_operator.py
[2024-03-05T20:53:40.682-0300] {logging_mixin.py:188} INFO - [2024-03-05T20:53:40.682-0300] {override.py:1769} INFO - Created Permission View: can read on DAG:example_python_operator
[2024-03-05T20:53:40.697-0300] {logging_mixin.py:188} INFO - [2024-03-05T20:53:40.697-0300] {override.py:1769} INFO - Created Permission View: can delete on DAG:example_python_operator
[2024-03-05T20:53:40.709-0300] {logging_mixin.py:188} INFO - [2024-03-05T20:53:40.708-0300] {override.py:1769} INFO - Created Permission View: can edit on DAG:example_python_operator
[2024-03-05T20:53:40.709-0300] {logging_mixin.py:188} INFO - [2024-03-05T20:53:40.709-0300] {dag.py:3047} INFO - Sync 1 DAGs
[2024-03-05T20:53:40.867-0300] {logging_mixin.py:188} INFO - [2024-03-05T20:53:40.866-0300] {dag.py:3069} INFO - Creating ORM DAG for example_python_operator
[2024-03-05T20:53:40.867-0300] {logging_mixin.py:188} INFO - [2024-03-05T20:53:40.867-0300] {dag.py:3834} INFO - Setting next_dagrun for example_python_operator to None, run_after=None
[2024-03-05T20:53:40.895-0300] {processor.py:183} INFO - Processing /home/gabriel/Documents/Airflow/venv/lib/python3.10/site-packages/airflow/example_dags/example_python_operator.py took 0.322 seconds
[2024-03-05T20:54:30.338-0300] {processor.py:161} INFO - Started process (PID=24133) to work on /home/gabriel/Documents/Airflow/venv/lib/python3.10/site-packages/airflow/example_dags/example_python_operator.py
[2024-03-05T20:54:30.340-0300] {processor.py:830} INFO - Processing file /home/gabriel/Documents/Airflow/venv/lib/python3.10/site-packages/airflow/example_dags/example_python_operator.py for tasks to queue
[2024-03-05T20:54:30.341-0300] {logging_mixin.py:188} INFO - [2024-03-05T20:54:30.340-0300] {dagbag.py:540} INFO - Filling up the DagBag from /home/gabriel/Documents/Airflow/venv/lib/python3.10/site-packages/airflow/example_dags/example_python_operator.py
[2024-03-05T20:54:30.349-0300] {processor.py:840} INFO - DAG(s) 'example_python_operator' retrieved from /home/gabriel/Documents/Airflow/venv/lib/python3.10/site-packages/airflow/example_dags/example_python_operator.py
[2024-03-05T20:54:30.364-0300] {logging_mixin.py:188} INFO - [2024-03-05T20:54:30.364-0300] {dag.py:3047} INFO - Sync 1 DAGs
[2024-03-05T20:54:30.374-0300] {logging_mixin.py:188} INFO - [2024-03-05T20:54:30.374-0300] {dag.py:3834} INFO - Setting next_dagrun for example_python_operator to None, run_after=None
[2024-03-05T20:54:30.401-0300] {processor.py:183} INFO - Processing /home/gabriel/Documents/Airflow/venv/lib/python3.10/site-packages/airflow/example_dags/example_python_operator.py took 0.065 seconds
[2024-03-05T20:55:29.996-0300] {processor.py:161} INFO - Started process (PID=24715) to work on /home/gabriel/Documents/Airflow/venv/lib/python3.10/site-packages/airflow/example_dags/example_python_operator.py
[2024-03-05T20:55:29.998-0300] {processor.py:830} INFO - Processing file /home/gabriel/Documents/Airflow/venv/lib/python3.10/site-packages/airflow/example_dags/example_python_operator.py for tasks to queue
[2024-03-05T20:55:29.999-0300] {logging_mixin.py:188} INFO - [2024-03-05T20:55:29.999-0300] {dagbag.py:540} INFO - Filling up the DagBag from /home/gabriel/Documents/Airflow/venv/lib/python3.10/site-packages/airflow/example_dags/example_python_operator.py
[2024-03-05T20:55:30.105-0300] {processor.py:840} INFO - DAG(s) 'example_python_operator' retrieved from /home/gabriel/Documents/Airflow/venv/lib/python3.10/site-packages/airflow/example_dags/example_python_operator.py
[2024-03-05T20:55:30.119-0300] {logging_mixin.py:188} INFO - [2024-03-05T20:55:30.119-0300] {dag.py:3047} INFO - Sync 1 DAGs
[2024-03-05T20:55:30.129-0300] {logging_mixin.py:188} INFO - [2024-03-05T20:55:30.128-0300] {dag.py:3834} INFO - Setting next_dagrun for example_python_operator to None, run_after=None
[2024-03-05T20:55:30.154-0300] {processor.py:183} INFO - Processing /home/gabriel/Documents/Airflow/venv/lib/python3.10/site-packages/airflow/example_dags/example_python_operator.py took 0.161 seconds
[2024-03-05T20:56:28.215-0300] {processor.py:161} INFO - Started process (PID=25354) to work on /home/gabriel/Documents/Airflow/venv/lib/python3.10/site-packages/airflow/example_dags/example_python_operator.py
[2024-03-05T20:56:28.216-0300] {processor.py:830} INFO - Processing file /home/gabriel/Documents/Airflow/venv/lib/python3.10/site-packages/airflow/example_dags/example_python_operator.py for tasks to queue
[2024-03-05T20:56:28.218-0300] {logging_mixin.py:188} INFO - [2024-03-05T20:56:28.217-0300] {dagbag.py:540} INFO - Filling up the DagBag from /home/gabriel/Documents/Airflow/venv/lib/python3.10/site-packages/airflow/example_dags/example_python_operator.py
[2024-03-05T20:56:28.230-0300] {processor.py:840} INFO - DAG(s) 'example_python_operator' retrieved from /home/gabriel/Documents/Airflow/venv/lib/python3.10/site-packages/airflow/example_dags/example_python_operator.py
[2024-03-05T20:56:28.248-0300] {logging_mixin.py:188} INFO - [2024-03-05T20:56:28.248-0300] {dag.py:3047} INFO - Sync 1 DAGs
[2024-03-05T20:56:28.261-0300] {logging_mixin.py:188} INFO - [2024-03-05T20:56:28.261-0300] {dag.py:3834} INFO - Setting next_dagrun for example_python_operator to None, run_after=None
[2024-03-05T20:56:28.293-0300] {processor.py:183} INFO - Processing /home/gabriel/Documents/Airflow/venv/lib/python3.10/site-packages/airflow/example_dags/example_python_operator.py took 0.082 seconds
