[2024-03-05T20:53:37.872-0300] {processor.py:161} INFO - Started process (PID=23650) to work on /home/gabriel/Documents/Airflow/venv/lib/python3.10/site-packages/airflow/example_dags/example_dynamic_task_mapping.py
[2024-03-05T20:53:37.873-0300] {processor.py:830} INFO - Processing file /home/gabriel/Documents/Airflow/venv/lib/python3.10/site-packages/airflow/example_dags/example_dynamic_task_mapping.py for tasks to queue
[2024-03-05T20:53:37.873-0300] {logging_mixin.py:188} INFO - [2024-03-05T20:53:37.873-0300] {dagbag.py:540} INFO - Filling up the DagBag from /home/gabriel/Documents/Airflow/venv/lib/python3.10/site-packages/airflow/example_dags/example_dynamic_task_mapping.py
[2024-03-05T20:53:37.878-0300] {processor.py:840} INFO - DAG(s) 'example_dynamic_task_mapping' retrieved from /home/gabriel/Documents/Airflow/venv/lib/python3.10/site-packages/airflow/example_dags/example_dynamic_task_mapping.py
[2024-03-05T20:53:37.961-0300] {logging_mixin.py:188} INFO - [2024-03-05T20:53:37.960-0300] {override.py:1769} INFO - Created Permission View: can read on DAG:example_dynamic_task_mapping
[2024-03-05T20:53:37.973-0300] {logging_mixin.py:188} INFO - [2024-03-05T20:53:37.972-0300] {override.py:1769} INFO - Created Permission View: can delete on DAG:example_dynamic_task_mapping
[2024-03-05T20:53:37.982-0300] {logging_mixin.py:188} INFO - [2024-03-05T20:53:37.982-0300] {override.py:1769} INFO - Created Permission View: can edit on DAG:example_dynamic_task_mapping
[2024-03-05T20:53:37.982-0300] {logging_mixin.py:188} INFO - [2024-03-05T20:53:37.982-0300] {dag.py:3047} INFO - Sync 1 DAGs
[2024-03-05T20:53:38.079-0300] {logging_mixin.py:188} INFO - [2024-03-05T20:53:38.079-0300] {dag.py:3069} INFO - Creating ORM DAG for example_dynamic_task_mapping
[2024-03-05T20:53:38.087-0300] {logging_mixin.py:188} INFO - [2024-03-05T20:53:38.087-0300] {dag.py:3834} INFO - Setting next_dagrun for example_dynamic_task_mapping to 2022-03-04 00:00:00+00:00, run_after=2022-03-05 00:00:00+00:00
[2024-03-05T20:53:38.108-0300] {processor.py:183} INFO - Processing /home/gabriel/Documents/Airflow/venv/lib/python3.10/site-packages/airflow/example_dags/example_dynamic_task_mapping.py took 0.239 seconds
[2024-03-05T20:54:28.723-0300] {processor.py:161} INFO - Started process (PID=24131) to work on /home/gabriel/Documents/Airflow/venv/lib/python3.10/site-packages/airflow/example_dags/example_dynamic_task_mapping.py
[2024-03-05T20:54:28.724-0300] {processor.py:830} INFO - Processing file /home/gabriel/Documents/Airflow/venv/lib/python3.10/site-packages/airflow/example_dags/example_dynamic_task_mapping.py for tasks to queue
[2024-03-05T20:54:28.725-0300] {logging_mixin.py:188} INFO - [2024-03-05T20:54:28.725-0300] {dagbag.py:540} INFO - Filling up the DagBag from /home/gabriel/Documents/Airflow/venv/lib/python3.10/site-packages/airflow/example_dags/example_dynamic_task_mapping.py
[2024-03-05T20:54:28.731-0300] {processor.py:840} INFO - DAG(s) 'example_dynamic_task_mapping' retrieved from /home/gabriel/Documents/Airflow/venv/lib/python3.10/site-packages/airflow/example_dags/example_dynamic_task_mapping.py
[2024-03-05T20:54:28.743-0300] {logging_mixin.py:188} INFO - [2024-03-05T20:54:28.742-0300] {dag.py:3047} INFO - Sync 1 DAGs
[2024-03-05T20:54:28.768-0300] {logging_mixin.py:188} INFO - [2024-03-05T20:54:28.767-0300] {dag.py:3834} INFO - Setting next_dagrun for example_dynamic_task_mapping to 2022-03-04 00:00:00+00:00, run_after=2022-03-05 00:00:00+00:00
[2024-03-05T20:54:28.798-0300] {processor.py:183} INFO - Processing /home/gabriel/Documents/Airflow/venv/lib/python3.10/site-packages/airflow/example_dags/example_dynamic_task_mapping.py took 0.077 seconds
[2024-03-05T20:55:27.491-0300] {processor.py:161} INFO - Started process (PID=24707) to work on /home/gabriel/Documents/Airflow/venv/lib/python3.10/site-packages/airflow/example_dags/example_dynamic_task_mapping.py
[2024-03-05T20:55:27.493-0300] {processor.py:830} INFO - Processing file /home/gabriel/Documents/Airflow/venv/lib/python3.10/site-packages/airflow/example_dags/example_dynamic_task_mapping.py for tasks to queue
[2024-03-05T20:55:27.495-0300] {logging_mixin.py:188} INFO - [2024-03-05T20:55:27.494-0300] {dagbag.py:540} INFO - Filling up the DagBag from /home/gabriel/Documents/Airflow/venv/lib/python3.10/site-packages/airflow/example_dags/example_dynamic_task_mapping.py
[2024-03-05T20:55:27.610-0300] {processor.py:840} INFO - DAG(s) 'example_dynamic_task_mapping' retrieved from /home/gabriel/Documents/Airflow/venv/lib/python3.10/site-packages/airflow/example_dags/example_dynamic_task_mapping.py
[2024-03-05T20:55:27.624-0300] {logging_mixin.py:188} INFO - [2024-03-05T20:55:27.623-0300] {dag.py:3047} INFO - Sync 1 DAGs
[2024-03-05T20:55:27.651-0300] {logging_mixin.py:188} INFO - [2024-03-05T20:55:27.650-0300] {dag.py:3834} INFO - Setting next_dagrun for example_dynamic_task_mapping to 2022-03-04 00:00:00+00:00, run_after=2022-03-05 00:00:00+00:00
[2024-03-05T20:55:27.680-0300] {processor.py:183} INFO - Processing /home/gabriel/Documents/Airflow/venv/lib/python3.10/site-packages/airflow/example_dags/example_dynamic_task_mapping.py took 0.192 seconds
[2024-03-05T20:56:25.915-0300] {processor.py:161} INFO - Started process (PID=25283) to work on /home/gabriel/Documents/Airflow/venv/lib/python3.10/site-packages/airflow/example_dags/example_dynamic_task_mapping.py
[2024-03-05T20:56:25.916-0300] {processor.py:830} INFO - Processing file /home/gabriel/Documents/Airflow/venv/lib/python3.10/site-packages/airflow/example_dags/example_dynamic_task_mapping.py for tasks to queue
[2024-03-05T20:56:25.918-0300] {logging_mixin.py:188} INFO - [2024-03-05T20:56:25.917-0300] {dagbag.py:540} INFO - Filling up the DagBag from /home/gabriel/Documents/Airflow/venv/lib/python3.10/site-packages/airflow/example_dags/example_dynamic_task_mapping.py
[2024-03-05T20:56:25.923-0300] {processor.py:840} INFO - DAG(s) 'example_dynamic_task_mapping' retrieved from /home/gabriel/Documents/Airflow/venv/lib/python3.10/site-packages/airflow/example_dags/example_dynamic_task_mapping.py
[2024-03-05T20:56:25.938-0300] {logging_mixin.py:188} INFO - [2024-03-05T20:56:25.938-0300] {dag.py:3047} INFO - Sync 1 DAGs
[2024-03-05T20:56:25.959-0300] {logging_mixin.py:188} INFO - [2024-03-05T20:56:25.959-0300] {dag.py:3834} INFO - Setting next_dagrun for example_dynamic_task_mapping to 2022-03-04 00:00:00+00:00, run_after=2022-03-05 00:00:00+00:00
[2024-03-05T20:56:25.987-0300] {processor.py:183} INFO - Processing /home/gabriel/Documents/Airflow/venv/lib/python3.10/site-packages/airflow/example_dags/example_dynamic_task_mapping.py took 0.076 seconds
