[2024-03-05T20:52:51.829-0300] {processor.py:161} INFO - Started process (PID=23138) to work on /home/gabriel/Documents/Airflow/venv/lib/python3.10/site-packages/airflow/example_dags/example_trigger_target_dag.py
[2024-03-05T20:52:51.830-0300] {processor.py:830} INFO - Processing file /home/gabriel/Documents/Airflow/venv/lib/python3.10/site-packages/airflow/example_dags/example_trigger_target_dag.py for tasks to queue
[2024-03-05T20:52:51.831-0300] {logging_mixin.py:188} INFO - [2024-03-05T20:52:51.831-0300] {dagbag.py:540} INFO - Filling up the DagBag from /home/gabriel/Documents/Airflow/venv/lib/python3.10/site-packages/airflow/example_dags/example_trigger_target_dag.py
[2024-03-05T20:52:51.838-0300] {processor.py:840} INFO - DAG(s) 'example_trigger_target_dag' retrieved from /home/gabriel/Documents/Airflow/venv/lib/python3.10/site-packages/airflow/example_dags/example_trigger_target_dag.py
[2024-03-05T20:52:51.931-0300] {logging_mixin.py:188} INFO - [2024-03-05T20:52:51.930-0300] {override.py:1769} INFO - Created Permission View: can read on DAG:example_trigger_target_dag
[2024-03-05T20:52:51.942-0300] {logging_mixin.py:188} INFO - [2024-03-05T20:52:51.941-0300] {override.py:1769} INFO - Created Permission View: can delete on DAG:example_trigger_target_dag
[2024-03-05T20:52:51.951-0300] {logging_mixin.py:188} INFO - [2024-03-05T20:52:51.950-0300] {override.py:1769} INFO - Created Permission View: can edit on DAG:example_trigger_target_dag
[2024-03-05T20:52:51.951-0300] {logging_mixin.py:188} INFO - [2024-03-05T20:52:51.951-0300] {dag.py:3047} INFO - Sync 1 DAGs
[2024-03-05T20:52:51.961-0300] {logging_mixin.py:188} INFO - [2024-03-05T20:52:51.961-0300] {dag.py:3069} INFO - Creating ORM DAG for example_trigger_target_dag
[2024-03-05T20:52:51.962-0300] {logging_mixin.py:188} INFO - [2024-03-05T20:52:51.962-0300] {dag.py:3834} INFO - Setting next_dagrun for example_trigger_target_dag to None, run_after=None
[2024-03-05T20:52:51.996-0300] {processor.py:183} INFO - Processing /home/gabriel/Documents/Airflow/venv/lib/python3.10/site-packages/airflow/example_dags/example_trigger_target_dag.py took 0.169 seconds
[2024-03-05T20:54:00.073-0300] {processor.py:161} INFO - Started process (PID=23901) to work on /home/gabriel/Documents/Airflow/venv/lib/python3.10/site-packages/airflow/example_dags/example_trigger_target_dag.py
[2024-03-05T20:54:00.075-0300] {processor.py:830} INFO - Processing file /home/gabriel/Documents/Airflow/venv/lib/python3.10/site-packages/airflow/example_dags/example_trigger_target_dag.py for tasks to queue
[2024-03-05T20:54:00.076-0300] {logging_mixin.py:188} INFO - [2024-03-05T20:54:00.075-0300] {dagbag.py:540} INFO - Filling up the DagBag from /home/gabriel/Documents/Airflow/venv/lib/python3.10/site-packages/airflow/example_dags/example_trigger_target_dag.py
[2024-03-05T20:54:00.079-0300] {processor.py:840} INFO - DAG(s) 'example_trigger_target_dag' retrieved from /home/gabriel/Documents/Airflow/venv/lib/python3.10/site-packages/airflow/example_dags/example_trigger_target_dag.py
[2024-03-05T20:54:00.091-0300] {logging_mixin.py:188} INFO - [2024-03-05T20:54:00.091-0300] {dag.py:3047} INFO - Sync 1 DAGs
[2024-03-05T20:54:00.100-0300] {logging_mixin.py:188} INFO - [2024-03-05T20:54:00.100-0300] {dag.py:3834} INFO - Setting next_dagrun for example_trigger_target_dag to None, run_after=None
[2024-03-05T20:54:00.129-0300] {processor.py:183} INFO - Processing /home/gabriel/Documents/Airflow/venv/lib/python3.10/site-packages/airflow/example_dags/example_trigger_target_dag.py took 0.058 seconds
[2024-03-05T20:54:47.779-0300] {processor.py:161} INFO - Started process (PID=24314) to work on /home/gabriel/Documents/Airflow/venv/lib/python3.10/site-packages/airflow/example_dags/example_trigger_target_dag.py
[2024-03-05T20:54:47.781-0300] {processor.py:830} INFO - Processing file /home/gabriel/Documents/Airflow/venv/lib/python3.10/site-packages/airflow/example_dags/example_trigger_target_dag.py for tasks to queue
[2024-03-05T20:54:47.781-0300] {logging_mixin.py:188} INFO - [2024-03-05T20:54:47.781-0300] {dagbag.py:540} INFO - Filling up the DagBag from /home/gabriel/Documents/Airflow/venv/lib/python3.10/site-packages/airflow/example_dags/example_trigger_target_dag.py
[2024-03-05T20:54:47.786-0300] {processor.py:840} INFO - DAG(s) 'example_trigger_target_dag' retrieved from /home/gabriel/Documents/Airflow/venv/lib/python3.10/site-packages/airflow/example_dags/example_trigger_target_dag.py
[2024-03-05T20:54:47.797-0300] {logging_mixin.py:188} INFO - [2024-03-05T20:54:47.797-0300] {dag.py:3047} INFO - Sync 1 DAGs
[2024-03-05T20:54:47.805-0300] {logging_mixin.py:188} INFO - [2024-03-05T20:54:47.805-0300] {dag.py:3834} INFO - Setting next_dagrun for example_trigger_target_dag to None, run_after=None
[2024-03-05T20:54:47.827-0300] {processor.py:183} INFO - Processing /home/gabriel/Documents/Airflow/venv/lib/python3.10/site-packages/airflow/example_dags/example_trigger_target_dag.py took 0.051 seconds
[2024-03-05T20:55:40.213-0300] {processor.py:161} INFO - Started process (PID=24863) to work on /home/gabriel/Documents/Airflow/venv/lib/python3.10/site-packages/airflow/example_dags/example_trigger_target_dag.py
[2024-03-05T20:55:40.215-0300] {processor.py:830} INFO - Processing file /home/gabriel/Documents/Airflow/venv/lib/python3.10/site-packages/airflow/example_dags/example_trigger_target_dag.py for tasks to queue
[2024-03-05T20:55:40.216-0300] {logging_mixin.py:188} INFO - [2024-03-05T20:55:40.215-0300] {dagbag.py:540} INFO - Filling up the DagBag from /home/gabriel/Documents/Airflow/venv/lib/python3.10/site-packages/airflow/example_dags/example_trigger_target_dag.py
[2024-03-05T20:55:40.223-0300] {processor.py:840} INFO - DAG(s) 'example_trigger_target_dag' retrieved from /home/gabriel/Documents/Airflow/venv/lib/python3.10/site-packages/airflow/example_dags/example_trigger_target_dag.py
[2024-03-05T20:55:40.242-0300] {logging_mixin.py:188} INFO - [2024-03-05T20:55:40.242-0300] {dag.py:3047} INFO - Sync 1 DAGs
[2024-03-05T20:55:40.260-0300] {logging_mixin.py:188} INFO - [2024-03-05T20:55:40.259-0300] {dag.py:3834} INFO - Setting next_dagrun for example_trigger_target_dag to None, run_after=None
[2024-03-05T20:55:40.291-0300] {processor.py:183} INFO - Processing /home/gabriel/Documents/Airflow/venv/lib/python3.10/site-packages/airflow/example_dags/example_trigger_target_dag.py took 0.082 seconds
[2024-03-05T20:56:19.324-0300] {processor.py:161} INFO - Started process (PID=25254) to work on /home/gabriel/Documents/Airflow/venv/lib/python3.10/site-packages/airflow/example_dags/example_trigger_target_dag.py
[2024-03-05T20:56:19.326-0300] {processor.py:830} INFO - Processing file /home/gabriel/Documents/Airflow/venv/lib/python3.10/site-packages/airflow/example_dags/example_trigger_target_dag.py for tasks to queue
[2024-03-05T20:56:19.327-0300] {logging_mixin.py:188} INFO - [2024-03-05T20:56:19.327-0300] {dagbag.py:540} INFO - Filling up the DagBag from /home/gabriel/Documents/Airflow/venv/lib/python3.10/site-packages/airflow/example_dags/example_trigger_target_dag.py
[2024-03-05T20:56:19.331-0300] {processor.py:840} INFO - DAG(s) 'example_trigger_target_dag' retrieved from /home/gabriel/Documents/Airflow/venv/lib/python3.10/site-packages/airflow/example_dags/example_trigger_target_dag.py
[2024-03-05T20:56:19.342-0300] {logging_mixin.py:188} INFO - [2024-03-05T20:56:19.342-0300] {dag.py:3047} INFO - Sync 1 DAGs
[2024-03-05T20:56:19.350-0300] {logging_mixin.py:188} INFO - [2024-03-05T20:56:19.350-0300] {dag.py:3834} INFO - Setting next_dagrun for example_trigger_target_dag to None, run_after=None
[2024-03-05T20:56:19.373-0300] {processor.py:183} INFO - Processing /home/gabriel/Documents/Airflow/venv/lib/python3.10/site-packages/airflow/example_dags/example_trigger_target_dag.py took 0.050 seconds
[2024-03-05T20:57:15.307-0300] {processor.py:161} INFO - Started process (PID=25770) to work on /home/gabriel/Documents/Airflow/venv/lib/python3.10/site-packages/airflow/example_dags/example_trigger_target_dag.py
[2024-03-05T20:57:15.309-0300] {processor.py:830} INFO - Processing file /home/gabriel/Documents/Airflow/venv/lib/python3.10/site-packages/airflow/example_dags/example_trigger_target_dag.py for tasks to queue
[2024-03-05T20:57:15.310-0300] {logging_mixin.py:188} INFO - [2024-03-05T20:57:15.309-0300] {dagbag.py:540} INFO - Filling up the DagBag from /home/gabriel/Documents/Airflow/venv/lib/python3.10/site-packages/airflow/example_dags/example_trigger_target_dag.py
[2024-03-05T20:57:15.314-0300] {processor.py:840} INFO - DAG(s) 'example_trigger_target_dag' retrieved from /home/gabriel/Documents/Airflow/venv/lib/python3.10/site-packages/airflow/example_dags/example_trigger_target_dag.py
[2024-03-05T20:57:15.327-0300] {logging_mixin.py:188} INFO - [2024-03-05T20:57:15.327-0300] {dag.py:3047} INFO - Sync 1 DAGs
[2024-03-05T20:57:15.336-0300] {logging_mixin.py:188} INFO - [2024-03-05T20:57:15.335-0300] {dag.py:3834} INFO - Setting next_dagrun for example_trigger_target_dag to None, run_after=None
[2024-03-05T20:57:15.362-0300] {processor.py:183} INFO - Processing /home/gabriel/Documents/Airflow/venv/lib/python3.10/site-packages/airflow/example_dags/example_trigger_target_dag.py took 0.058 seconds
