[2024-03-05T20:53:20.556-0300] {processor.py:161} INFO - Started process (PID=23410) to work on /home/gabriel/Documents/Airflow/venv/lib/python3.10/site-packages/airflow/example_dags/example_branch_python_dop_operator_3.py
[2024-03-05T20:53:20.557-0300] {processor.py:830} INFO - Processing file /home/gabriel/Documents/Airflow/venv/lib/python3.10/site-packages/airflow/example_dags/example_branch_python_dop_operator_3.py for tasks to queue
[2024-03-05T20:53:20.558-0300] {logging_mixin.py:188} INFO - [2024-03-05T20:53:20.558-0300] {dagbag.py:540} INFO - Filling up the DagBag from /home/gabriel/Documents/Airflow/venv/lib/python3.10/site-packages/airflow/example_dags/example_branch_python_dop_operator_3.py
[2024-03-05T20:53:20.587-0300] {processor.py:840} INFO - DAG(s) 'example_branch_dop_operator_v3' retrieved from /home/gabriel/Documents/Airflow/venv/lib/python3.10/site-packages/airflow/example_dags/example_branch_python_dop_operator_3.py
[2024-03-05T20:53:21.114-0300] {logging_mixin.py:188} INFO - [2024-03-05T20:53:21.113-0300] {override.py:1769} INFO - Created Permission View: can read on DAG:example_branch_dop_operator_v3
[2024-03-05T20:53:21.143-0300] {logging_mixin.py:188} INFO - [2024-03-05T20:53:21.142-0300] {override.py:1769} INFO - Created Permission View: can delete on DAG:example_branch_dop_operator_v3
[2024-03-05T20:53:21.163-0300] {logging_mixin.py:188} INFO - [2024-03-05T20:53:21.163-0300] {override.py:1769} INFO - Created Permission View: can edit on DAG:example_branch_dop_operator_v3
[2024-03-05T20:53:21.164-0300] {logging_mixin.py:188} INFO - [2024-03-05T20:53:21.164-0300] {dag.py:3047} INFO - Sync 1 DAGs
[2024-03-05T20:53:21.207-0300] {logging_mixin.py:188} INFO - [2024-03-05T20:53:21.206-0300] {dag.py:3069} INFO - Creating ORM DAG for example_branch_dop_operator_v3
[2024-03-05T20:53:21.249-0300] {logging_mixin.py:188} INFO - [2024-03-05T20:53:21.249-0300] {dag.py:3834} INFO - Setting next_dagrun for example_branch_dop_operator_v3 to 2024-03-05 23:52:00+00:00, run_after=2024-03-05 23:53:00+00:00
[2024-03-05T20:53:21.945-0300] {processor.py:183} INFO - Processing /home/gabriel/Documents/Airflow/venv/lib/python3.10/site-packages/airflow/example_dags/example_branch_python_dop_operator_3.py took 1.403 seconds
[2024-03-05T20:54:17.193-0300] {processor.py:161} INFO - Started process (PID=24096) to work on /home/gabriel/Documents/Airflow/venv/lib/python3.10/site-packages/airflow/example_dags/example_branch_python_dop_operator_3.py
[2024-03-05T20:54:17.194-0300] {processor.py:830} INFO - Processing file /home/gabriel/Documents/Airflow/venv/lib/python3.10/site-packages/airflow/example_dags/example_branch_python_dop_operator_3.py for tasks to queue
[2024-03-05T20:54:17.196-0300] {logging_mixin.py:188} INFO - [2024-03-05T20:54:17.195-0300] {dagbag.py:540} INFO - Filling up the DagBag from /home/gabriel/Documents/Airflow/venv/lib/python3.10/site-packages/airflow/example_dags/example_branch_python_dop_operator_3.py
[2024-03-05T20:54:17.203-0300] {processor.py:840} INFO - DAG(s) 'example_branch_dop_operator_v3' retrieved from /home/gabriel/Documents/Airflow/venv/lib/python3.10/site-packages/airflow/example_dags/example_branch_python_dop_operator_3.py
[2024-03-05T20:54:17.218-0300] {logging_mixin.py:188} INFO - [2024-03-05T20:54:17.217-0300] {dag.py:3047} INFO - Sync 1 DAGs
[2024-03-05T20:54:17.240-0300] {logging_mixin.py:188} INFO - [2024-03-05T20:54:17.239-0300] {dag.py:3834} INFO - Setting next_dagrun for example_branch_dop_operator_v3 to 2024-03-05 23:53:00+00:00, run_after=2024-03-05 23:54:00+00:00
[2024-03-05T20:54:17.265-0300] {processor.py:183} INFO - Processing /home/gabriel/Documents/Airflow/venv/lib/python3.10/site-packages/airflow/example_dags/example_branch_python_dop_operator_3.py took 0.075 seconds
[2024-03-05T20:55:07.741-0300] {processor.py:161} INFO - Started process (PID=24572) to work on /home/gabriel/Documents/Airflow/venv/lib/python3.10/site-packages/airflow/example_dags/example_branch_python_dop_operator_3.py
[2024-03-05T20:55:07.743-0300] {processor.py:830} INFO - Processing file /home/gabriel/Documents/Airflow/venv/lib/python3.10/site-packages/airflow/example_dags/example_branch_python_dop_operator_3.py for tasks to queue
[2024-03-05T20:55:07.745-0300] {logging_mixin.py:188} INFO - [2024-03-05T20:55:07.744-0300] {dagbag.py:540} INFO - Filling up the DagBag from /home/gabriel/Documents/Airflow/venv/lib/python3.10/site-packages/airflow/example_dags/example_branch_python_dop_operator_3.py
[2024-03-05T20:55:07.752-0300] {processor.py:840} INFO - DAG(s) 'example_branch_dop_operator_v3' retrieved from /home/gabriel/Documents/Airflow/venv/lib/python3.10/site-packages/airflow/example_dags/example_branch_python_dop_operator_3.py
[2024-03-05T20:55:07.766-0300] {logging_mixin.py:188} INFO - [2024-03-05T20:55:07.766-0300] {dag.py:3047} INFO - Sync 1 DAGs
[2024-03-05T20:55:07.887-0300] {logging_mixin.py:188} INFO - [2024-03-05T20:55:07.887-0300] {dag.py:3834} INFO - Setting next_dagrun for example_branch_dop_operator_v3 to 2024-03-05 23:54:00+00:00, run_after=2024-03-05 23:55:00+00:00
[2024-03-05T20:55:07.910-0300] {processor.py:183} INFO - Processing /home/gabriel/Documents/Airflow/venv/lib/python3.10/site-packages/airflow/example_dags/example_branch_python_dop_operator_3.py took 0.170 seconds
[2024-03-05T20:56:05.619-0300] {processor.py:161} INFO - Started process (PID=25209) to work on /home/gabriel/Documents/Airflow/venv/lib/python3.10/site-packages/airflow/example_dags/example_branch_python_dop_operator_3.py
[2024-03-05T20:56:05.620-0300] {processor.py:830} INFO - Processing file /home/gabriel/Documents/Airflow/venv/lib/python3.10/site-packages/airflow/example_dags/example_branch_python_dop_operator_3.py for tasks to queue
[2024-03-05T20:56:05.622-0300] {logging_mixin.py:188} INFO - [2024-03-05T20:56:05.621-0300] {dagbag.py:540} INFO - Filling up the DagBag from /home/gabriel/Documents/Airflow/venv/lib/python3.10/site-packages/airflow/example_dags/example_branch_python_dop_operator_3.py
[2024-03-05T20:56:05.630-0300] {processor.py:840} INFO - DAG(s) 'example_branch_dop_operator_v3' retrieved from /home/gabriel/Documents/Airflow/venv/lib/python3.10/site-packages/airflow/example_dags/example_branch_python_dop_operator_3.py
[2024-03-05T20:56:05.643-0300] {logging_mixin.py:188} INFO - [2024-03-05T20:56:05.642-0300] {dag.py:3047} INFO - Sync 1 DAGs
[2024-03-05T20:56:05.678-0300] {logging_mixin.py:188} INFO - [2024-03-05T20:56:05.678-0300] {dag.py:3834} INFO - Setting next_dagrun for example_branch_dop_operator_v3 to 2024-03-05 23:55:00+00:00, run_after=2024-03-05 23:56:00+00:00
[2024-03-05T20:56:05.707-0300] {processor.py:183} INFO - Processing /home/gabriel/Documents/Airflow/venv/lib/python3.10/site-packages/airflow/example_dags/example_branch_python_dop_operator_3.py took 0.091 seconds
[2024-03-05T20:56:59.880-0300] {processor.py:161} INFO - Started process (PID=25718) to work on /home/gabriel/Documents/Airflow/venv/lib/python3.10/site-packages/airflow/example_dags/example_branch_python_dop_operator_3.py
[2024-03-05T20:56:59.882-0300] {processor.py:830} INFO - Processing file /home/gabriel/Documents/Airflow/venv/lib/python3.10/site-packages/airflow/example_dags/example_branch_python_dop_operator_3.py for tasks to queue
[2024-03-05T20:56:59.883-0300] {logging_mixin.py:188} INFO - [2024-03-05T20:56:59.882-0300] {dagbag.py:540} INFO - Filling up the DagBag from /home/gabriel/Documents/Airflow/venv/lib/python3.10/site-packages/airflow/example_dags/example_branch_python_dop_operator_3.py
[2024-03-05T20:56:59.889-0300] {processor.py:840} INFO - DAG(s) 'example_branch_dop_operator_v3' retrieved from /home/gabriel/Documents/Airflow/venv/lib/python3.10/site-packages/airflow/example_dags/example_branch_python_dop_operator_3.py
[2024-03-05T20:56:59.899-0300] {logging_mixin.py:188} INFO - [2024-03-05T20:56:59.899-0300] {dag.py:3047} INFO - Sync 1 DAGs
[2024-03-05T20:56:59.916-0300] {logging_mixin.py:188} INFO - [2024-03-05T20:56:59.916-0300] {dag.py:3834} INFO - Setting next_dagrun for example_branch_dop_operator_v3 to 2024-03-05 23:55:00+00:00, run_after=2024-03-05 23:56:00+00:00
[2024-03-05T20:56:59.935-0300] {processor.py:183} INFO - Processing /home/gabriel/Documents/Airflow/venv/lib/python3.10/site-packages/airflow/example_dags/example_branch_python_dop_operator_3.py took 0.058 seconds
