[2024-03-05T20:53:03.576-0300] {processor.py:161} INFO - Started process (PID=23231) to work on /home/gabriel/Documents/Airflow/venv/lib/python3.10/site-packages/airflow/example_dags/example_bash_operator.py
[2024-03-05T20:53:03.577-0300] {processor.py:830} INFO - Processing file /home/gabriel/Documents/Airflow/venv/lib/python3.10/site-packages/airflow/example_dags/example_bash_operator.py for tasks to queue
[2024-03-05T20:53:03.578-0300] {logging_mixin.py:188} INFO - [2024-03-05T20:53:03.577-0300] {dagbag.py:540} INFO - Filling up the DagBag from /home/gabriel/Documents/Airflow/venv/lib/python3.10/site-packages/airflow/example_dags/example_bash_operator.py
[2024-03-05T20:53:03.586-0300] {processor.py:840} INFO - DAG(s) 'example_bash_operator' retrieved from /home/gabriel/Documents/Airflow/venv/lib/python3.10/site-packages/airflow/example_dags/example_bash_operator.py
[2024-03-05T20:53:03.706-0300] {logging_mixin.py:188} INFO - [2024-03-05T20:53:03.705-0300] {override.py:1769} INFO - Created Permission View: can read on DAG:example_bash_operator
[2024-03-05T20:53:03.723-0300] {logging_mixin.py:188} INFO - [2024-03-05T20:53:03.722-0300] {override.py:1769} INFO - Created Permission View: can delete on DAG:example_bash_operator
[2024-03-05T20:53:03.735-0300] {logging_mixin.py:188} INFO - [2024-03-05T20:53:03.734-0300] {override.py:1769} INFO - Created Permission View: can edit on DAG:example_bash_operator
[2024-03-05T20:53:03.735-0300] {logging_mixin.py:188} INFO - [2024-03-05T20:53:03.735-0300] {dag.py:3047} INFO - Sync 1 DAGs
[2024-03-05T20:53:03.745-0300] {logging_mixin.py:188} INFO - [2024-03-05T20:53:03.744-0300] {dag.py:3069} INFO - Creating ORM DAG for example_bash_operator
[2024-03-05T20:53:03.757-0300] {logging_mixin.py:188} INFO - [2024-03-05T20:53:03.757-0300] {dag.py:3834} INFO - Setting next_dagrun for example_bash_operator to 2024-03-04 00:00:00+00:00, run_after=2024-03-05 00:00:00+00:00
[2024-03-05T20:53:03.843-0300] {processor.py:183} INFO - Processing /home/gabriel/Documents/Airflow/venv/lib/python3.10/site-packages/airflow/example_dags/example_bash_operator.py took 0.268 seconds
[2024-03-05T20:54:09.922-0300] {processor.py:161} INFO - Started process (PID=24071) to work on /home/gabriel/Documents/Airflow/venv/lib/python3.10/site-packages/airflow/example_dags/example_bash_operator.py
[2024-03-05T20:54:09.924-0300] {processor.py:830} INFO - Processing file /home/gabriel/Documents/Airflow/venv/lib/python3.10/site-packages/airflow/example_dags/example_bash_operator.py for tasks to queue
[2024-03-05T20:54:09.925-0300] {logging_mixin.py:188} INFO - [2024-03-05T20:54:09.924-0300] {dagbag.py:540} INFO - Filling up the DagBag from /home/gabriel/Documents/Airflow/venv/lib/python3.10/site-packages/airflow/example_dags/example_bash_operator.py
[2024-03-05T20:54:09.934-0300] {processor.py:840} INFO - DAG(s) 'example_bash_operator' retrieved from /home/gabriel/Documents/Airflow/venv/lib/python3.10/site-packages/airflow/example_dags/example_bash_operator.py
[2024-03-05T20:54:09.952-0300] {logging_mixin.py:188} INFO - [2024-03-05T20:54:09.952-0300] {dag.py:3047} INFO - Sync 1 DAGs
[2024-03-05T20:54:09.970-0300] {logging_mixin.py:188} INFO - [2024-03-05T20:54:09.970-0300] {dag.py:3834} INFO - Setting next_dagrun for example_bash_operator to 2024-03-04 00:00:00+00:00, run_after=2024-03-05 00:00:00+00:00
[2024-03-05T20:54:09.993-0300] {processor.py:183} INFO - Processing /home/gabriel/Documents/Airflow/venv/lib/python3.10/site-packages/airflow/example_dags/example_bash_operator.py took 0.072 seconds
[2024-03-05T20:54:59.993-0300] {processor.py:161} INFO - Started process (PID=24487) to work on /home/gabriel/Documents/Airflow/venv/lib/python3.10/site-packages/airflow/example_dags/example_bash_operator.py
[2024-03-05T20:54:59.994-0300] {processor.py:830} INFO - Processing file /home/gabriel/Documents/Airflow/venv/lib/python3.10/site-packages/airflow/example_dags/example_bash_operator.py for tasks to queue
[2024-03-05T20:54:59.995-0300] {logging_mixin.py:188} INFO - [2024-03-05T20:54:59.995-0300] {dagbag.py:540} INFO - Filling up the DagBag from /home/gabriel/Documents/Airflow/venv/lib/python3.10/site-packages/airflow/example_dags/example_bash_operator.py
[2024-03-05T20:55:00.006-0300] {processor.py:840} INFO - DAG(s) 'example_bash_operator' retrieved from /home/gabriel/Documents/Airflow/venv/lib/python3.10/site-packages/airflow/example_dags/example_bash_operator.py
[2024-03-05T20:55:00.029-0300] {logging_mixin.py:188} INFO - [2024-03-05T20:55:00.029-0300] {dag.py:3047} INFO - Sync 1 DAGs
[2024-03-05T20:55:00.142-0300] {logging_mixin.py:188} INFO - [2024-03-05T20:55:00.142-0300] {dag.py:3834} INFO - Setting next_dagrun for example_bash_operator to 2024-03-04 00:00:00+00:00, run_after=2024-03-05 00:00:00+00:00
[2024-03-05T20:55:00.163-0300] {processor.py:183} INFO - Processing /home/gabriel/Documents/Airflow/venv/lib/python3.10/site-packages/airflow/example_dags/example_bash_operator.py took 0.172 seconds
[2024-03-05T20:55:50.492-0300] {processor.py:161} INFO - Started process (PID=25035) to work on /home/gabriel/Documents/Airflow/venv/lib/python3.10/site-packages/airflow/example_dags/example_bash_operator.py
[2024-03-05T20:55:50.494-0300] {processor.py:830} INFO - Processing file /home/gabriel/Documents/Airflow/venv/lib/python3.10/site-packages/airflow/example_dags/example_bash_operator.py for tasks to queue
[2024-03-05T20:55:50.495-0300] {logging_mixin.py:188} INFO - [2024-03-05T20:55:50.495-0300] {dagbag.py:540} INFO - Filling up the DagBag from /home/gabriel/Documents/Airflow/venv/lib/python3.10/site-packages/airflow/example_dags/example_bash_operator.py
[2024-03-05T20:55:50.503-0300] {processor.py:840} INFO - DAG(s) 'example_bash_operator' retrieved from /home/gabriel/Documents/Airflow/venv/lib/python3.10/site-packages/airflow/example_dags/example_bash_operator.py
[2024-03-05T20:55:50.521-0300] {logging_mixin.py:188} INFO - [2024-03-05T20:55:50.520-0300] {dag.py:3047} INFO - Sync 1 DAGs
[2024-03-05T20:55:50.538-0300] {logging_mixin.py:188} INFO - [2024-03-05T20:55:50.538-0300] {dag.py:3834} INFO - Setting next_dagrun for example_bash_operator to 2024-03-04 00:00:00+00:00, run_after=2024-03-05 00:00:00+00:00
[2024-03-05T20:55:50.561-0300] {processor.py:183} INFO - Processing /home/gabriel/Documents/Airflow/venv/lib/python3.10/site-packages/airflow/example_dags/example_bash_operator.py took 0.071 seconds
[2024-03-05T20:56:45.068-0300] {processor.py:161} INFO - Started process (PID=25607) to work on /home/gabriel/Documents/Airflow/venv/lib/python3.10/site-packages/airflow/example_dags/example_bash_operator.py
[2024-03-05T20:56:45.070-0300] {processor.py:830} INFO - Processing file /home/gabriel/Documents/Airflow/venv/lib/python3.10/site-packages/airflow/example_dags/example_bash_operator.py for tasks to queue
[2024-03-05T20:56:45.071-0300] {logging_mixin.py:188} INFO - [2024-03-05T20:56:45.071-0300] {dagbag.py:540} INFO - Filling up the DagBag from /home/gabriel/Documents/Airflow/venv/lib/python3.10/site-packages/airflow/example_dags/example_bash_operator.py
[2024-03-05T20:56:45.079-0300] {processor.py:840} INFO - DAG(s) 'example_bash_operator' retrieved from /home/gabriel/Documents/Airflow/venv/lib/python3.10/site-packages/airflow/example_dags/example_bash_operator.py
[2024-03-05T20:56:45.097-0300] {logging_mixin.py:188} INFO - [2024-03-05T20:56:45.096-0300] {dag.py:3047} INFO - Sync 1 DAGs
[2024-03-05T20:56:45.114-0300] {logging_mixin.py:188} INFO - [2024-03-05T20:56:45.114-0300] {dag.py:3834} INFO - Setting next_dagrun for example_bash_operator to 2024-03-04 00:00:00+00:00, run_after=2024-03-05 00:00:00+00:00
[2024-03-05T20:56:45.138-0300] {processor.py:183} INFO - Processing /home/gabriel/Documents/Airflow/venv/lib/python3.10/site-packages/airflow/example_dags/example_bash_operator.py took 0.072 seconds
