[2024-03-05T20:53:23.047-0300] {processor.py:161} INFO - Started process (PID=23415) to work on /home/gabriel/Documents/Airflow/venv/lib/python3.10/site-packages/airflow/example_dags/example_setup_teardown.py
[2024-03-05T20:53:23.048-0300] {processor.py:830} INFO - Processing file /home/gabriel/Documents/Airflow/venv/lib/python3.10/site-packages/airflow/example_dags/example_setup_teardown.py for tasks to queue
[2024-03-05T20:53:23.048-0300] {logging_mixin.py:188} INFO - [2024-03-05T20:53:23.048-0300] {dagbag.py:540} INFO - Filling up the DagBag from /home/gabriel/Documents/Airflow/venv/lib/python3.10/site-packages/airflow/example_dags/example_setup_teardown.py
[2024-03-05T20:53:23.058-0300] {processor.py:840} INFO - DAG(s) 'example_setup_teardown' retrieved from /home/gabriel/Documents/Airflow/venv/lib/python3.10/site-packages/airflow/example_dags/example_setup_teardown.py
[2024-03-05T20:53:23.202-0300] {logging_mixin.py:188} INFO - [2024-03-05T20:53:23.201-0300] {override.py:1769} INFO - Created Permission View: can read on DAG:example_setup_teardown
[2024-03-05T20:53:23.219-0300] {logging_mixin.py:188} INFO - [2024-03-05T20:53:23.218-0300] {override.py:1769} INFO - Created Permission View: can delete on DAG:example_setup_teardown
[2024-03-05T20:53:23.232-0300] {logging_mixin.py:188} INFO - [2024-03-05T20:53:23.231-0300] {override.py:1769} INFO - Created Permission View: can edit on DAG:example_setup_teardown
[2024-03-05T20:53:23.232-0300] {logging_mixin.py:188} INFO - [2024-03-05T20:53:23.232-0300] {dag.py:3047} INFO - Sync 1 DAGs
[2024-03-05T20:53:23.245-0300] {logging_mixin.py:188} INFO - [2024-03-05T20:53:23.244-0300] {dag.py:3069} INFO - Creating ORM DAG for example_setup_teardown
[2024-03-05T20:53:23.256-0300] {logging_mixin.py:188} INFO - [2024-03-05T20:53:23.255-0300] {dag.py:3834} INFO - Setting next_dagrun for example_setup_teardown to 2024-03-04 00:00:00+00:00, run_after=2024-03-05 00:00:00+00:00
[2024-03-05T20:53:23.388-0300] {processor.py:183} INFO - Processing /home/gabriel/Documents/Airflow/venv/lib/python3.10/site-packages/airflow/example_dags/example_setup_teardown.py took 0.344 seconds
[2024-03-05T20:54:18.328-0300] {processor.py:161} INFO - Started process (PID=24097) to work on /home/gabriel/Documents/Airflow/venv/lib/python3.10/site-packages/airflow/example_dags/example_setup_teardown.py
[2024-03-05T20:54:18.330-0300] {processor.py:830} INFO - Processing file /home/gabriel/Documents/Airflow/venv/lib/python3.10/site-packages/airflow/example_dags/example_setup_teardown.py for tasks to queue
[2024-03-05T20:54:18.330-0300] {logging_mixin.py:188} INFO - [2024-03-05T20:54:18.330-0300] {dagbag.py:540} INFO - Filling up the DagBag from /home/gabriel/Documents/Airflow/venv/lib/python3.10/site-packages/airflow/example_dags/example_setup_teardown.py
[2024-03-05T20:54:18.335-0300] {processor.py:840} INFO - DAG(s) 'example_setup_teardown' retrieved from /home/gabriel/Documents/Airflow/venv/lib/python3.10/site-packages/airflow/example_dags/example_setup_teardown.py
[2024-03-05T20:54:18.346-0300] {logging_mixin.py:188} INFO - [2024-03-05T20:54:18.346-0300] {dag.py:3047} INFO - Sync 1 DAGs
[2024-03-05T20:54:18.361-0300] {logging_mixin.py:188} INFO - [2024-03-05T20:54:18.361-0300] {dag.py:3834} INFO - Setting next_dagrun for example_setup_teardown to 2024-03-04 00:00:00+00:00, run_after=2024-03-05 00:00:00+00:00
[2024-03-05T20:54:18.382-0300] {processor.py:183} INFO - Processing /home/gabriel/Documents/Airflow/venv/lib/python3.10/site-packages/airflow/example_dags/example_setup_teardown.py took 0.056 seconds
[2024-03-05T20:55:08.981-0300] {processor.py:161} INFO - Started process (PID=24579) to work on /home/gabriel/Documents/Airflow/venv/lib/python3.10/site-packages/airflow/example_dags/example_setup_teardown.py
[2024-03-05T20:55:08.983-0300] {processor.py:830} INFO - Processing file /home/gabriel/Documents/Airflow/venv/lib/python3.10/site-packages/airflow/example_dags/example_setup_teardown.py for tasks to queue
[2024-03-05T20:55:08.985-0300] {logging_mixin.py:188} INFO - [2024-03-05T20:55:08.984-0300] {dagbag.py:540} INFO - Filling up the DagBag from /home/gabriel/Documents/Airflow/venv/lib/python3.10/site-packages/airflow/example_dags/example_setup_teardown.py
[2024-03-05T20:55:08.990-0300] {processor.py:840} INFO - DAG(s) 'example_setup_teardown' retrieved from /home/gabriel/Documents/Airflow/venv/lib/python3.10/site-packages/airflow/example_dags/example_setup_teardown.py
[2024-03-05T20:55:09.002-0300] {logging_mixin.py:188} INFO - [2024-03-05T20:55:09.001-0300] {dag.py:3047} INFO - Sync 1 DAGs
[2024-03-05T20:55:09.102-0300] {logging_mixin.py:188} INFO - [2024-03-05T20:55:09.102-0300] {dag.py:3834} INFO - Setting next_dagrun for example_setup_teardown to 2024-03-04 00:00:00+00:00, run_after=2024-03-05 00:00:00+00:00
[2024-03-05T20:55:09.122-0300] {processor.py:183} INFO - Processing /home/gabriel/Documents/Airflow/venv/lib/python3.10/site-packages/airflow/example_dags/example_setup_teardown.py took 0.143 seconds
[2024-03-05T20:56:06.770-0300] {processor.py:161} INFO - Started process (PID=25216) to work on /home/gabriel/Documents/Airflow/venv/lib/python3.10/site-packages/airflow/example_dags/example_setup_teardown.py
[2024-03-05T20:56:06.772-0300] {processor.py:830} INFO - Processing file /home/gabriel/Documents/Airflow/venv/lib/python3.10/site-packages/airflow/example_dags/example_setup_teardown.py for tasks to queue
[2024-03-05T20:56:06.773-0300] {logging_mixin.py:188} INFO - [2024-03-05T20:56:06.773-0300] {dagbag.py:540} INFO - Filling up the DagBag from /home/gabriel/Documents/Airflow/venv/lib/python3.10/site-packages/airflow/example_dags/example_setup_teardown.py
[2024-03-05T20:56:06.782-0300] {processor.py:840} INFO - DAG(s) 'example_setup_teardown' retrieved from /home/gabriel/Documents/Airflow/venv/lib/python3.10/site-packages/airflow/example_dags/example_setup_teardown.py
[2024-03-05T20:56:06.797-0300] {logging_mixin.py:188} INFO - [2024-03-05T20:56:06.797-0300] {dag.py:3047} INFO - Sync 1 DAGs
[2024-03-05T20:56:06.824-0300] {logging_mixin.py:188} INFO - [2024-03-05T20:56:06.824-0300] {dag.py:3834} INFO - Setting next_dagrun for example_setup_teardown to 2024-03-04 00:00:00+00:00, run_after=2024-03-05 00:00:00+00:00
[2024-03-05T20:56:06.851-0300] {processor.py:183} INFO - Processing /home/gabriel/Documents/Airflow/venv/lib/python3.10/site-packages/airflow/example_dags/example_setup_teardown.py took 0.083 seconds
[2024-03-05T20:57:00.487-0300] {processor.py:161} INFO - Started process (PID=25719) to work on /home/gabriel/Documents/Airflow/venv/lib/python3.10/site-packages/airflow/example_dags/example_setup_teardown.py
[2024-03-05T20:57:00.489-0300] {processor.py:830} INFO - Processing file /home/gabriel/Documents/Airflow/venv/lib/python3.10/site-packages/airflow/example_dags/example_setup_teardown.py for tasks to queue
[2024-03-05T20:57:00.490-0300] {logging_mixin.py:188} INFO - [2024-03-05T20:57:00.489-0300] {dagbag.py:540} INFO - Filling up the DagBag from /home/gabriel/Documents/Airflow/venv/lib/python3.10/site-packages/airflow/example_dags/example_setup_teardown.py
[2024-03-05T20:57:00.495-0300] {processor.py:840} INFO - DAG(s) 'example_setup_teardown' retrieved from /home/gabriel/Documents/Airflow/venv/lib/python3.10/site-packages/airflow/example_dags/example_setup_teardown.py
[2024-03-05T20:57:00.507-0300] {logging_mixin.py:188} INFO - [2024-03-05T20:57:00.507-0300] {dag.py:3047} INFO - Sync 1 DAGs
[2024-03-05T20:57:00.522-0300] {logging_mixin.py:188} INFO - [2024-03-05T20:57:00.522-0300] {dag.py:3834} INFO - Setting next_dagrun for example_setup_teardown to 2024-03-04 00:00:00+00:00, run_after=2024-03-05 00:00:00+00:00
[2024-03-05T20:57:00.542-0300] {processor.py:183} INFO - Processing /home/gabriel/Documents/Airflow/venv/lib/python3.10/site-packages/airflow/example_dags/example_setup_teardown.py took 0.058 seconds
