[2024-03-05T20:52:42.647-0300] {processor.py:161} INFO - Started process (PID=23037) to work on /home/gabriel/Documents/Airflow/venv/lib/python3.10/site-packages/airflow/example_dags/example_skip_dag.py
[2024-03-05T20:52:42.647-0300] {processor.py:830} INFO - Processing file /home/gabriel/Documents/Airflow/venv/lib/python3.10/site-packages/airflow/example_dags/example_skip_dag.py for tasks to queue
[2024-03-05T20:52:42.648-0300] {logging_mixin.py:188} INFO - [2024-03-05T20:52:42.647-0300] {dagbag.py:540} INFO - Filling up the DagBag from /home/gabriel/Documents/Airflow/venv/lib/python3.10/site-packages/airflow/example_dags/example_skip_dag.py
[2024-03-05T20:52:42.655-0300] {processor.py:840} INFO - DAG(s) 'example_skip_dag' retrieved from /home/gabriel/Documents/Airflow/venv/lib/python3.10/site-packages/airflow/example_dags/example_skip_dag.py
[2024-03-05T20:52:42.756-0300] {logging_mixin.py:188} INFO - [2024-03-05T20:52:42.755-0300] {override.py:1769} INFO - Created Permission View: can read on DAG:example_skip_dag
[2024-03-05T20:52:42.773-0300] {logging_mixin.py:188} INFO - [2024-03-05T20:52:42.773-0300] {override.py:1769} INFO - Created Permission View: can delete on DAG:example_skip_dag
[2024-03-05T20:52:42.782-0300] {logging_mixin.py:188} INFO - [2024-03-05T20:52:42.782-0300] {override.py:1769} INFO - Created Permission View: can edit on DAG:example_skip_dag
[2024-03-05T20:52:42.783-0300] {logging_mixin.py:188} INFO - [2024-03-05T20:52:42.783-0300] {dag.py:3047} INFO - Sync 1 DAGs
[2024-03-05T20:52:42.809-0300] {logging_mixin.py:188} INFO - [2024-03-05T20:52:42.809-0300] {dag.py:3069} INFO - Creating ORM DAG for example_skip_dag
[2024-03-05T20:52:42.834-0300] {logging_mixin.py:188} INFO - [2024-03-05T20:52:42.833-0300] {dag.py:3834} INFO - Setting next_dagrun for example_skip_dag to 2024-03-04 00:00:00+00:00, run_after=2024-03-05 00:00:00+00:00
[2024-03-05T20:52:42.899-0300] {processor.py:183} INFO - Processing /home/gabriel/Documents/Airflow/venv/lib/python3.10/site-packages/airflow/example_dags/example_skip_dag.py took 0.255 seconds
[2024-03-05T20:53:52.106-0300] {processor.py:161} INFO - Started process (PID=23817) to work on /home/gabriel/Documents/Airflow/venv/lib/python3.10/site-packages/airflow/example_dags/example_skip_dag.py
[2024-03-05T20:53:52.107-0300] {processor.py:830} INFO - Processing file /home/gabriel/Documents/Airflow/venv/lib/python3.10/site-packages/airflow/example_dags/example_skip_dag.py for tasks to queue
[2024-03-05T20:53:52.109-0300] {logging_mixin.py:188} INFO - [2024-03-05T20:53:52.109-0300] {dagbag.py:540} INFO - Filling up the DagBag from /home/gabriel/Documents/Airflow/venv/lib/python3.10/site-packages/airflow/example_dags/example_skip_dag.py
[2024-03-05T20:53:52.114-0300] {processor.py:840} INFO - DAG(s) 'example_skip_dag' retrieved from /home/gabriel/Documents/Airflow/venv/lib/python3.10/site-packages/airflow/example_dags/example_skip_dag.py
[2024-03-05T20:53:52.125-0300] {logging_mixin.py:188} INFO - [2024-03-05T20:53:52.125-0300] {dag.py:3047} INFO - Sync 1 DAGs
[2024-03-05T20:53:52.141-0300] {logging_mixin.py:188} INFO - [2024-03-05T20:53:52.141-0300] {dag.py:3834} INFO - Setting next_dagrun for example_skip_dag to 2024-03-04 00:00:00+00:00, run_after=2024-03-05 00:00:00+00:00
[2024-03-05T20:53:52.163-0300] {processor.py:183} INFO - Processing /home/gabriel/Documents/Airflow/venv/lib/python3.10/site-packages/airflow/example_dags/example_skip_dag.py took 0.060 seconds
[2024-03-05T20:54:40.505-0300] {processor.py:161} INFO - Started process (PID=24253) to work on /home/gabriel/Documents/Airflow/venv/lib/python3.10/site-packages/airflow/example_dags/example_skip_dag.py
[2024-03-05T20:54:40.507-0300] {processor.py:830} INFO - Processing file /home/gabriel/Documents/Airflow/venv/lib/python3.10/site-packages/airflow/example_dags/example_skip_dag.py for tasks to queue
[2024-03-05T20:54:40.508-0300] {logging_mixin.py:188} INFO - [2024-03-05T20:54:40.507-0300] {dagbag.py:540} INFO - Filling up the DagBag from /home/gabriel/Documents/Airflow/venv/lib/python3.10/site-packages/airflow/example_dags/example_skip_dag.py
[2024-03-05T20:54:40.513-0300] {processor.py:840} INFO - DAG(s) 'example_skip_dag' retrieved from /home/gabriel/Documents/Airflow/venv/lib/python3.10/site-packages/airflow/example_dags/example_skip_dag.py
[2024-03-05T20:54:40.524-0300] {logging_mixin.py:188} INFO - [2024-03-05T20:54:40.524-0300] {dag.py:3047} INFO - Sync 1 DAGs
[2024-03-05T20:54:40.538-0300] {logging_mixin.py:188} INFO - [2024-03-05T20:54:40.538-0300] {dag.py:3834} INFO - Setting next_dagrun for example_skip_dag to 2024-03-04 00:00:00+00:00, run_after=2024-03-05 00:00:00+00:00
[2024-03-05T20:54:40.634-0300] {processor.py:183} INFO - Processing /home/gabriel/Documents/Airflow/venv/lib/python3.10/site-packages/airflow/example_dags/example_skip_dag.py took 0.132 seconds
[2024-03-05T20:55:19.489-0300] {processor.py:161} INFO - Started process (PID=24614) to work on /home/gabriel/Documents/Airflow/venv/lib/python3.10/site-packages/airflow/example_dags/example_skip_dag.py
[2024-03-05T20:55:19.490-0300] {processor.py:830} INFO - Processing file /home/gabriel/Documents/Airflow/venv/lib/python3.10/site-packages/airflow/example_dags/example_skip_dag.py for tasks to queue
[2024-03-05T20:55:19.491-0300] {logging_mixin.py:188} INFO - [2024-03-05T20:55:19.491-0300] {dagbag.py:540} INFO - Filling up the DagBag from /home/gabriel/Documents/Airflow/venv/lib/python3.10/site-packages/airflow/example_dags/example_skip_dag.py
[2024-03-05T20:55:19.497-0300] {processor.py:840} INFO - DAG(s) 'example_skip_dag' retrieved from /home/gabriel/Documents/Airflow/venv/lib/python3.10/site-packages/airflow/example_dags/example_skip_dag.py
[2024-03-05T20:55:19.511-0300] {logging_mixin.py:188} INFO - [2024-03-05T20:55:19.510-0300] {dag.py:3047} INFO - Sync 1 DAGs
[2024-03-05T20:55:19.614-0300] {logging_mixin.py:188} INFO - [2024-03-05T20:55:19.614-0300] {dag.py:3834} INFO - Setting next_dagrun for example_skip_dag to 2024-03-04 00:00:00+00:00, run_after=2024-03-05 00:00:00+00:00
[2024-03-05T20:55:19.637-0300] {processor.py:183} INFO - Processing /home/gabriel/Documents/Airflow/venv/lib/python3.10/site-packages/airflow/example_dags/example_skip_dag.py took 0.151 seconds
[2024-03-05T20:56:00.915-0300] {processor.py:161} INFO - Started process (PID=25139) to work on /home/gabriel/Documents/Airflow/venv/lib/python3.10/site-packages/airflow/example_dags/example_skip_dag.py
[2024-03-05T20:56:00.917-0300] {processor.py:830} INFO - Processing file /home/gabriel/Documents/Airflow/venv/lib/python3.10/site-packages/airflow/example_dags/example_skip_dag.py for tasks to queue
[2024-03-05T20:56:00.920-0300] {logging_mixin.py:188} INFO - [2024-03-05T20:56:00.919-0300] {dagbag.py:540} INFO - Filling up the DagBag from /home/gabriel/Documents/Airflow/venv/lib/python3.10/site-packages/airflow/example_dags/example_skip_dag.py
[2024-03-05T20:56:00.933-0300] {processor.py:840} INFO - DAG(s) 'example_skip_dag' retrieved from /home/gabriel/Documents/Airflow/venv/lib/python3.10/site-packages/airflow/example_dags/example_skip_dag.py
[2024-03-05T20:56:00.962-0300] {logging_mixin.py:188} INFO - [2024-03-05T20:56:00.962-0300] {dag.py:3047} INFO - Sync 1 DAGs
[2024-03-05T20:56:00.989-0300] {logging_mixin.py:188} INFO - [2024-03-05T20:56:00.989-0300] {dag.py:3834} INFO - Setting next_dagrun for example_skip_dag to 2024-03-04 00:00:00+00:00, run_after=2024-03-05 00:00:00+00:00
[2024-03-05T20:56:01.025-0300] {processor.py:183} INFO - Processing /home/gabriel/Documents/Airflow/venv/lib/python3.10/site-packages/airflow/example_dags/example_skip_dag.py took 0.114 seconds
[2024-03-05T20:56:37.207-0300] {processor.py:161} INFO - Started process (PID=25467) to work on /home/gabriel/Documents/Airflow/venv/lib/python3.10/site-packages/airflow/example_dags/example_skip_dag.py
[2024-03-05T20:56:37.208-0300] {processor.py:830} INFO - Processing file /home/gabriel/Documents/Airflow/venv/lib/python3.10/site-packages/airflow/example_dags/example_skip_dag.py for tasks to queue
[2024-03-05T20:56:37.209-0300] {logging_mixin.py:188} INFO - [2024-03-05T20:56:37.208-0300] {dagbag.py:540} INFO - Filling up the DagBag from /home/gabriel/Documents/Airflow/venv/lib/python3.10/site-packages/airflow/example_dags/example_skip_dag.py
[2024-03-05T20:56:37.213-0300] {processor.py:840} INFO - DAG(s) 'example_skip_dag' retrieved from /home/gabriel/Documents/Airflow/venv/lib/python3.10/site-packages/airflow/example_dags/example_skip_dag.py
[2024-03-05T20:56:37.226-0300] {logging_mixin.py:188} INFO - [2024-03-05T20:56:37.226-0300] {dag.py:3047} INFO - Sync 1 DAGs
[2024-03-05T20:56:37.242-0300] {logging_mixin.py:188} INFO - [2024-03-05T20:56:37.242-0300] {dag.py:3834} INFO - Setting next_dagrun for example_skip_dag to 2024-03-04 00:00:00+00:00, run_after=2024-03-05 00:00:00+00:00
[2024-03-05T20:56:37.264-0300] {processor.py:183} INFO - Processing /home/gabriel/Documents/Airflow/venv/lib/python3.10/site-packages/airflow/example_dags/example_skip_dag.py took 0.060 seconds
[2024-03-05T20:57:14.157-0300] {processor.py:161} INFO - Started process (PID=25769) to work on /home/gabriel/Documents/Airflow/venv/lib/python3.10/site-packages/airflow/example_dags/example_skip_dag.py
[2024-03-05T20:57:14.159-0300] {processor.py:830} INFO - Processing file /home/gabriel/Documents/Airflow/venv/lib/python3.10/site-packages/airflow/example_dags/example_skip_dag.py for tasks to queue
[2024-03-05T20:57:14.160-0300] {logging_mixin.py:188} INFO - [2024-03-05T20:57:14.160-0300] {dagbag.py:540} INFO - Filling up the DagBag from /home/gabriel/Documents/Airflow/venv/lib/python3.10/site-packages/airflow/example_dags/example_skip_dag.py
[2024-03-05T20:57:14.166-0300] {processor.py:840} INFO - DAG(s) 'example_skip_dag' retrieved from /home/gabriel/Documents/Airflow/venv/lib/python3.10/site-packages/airflow/example_dags/example_skip_dag.py
[2024-03-05T20:57:14.182-0300] {logging_mixin.py:188} INFO - [2024-03-05T20:57:14.181-0300] {dag.py:3047} INFO - Sync 1 DAGs
[2024-03-05T20:57:14.210-0300] {logging_mixin.py:188} INFO - [2024-03-05T20:57:14.209-0300] {dag.py:3834} INFO - Setting next_dagrun for example_skip_dag to 2024-03-04 00:00:00+00:00, run_after=2024-03-05 00:00:00+00:00
[2024-03-05T20:57:14.247-0300] {processor.py:183} INFO - Processing /home/gabriel/Documents/Airflow/venv/lib/python3.10/site-packages/airflow/example_dags/example_skip_dag.py took 0.093 seconds
