[2024-03-05T20:53:25.832-0300] {processor.py:161} INFO - Started process (PID=23425) to work on /home/gabriel/Documents/Airflow/venv/lib/python3.10/site-packages/airflow/example_dags/example_branch_operator.py
[2024-03-05T20:53:25.834-0300] {processor.py:830} INFO - Processing file /home/gabriel/Documents/Airflow/venv/lib/python3.10/site-packages/airflow/example_dags/example_branch_operator.py for tasks to queue
[2024-03-05T20:53:25.835-0300] {logging_mixin.py:188} INFO - [2024-03-05T20:53:25.835-0300] {dagbag.py:540} INFO - Filling up the DagBag from /home/gabriel/Documents/Airflow/venv/lib/python3.10/site-packages/airflow/example_dags/example_branch_operator.py
[2024-03-05T20:53:25.861-0300] {processor.py:840} INFO - DAG(s) 'example_branch_operator' retrieved from /home/gabriel/Documents/Airflow/venv/lib/python3.10/site-packages/airflow/example_dags/example_branch_operator.py
[2024-03-05T20:53:25.982-0300] {logging_mixin.py:188} INFO - [2024-03-05T20:53:25.980-0300] {override.py:1769} INFO - Created Permission View: can read on DAG:example_branch_operator
[2024-03-05T20:53:26.001-0300] {logging_mixin.py:188} INFO - [2024-03-05T20:53:26.001-0300] {override.py:1769} INFO - Created Permission View: can delete on DAG:example_branch_operator
[2024-03-05T20:53:26.013-0300] {logging_mixin.py:188} INFO - [2024-03-05T20:53:26.012-0300] {override.py:1769} INFO - Created Permission View: can edit on DAG:example_branch_operator
[2024-03-05T20:53:26.013-0300] {logging_mixin.py:188} INFO - [2024-03-05T20:53:26.013-0300] {dag.py:3047} INFO - Sync 1 DAGs
[2024-03-05T20:53:26.025-0300] {logging_mixin.py:188} INFO - [2024-03-05T20:53:26.024-0300] {dag.py:3069} INFO - Creating ORM DAG for example_branch_operator
[2024-03-05T20:53:26.285-0300] {logging_mixin.py:188} INFO - [2024-03-05T20:53:26.284-0300] {dag.py:3834} INFO - Setting next_dagrun for example_branch_operator to 2024-03-04 00:00:00+00:00, run_after=2024-03-05 00:00:00+00:00
[2024-03-05T20:53:26.356-0300] {processor.py:183} INFO - Processing /home/gabriel/Documents/Airflow/venv/lib/python3.10/site-packages/airflow/example_dags/example_branch_operator.py took 0.527 seconds
[2024-03-05T20:54:20.205-0300] {processor.py:161} INFO - Started process (PID=24105) to work on /home/gabriel/Documents/Airflow/venv/lib/python3.10/site-packages/airflow/example_dags/example_branch_operator.py
[2024-03-05T20:54:20.206-0300] {processor.py:830} INFO - Processing file /home/gabriel/Documents/Airflow/venv/lib/python3.10/site-packages/airflow/example_dags/example_branch_operator.py for tasks to queue
[2024-03-05T20:54:20.208-0300] {logging_mixin.py:188} INFO - [2024-03-05T20:54:20.207-0300] {dagbag.py:540} INFO - Filling up the DagBag from /home/gabriel/Documents/Airflow/venv/lib/python3.10/site-packages/airflow/example_dags/example_branch_operator.py
[2024-03-05T20:54:20.220-0300] {processor.py:840} INFO - DAG(s) 'example_branch_operator' retrieved from /home/gabriel/Documents/Airflow/venv/lib/python3.10/site-packages/airflow/example_dags/example_branch_operator.py
[2024-03-05T20:54:20.237-0300] {logging_mixin.py:188} INFO - [2024-03-05T20:54:20.236-0300] {dag.py:3047} INFO - Sync 1 DAGs
[2024-03-05T20:54:20.253-0300] {logging_mixin.py:188} INFO - [2024-03-05T20:54:20.253-0300] {dag.py:3834} INFO - Setting next_dagrun for example_branch_operator to 2024-03-04 00:00:00+00:00, run_after=2024-03-05 00:00:00+00:00
[2024-03-05T20:54:20.276-0300] {processor.py:183} INFO - Processing /home/gabriel/Documents/Airflow/venv/lib/python3.10/site-packages/airflow/example_dags/example_branch_operator.py took 0.073 seconds
[2024-03-05T20:55:11.456-0300] {processor.py:161} INFO - Started process (PID=24588) to work on /home/gabriel/Documents/Airflow/venv/lib/python3.10/site-packages/airflow/example_dags/example_branch_operator.py
[2024-03-05T20:55:11.458-0300] {processor.py:830} INFO - Processing file /home/gabriel/Documents/Airflow/venv/lib/python3.10/site-packages/airflow/example_dags/example_branch_operator.py for tasks to queue
[2024-03-05T20:55:11.459-0300] {logging_mixin.py:188} INFO - [2024-03-05T20:55:11.459-0300] {dagbag.py:540} INFO - Filling up the DagBag from /home/gabriel/Documents/Airflow/venv/lib/python3.10/site-packages/airflow/example_dags/example_branch_operator.py
[2024-03-05T20:55:11.472-0300] {processor.py:840} INFO - DAG(s) 'example_branch_operator' retrieved from /home/gabriel/Documents/Airflow/venv/lib/python3.10/site-packages/airflow/example_dags/example_branch_operator.py
[2024-03-05T20:55:11.581-0300] {logging_mixin.py:188} INFO - [2024-03-05T20:55:11.581-0300] {dag.py:3047} INFO - Sync 1 DAGs
[2024-03-05T20:55:11.597-0300] {logging_mixin.py:188} INFO - [2024-03-05T20:55:11.597-0300] {dag.py:3834} INFO - Setting next_dagrun for example_branch_operator to 2024-03-04 00:00:00+00:00, run_after=2024-03-05 00:00:00+00:00
[2024-03-05T20:55:11.622-0300] {processor.py:183} INFO - Processing /home/gabriel/Documents/Airflow/venv/lib/python3.10/site-packages/airflow/example_dags/example_branch_operator.py took 0.167 seconds
[2024-03-05T20:56:09.023-0300] {processor.py:161} INFO - Started process (PID=25218) to work on /home/gabriel/Documents/Airflow/venv/lib/python3.10/site-packages/airflow/example_dags/example_branch_operator.py
[2024-03-05T20:56:09.024-0300] {processor.py:830} INFO - Processing file /home/gabriel/Documents/Airflow/venv/lib/python3.10/site-packages/airflow/example_dags/example_branch_operator.py for tasks to queue
[2024-03-05T20:56:09.025-0300] {logging_mixin.py:188} INFO - [2024-03-05T20:56:09.025-0300] {dagbag.py:540} INFO - Filling up the DagBag from /home/gabriel/Documents/Airflow/venv/lib/python3.10/site-packages/airflow/example_dags/example_branch_operator.py
[2024-03-05T20:56:09.041-0300] {processor.py:840} INFO - DAG(s) 'example_branch_operator' retrieved from /home/gabriel/Documents/Airflow/venv/lib/python3.10/site-packages/airflow/example_dags/example_branch_operator.py
[2024-03-05T20:56:09.062-0300] {logging_mixin.py:188} INFO - [2024-03-05T20:56:09.062-0300] {dag.py:3047} INFO - Sync 1 DAGs
[2024-03-05T20:56:09.083-0300] {logging_mixin.py:188} INFO - [2024-03-05T20:56:09.083-0300] {dag.py:3834} INFO - Setting next_dagrun for example_branch_operator to 2024-03-04 00:00:00+00:00, run_after=2024-03-05 00:00:00+00:00
[2024-03-05T20:56:09.108-0300] {processor.py:183} INFO - Processing /home/gabriel/Documents/Airflow/venv/lib/python3.10/site-packages/airflow/example_dags/example_branch_operator.py took 0.088 seconds
[2024-03-05T20:57:02.761-0300] {processor.py:161} INFO - Started process (PID=25727) to work on /home/gabriel/Documents/Airflow/venv/lib/python3.10/site-packages/airflow/example_dags/example_branch_operator.py
[2024-03-05T20:57:02.763-0300] {processor.py:830} INFO - Processing file /home/gabriel/Documents/Airflow/venv/lib/python3.10/site-packages/airflow/example_dags/example_branch_operator.py for tasks to queue
[2024-03-05T20:57:02.764-0300] {logging_mixin.py:188} INFO - [2024-03-05T20:57:02.764-0300] {dagbag.py:540} INFO - Filling up the DagBag from /home/gabriel/Documents/Airflow/venv/lib/python3.10/site-packages/airflow/example_dags/example_branch_operator.py
[2024-03-05T20:57:02.776-0300] {processor.py:840} INFO - DAG(s) 'example_branch_operator' retrieved from /home/gabriel/Documents/Airflow/venv/lib/python3.10/site-packages/airflow/example_dags/example_branch_operator.py
[2024-03-05T20:57:02.792-0300] {logging_mixin.py:188} INFO - [2024-03-05T20:57:02.791-0300] {dag.py:3047} INFO - Sync 1 DAGs
[2024-03-05T20:57:02.808-0300] {logging_mixin.py:188} INFO - [2024-03-05T20:57:02.807-0300] {dag.py:3834} INFO - Setting next_dagrun for example_branch_operator to 2024-03-04 00:00:00+00:00, run_after=2024-03-05 00:00:00+00:00
[2024-03-05T20:57:02.828-0300] {processor.py:183} INFO - Processing /home/gabriel/Documents/Airflow/venv/lib/python3.10/site-packages/airflow/example_dags/example_branch_operator.py took 0.069 seconds
