[2024-03-05T20:53:44.681-0300] {processor.py:161} INFO - Started process (PID=23730) to work on /home/gabriel/Documents/Airflow/venv/lib/python3.10/site-packages/airflow/example_dags/example_params_ui_tutorial.py
[2024-03-05T20:53:44.682-0300] {processor.py:830} INFO - Processing file /home/gabriel/Documents/Airflow/venv/lib/python3.10/site-packages/airflow/example_dags/example_params_ui_tutorial.py for tasks to queue
[2024-03-05T20:53:44.682-0300] {logging_mixin.py:188} INFO - [2024-03-05T20:53:44.682-0300] {dagbag.py:540} INFO - Filling up the DagBag from /home/gabriel/Documents/Airflow/venv/lib/python3.10/site-packages/airflow/example_dags/example_params_ui_tutorial.py
[2024-03-05T20:53:44.693-0300] {processor.py:840} INFO - DAG(s) 'example_params_ui_tutorial' retrieved from /home/gabriel/Documents/Airflow/venv/lib/python3.10/site-packages/airflow/example_dags/example_params_ui_tutorial.py
[2024-03-05T20:53:44.914-0300] {logging_mixin.py:188} INFO - [2024-03-05T20:53:44.913-0300] {override.py:1769} INFO - Created Permission View: can read on DAG:example_params_ui_tutorial
[2024-03-05T20:53:44.929-0300] {logging_mixin.py:188} INFO - [2024-03-05T20:53:44.928-0300] {override.py:1769} INFO - Created Permission View: can delete on DAG:example_params_ui_tutorial
[2024-03-05T20:53:44.940-0300] {logging_mixin.py:188} INFO - [2024-03-05T20:53:44.940-0300] {override.py:1769} INFO - Created Permission View: can edit on DAG:example_params_ui_tutorial
[2024-03-05T20:53:44.941-0300] {logging_mixin.py:188} INFO - [2024-03-05T20:53:44.941-0300] {dag.py:3047} INFO - Sync 1 DAGs
[2024-03-05T20:53:44.948-0300] {logging_mixin.py:188} INFO - [2024-03-05T20:53:44.948-0300] {dag.py:3069} INFO - Creating ORM DAG for example_params_ui_tutorial
[2024-03-05T20:53:44.949-0300] {logging_mixin.py:188} INFO - [2024-03-05T20:53:44.949-0300] {dag.py:3834} INFO - Setting next_dagrun for example_params_ui_tutorial to None, run_after=None
[2024-03-05T20:53:44.976-0300] {processor.py:183} INFO - Processing /home/gabriel/Documents/Airflow/venv/lib/python3.10/site-packages/airflow/example_dags/example_params_ui_tutorial.py took 0.297 seconds
[2024-03-05T20:54:32.540-0300] {processor.py:161} INFO - Started process (PID=24167) to work on /home/gabriel/Documents/Airflow/venv/lib/python3.10/site-packages/airflow/example_dags/example_params_ui_tutorial.py
[2024-03-05T20:54:32.542-0300] {processor.py:830} INFO - Processing file /home/gabriel/Documents/Airflow/venv/lib/python3.10/site-packages/airflow/example_dags/example_params_ui_tutorial.py for tasks to queue
[2024-03-05T20:54:32.543-0300] {logging_mixin.py:188} INFO - [2024-03-05T20:54:32.543-0300] {dagbag.py:540} INFO - Filling up the DagBag from /home/gabriel/Documents/Airflow/venv/lib/python3.10/site-packages/airflow/example_dags/example_params_ui_tutorial.py
[2024-03-05T20:54:32.551-0300] {processor.py:840} INFO - DAG(s) 'example_params_ui_tutorial' retrieved from /home/gabriel/Documents/Airflow/venv/lib/python3.10/site-packages/airflow/example_dags/example_params_ui_tutorial.py
[2024-03-05T20:54:32.587-0300] {logging_mixin.py:188} INFO - [2024-03-05T20:54:32.587-0300] {dag.py:3047} INFO - Sync 1 DAGs
[2024-03-05T20:54:32.597-0300] {logging_mixin.py:188} INFO - [2024-03-05T20:54:32.597-0300] {dag.py:3834} INFO - Setting next_dagrun for example_params_ui_tutorial to None, run_after=None
[2024-03-05T20:54:32.724-0300] {processor.py:183} INFO - Processing /home/gabriel/Documents/Airflow/venv/lib/python3.10/site-packages/airflow/example_dags/example_params_ui_tutorial.py took 0.186 seconds
[2024-03-05T20:55:32.755-0300] {processor.py:161} INFO - Started process (PID=24784) to work on /home/gabriel/Documents/Airflow/venv/lib/python3.10/site-packages/airflow/example_dags/example_params_ui_tutorial.py
[2024-03-05T20:55:32.757-0300] {processor.py:830} INFO - Processing file /home/gabriel/Documents/Airflow/venv/lib/python3.10/site-packages/airflow/example_dags/example_params_ui_tutorial.py for tasks to queue
[2024-03-05T20:55:32.759-0300] {logging_mixin.py:188} INFO - [2024-03-05T20:55:32.758-0300] {dagbag.py:540} INFO - Filling up the DagBag from /home/gabriel/Documents/Airflow/venv/lib/python3.10/site-packages/airflow/example_dags/example_params_ui_tutorial.py
[2024-03-05T20:55:32.769-0300] {processor.py:840} INFO - DAG(s) 'example_params_ui_tutorial' retrieved from /home/gabriel/Documents/Airflow/venv/lib/python3.10/site-packages/airflow/example_dags/example_params_ui_tutorial.py
[2024-03-05T20:55:32.809-0300] {logging_mixin.py:188} INFO - [2024-03-05T20:55:32.809-0300] {dag.py:3047} INFO - Sync 1 DAGs
[2024-03-05T20:55:32.819-0300] {logging_mixin.py:188} INFO - [2024-03-05T20:55:32.819-0300] {dag.py:3834} INFO - Setting next_dagrun for example_params_ui_tutorial to None, run_after=None
[2024-03-05T20:55:32.840-0300] {processor.py:183} INFO - Processing /home/gabriel/Documents/Airflow/venv/lib/python3.10/site-packages/airflow/example_dags/example_params_ui_tutorial.py took 0.087 seconds
[2024-03-05T20:56:31.148-0300] {processor.py:161} INFO - Started process (PID=25363) to work on /home/gabriel/Documents/Airflow/venv/lib/python3.10/site-packages/airflow/example_dags/example_params_ui_tutorial.py
[2024-03-05T20:56:31.150-0300] {processor.py:830} INFO - Processing file /home/gabriel/Documents/Airflow/venv/lib/python3.10/site-packages/airflow/example_dags/example_params_ui_tutorial.py for tasks to queue
[2024-03-05T20:56:31.151-0300] {logging_mixin.py:188} INFO - [2024-03-05T20:56:31.150-0300] {dagbag.py:540} INFO - Filling up the DagBag from /home/gabriel/Documents/Airflow/venv/lib/python3.10/site-packages/airflow/example_dags/example_params_ui_tutorial.py
[2024-03-05T20:56:31.158-0300] {processor.py:840} INFO - DAG(s) 'example_params_ui_tutorial' retrieved from /home/gabriel/Documents/Airflow/venv/lib/python3.10/site-packages/airflow/example_dags/example_params_ui_tutorial.py
[2024-03-05T20:56:31.194-0300] {logging_mixin.py:188} INFO - [2024-03-05T20:56:31.194-0300] {dag.py:3047} INFO - Sync 1 DAGs
[2024-03-05T20:56:31.203-0300] {logging_mixin.py:188} INFO - [2024-03-05T20:56:31.203-0300] {dag.py:3834} INFO - Setting next_dagrun for example_params_ui_tutorial to None, run_after=None
[2024-03-05T20:56:31.229-0300] {processor.py:183} INFO - Processing /home/gabriel/Documents/Airflow/venv/lib/python3.10/site-packages/airflow/example_dags/example_params_ui_tutorial.py took 0.083 seconds
