[2024-03-05T20:53:28.507-0300] {processor.py:161} INFO - Started process (PID=23496) to work on /home/gabriel/Documents/Airflow/venv/lib/python3.10/site-packages/airflow/example_dags/example_branch_datetime_operator.py
[2024-03-05T20:53:28.508-0300] {processor.py:830} INFO - Processing file /home/gabriel/Documents/Airflow/venv/lib/python3.10/site-packages/airflow/example_dags/example_branch_datetime_operator.py for tasks to queue
[2024-03-05T20:53:28.509-0300] {logging_mixin.py:188} INFO - [2024-03-05T20:53:28.509-0300] {dagbag.py:540} INFO - Filling up the DagBag from /home/gabriel/Documents/Airflow/venv/lib/python3.10/site-packages/airflow/example_dags/example_branch_datetime_operator.py
[2024-03-05T20:53:28.520-0300] {processor.py:840} INFO - DAG(s) 'example_branch_datetime_operator', 'example_branch_datetime_operator_3', 'example_branch_datetime_operator_2' retrieved from /home/gabriel/Documents/Airflow/venv/lib/python3.10/site-packages/airflow/example_dags/example_branch_datetime_operator.py
[2024-03-05T20:53:29.646-0300] {logging_mixin.py:188} INFO - [2024-03-05T20:53:29.645-0300] {override.py:1769} INFO - Created Permission View: can read on DAG:example_branch_datetime_operator
[2024-03-05T20:53:30.091-0300] {logging_mixin.py:188} INFO - [2024-03-05T20:53:30.090-0300] {override.py:1769} INFO - Created Permission View: can delete on DAG:example_branch_datetime_operator
[2024-03-05T20:53:30.303-0300] {logging_mixin.py:188} INFO - [2024-03-05T20:53:30.302-0300] {override.py:1769} INFO - Created Permission View: can edit on DAG:example_branch_datetime_operator
[2024-03-05T20:53:30.405-0300] {logging_mixin.py:188} INFO - [2024-03-05T20:53:30.404-0300] {override.py:1769} INFO - Created Permission View: can read on DAG:example_branch_datetime_operator_3
[2024-03-05T20:53:30.417-0300] {logging_mixin.py:188} INFO - [2024-03-05T20:53:30.416-0300] {override.py:1769} INFO - Created Permission View: can delete on DAG:example_branch_datetime_operator_3
[2024-03-05T20:53:30.442-0300] {logging_mixin.py:188} INFO - [2024-03-05T20:53:30.442-0300] {override.py:1769} INFO - Created Permission View: can edit on DAG:example_branch_datetime_operator_3
[2024-03-05T20:53:30.483-0300] {logging_mixin.py:188} INFO - [2024-03-05T20:53:30.482-0300] {override.py:1769} INFO - Created Permission View: can read on DAG:example_branch_datetime_operator_2
[2024-03-05T20:53:30.492-0300] {logging_mixin.py:188} INFO - [2024-03-05T20:53:30.491-0300] {override.py:1769} INFO - Created Permission View: can delete on DAG:example_branch_datetime_operator_2
[2024-03-05T20:53:30.503-0300] {logging_mixin.py:188} INFO - [2024-03-05T20:53:30.502-0300] {override.py:1769} INFO - Created Permission View: can edit on DAG:example_branch_datetime_operator_2
[2024-03-05T20:53:30.503-0300] {logging_mixin.py:188} INFO - [2024-03-05T20:53:30.503-0300] {dag.py:3047} INFO - Sync 3 DAGs
[2024-03-05T20:53:30.515-0300] {logging_mixin.py:188} INFO - [2024-03-05T20:53:30.515-0300] {dag.py:3069} INFO - Creating ORM DAG for example_branch_datetime_operator_2
[2024-03-05T20:53:30.516-0300] {logging_mixin.py:188} INFO - [2024-03-05T20:53:30.516-0300] {dag.py:3069} INFO - Creating ORM DAG for example_branch_datetime_operator
[2024-03-05T20:53:30.516-0300] {logging_mixin.py:188} INFO - [2024-03-05T20:53:30.516-0300] {dag.py:3069} INFO - Creating ORM DAG for example_branch_datetime_operator_3
[2024-03-05T20:53:30.527-0300] {logging_mixin.py:188} INFO - [2024-03-05T20:53:30.526-0300] {dag.py:3834} INFO - Setting next_dagrun for example_branch_datetime_operator to 2024-03-04 00:00:00+00:00, run_after=2024-03-05 00:00:00+00:00
[2024-03-05T20:53:30.529-0300] {logging_mixin.py:188} INFO - [2024-03-05T20:53:30.528-0300] {dag.py:3834} INFO - Setting next_dagrun for example_branch_datetime_operator_2 to 2024-03-04 00:00:00+00:00, run_after=2024-03-05 00:00:00+00:00
[2024-03-05T20:53:30.530-0300] {logging_mixin.py:188} INFO - [2024-03-05T20:53:30.530-0300] {dag.py:3834} INFO - Setting next_dagrun for example_branch_datetime_operator_3 to 2024-03-04 00:00:00+00:00, run_after=2024-03-05 00:00:00+00:00
[2024-03-05T20:53:30.686-0300] {processor.py:183} INFO - Processing /home/gabriel/Documents/Airflow/venv/lib/python3.10/site-packages/airflow/example_dags/example_branch_datetime_operator.py took 2.183 seconds
[2024-03-05T20:54:22.497-0300] {processor.py:161} INFO - Started process (PID=24113) to work on /home/gabriel/Documents/Airflow/venv/lib/python3.10/site-packages/airflow/example_dags/example_branch_datetime_operator.py
[2024-03-05T20:54:22.499-0300] {processor.py:830} INFO - Processing file /home/gabriel/Documents/Airflow/venv/lib/python3.10/site-packages/airflow/example_dags/example_branch_datetime_operator.py for tasks to queue
[2024-03-05T20:54:22.501-0300] {logging_mixin.py:188} INFO - [2024-03-05T20:54:22.501-0300] {dagbag.py:540} INFO - Filling up the DagBag from /home/gabriel/Documents/Airflow/venv/lib/python3.10/site-packages/airflow/example_dags/example_branch_datetime_operator.py
[2024-03-05T20:54:22.515-0300] {processor.py:840} INFO - DAG(s) 'example_branch_datetime_operator_3', 'example_branch_datetime_operator', 'example_branch_datetime_operator_2' retrieved from /home/gabriel/Documents/Airflow/venv/lib/python3.10/site-packages/airflow/example_dags/example_branch_datetime_operator.py
[2024-03-05T20:54:22.547-0300] {logging_mixin.py:188} INFO - [2024-03-05T20:54:22.546-0300] {dag.py:3047} INFO - Sync 3 DAGs
[2024-03-05T20:54:22.579-0300] {logging_mixin.py:188} INFO - [2024-03-05T20:54:22.579-0300] {dag.py:3834} INFO - Setting next_dagrun for example_branch_datetime_operator to 2024-03-04 00:00:00+00:00, run_after=2024-03-05 00:00:00+00:00
[2024-03-05T20:54:22.588-0300] {logging_mixin.py:188} INFO - [2024-03-05T20:54:22.587-0300] {dag.py:3834} INFO - Setting next_dagrun for example_branch_datetime_operator_2 to 2024-03-04 00:00:00+00:00, run_after=2024-03-05 00:00:00+00:00
[2024-03-05T20:54:22.592-0300] {logging_mixin.py:188} INFO - [2024-03-05T20:54:22.591-0300] {dag.py:3834} INFO - Setting next_dagrun for example_branch_datetime_operator_3 to 2024-03-04 00:00:00+00:00, run_after=2024-03-05 00:00:00+00:00
[2024-03-05T20:54:22.631-0300] {processor.py:183} INFO - Processing /home/gabriel/Documents/Airflow/venv/lib/python3.10/site-packages/airflow/example_dags/example_branch_datetime_operator.py took 0.138 seconds
[2024-03-05T20:55:21.953-0300] {processor.py:161} INFO - Started process (PID=24622) to work on /home/gabriel/Documents/Airflow/venv/lib/python3.10/site-packages/airflow/example_dags/example_branch_datetime_operator.py
[2024-03-05T20:55:21.955-0300] {processor.py:830} INFO - Processing file /home/gabriel/Documents/Airflow/venv/lib/python3.10/site-packages/airflow/example_dags/example_branch_datetime_operator.py for tasks to queue
[2024-03-05T20:55:21.955-0300] {logging_mixin.py:188} INFO - [2024-03-05T20:55:21.955-0300] {dagbag.py:540} INFO - Filling up the DagBag from /home/gabriel/Documents/Airflow/venv/lib/python3.10/site-packages/airflow/example_dags/example_branch_datetime_operator.py
[2024-03-05T20:55:21.963-0300] {processor.py:840} INFO - DAG(s) 'example_branch_datetime_operator', 'example_branch_datetime_operator_3', 'example_branch_datetime_operator_2' retrieved from /home/gabriel/Documents/Airflow/venv/lib/python3.10/site-packages/airflow/example_dags/example_branch_datetime_operator.py
[2024-03-05T20:55:21.982-0300] {logging_mixin.py:188} INFO - [2024-03-05T20:55:21.981-0300] {dag.py:3047} INFO - Sync 3 DAGs
[2024-03-05T20:55:22.093-0300] {logging_mixin.py:188} INFO - [2024-03-05T20:55:22.093-0300] {dag.py:3834} INFO - Setting next_dagrun for example_branch_datetime_operator to 2024-03-04 00:00:00+00:00, run_after=2024-03-05 00:00:00+00:00
[2024-03-05T20:55:22.097-0300] {logging_mixin.py:188} INFO - [2024-03-05T20:55:22.097-0300] {dag.py:3834} INFO - Setting next_dagrun for example_branch_datetime_operator_2 to 2024-03-04 00:00:00+00:00, run_after=2024-03-05 00:00:00+00:00
[2024-03-05T20:55:22.099-0300] {logging_mixin.py:188} INFO - [2024-03-05T20:55:22.099-0300] {dag.py:3834} INFO - Setting next_dagrun for example_branch_datetime_operator_3 to 2024-03-04 00:00:00+00:00, run_after=2024-03-05 00:00:00+00:00
[2024-03-05T20:55:22.122-0300] {processor.py:183} INFO - Processing /home/gabriel/Documents/Airflow/venv/lib/python3.10/site-packages/airflow/example_dags/example_branch_datetime_operator.py took 0.171 seconds
[2024-03-05T20:56:11.316-0300] {processor.py:161} INFO - Started process (PID=25226) to work on /home/gabriel/Documents/Airflow/venv/lib/python3.10/site-packages/airflow/example_dags/example_branch_datetime_operator.py
[2024-03-05T20:56:11.317-0300] {processor.py:830} INFO - Processing file /home/gabriel/Documents/Airflow/venv/lib/python3.10/site-packages/airflow/example_dags/example_branch_datetime_operator.py for tasks to queue
[2024-03-05T20:56:11.319-0300] {logging_mixin.py:188} INFO - [2024-03-05T20:56:11.318-0300] {dagbag.py:540} INFO - Filling up the DagBag from /home/gabriel/Documents/Airflow/venv/lib/python3.10/site-packages/airflow/example_dags/example_branch_datetime_operator.py
[2024-03-05T20:56:11.331-0300] {processor.py:840} INFO - DAG(s) 'example_branch_datetime_operator_3', 'example_branch_datetime_operator', 'example_branch_datetime_operator_2' retrieved from /home/gabriel/Documents/Airflow/venv/lib/python3.10/site-packages/airflow/example_dags/example_branch_datetime_operator.py
[2024-03-05T20:56:11.356-0300] {logging_mixin.py:188} INFO - [2024-03-05T20:56:11.356-0300] {dag.py:3047} INFO - Sync 3 DAGs
[2024-03-05T20:56:11.378-0300] {logging_mixin.py:188} INFO - [2024-03-05T20:56:11.378-0300] {dag.py:3834} INFO - Setting next_dagrun for example_branch_datetime_operator to 2024-03-04 00:00:00+00:00, run_after=2024-03-05 00:00:00+00:00
[2024-03-05T20:56:11.383-0300] {logging_mixin.py:188} INFO - [2024-03-05T20:56:11.382-0300] {dag.py:3834} INFO - Setting next_dagrun for example_branch_datetime_operator_2 to 2024-03-04 00:00:00+00:00, run_after=2024-03-05 00:00:00+00:00
[2024-03-05T20:56:11.385-0300] {logging_mixin.py:188} INFO - [2024-03-05T20:56:11.385-0300] {dag.py:3834} INFO - Setting next_dagrun for example_branch_datetime_operator_3 to 2024-03-04 00:00:00+00:00, run_after=2024-03-05 00:00:00+00:00
[2024-03-05T20:56:11.406-0300] {processor.py:183} INFO - Processing /home/gabriel/Documents/Airflow/venv/lib/python3.10/site-packages/airflow/example_dags/example_branch_datetime_operator.py took 0.094 seconds
[2024-03-05T20:57:04.457-0300] {processor.py:161} INFO - Started process (PID=25735) to work on /home/gabriel/Documents/Airflow/venv/lib/python3.10/site-packages/airflow/example_dags/example_branch_datetime_operator.py
[2024-03-05T20:57:04.459-0300] {processor.py:830} INFO - Processing file /home/gabriel/Documents/Airflow/venv/lib/python3.10/site-packages/airflow/example_dags/example_branch_datetime_operator.py for tasks to queue
[2024-03-05T20:57:04.460-0300] {logging_mixin.py:188} INFO - [2024-03-05T20:57:04.460-0300] {dagbag.py:540} INFO - Filling up the DagBag from /home/gabriel/Documents/Airflow/venv/lib/python3.10/site-packages/airflow/example_dags/example_branch_datetime_operator.py
[2024-03-05T20:57:04.469-0300] {processor.py:840} INFO - DAG(s) 'example_branch_datetime_operator_3', 'example_branch_datetime_operator_2', 'example_branch_datetime_operator' retrieved from /home/gabriel/Documents/Airflow/venv/lib/python3.10/site-packages/airflow/example_dags/example_branch_datetime_operator.py
[2024-03-05T20:57:04.488-0300] {logging_mixin.py:188} INFO - [2024-03-05T20:57:04.487-0300] {dag.py:3047} INFO - Sync 3 DAGs
[2024-03-05T20:57:04.506-0300] {logging_mixin.py:188} INFO - [2024-03-05T20:57:04.505-0300] {dag.py:3834} INFO - Setting next_dagrun for example_branch_datetime_operator to 2024-03-04 00:00:00+00:00, run_after=2024-03-05 00:00:00+00:00
[2024-03-05T20:57:04.509-0300] {logging_mixin.py:188} INFO - [2024-03-05T20:57:04.509-0300] {dag.py:3834} INFO - Setting next_dagrun for example_branch_datetime_operator_2 to 2024-03-04 00:00:00+00:00, run_after=2024-03-05 00:00:00+00:00
[2024-03-05T20:57:04.511-0300] {logging_mixin.py:188} INFO - [2024-03-05T20:57:04.511-0300] {dag.py:3834} INFO - Setting next_dagrun for example_branch_datetime_operator_3 to 2024-03-04 00:00:00+00:00, run_after=2024-03-05 00:00:00+00:00
[2024-03-05T20:57:04.534-0300] {processor.py:183} INFO - Processing /home/gabriel/Documents/Airflow/venv/lib/python3.10/site-packages/airflow/example_dags/example_branch_datetime_operator.py took 0.079 seconds
