[2024-03-05T20:53:43.228-0300] {processor.py:161} INFO - Started process (PID=23723) to work on /home/gabriel/Documents/Airflow/venv/lib/python3.10/site-packages/airflow/example_dags/example_branch_operator_decorator.py
[2024-03-05T20:53:43.229-0300] {processor.py:830} INFO - Processing file /home/gabriel/Documents/Airflow/venv/lib/python3.10/site-packages/airflow/example_dags/example_branch_operator_decorator.py for tasks to queue
[2024-03-05T20:53:43.230-0300] {logging_mixin.py:188} INFO - [2024-03-05T20:53:43.229-0300] {dagbag.py:540} INFO - Filling up the DagBag from /home/gabriel/Documents/Airflow/venv/lib/python3.10/site-packages/airflow/example_dags/example_branch_operator_decorator.py
[2024-03-05T20:53:43.255-0300] {processor.py:840} INFO - DAG(s) 'example_branch_python_operator_decorator' retrieved from /home/gabriel/Documents/Airflow/venv/lib/python3.10/site-packages/airflow/example_dags/example_branch_operator_decorator.py
[2024-03-05T20:53:43.499-0300] {logging_mixin.py:188} INFO - [2024-03-05T20:53:43.498-0300] {override.py:1769} INFO - Created Permission View: can read on DAG:example_branch_python_operator_decorator
[2024-03-05T20:53:43.513-0300] {logging_mixin.py:188} INFO - [2024-03-05T20:53:43.513-0300] {override.py:1769} INFO - Created Permission View: can delete on DAG:example_branch_python_operator_decorator
[2024-03-05T20:53:43.525-0300] {logging_mixin.py:188} INFO - [2024-03-05T20:53:43.525-0300] {override.py:1769} INFO - Created Permission View: can edit on DAG:example_branch_python_operator_decorator
[2024-03-05T20:53:43.526-0300] {logging_mixin.py:188} INFO - [2024-03-05T20:53:43.526-0300] {dag.py:3047} INFO - Sync 1 DAGs
[2024-03-05T20:53:43.537-0300] {logging_mixin.py:188} INFO - [2024-03-05T20:53:43.536-0300] {dag.py:3069} INFO - Creating ORM DAG for example_branch_python_operator_decorator
[2024-03-05T20:53:43.546-0300] {logging_mixin.py:188} INFO - [2024-03-05T20:53:43.545-0300] {dag.py:3834} INFO - Setting next_dagrun for example_branch_python_operator_decorator to 2024-03-04 00:00:00+00:00, run_after=2024-03-05 00:00:00+00:00
[2024-03-05T20:53:43.575-0300] {processor.py:183} INFO - Processing /home/gabriel/Documents/Airflow/venv/lib/python3.10/site-packages/airflow/example_dags/example_branch_operator_decorator.py took 0.349 seconds
[2024-03-05T20:54:31.190-0300] {processor.py:161} INFO - Started process (PID=24141) to work on /home/gabriel/Documents/Airflow/venv/lib/python3.10/site-packages/airflow/example_dags/example_branch_operator_decorator.py
[2024-03-05T20:54:31.192-0300] {processor.py:830} INFO - Processing file /home/gabriel/Documents/Airflow/venv/lib/python3.10/site-packages/airflow/example_dags/example_branch_operator_decorator.py for tasks to queue
[2024-03-05T20:54:31.193-0300] {logging_mixin.py:188} INFO - [2024-03-05T20:54:31.193-0300] {dagbag.py:540} INFO - Filling up the DagBag from /home/gabriel/Documents/Airflow/venv/lib/python3.10/site-packages/airflow/example_dags/example_branch_operator_decorator.py
[2024-03-05T20:54:31.207-0300] {processor.py:840} INFO - DAG(s) 'example_branch_python_operator_decorator' retrieved from /home/gabriel/Documents/Airflow/venv/lib/python3.10/site-packages/airflow/example_dags/example_branch_operator_decorator.py
[2024-03-05T20:54:31.223-0300] {logging_mixin.py:188} INFO - [2024-03-05T20:54:31.223-0300] {dag.py:3047} INFO - Sync 1 DAGs
[2024-03-05T20:54:31.240-0300] {logging_mixin.py:188} INFO - [2024-03-05T20:54:31.240-0300] {dag.py:3834} INFO - Setting next_dagrun for example_branch_python_operator_decorator to 2024-03-04 00:00:00+00:00, run_after=2024-03-05 00:00:00+00:00
[2024-03-05T20:54:31.471-0300] {processor.py:183} INFO - Processing /home/gabriel/Documents/Airflow/venv/lib/python3.10/site-packages/airflow/example_dags/example_branch_operator_decorator.py took 0.283 seconds
[2024-03-05T20:55:32.249-0300] {processor.py:161} INFO - Started process (PID=24777) to work on /home/gabriel/Documents/Airflow/venv/lib/python3.10/site-packages/airflow/example_dags/example_branch_operator_decorator.py
[2024-03-05T20:55:32.251-0300] {processor.py:830} INFO - Processing file /home/gabriel/Documents/Airflow/venv/lib/python3.10/site-packages/airflow/example_dags/example_branch_operator_decorator.py for tasks to queue
[2024-03-05T20:55:32.252-0300] {logging_mixin.py:188} INFO - [2024-03-05T20:55:32.252-0300] {dagbag.py:540} INFO - Filling up the DagBag from /home/gabriel/Documents/Airflow/venv/lib/python3.10/site-packages/airflow/example_dags/example_branch_operator_decorator.py
[2024-03-05T20:55:32.271-0300] {processor.py:840} INFO - DAG(s) 'example_branch_python_operator_decorator' retrieved from /home/gabriel/Documents/Airflow/venv/lib/python3.10/site-packages/airflow/example_dags/example_branch_operator_decorator.py
[2024-03-05T20:55:32.293-0300] {logging_mixin.py:188} INFO - [2024-03-05T20:55:32.293-0300] {dag.py:3047} INFO - Sync 1 DAGs
[2024-03-05T20:55:32.313-0300] {logging_mixin.py:188} INFO - [2024-03-05T20:55:32.312-0300] {dag.py:3834} INFO - Setting next_dagrun for example_branch_python_operator_decorator to 2024-03-04 00:00:00+00:00, run_after=2024-03-05 00:00:00+00:00
[2024-03-05T20:55:32.340-0300] {processor.py:183} INFO - Processing /home/gabriel/Documents/Airflow/venv/lib/python3.10/site-packages/airflow/example_dags/example_branch_operator_decorator.py took 0.093 seconds
[2024-03-05T20:56:30.657-0300] {processor.py:161} INFO - Started process (PID=25362) to work on /home/gabriel/Documents/Airflow/venv/lib/python3.10/site-packages/airflow/example_dags/example_branch_operator_decorator.py
[2024-03-05T20:56:30.658-0300] {processor.py:830} INFO - Processing file /home/gabriel/Documents/Airflow/venv/lib/python3.10/site-packages/airflow/example_dags/example_branch_operator_decorator.py for tasks to queue
[2024-03-05T20:56:30.660-0300] {logging_mixin.py:188} INFO - [2024-03-05T20:56:30.659-0300] {dagbag.py:540} INFO - Filling up the DagBag from /home/gabriel/Documents/Airflow/venv/lib/python3.10/site-packages/airflow/example_dags/example_branch_operator_decorator.py
[2024-03-05T20:56:30.678-0300] {processor.py:840} INFO - DAG(s) 'example_branch_python_operator_decorator' retrieved from /home/gabriel/Documents/Airflow/venv/lib/python3.10/site-packages/airflow/example_dags/example_branch_operator_decorator.py
[2024-03-05T20:56:30.702-0300] {logging_mixin.py:188} INFO - [2024-03-05T20:56:30.701-0300] {dag.py:3047} INFO - Sync 1 DAGs
[2024-03-05T20:56:30.723-0300] {logging_mixin.py:188} INFO - [2024-03-05T20:56:30.722-0300] {dag.py:3834} INFO - Setting next_dagrun for example_branch_python_operator_decorator to 2024-03-04 00:00:00+00:00, run_after=2024-03-05 00:00:00+00:00
[2024-03-05T20:56:30.748-0300] {processor.py:183} INFO - Processing /home/gabriel/Documents/Airflow/venv/lib/python3.10/site-packages/airflow/example_dags/example_branch_operator_decorator.py took 0.093 seconds
