[2024-03-05T20:52:32.131-0300] {processor.py:161} INFO - Started process (PID=22854) to work on /home/gabriel/Documents/Airflow/venv/lib/python3.10/site-packages/airflow/example_dags/example_trigger_controller_dag.py
[2024-03-05T20:52:32.156-0300] {processor.py:830} INFO - Processing file /home/gabriel/Documents/Airflow/venv/lib/python3.10/site-packages/airflow/example_dags/example_trigger_controller_dag.py for tasks to queue
[2024-03-05T20:52:32.166-0300] {logging_mixin.py:188} INFO - [2024-03-05T20:52:32.164-0300] {dagbag.py:540} INFO - Filling up the DagBag from /home/gabriel/Documents/Airflow/venv/lib/python3.10/site-packages/airflow/example_dags/example_trigger_controller_dag.py
[2024-03-05T20:52:32.224-0300] {processor.py:840} INFO - DAG(s) 'example_trigger_controller_dag' retrieved from /home/gabriel/Documents/Airflow/venv/lib/python3.10/site-packages/airflow/example_dags/example_trigger_controller_dag.py
[2024-03-05T20:52:33.030-0300] {logging_mixin.py:188} INFO - [2024-03-05T20:52:33.030-0300] {override.py:1769} INFO - Created Permission View: can read on DAG:example_trigger_controller_dag
[2024-03-05T20:52:33.060-0300] {logging_mixin.py:188} INFO - [2024-03-05T20:52:33.059-0300] {override.py:1769} INFO - Created Permission View: can delete on DAG:example_trigger_controller_dag
[2024-03-05T20:52:33.077-0300] {logging_mixin.py:188} INFO - [2024-03-05T20:52:33.076-0300] {override.py:1769} INFO - Created Permission View: can edit on DAG:example_trigger_controller_dag
[2024-03-05T20:52:33.077-0300] {logging_mixin.py:188} INFO - [2024-03-05T20:52:33.077-0300] {dag.py:3047} INFO - Sync 1 DAGs
[2024-03-05T20:52:33.136-0300] {logging_mixin.py:188} INFO - [2024-03-05T20:52:33.136-0300] {dag.py:3069} INFO - Creating ORM DAG for example_trigger_controller_dag
[2024-03-05T20:52:33.196-0300] {logging_mixin.py:188} INFO - [2024-03-05T20:52:33.196-0300] {dag.py:3834} INFO - Setting next_dagrun for example_trigger_controller_dag to 2021-01-01 00:00:00+00:00, run_after=2021-01-01 00:00:00+00:00
[2024-03-05T20:52:33.447-0300] {processor.py:183} INFO - Processing /home/gabriel/Documents/Airflow/venv/lib/python3.10/site-packages/airflow/example_dags/example_trigger_controller_dag.py took 1.385 seconds
[2024-03-05T20:53:46.907-0300] {processor.py:161} INFO - Started process (PID=23763) to work on /home/gabriel/Documents/Airflow/venv/lib/python3.10/site-packages/airflow/example_dags/example_trigger_controller_dag.py
[2024-03-05T20:53:46.908-0300] {processor.py:830} INFO - Processing file /home/gabriel/Documents/Airflow/venv/lib/python3.10/site-packages/airflow/example_dags/example_trigger_controller_dag.py for tasks to queue
[2024-03-05T20:53:46.909-0300] {logging_mixin.py:188} INFO - [2024-03-05T20:53:46.909-0300] {dagbag.py:540} INFO - Filling up the DagBag from /home/gabriel/Documents/Airflow/venv/lib/python3.10/site-packages/airflow/example_dags/example_trigger_controller_dag.py
[2024-03-05T20:53:46.913-0300] {processor.py:840} INFO - DAG(s) 'example_trigger_controller_dag' retrieved from /home/gabriel/Documents/Airflow/venv/lib/python3.10/site-packages/airflow/example_dags/example_trigger_controller_dag.py
[2024-03-05T20:53:46.925-0300] {logging_mixin.py:188} INFO - [2024-03-05T20:53:46.925-0300] {dag.py:3047} INFO - Sync 1 DAGs
[2024-03-05T20:53:46.941-0300] {logging_mixin.py:188} INFO - [2024-03-05T20:53:46.941-0300] {dag.py:3834} INFO - Setting next_dagrun for example_trigger_controller_dag to 2021-01-01 00:00:00+00:00, run_after=2021-01-01 00:00:00+00:00
[2024-03-05T20:53:46.965-0300] {processor.py:183} INFO - Processing /home/gabriel/Documents/Airflow/venv/lib/python3.10/site-packages/airflow/example_dags/example_trigger_controller_dag.py took 0.061 seconds
[2024-03-05T20:54:34.190-0300] {processor.py:161} INFO - Started process (PID=24211) to work on /home/gabriel/Documents/Airflow/venv/lib/python3.10/site-packages/airflow/example_dags/example_trigger_controller_dag.py
[2024-03-05T20:54:34.192-0300] {processor.py:830} INFO - Processing file /home/gabriel/Documents/Airflow/venv/lib/python3.10/site-packages/airflow/example_dags/example_trigger_controller_dag.py for tasks to queue
[2024-03-05T20:54:34.193-0300] {logging_mixin.py:188} INFO - [2024-03-05T20:54:34.193-0300] {dagbag.py:540} INFO - Filling up the DagBag from /home/gabriel/Documents/Airflow/venv/lib/python3.10/site-packages/airflow/example_dags/example_trigger_controller_dag.py
[2024-03-05T20:54:34.196-0300] {processor.py:840} INFO - DAG(s) 'example_trigger_controller_dag' retrieved from /home/gabriel/Documents/Airflow/venv/lib/python3.10/site-packages/airflow/example_dags/example_trigger_controller_dag.py
[2024-03-05T20:54:34.208-0300] {logging_mixin.py:188} INFO - [2024-03-05T20:54:34.208-0300] {dag.py:3047} INFO - Sync 1 DAGs
[2024-03-05T20:54:34.225-0300] {logging_mixin.py:188} INFO - [2024-03-05T20:54:34.225-0300] {dag.py:3834} INFO - Setting next_dagrun for example_trigger_controller_dag to 2021-01-01 00:00:00+00:00, run_after=2021-01-01 00:00:00+00:00
[2024-03-05T20:54:34.346-0300] {processor.py:183} INFO - Processing /home/gabriel/Documents/Airflow/venv/lib/python3.10/site-packages/airflow/example_dags/example_trigger_controller_dag.py took 0.159 seconds
[2024-03-05T20:55:14.225-0300] {processor.py:161} INFO - Started process (PID=24597) to work on /home/gabriel/Documents/Airflow/venv/lib/python3.10/site-packages/airflow/example_dags/example_trigger_controller_dag.py
[2024-03-05T20:55:14.227-0300] {processor.py:830} INFO - Processing file /home/gabriel/Documents/Airflow/venv/lib/python3.10/site-packages/airflow/example_dags/example_trigger_controller_dag.py for tasks to queue
[2024-03-05T20:55:14.228-0300] {logging_mixin.py:188} INFO - [2024-03-05T20:55:14.227-0300] {dagbag.py:540} INFO - Filling up the DagBag from /home/gabriel/Documents/Airflow/venv/lib/python3.10/site-packages/airflow/example_dags/example_trigger_controller_dag.py
[2024-03-05T20:55:14.231-0300] {processor.py:840} INFO - DAG(s) 'example_trigger_controller_dag' retrieved from /home/gabriel/Documents/Airflow/venv/lib/python3.10/site-packages/airflow/example_dags/example_trigger_controller_dag.py
[2024-03-05T20:55:14.243-0300] {logging_mixin.py:188} INFO - [2024-03-05T20:55:14.243-0300] {dag.py:3047} INFO - Sync 1 DAGs
[2024-03-05T20:55:14.346-0300] {logging_mixin.py:188} INFO - [2024-03-05T20:55:14.346-0300] {dag.py:3834} INFO - Setting next_dagrun for example_trigger_controller_dag to 2021-01-01 00:00:00+00:00, run_after=2021-01-01 00:00:00+00:00
[2024-03-05T20:55:14.368-0300] {processor.py:183} INFO - Processing /home/gabriel/Documents/Airflow/venv/lib/python3.10/site-packages/airflow/example_dags/example_trigger_controller_dag.py took 0.146 seconds
[2024-03-05T20:55:55.401-0300] {processor.py:161} INFO - Started process (PID=25054) to work on /home/gabriel/Documents/Airflow/venv/lib/python3.10/site-packages/airflow/example_dags/example_trigger_controller_dag.py
[2024-03-05T20:55:55.403-0300] {processor.py:830} INFO - Processing file /home/gabriel/Documents/Airflow/venv/lib/python3.10/site-packages/airflow/example_dags/example_trigger_controller_dag.py for tasks to queue
[2024-03-05T20:55:55.404-0300] {logging_mixin.py:188} INFO - [2024-03-05T20:55:55.404-0300] {dagbag.py:540} INFO - Filling up the DagBag from /home/gabriel/Documents/Airflow/venv/lib/python3.10/site-packages/airflow/example_dags/example_trigger_controller_dag.py
[2024-03-05T20:55:55.410-0300] {processor.py:840} INFO - DAG(s) 'example_trigger_controller_dag' retrieved from /home/gabriel/Documents/Airflow/venv/lib/python3.10/site-packages/airflow/example_dags/example_trigger_controller_dag.py
[2024-03-05T20:55:55.423-0300] {logging_mixin.py:188} INFO - [2024-03-05T20:55:55.422-0300] {dag.py:3047} INFO - Sync 1 DAGs
[2024-03-05T20:55:55.439-0300] {logging_mixin.py:188} INFO - [2024-03-05T20:55:55.439-0300] {dag.py:3834} INFO - Setting next_dagrun for example_trigger_controller_dag to 2021-01-01 00:00:00+00:00, run_after=2021-01-01 00:00:00+00:00
[2024-03-05T20:55:55.463-0300] {processor.py:183} INFO - Processing /home/gabriel/Documents/Airflow/venv/lib/python3.10/site-packages/airflow/example_dags/example_trigger_controller_dag.py took 0.064 seconds
[2024-03-05T20:56:33.039-0300] {processor.py:161} INFO - Started process (PID=25431) to work on /home/gabriel/Documents/Airflow/venv/lib/python3.10/site-packages/airflow/example_dags/example_trigger_controller_dag.py
[2024-03-05T20:56:33.041-0300] {processor.py:830} INFO - Processing file /home/gabriel/Documents/Airflow/venv/lib/python3.10/site-packages/airflow/example_dags/example_trigger_controller_dag.py for tasks to queue
[2024-03-05T20:56:33.042-0300] {logging_mixin.py:188} INFO - [2024-03-05T20:56:33.042-0300] {dagbag.py:540} INFO - Filling up the DagBag from /home/gabriel/Documents/Airflow/venv/lib/python3.10/site-packages/airflow/example_dags/example_trigger_controller_dag.py
[2024-03-05T20:56:33.046-0300] {processor.py:840} INFO - DAG(s) 'example_trigger_controller_dag' retrieved from /home/gabriel/Documents/Airflow/venv/lib/python3.10/site-packages/airflow/example_dags/example_trigger_controller_dag.py
[2024-03-05T20:56:33.056-0300] {logging_mixin.py:188} INFO - [2024-03-05T20:56:33.056-0300] {dag.py:3047} INFO - Sync 1 DAGs
[2024-03-05T20:56:33.071-0300] {logging_mixin.py:188} INFO - [2024-03-05T20:56:33.070-0300] {dag.py:3834} INFO - Setting next_dagrun for example_trigger_controller_dag to 2021-01-01 00:00:00+00:00, run_after=2021-01-01 00:00:00+00:00
[2024-03-05T20:56:33.092-0300] {processor.py:183} INFO - Processing /home/gabriel/Documents/Airflow/venv/lib/python3.10/site-packages/airflow/example_dags/example_trigger_controller_dag.py took 0.054 seconds
[2024-03-05T20:57:08.778-0300] {processor.py:161} INFO - Started process (PID=25745) to work on /home/gabriel/Documents/Airflow/venv/lib/python3.10/site-packages/airflow/example_dags/example_trigger_controller_dag.py
[2024-03-05T20:57:08.782-0300] {processor.py:830} INFO - Processing file /home/gabriel/Documents/Airflow/venv/lib/python3.10/site-packages/airflow/example_dags/example_trigger_controller_dag.py for tasks to queue
[2024-03-05T20:57:08.784-0300] {logging_mixin.py:188} INFO - [2024-03-05T20:57:08.783-0300] {dagbag.py:540} INFO - Filling up the DagBag from /home/gabriel/Documents/Airflow/venv/lib/python3.10/site-packages/airflow/example_dags/example_trigger_controller_dag.py
[2024-03-05T20:57:08.787-0300] {processor.py:840} INFO - DAG(s) 'example_trigger_controller_dag' retrieved from /home/gabriel/Documents/Airflow/venv/lib/python3.10/site-packages/airflow/example_dags/example_trigger_controller_dag.py
[2024-03-05T20:57:08.799-0300] {logging_mixin.py:188} INFO - [2024-03-05T20:57:08.799-0300] {dag.py:3047} INFO - Sync 1 DAGs
[2024-03-05T20:57:08.814-0300] {logging_mixin.py:188} INFO - [2024-03-05T20:57:08.814-0300] {dag.py:3834} INFO - Setting next_dagrun for example_trigger_controller_dag to 2021-01-01 00:00:00+00:00, run_after=2021-01-01 00:00:00+00:00
[2024-03-05T20:57:08.838-0300] {processor.py:183} INFO - Processing /home/gabriel/Documents/Airflow/venv/lib/python3.10/site-packages/airflow/example_dags/example_trigger_controller_dag.py took 0.062 seconds
