[2024-03-05T20:53:31.771-0300] {processor.py:161} INFO - Started process (PID=23528) to work on /home/gabriel/Documents/Airflow/venv/lib/python3.10/site-packages/airflow/example_dags/example_nested_branch_dag.py
[2024-03-05T20:53:31.771-0300] {processor.py:830} INFO - Processing file /home/gabriel/Documents/Airflow/venv/lib/python3.10/site-packages/airflow/example_dags/example_nested_branch_dag.py for tasks to queue
[2024-03-05T20:53:31.772-0300] {logging_mixin.py:188} INFO - [2024-03-05T20:53:31.772-0300] {dagbag.py:540} INFO - Filling up the DagBag from /home/gabriel/Documents/Airflow/venv/lib/python3.10/site-packages/airflow/example_dags/example_nested_branch_dag.py
[2024-03-05T20:53:31.780-0300] {processor.py:840} INFO - DAG(s) 'example_nested_branch_dag' retrieved from /home/gabriel/Documents/Airflow/venv/lib/python3.10/site-packages/airflow/example_dags/example_nested_branch_dag.py
[2024-03-05T20:53:31.942-0300] {logging_mixin.py:188} INFO - [2024-03-05T20:53:31.941-0300] {override.py:1769} INFO - Created Permission View: can read on DAG:example_nested_branch_dag
[2024-03-05T20:53:31.970-0300] {logging_mixin.py:188} INFO - [2024-03-05T20:53:31.969-0300] {override.py:1769} INFO - Created Permission View: can delete on DAG:example_nested_branch_dag
[2024-03-05T20:53:31.999-0300] {logging_mixin.py:188} INFO - [2024-03-05T20:53:31.999-0300] {override.py:1769} INFO - Created Permission View: can edit on DAG:example_nested_branch_dag
[2024-03-05T20:53:31.999-0300] {logging_mixin.py:188} INFO - [2024-03-05T20:53:31.999-0300] {dag.py:3047} INFO - Sync 1 DAGs
[2024-03-05T20:53:32.009-0300] {logging_mixin.py:188} INFO - [2024-03-05T20:53:32.008-0300] {dag.py:3069} INFO - Creating ORM DAG for example_nested_branch_dag
[2024-03-05T20:53:32.019-0300] {logging_mixin.py:188} INFO - [2024-03-05T20:53:32.019-0300] {dag.py:3834} INFO - Setting next_dagrun for example_nested_branch_dag to 2024-03-04 00:00:00+00:00, run_after=2024-03-05 00:00:00+00:00
[2024-03-05T20:53:32.137-0300] {processor.py:183} INFO - Processing /home/gabriel/Documents/Airflow/venv/lib/python3.10/site-packages/airflow/example_dags/example_nested_branch_dag.py took 0.368 seconds
[2024-03-05T20:54:22.908-0300] {processor.py:161} INFO - Started process (PID=24114) to work on /home/gabriel/Documents/Airflow/venv/lib/python3.10/site-packages/airflow/example_dags/example_nested_branch_dag.py
[2024-03-05T20:54:22.910-0300] {processor.py:830} INFO - Processing file /home/gabriel/Documents/Airflow/venv/lib/python3.10/site-packages/airflow/example_dags/example_nested_branch_dag.py for tasks to queue
[2024-03-05T20:54:22.911-0300] {logging_mixin.py:188} INFO - [2024-03-05T20:54:22.911-0300] {dagbag.py:540} INFO - Filling up the DagBag from /home/gabriel/Documents/Airflow/venv/lib/python3.10/site-packages/airflow/example_dags/example_nested_branch_dag.py
[2024-03-05T20:54:22.922-0300] {processor.py:840} INFO - DAG(s) 'example_nested_branch_dag' retrieved from /home/gabriel/Documents/Airflow/venv/lib/python3.10/site-packages/airflow/example_dags/example_nested_branch_dag.py
[2024-03-05T20:54:22.936-0300] {logging_mixin.py:188} INFO - [2024-03-05T20:54:22.936-0300] {dag.py:3047} INFO - Sync 1 DAGs
[2024-03-05T20:54:22.952-0300] {logging_mixin.py:188} INFO - [2024-03-05T20:54:22.952-0300] {dag.py:3834} INFO - Setting next_dagrun for example_nested_branch_dag to 2024-03-04 00:00:00+00:00, run_after=2024-03-05 00:00:00+00:00
[2024-03-05T20:54:22.986-0300] {processor.py:183} INFO - Processing /home/gabriel/Documents/Airflow/venv/lib/python3.10/site-packages/airflow/example_dags/example_nested_branch_dag.py took 0.080 seconds
[2024-03-05T20:55:22.235-0300] {processor.py:161} INFO - Started process (PID=24623) to work on /home/gabriel/Documents/Airflow/venv/lib/python3.10/site-packages/airflow/example_dags/example_nested_branch_dag.py
[2024-03-05T20:55:22.237-0300] {processor.py:830} INFO - Processing file /home/gabriel/Documents/Airflow/venv/lib/python3.10/site-packages/airflow/example_dags/example_nested_branch_dag.py for tasks to queue
[2024-03-05T20:55:22.238-0300] {logging_mixin.py:188} INFO - [2024-03-05T20:55:22.237-0300] {dagbag.py:540} INFO - Filling up the DagBag from /home/gabriel/Documents/Airflow/venv/lib/python3.10/site-packages/airflow/example_dags/example_nested_branch_dag.py
[2024-03-05T20:55:22.246-0300] {processor.py:840} INFO - DAG(s) 'example_nested_branch_dag' retrieved from /home/gabriel/Documents/Airflow/venv/lib/python3.10/site-packages/airflow/example_dags/example_nested_branch_dag.py
[2024-03-05T20:55:22.261-0300] {logging_mixin.py:188} INFO - [2024-03-05T20:55:22.261-0300] {dag.py:3047} INFO - Sync 1 DAGs
[2024-03-05T20:55:22.373-0300] {logging_mixin.py:188} INFO - [2024-03-05T20:55:22.372-0300] {dag.py:3834} INFO - Setting next_dagrun for example_nested_branch_dag to 2024-03-04 00:00:00+00:00, run_after=2024-03-05 00:00:00+00:00
[2024-03-05T20:55:22.396-0300] {processor.py:183} INFO - Processing /home/gabriel/Documents/Airflow/venv/lib/python3.10/site-packages/airflow/example_dags/example_nested_branch_dag.py took 0.165 seconds
[2024-03-05T20:56:12.457-0300] {processor.py:161} INFO - Started process (PID=25233) to work on /home/gabriel/Documents/Airflow/venv/lib/python3.10/site-packages/airflow/example_dags/example_nested_branch_dag.py
[2024-03-05T20:56:12.458-0300] {processor.py:830} INFO - Processing file /home/gabriel/Documents/Airflow/venv/lib/python3.10/site-packages/airflow/example_dags/example_nested_branch_dag.py for tasks to queue
[2024-03-05T20:56:12.460-0300] {logging_mixin.py:188} INFO - [2024-03-05T20:56:12.459-0300] {dagbag.py:540} INFO - Filling up the DagBag from /home/gabriel/Documents/Airflow/venv/lib/python3.10/site-packages/airflow/example_dags/example_nested_branch_dag.py
[2024-03-05T20:56:12.467-0300] {processor.py:840} INFO - DAG(s) 'example_nested_branch_dag' retrieved from /home/gabriel/Documents/Airflow/venv/lib/python3.10/site-packages/airflow/example_dags/example_nested_branch_dag.py
[2024-03-05T20:56:12.481-0300] {logging_mixin.py:188} INFO - [2024-03-05T20:56:12.481-0300] {dag.py:3047} INFO - Sync 1 DAGs
[2024-03-05T20:56:12.498-0300] {logging_mixin.py:188} INFO - [2024-03-05T20:56:12.498-0300] {dag.py:3834} INFO - Setting next_dagrun for example_nested_branch_dag to 2024-03-04 00:00:00+00:00, run_after=2024-03-05 00:00:00+00:00
[2024-03-05T20:56:12.519-0300] {processor.py:183} INFO - Processing /home/gabriel/Documents/Airflow/venv/lib/python3.10/site-packages/airflow/example_dags/example_nested_branch_dag.py took 0.065 seconds
[2024-03-05T20:57:05.592-0300] {processor.py:161} INFO - Started process (PID=25736) to work on /home/gabriel/Documents/Airflow/venv/lib/python3.10/site-packages/airflow/example_dags/example_nested_branch_dag.py
[2024-03-05T20:57:05.594-0300] {processor.py:830} INFO - Processing file /home/gabriel/Documents/Airflow/venv/lib/python3.10/site-packages/airflow/example_dags/example_nested_branch_dag.py for tasks to queue
[2024-03-05T20:57:05.596-0300] {logging_mixin.py:188} INFO - [2024-03-05T20:57:05.596-0300] {dagbag.py:540} INFO - Filling up the DagBag from /home/gabriel/Documents/Airflow/venv/lib/python3.10/site-packages/airflow/example_dags/example_nested_branch_dag.py
[2024-03-05T20:57:05.603-0300] {processor.py:840} INFO - DAG(s) 'example_nested_branch_dag' retrieved from /home/gabriel/Documents/Airflow/venv/lib/python3.10/site-packages/airflow/example_dags/example_nested_branch_dag.py
[2024-03-05T20:57:05.615-0300] {logging_mixin.py:188} INFO - [2024-03-05T20:57:05.615-0300] {dag.py:3047} INFO - Sync 1 DAGs
[2024-03-05T20:57:05.630-0300] {logging_mixin.py:188} INFO - [2024-03-05T20:57:05.630-0300] {dag.py:3834} INFO - Setting next_dagrun for example_nested_branch_dag to 2024-03-04 00:00:00+00:00, run_after=2024-03-05 00:00:00+00:00
[2024-03-05T20:57:05.652-0300] {processor.py:183} INFO - Processing /home/gabriel/Documents/Airflow/venv/lib/python3.10/site-packages/airflow/example_dags/example_nested_branch_dag.py took 0.062 seconds
