[2024-03-05T20:52:49.706-0300] {processor.py:161} INFO - Started process (PID=23133) to work on /home/gabriel/Documents/Airflow/venv/lib/python3.10/site-packages/airflow/example_dags/example_task_group.py
[2024-03-05T20:52:49.707-0300] {processor.py:830} INFO - Processing file /home/gabriel/Documents/Airflow/venv/lib/python3.10/site-packages/airflow/example_dags/example_task_group.py for tasks to queue
[2024-03-05T20:52:49.708-0300] {logging_mixin.py:188} INFO - [2024-03-05T20:52:49.707-0300] {dagbag.py:540} INFO - Filling up the DagBag from /home/gabriel/Documents/Airflow/venv/lib/python3.10/site-packages/airflow/example_dags/example_task_group.py
[2024-03-05T20:52:49.714-0300] {processor.py:840} INFO - DAG(s) 'example_task_group' retrieved from /home/gabriel/Documents/Airflow/venv/lib/python3.10/site-packages/airflow/example_dags/example_task_group.py
[2024-03-05T20:52:49.794-0300] {logging_mixin.py:188} INFO - [2024-03-05T20:52:49.794-0300] {override.py:1769} INFO - Created Permission View: can read on DAG:example_task_group
[2024-03-05T20:52:49.805-0300] {logging_mixin.py:188} INFO - [2024-03-05T20:52:49.804-0300] {override.py:1769} INFO - Created Permission View: can delete on DAG:example_task_group
[2024-03-05T20:52:49.815-0300] {logging_mixin.py:188} INFO - [2024-03-05T20:52:49.814-0300] {override.py:1769} INFO - Created Permission View: can edit on DAG:example_task_group
[2024-03-05T20:52:49.815-0300] {logging_mixin.py:188} INFO - [2024-03-05T20:52:49.815-0300] {dag.py:3047} INFO - Sync 1 DAGs
[2024-03-05T20:52:49.823-0300] {logging_mixin.py:188} INFO - [2024-03-05T20:52:49.822-0300] {dag.py:3069} INFO - Creating ORM DAG for example_task_group
[2024-03-05T20:52:49.839-0300] {logging_mixin.py:188} INFO - [2024-03-05T20:52:49.839-0300] {dag.py:3834} INFO - Setting next_dagrun for example_task_group to 2024-03-04 00:00:00+00:00, run_after=2024-03-05 00:00:00+00:00
[2024-03-05T20:52:49.895-0300] {processor.py:183} INFO - Processing /home/gabriel/Documents/Airflow/venv/lib/python3.10/site-packages/airflow/example_dags/example_task_group.py took 0.191 seconds
[2024-03-05T20:53:57.685-0300] {processor.py:161} INFO - Started process (PID=23898) to work on /home/gabriel/Documents/Airflow/venv/lib/python3.10/site-packages/airflow/example_dags/example_task_group.py
[2024-03-05T20:53:57.687-0300] {processor.py:830} INFO - Processing file /home/gabriel/Documents/Airflow/venv/lib/python3.10/site-packages/airflow/example_dags/example_task_group.py for tasks to queue
[2024-03-05T20:53:57.688-0300] {logging_mixin.py:188} INFO - [2024-03-05T20:53:57.688-0300] {dagbag.py:540} INFO - Filling up the DagBag from /home/gabriel/Documents/Airflow/venv/lib/python3.10/site-packages/airflow/example_dags/example_task_group.py
[2024-03-05T20:53:57.693-0300] {processor.py:840} INFO - DAG(s) 'example_task_group' retrieved from /home/gabriel/Documents/Airflow/venv/lib/python3.10/site-packages/airflow/example_dags/example_task_group.py
[2024-03-05T20:53:57.709-0300] {logging_mixin.py:188} INFO - [2024-03-05T20:53:57.709-0300] {dag.py:3047} INFO - Sync 1 DAGs
[2024-03-05T20:53:57.727-0300] {logging_mixin.py:188} INFO - [2024-03-05T20:53:57.727-0300] {dag.py:3834} INFO - Setting next_dagrun for example_task_group to 2024-03-04 00:00:00+00:00, run_after=2024-03-05 00:00:00+00:00
[2024-03-05T20:53:57.749-0300] {processor.py:183} INFO - Processing /home/gabriel/Documents/Airflow/venv/lib/python3.10/site-packages/airflow/example_dags/example_task_group.py took 0.065 seconds
[2024-03-05T20:54:45.749-0300] {processor.py:161} INFO - Started process (PID=24306) to work on /home/gabriel/Documents/Airflow/venv/lib/python3.10/site-packages/airflow/example_dags/example_task_group.py
[2024-03-05T20:54:45.750-0300] {processor.py:830} INFO - Processing file /home/gabriel/Documents/Airflow/venv/lib/python3.10/site-packages/airflow/example_dags/example_task_group.py for tasks to queue
[2024-03-05T20:54:45.751-0300] {logging_mixin.py:188} INFO - [2024-03-05T20:54:45.751-0300] {dagbag.py:540} INFO - Filling up the DagBag from /home/gabriel/Documents/Airflow/venv/lib/python3.10/site-packages/airflow/example_dags/example_task_group.py
[2024-03-05T20:54:45.757-0300] {processor.py:840} INFO - DAG(s) 'example_task_group' retrieved from /home/gabriel/Documents/Airflow/venv/lib/python3.10/site-packages/airflow/example_dags/example_task_group.py
[2024-03-05T20:54:45.772-0300] {logging_mixin.py:188} INFO - [2024-03-05T20:54:45.772-0300] {dag.py:3047} INFO - Sync 1 DAGs
[2024-03-05T20:54:45.790-0300] {logging_mixin.py:188} INFO - [2024-03-05T20:54:45.790-0300] {dag.py:3834} INFO - Setting next_dagrun for example_task_group to 2024-03-04 00:00:00+00:00, run_after=2024-03-05 00:00:00+00:00
[2024-03-05T20:54:45.899-0300] {processor.py:183} INFO - Processing /home/gabriel/Documents/Airflow/venv/lib/python3.10/site-packages/airflow/example_dags/example_task_group.py took 0.152 seconds
[2024-03-05T20:55:37.909-0300] {processor.py:161} INFO - Started process (PID=24861) to work on /home/gabriel/Documents/Airflow/venv/lib/python3.10/site-packages/airflow/example_dags/example_task_group.py
[2024-03-05T20:55:37.911-0300] {processor.py:830} INFO - Processing file /home/gabriel/Documents/Airflow/venv/lib/python3.10/site-packages/airflow/example_dags/example_task_group.py for tasks to queue
[2024-03-05T20:55:37.911-0300] {logging_mixin.py:188} INFO - [2024-03-05T20:55:37.911-0300] {dagbag.py:540} INFO - Filling up the DagBag from /home/gabriel/Documents/Airflow/venv/lib/python3.10/site-packages/airflow/example_dags/example_task_group.py
[2024-03-05T20:55:37.917-0300] {processor.py:840} INFO - DAG(s) 'example_task_group' retrieved from /home/gabriel/Documents/Airflow/venv/lib/python3.10/site-packages/airflow/example_dags/example_task_group.py
[2024-03-05T20:55:37.931-0300] {logging_mixin.py:188} INFO - [2024-03-05T20:55:37.931-0300] {dag.py:3047} INFO - Sync 1 DAGs
[2024-03-05T20:55:37.948-0300] {logging_mixin.py:188} INFO - [2024-03-05T20:55:37.948-0300] {dag.py:3834} INFO - Setting next_dagrun for example_task_group to 2024-03-04 00:00:00+00:00, run_after=2024-03-05 00:00:00+00:00
[2024-03-05T20:55:37.971-0300] {processor.py:183} INFO - Processing /home/gabriel/Documents/Airflow/venv/lib/python3.10/site-packages/airflow/example_dags/example_task_group.py took 0.066 seconds
[2024-03-05T20:56:17.897-0300] {processor.py:161} INFO - Started process (PID=25251) to work on /home/gabriel/Documents/Airflow/venv/lib/python3.10/site-packages/airflow/example_dags/example_task_group.py
[2024-03-05T20:56:17.899-0300] {processor.py:830} INFO - Processing file /home/gabriel/Documents/Airflow/venv/lib/python3.10/site-packages/airflow/example_dags/example_task_group.py for tasks to queue
[2024-03-05T20:56:17.900-0300] {logging_mixin.py:188} INFO - [2024-03-05T20:56:17.900-0300] {dagbag.py:540} INFO - Filling up the DagBag from /home/gabriel/Documents/Airflow/venv/lib/python3.10/site-packages/airflow/example_dags/example_task_group.py
[2024-03-05T20:56:17.906-0300] {processor.py:840} INFO - DAG(s) 'example_task_group' retrieved from /home/gabriel/Documents/Airflow/venv/lib/python3.10/site-packages/airflow/example_dags/example_task_group.py
[2024-03-05T20:56:17.918-0300] {logging_mixin.py:188} INFO - [2024-03-05T20:56:17.917-0300] {dag.py:3047} INFO - Sync 1 DAGs
[2024-03-05T20:56:17.934-0300] {logging_mixin.py:188} INFO - [2024-03-05T20:56:17.934-0300] {dag.py:3834} INFO - Setting next_dagrun for example_task_group to 2024-03-04 00:00:00+00:00, run_after=2024-03-05 00:00:00+00:00
[2024-03-05T20:56:17.955-0300] {processor.py:183} INFO - Processing /home/gabriel/Documents/Airflow/venv/lib/python3.10/site-packages/airflow/example_dags/example_task_group.py took 0.060 seconds
[2024-03-05T20:56:54.864-0300] {processor.py:161} INFO - Started process (PID=25701) to work on /home/gabriel/Documents/Airflow/venv/lib/python3.10/site-packages/airflow/example_dags/example_task_group.py
[2024-03-05T20:56:54.867-0300] {processor.py:830} INFO - Processing file /home/gabriel/Documents/Airflow/venv/lib/python3.10/site-packages/airflow/example_dags/example_task_group.py for tasks to queue
[2024-03-05T20:56:54.868-0300] {logging_mixin.py:188} INFO - [2024-03-05T20:56:54.868-0300] {dagbag.py:540} INFO - Filling up the DagBag from /home/gabriel/Documents/Airflow/venv/lib/python3.10/site-packages/airflow/example_dags/example_task_group.py
[2024-03-05T20:56:54.874-0300] {processor.py:840} INFO - DAG(s) 'example_task_group' retrieved from /home/gabriel/Documents/Airflow/venv/lib/python3.10/site-packages/airflow/example_dags/example_task_group.py
[2024-03-05T20:56:54.886-0300] {logging_mixin.py:188} INFO - [2024-03-05T20:56:54.886-0300] {dag.py:3047} INFO - Sync 1 DAGs
[2024-03-05T20:56:54.900-0300] {logging_mixin.py:188} INFO - [2024-03-05T20:56:54.900-0300] {dag.py:3834} INFO - Setting next_dagrun for example_task_group to 2024-03-04 00:00:00+00:00, run_after=2024-03-05 00:00:00+00:00
[2024-03-05T20:56:54.920-0300] {processor.py:183} INFO - Processing /home/gabriel/Documents/Airflow/venv/lib/python3.10/site-packages/airflow/example_dags/example_task_group.py took 0.058 seconds
