[2024-03-05T20:52:54.344-0300] {processor.py:161} INFO - Started process (PID=23149) to work on /home/gabriel/Documents/Airflow/venv/lib/python3.10/site-packages/airflow/example_dags/example_subdag_operator.py
[2024-03-05T20:52:54.345-0300] {processor.py:830} INFO - Processing file /home/gabriel/Documents/Airflow/venv/lib/python3.10/site-packages/airflow/example_dags/example_subdag_operator.py for tasks to queue
[2024-03-05T20:52:54.346-0300] {logging_mixin.py:188} INFO - [2024-03-05T20:52:54.345-0300] {dagbag.py:540} INFO - Filling up the DagBag from /home/gabriel/Documents/Airflow/venv/lib/python3.10/site-packages/airflow/example_dags/example_subdag_operator.py
[2024-03-05T20:52:54.359-0300] {processor.py:840} INFO - DAG(s) 'example_subdag_operator.section-1', 'example_subdag_operator.section-2', 'example_subdag_operator' retrieved from /home/gabriel/Documents/Airflow/venv/lib/python3.10/site-packages/airflow/example_dags/example_subdag_operator.py
[2024-03-05T20:52:54.441-0300] {logging_mixin.py:188} INFO - [2024-03-05T20:52:54.440-0300] {override.py:1769} INFO - Created Permission View: can read on DAG:example_subdag_operator
[2024-03-05T20:52:54.451-0300] {logging_mixin.py:188} INFO - [2024-03-05T20:52:54.451-0300] {override.py:1769} INFO - Created Permission View: can delete on DAG:example_subdag_operator
[2024-03-05T20:52:54.460-0300] {logging_mixin.py:188} INFO - [2024-03-05T20:52:54.460-0300] {override.py:1769} INFO - Created Permission View: can edit on DAG:example_subdag_operator
[2024-03-05T20:52:54.461-0300] {logging_mixin.py:188} INFO - [2024-03-05T20:52:54.460-0300] {dag.py:3047} INFO - Sync 3 DAGs
[2024-03-05T20:52:54.468-0300] {logging_mixin.py:188} INFO - [2024-03-05T20:52:54.468-0300] {dag.py:3069} INFO - Creating ORM DAG for example_subdag_operator.section-1
[2024-03-05T20:52:54.468-0300] {logging_mixin.py:188} INFO - [2024-03-05T20:52:54.468-0300] {dag.py:3069} INFO - Creating ORM DAG for example_subdag_operator
[2024-03-05T20:52:54.469-0300] {logging_mixin.py:188} INFO - [2024-03-05T20:52:54.469-0300] {dag.py:3069} INFO - Creating ORM DAG for example_subdag_operator.section-2
[2024-03-05T20:52:54.475-0300] {logging_mixin.py:188} INFO - [2024-03-05T20:52:54.475-0300] {dag.py:3834} INFO - Setting next_dagrun for example_subdag_operator to 2022-01-01 00:00:00+00:00, run_after=2022-01-01 00:00:00+00:00
[2024-03-05T20:52:54.476-0300] {logging_mixin.py:188} INFO - [2024-03-05T20:52:54.475-0300] {dag.py:3834} INFO - Setting next_dagrun for example_subdag_operator.section-1 to None, run_after=None
[2024-03-05T20:52:54.476-0300] {logging_mixin.py:188} INFO - [2024-03-05T20:52:54.476-0300] {dag.py:3834} INFO - Setting next_dagrun for example_subdag_operator.section-2 to None, run_after=None
[2024-03-05T20:52:54.481-0300] {logging_mixin.py:188} INFO - [2024-03-05T20:52:54.481-0300] {dag.py:3047} INFO - Sync 2 DAGs
[2024-03-05T20:52:54.488-0300] {logging_mixin.py:188} INFO - [2024-03-05T20:52:54.488-0300] {dag.py:3834} INFO - Setting next_dagrun for example_subdag_operator.section-1 to None, run_after=None
[2024-03-05T20:52:54.492-0300] {logging_mixin.py:188} INFO - [2024-03-05T20:52:54.492-0300] {dag.py:3834} INFO - Setting next_dagrun for example_subdag_operator.section-2 to None, run_after=None
[2024-03-05T20:52:54.520-0300] {processor.py:183} INFO - Processing /home/gabriel/Documents/Airflow/venv/lib/python3.10/site-packages/airflow/example_dags/example_subdag_operator.py took 0.177 seconds
[2024-03-05T20:54:02.051-0300] {processor.py:161} INFO - Started process (PID=23969) to work on /home/gabriel/Documents/Airflow/venv/lib/python3.10/site-packages/airflow/example_dags/example_subdag_operator.py
[2024-03-05T20:54:02.054-0300] {processor.py:830} INFO - Processing file /home/gabriel/Documents/Airflow/venv/lib/python3.10/site-packages/airflow/example_dags/example_subdag_operator.py for tasks to queue
[2024-03-05T20:54:02.055-0300] {logging_mixin.py:188} INFO - [2024-03-05T20:54:02.055-0300] {dagbag.py:540} INFO - Filling up the DagBag from /home/gabriel/Documents/Airflow/venv/lib/python3.10/site-packages/airflow/example_dags/example_subdag_operator.py
[2024-03-05T20:54:02.070-0300] {processor.py:840} INFO - DAG(s) 'example_subdag_operator.section-1', 'example_subdag_operator.section-2', 'example_subdag_operator' retrieved from /home/gabriel/Documents/Airflow/venv/lib/python3.10/site-packages/airflow/example_dags/example_subdag_operator.py
[2024-03-05T20:54:02.083-0300] {logging_mixin.py:188} INFO - [2024-03-05T20:54:02.083-0300] {dag.py:3047} INFO - Sync 3 DAGs
[2024-03-05T20:54:02.102-0300] {logging_mixin.py:188} INFO - [2024-03-05T20:54:02.102-0300] {dag.py:3834} INFO - Setting next_dagrun for example_subdag_operator to 2022-01-01 00:00:00+00:00, run_after=2022-01-01 00:00:00+00:00
[2024-03-05T20:54:02.106-0300] {logging_mixin.py:188} INFO - [2024-03-05T20:54:02.106-0300] {dag.py:3834} INFO - Setting next_dagrun for example_subdag_operator.section-1 to None, run_after=None
[2024-03-05T20:54:02.107-0300] {logging_mixin.py:188} INFO - [2024-03-05T20:54:02.107-0300] {dag.py:3834} INFO - Setting next_dagrun for example_subdag_operator.section-2 to None, run_after=None
[2024-03-05T20:54:02.113-0300] {logging_mixin.py:188} INFO - [2024-03-05T20:54:02.113-0300] {dag.py:3047} INFO - Sync 2 DAGs
[2024-03-05T20:54:02.118-0300] {logging_mixin.py:188} INFO - [2024-03-05T20:54:02.118-0300] {dag.py:3834} INFO - Setting next_dagrun for example_subdag_operator.section-1 to None, run_after=None
[2024-03-05T20:54:02.119-0300] {logging_mixin.py:188} INFO - [2024-03-05T20:54:02.119-0300] {dag.py:3834} INFO - Setting next_dagrun for example_subdag_operator.section-2 to None, run_after=None
[2024-03-05T20:54:02.135-0300] {processor.py:183} INFO - Processing /home/gabriel/Documents/Airflow/venv/lib/python3.10/site-packages/airflow/example_dags/example_subdag_operator.py took 0.086 seconds
[2024-03-05T20:54:50.151-0300] {processor.py:161} INFO - Started process (PID=24324) to work on /home/gabriel/Documents/Airflow/venv/lib/python3.10/site-packages/airflow/example_dags/example_subdag_operator.py
[2024-03-05T20:54:50.153-0300] {processor.py:830} INFO - Processing file /home/gabriel/Documents/Airflow/venv/lib/python3.10/site-packages/airflow/example_dags/example_subdag_operator.py for tasks to queue
[2024-03-05T20:54:50.154-0300] {logging_mixin.py:188} INFO - [2024-03-05T20:54:50.153-0300] {dagbag.py:540} INFO - Filling up the DagBag from /home/gabriel/Documents/Airflow/venv/lib/python3.10/site-packages/airflow/example_dags/example_subdag_operator.py
[2024-03-05T20:54:50.169-0300] {processor.py:840} INFO - DAG(s) 'example_subdag_operator.section-1', 'example_subdag_operator.section-2', 'example_subdag_operator' retrieved from /home/gabriel/Documents/Airflow/venv/lib/python3.10/site-packages/airflow/example_dags/example_subdag_operator.py
[2024-03-05T20:54:50.181-0300] {logging_mixin.py:188} INFO - [2024-03-05T20:54:50.181-0300] {dag.py:3047} INFO - Sync 3 DAGs
[2024-03-05T20:54:50.308-0300] {logging_mixin.py:188} INFO - [2024-03-05T20:54:50.307-0300] {dag.py:3834} INFO - Setting next_dagrun for example_subdag_operator to 2022-01-01 00:00:00+00:00, run_after=2022-01-01 00:00:00+00:00
[2024-03-05T20:54:50.311-0300] {logging_mixin.py:188} INFO - [2024-03-05T20:54:50.310-0300] {dag.py:3834} INFO - Setting next_dagrun for example_subdag_operator.section-1 to None, run_after=None
[2024-03-05T20:54:50.312-0300] {logging_mixin.py:188} INFO - [2024-03-05T20:54:50.312-0300] {dag.py:3834} INFO - Setting next_dagrun for example_subdag_operator.section-2 to None, run_after=None
[2024-03-05T20:54:50.318-0300] {logging_mixin.py:188} INFO - [2024-03-05T20:54:50.318-0300] {dag.py:3047} INFO - Sync 2 DAGs
[2024-03-05T20:54:50.323-0300] {logging_mixin.py:188} INFO - [2024-03-05T20:54:50.323-0300] {dag.py:3834} INFO - Setting next_dagrun for example_subdag_operator.section-1 to None, run_after=None
[2024-03-05T20:54:50.323-0300] {logging_mixin.py:188} INFO - [2024-03-05T20:54:50.323-0300] {dag.py:3834} INFO - Setting next_dagrun for example_subdag_operator.section-2 to None, run_after=None
[2024-03-05T20:54:50.341-0300] {processor.py:183} INFO - Processing /home/gabriel/Documents/Airflow/venv/lib/python3.10/site-packages/airflow/example_dags/example_subdag_operator.py took 0.192 seconds
[2024-03-05T20:55:42.504-0300] {processor.py:161} INFO - Started process (PID=24931) to work on /home/gabriel/Documents/Airflow/venv/lib/python3.10/site-packages/airflow/example_dags/example_subdag_operator.py
[2024-03-05T20:55:42.506-0300] {processor.py:830} INFO - Processing file /home/gabriel/Documents/Airflow/venv/lib/python3.10/site-packages/airflow/example_dags/example_subdag_operator.py for tasks to queue
[2024-03-05T20:55:42.507-0300] {logging_mixin.py:188} INFO - [2024-03-05T20:55:42.507-0300] {dagbag.py:540} INFO - Filling up the DagBag from /home/gabriel/Documents/Airflow/venv/lib/python3.10/site-packages/airflow/example_dags/example_subdag_operator.py
[2024-03-05T20:55:42.525-0300] {processor.py:840} INFO - DAG(s) 'example_subdag_operator.section-1', 'example_subdag_operator.section-2', 'example_subdag_operator' retrieved from /home/gabriel/Documents/Airflow/venv/lib/python3.10/site-packages/airflow/example_dags/example_subdag_operator.py
[2024-03-05T20:55:42.540-0300] {logging_mixin.py:188} INFO - [2024-03-05T20:55:42.540-0300] {dag.py:3047} INFO - Sync 3 DAGs
[2024-03-05T20:55:42.557-0300] {logging_mixin.py:188} INFO - [2024-03-05T20:55:42.557-0300] {dag.py:3834} INFO - Setting next_dagrun for example_subdag_operator to 2022-01-01 00:00:00+00:00, run_after=2022-01-01 00:00:00+00:00
[2024-03-05T20:55:42.560-0300] {logging_mixin.py:188} INFO - [2024-03-05T20:55:42.560-0300] {dag.py:3834} INFO - Setting next_dagrun for example_subdag_operator.section-1 to None, run_after=None
[2024-03-05T20:55:42.561-0300] {logging_mixin.py:188} INFO - [2024-03-05T20:55:42.561-0300] {dag.py:3834} INFO - Setting next_dagrun for example_subdag_operator.section-2 to None, run_after=None
[2024-03-05T20:55:42.566-0300] {logging_mixin.py:188} INFO - [2024-03-05T20:55:42.566-0300] {dag.py:3047} INFO - Sync 2 DAGs
[2024-03-05T20:55:42.571-0300] {logging_mixin.py:188} INFO - [2024-03-05T20:55:42.571-0300] {dag.py:3834} INFO - Setting next_dagrun for example_subdag_operator.section-1 to None, run_after=None
[2024-03-05T20:55:42.571-0300] {logging_mixin.py:188} INFO - [2024-03-05T20:55:42.571-0300] {dag.py:3834} INFO - Setting next_dagrun for example_subdag_operator.section-2 to None, run_after=None
[2024-03-05T20:55:42.594-0300] {processor.py:183} INFO - Processing /home/gabriel/Documents/Airflow/venv/lib/python3.10/site-packages/airflow/example_dags/example_subdag_operator.py took 0.092 seconds
[2024-03-05T20:56:21.615-0300] {processor.py:161} INFO - Started process (PID=25263) to work on /home/gabriel/Documents/Airflow/venv/lib/python3.10/site-packages/airflow/example_dags/example_subdag_operator.py
[2024-03-05T20:56:21.617-0300] {processor.py:830} INFO - Processing file /home/gabriel/Documents/Airflow/venv/lib/python3.10/site-packages/airflow/example_dags/example_subdag_operator.py for tasks to queue
[2024-03-05T20:56:21.619-0300] {logging_mixin.py:188} INFO - [2024-03-05T20:56:21.618-0300] {dagbag.py:540} INFO - Filling up the DagBag from /home/gabriel/Documents/Airflow/venv/lib/python3.10/site-packages/airflow/example_dags/example_subdag_operator.py
[2024-03-05T20:56:21.636-0300] {processor.py:840} INFO - DAG(s) 'example_subdag_operator.section-1', 'example_subdag_operator.section-2', 'example_subdag_operator' retrieved from /home/gabriel/Documents/Airflow/venv/lib/python3.10/site-packages/airflow/example_dags/example_subdag_operator.py
[2024-03-05T20:56:21.649-0300] {logging_mixin.py:188} INFO - [2024-03-05T20:56:21.649-0300] {dag.py:3047} INFO - Sync 3 DAGs
[2024-03-05T20:56:21.670-0300] {logging_mixin.py:188} INFO - [2024-03-05T20:56:21.670-0300] {dag.py:3834} INFO - Setting next_dagrun for example_subdag_operator to 2022-01-01 00:00:00+00:00, run_after=2022-01-01 00:00:00+00:00
[2024-03-05T20:56:21.673-0300] {logging_mixin.py:188} INFO - [2024-03-05T20:56:21.673-0300] {dag.py:3834} INFO - Setting next_dagrun for example_subdag_operator.section-1 to None, run_after=None
[2024-03-05T20:56:21.674-0300] {logging_mixin.py:188} INFO - [2024-03-05T20:56:21.674-0300] {dag.py:3834} INFO - Setting next_dagrun for example_subdag_operator.section-2 to None, run_after=None
[2024-03-05T20:56:21.682-0300] {logging_mixin.py:188} INFO - [2024-03-05T20:56:21.681-0300] {dag.py:3047} INFO - Sync 2 DAGs
[2024-03-05T20:56:21.687-0300] {logging_mixin.py:188} INFO - [2024-03-05T20:56:21.687-0300] {dag.py:3834} INFO - Setting next_dagrun for example_subdag_operator.section-1 to None, run_after=None
[2024-03-05T20:56:21.687-0300] {logging_mixin.py:188} INFO - [2024-03-05T20:56:21.687-0300] {dag.py:3834} INFO - Setting next_dagrun for example_subdag_operator.section-2 to None, run_after=None
[2024-03-05T20:56:21.704-0300] {processor.py:183} INFO - Processing /home/gabriel/Documents/Airflow/venv/lib/python3.10/site-packages/airflow/example_dags/example_subdag_operator.py took 0.091 seconds
[2024-03-05T20:57:16.644-0300] {processor.py:161} INFO - Started process (PID=25778) to work on /home/gabriel/Documents/Airflow/venv/lib/python3.10/site-packages/airflow/example_dags/example_subdag_operator.py
[2024-03-05T20:57:16.646-0300] {processor.py:830} INFO - Processing file /home/gabriel/Documents/Airflow/venv/lib/python3.10/site-packages/airflow/example_dags/example_subdag_operator.py for tasks to queue
[2024-03-05T20:57:16.647-0300] {logging_mixin.py:188} INFO - [2024-03-05T20:57:16.647-0300] {dagbag.py:540} INFO - Filling up the DagBag from /home/gabriel/Documents/Airflow/venv/lib/python3.10/site-packages/airflow/example_dags/example_subdag_operator.py
[2024-03-05T20:57:16.665-0300] {processor.py:840} INFO - DAG(s) 'example_subdag_operator.section-1', 'example_subdag_operator.section-2', 'example_subdag_operator' retrieved from /home/gabriel/Documents/Airflow/venv/lib/python3.10/site-packages/airflow/example_dags/example_subdag_operator.py
[2024-03-05T20:57:16.678-0300] {logging_mixin.py:188} INFO - [2024-03-05T20:57:16.678-0300] {dag.py:3047} INFO - Sync 3 DAGs
[2024-03-05T20:57:16.696-0300] {logging_mixin.py:188} INFO - [2024-03-05T20:57:16.695-0300] {dag.py:3834} INFO - Setting next_dagrun for example_subdag_operator to 2022-01-01 00:00:00+00:00, run_after=2022-01-01 00:00:00+00:00
[2024-03-05T20:57:16.700-0300] {logging_mixin.py:188} INFO - [2024-03-05T20:57:16.700-0300] {dag.py:3834} INFO - Setting next_dagrun for example_subdag_operator.section-1 to None, run_after=None
[2024-03-05T20:57:16.701-0300] {logging_mixin.py:188} INFO - [2024-03-05T20:57:16.701-0300] {dag.py:3834} INFO - Setting next_dagrun for example_subdag_operator.section-2 to None, run_after=None
[2024-03-05T20:57:16.708-0300] {logging_mixin.py:188} INFO - [2024-03-05T20:57:16.707-0300] {dag.py:3047} INFO - Sync 2 DAGs
[2024-03-05T20:57:16.711-0300] {logging_mixin.py:188} INFO - [2024-03-05T20:57:16.711-0300] {dag.py:3834} INFO - Setting next_dagrun for example_subdag_operator.section-1 to None, run_after=None
[2024-03-05T20:57:16.712-0300] {logging_mixin.py:188} INFO - [2024-03-05T20:57:16.712-0300] {dag.py:3834} INFO - Setting next_dagrun for example_subdag_operator.section-2 to None, run_after=None
[2024-03-05T20:57:16.728-0300] {processor.py:183} INFO - Processing /home/gabriel/Documents/Airflow/venv/lib/python3.10/site-packages/airflow/example_dags/example_subdag_operator.py took 0.086 seconds
