[2024-03-05T20:52:47.818-0300] {processor.py:161} INFO - Started process (PID=23125) to work on /home/gabriel/Documents/Airflow/venv/lib/python3.10/site-packages/airflow/example_dags/example_time_delta_sensor_async.py
[2024-03-05T20:52:47.818-0300] {processor.py:830} INFO - Processing file /home/gabriel/Documents/Airflow/venv/lib/python3.10/site-packages/airflow/example_dags/example_time_delta_sensor_async.py for tasks to queue
[2024-03-05T20:52:47.819-0300] {logging_mixin.py:188} INFO - [2024-03-05T20:52:47.819-0300] {dagbag.py:540} INFO - Filling up the DagBag from /home/gabriel/Documents/Airflow/venv/lib/python3.10/site-packages/airflow/example_dags/example_time_delta_sensor_async.py
[2024-03-05T20:52:47.823-0300] {processor.py:840} INFO - DAG(s) 'example_time_delta_sensor_async' retrieved from /home/gabriel/Documents/Airflow/venv/lib/python3.10/site-packages/airflow/example_dags/example_time_delta_sensor_async.py
[2024-03-05T20:52:47.901-0300] {logging_mixin.py:188} INFO - [2024-03-05T20:52:47.900-0300] {override.py:1769} INFO - Created Permission View: can read on DAG:example_time_delta_sensor_async
[2024-03-05T20:52:47.911-0300] {logging_mixin.py:188} INFO - [2024-03-05T20:52:47.911-0300] {override.py:1769} INFO - Created Permission View: can delete on DAG:example_time_delta_sensor_async
[2024-03-05T20:52:47.920-0300] {logging_mixin.py:188} INFO - [2024-03-05T20:52:47.920-0300] {override.py:1769} INFO - Created Permission View: can edit on DAG:example_time_delta_sensor_async
[2024-03-05T20:52:47.921-0300] {logging_mixin.py:188} INFO - [2024-03-05T20:52:47.921-0300] {dag.py:3047} INFO - Sync 1 DAGs
[2024-03-05T20:52:47.929-0300] {logging_mixin.py:188} INFO - [2024-03-05T20:52:47.928-0300] {dag.py:3069} INFO - Creating ORM DAG for example_time_delta_sensor_async
[2024-03-05T20:52:47.929-0300] {logging_mixin.py:188} INFO - [2024-03-05T20:52:47.929-0300] {dag.py:3834} INFO - Setting next_dagrun for example_time_delta_sensor_async to None, run_after=None
[2024-03-05T20:52:47.950-0300] {processor.py:183} INFO - Processing /home/gabriel/Documents/Airflow/venv/lib/python3.10/site-packages/airflow/example_dags/example_time_delta_sensor_async.py took 0.134 seconds
[2024-03-05T20:53:54.978-0300] {processor.py:161} INFO - Started process (PID=23830) to work on /home/gabriel/Documents/Airflow/venv/lib/python3.10/site-packages/airflow/example_dags/example_time_delta_sensor_async.py
[2024-03-05T20:53:54.980-0300] {processor.py:830} INFO - Processing file /home/gabriel/Documents/Airflow/venv/lib/python3.10/site-packages/airflow/example_dags/example_time_delta_sensor_async.py for tasks to queue
[2024-03-05T20:53:54.981-0300] {logging_mixin.py:188} INFO - [2024-03-05T20:53:54.980-0300] {dagbag.py:540} INFO - Filling up the DagBag from /home/gabriel/Documents/Airflow/venv/lib/python3.10/site-packages/airflow/example_dags/example_time_delta_sensor_async.py
[2024-03-05T20:53:54.987-0300] {processor.py:840} INFO - DAG(s) 'example_time_delta_sensor_async' retrieved from /home/gabriel/Documents/Airflow/venv/lib/python3.10/site-packages/airflow/example_dags/example_time_delta_sensor_async.py
[2024-03-05T20:53:55.017-0300] {logging_mixin.py:188} INFO - [2024-03-05T20:53:55.017-0300] {dag.py:3047} INFO - Sync 1 DAGs
[2024-03-05T20:53:55.033-0300] {logging_mixin.py:188} INFO - [2024-03-05T20:53:55.032-0300] {dag.py:3834} INFO - Setting next_dagrun for example_time_delta_sensor_async to None, run_after=None
[2024-03-05T20:53:55.078-0300] {processor.py:183} INFO - Processing /home/gabriel/Documents/Airflow/venv/lib/python3.10/site-packages/airflow/example_dags/example_time_delta_sensor_async.py took 0.104 seconds
[2024-03-05T20:54:44.435-0300] {processor.py:161} INFO - Started process (PID=24304) to work on /home/gabriel/Documents/Airflow/venv/lib/python3.10/site-packages/airflow/example_dags/example_time_delta_sensor_async.py
[2024-03-05T20:54:44.436-0300] {processor.py:830} INFO - Processing file /home/gabriel/Documents/Airflow/venv/lib/python3.10/site-packages/airflow/example_dags/example_time_delta_sensor_async.py for tasks to queue
[2024-03-05T20:54:44.438-0300] {logging_mixin.py:188} INFO - [2024-03-05T20:54:44.437-0300] {dagbag.py:540} INFO - Filling up the DagBag from /home/gabriel/Documents/Airflow/venv/lib/python3.10/site-packages/airflow/example_dags/example_time_delta_sensor_async.py
[2024-03-05T20:54:44.442-0300] {processor.py:840} INFO - DAG(s) 'example_time_delta_sensor_async' retrieved from /home/gabriel/Documents/Airflow/venv/lib/python3.10/site-packages/airflow/example_dags/example_time_delta_sensor_async.py
[2024-03-05T20:54:44.453-0300] {logging_mixin.py:188} INFO - [2024-03-05T20:54:44.453-0300] {dag.py:3047} INFO - Sync 1 DAGs
[2024-03-05T20:54:44.462-0300] {logging_mixin.py:188} INFO - [2024-03-05T20:54:44.462-0300] {dag.py:3834} INFO - Setting next_dagrun for example_time_delta_sensor_async to None, run_after=None
[2024-03-05T20:54:44.483-0300] {processor.py:183} INFO - Processing /home/gabriel/Documents/Airflow/venv/lib/python3.10/site-packages/airflow/example_dags/example_time_delta_sensor_async.py took 0.050 seconds
[2024-03-05T20:55:35.861-0300] {processor.py:161} INFO - Started process (PID=24818) to work on /home/gabriel/Documents/Airflow/venv/lib/python3.10/site-packages/airflow/example_dags/example_time_delta_sensor_async.py
[2024-03-05T20:55:35.863-0300] {processor.py:830} INFO - Processing file /home/gabriel/Documents/Airflow/venv/lib/python3.10/site-packages/airflow/example_dags/example_time_delta_sensor_async.py for tasks to queue
[2024-03-05T20:55:35.864-0300] {logging_mixin.py:188} INFO - [2024-03-05T20:55:35.864-0300] {dagbag.py:540} INFO - Filling up the DagBag from /home/gabriel/Documents/Airflow/venv/lib/python3.10/site-packages/airflow/example_dags/example_time_delta_sensor_async.py
[2024-03-05T20:55:35.870-0300] {processor.py:840} INFO - DAG(s) 'example_time_delta_sensor_async' retrieved from /home/gabriel/Documents/Airflow/venv/lib/python3.10/site-packages/airflow/example_dags/example_time_delta_sensor_async.py
[2024-03-05T20:55:35.886-0300] {logging_mixin.py:188} INFO - [2024-03-05T20:55:35.886-0300] {dag.py:3047} INFO - Sync 1 DAGs
[2024-03-05T20:55:35.900-0300] {logging_mixin.py:188} INFO - [2024-03-05T20:55:35.899-0300] {dag.py:3834} INFO - Setting next_dagrun for example_time_delta_sensor_async to None, run_after=None
[2024-03-05T20:55:35.928-0300] {processor.py:183} INFO - Processing /home/gabriel/Documents/Airflow/venv/lib/python3.10/site-packages/airflow/example_dags/example_time_delta_sensor_async.py took 0.069 seconds
[2024-03-05T20:56:15.769-0300] {processor.py:161} INFO - Started process (PID=25243) to work on /home/gabriel/Documents/Airflow/venv/lib/python3.10/site-packages/airflow/example_dags/example_time_delta_sensor_async.py
[2024-03-05T20:56:15.771-0300] {processor.py:830} INFO - Processing file /home/gabriel/Documents/Airflow/venv/lib/python3.10/site-packages/airflow/example_dags/example_time_delta_sensor_async.py for tasks to queue
[2024-03-05T20:56:15.773-0300] {logging_mixin.py:188} INFO - [2024-03-05T20:56:15.773-0300] {dagbag.py:540} INFO - Filling up the DagBag from /home/gabriel/Documents/Airflow/venv/lib/python3.10/site-packages/airflow/example_dags/example_time_delta_sensor_async.py
[2024-03-05T20:56:15.779-0300] {processor.py:840} INFO - DAG(s) 'example_time_delta_sensor_async' retrieved from /home/gabriel/Documents/Airflow/venv/lib/python3.10/site-packages/airflow/example_dags/example_time_delta_sensor_async.py
[2024-03-05T20:56:15.799-0300] {logging_mixin.py:188} INFO - [2024-03-05T20:56:15.799-0300] {dag.py:3047} INFO - Sync 1 DAGs
[2024-03-05T20:56:15.814-0300] {logging_mixin.py:188} INFO - [2024-03-05T20:56:15.813-0300] {dag.py:3834} INFO - Setting next_dagrun for example_time_delta_sensor_async to None, run_after=None
[2024-03-05T20:56:15.848-0300] {processor.py:183} INFO - Processing /home/gabriel/Documents/Airflow/venv/lib/python3.10/site-packages/airflow/example_dags/example_time_delta_sensor_async.py took 0.082 seconds
[2024-03-05T20:56:52.593-0300] {processor.py:161} INFO - Started process (PID=25693) to work on /home/gabriel/Documents/Airflow/venv/lib/python3.10/site-packages/airflow/example_dags/example_time_delta_sensor_async.py
[2024-03-05T20:56:52.594-0300] {processor.py:830} INFO - Processing file /home/gabriel/Documents/Airflow/venv/lib/python3.10/site-packages/airflow/example_dags/example_time_delta_sensor_async.py for tasks to queue
[2024-03-05T20:56:52.596-0300] {logging_mixin.py:188} INFO - [2024-03-05T20:56:52.595-0300] {dagbag.py:540} INFO - Filling up the DagBag from /home/gabriel/Documents/Airflow/venv/lib/python3.10/site-packages/airflow/example_dags/example_time_delta_sensor_async.py
[2024-03-05T20:56:52.599-0300] {processor.py:840} INFO - DAG(s) 'example_time_delta_sensor_async' retrieved from /home/gabriel/Documents/Airflow/venv/lib/python3.10/site-packages/airflow/example_dags/example_time_delta_sensor_async.py
[2024-03-05T20:56:52.610-0300] {logging_mixin.py:188} INFO - [2024-03-05T20:56:52.609-0300] {dag.py:3047} INFO - Sync 1 DAGs
[2024-03-05T20:56:52.618-0300] {logging_mixin.py:188} INFO - [2024-03-05T20:56:52.618-0300] {dag.py:3834} INFO - Setting next_dagrun for example_time_delta_sensor_async to None, run_after=None
[2024-03-05T20:56:52.637-0300] {processor.py:183} INFO - Processing /home/gabriel/Documents/Airflow/venv/lib/python3.10/site-packages/airflow/example_dags/example_time_delta_sensor_async.py took 0.047 seconds
