[2024-03-05T20:52:44.024-0300] {processor.py:161} INFO - Started process (PID=23044) to work on /home/gabriel/Documents/Airflow/venv/lib/python3.10/site-packages/airflow/example_dags/example_short_circuit_decorator.py
[2024-03-05T20:52:44.025-0300] {processor.py:830} INFO - Processing file /home/gabriel/Documents/Airflow/venv/lib/python3.10/site-packages/airflow/example_dags/example_short_circuit_decorator.py for tasks to queue
[2024-03-05T20:52:44.025-0300] {logging_mixin.py:188} INFO - [2024-03-05T20:52:44.025-0300] {dagbag.py:540} INFO - Filling up the DagBag from /home/gabriel/Documents/Airflow/venv/lib/python3.10/site-packages/airflow/example_dags/example_short_circuit_decorator.py
[2024-03-05T20:52:44.046-0300] {processor.py:840} INFO - DAG(s) 'example_short_circuit_decorator' retrieved from /home/gabriel/Documents/Airflow/venv/lib/python3.10/site-packages/airflow/example_dags/example_short_circuit_decorator.py
[2024-03-05T20:52:44.186-0300] {logging_mixin.py:188} INFO - [2024-03-05T20:52:44.185-0300] {override.py:1769} INFO - Created Permission View: can read on DAG:example_short_circuit_decorator
[2024-03-05T20:52:44.205-0300] {logging_mixin.py:188} INFO - [2024-03-05T20:52:44.204-0300] {override.py:1769} INFO - Created Permission View: can delete on DAG:example_short_circuit_decorator
[2024-03-05T20:52:44.219-0300] {logging_mixin.py:188} INFO - [2024-03-05T20:52:44.218-0300] {override.py:1769} INFO - Created Permission View: can edit on DAG:example_short_circuit_decorator
[2024-03-05T20:52:44.219-0300] {logging_mixin.py:188} INFO - [2024-03-05T20:52:44.219-0300] {dag.py:3047} INFO - Sync 1 DAGs
[2024-03-05T20:52:44.237-0300] {logging_mixin.py:188} INFO - [2024-03-05T20:52:44.236-0300] {dag.py:3069} INFO - Creating ORM DAG for example_short_circuit_decorator
[2024-03-05T20:52:44.247-0300] {logging_mixin.py:188} INFO - [2024-03-05T20:52:44.246-0300] {dag.py:3834} INFO - Setting next_dagrun for example_short_circuit_decorator to 2024-03-04 00:00:00+00:00, run_after=2024-03-05 00:00:00+00:00
[2024-03-05T20:52:44.281-0300] {processor.py:183} INFO - Processing /home/gabriel/Documents/Airflow/venv/lib/python3.10/site-packages/airflow/example_dags/example_short_circuit_decorator.py took 0.297 seconds
[2024-03-05T20:53:52.470-0300] {processor.py:161} INFO - Started process (PID=23818) to work on /home/gabriel/Documents/Airflow/venv/lib/python3.10/site-packages/airflow/example_dags/example_short_circuit_decorator.py
[2024-03-05T20:53:52.472-0300] {processor.py:830} INFO - Processing file /home/gabriel/Documents/Airflow/venv/lib/python3.10/site-packages/airflow/example_dags/example_short_circuit_decorator.py for tasks to queue
[2024-03-05T20:53:52.473-0300] {logging_mixin.py:188} INFO - [2024-03-05T20:53:52.473-0300] {dagbag.py:540} INFO - Filling up the DagBag from /home/gabriel/Documents/Airflow/venv/lib/python3.10/site-packages/airflow/example_dags/example_short_circuit_decorator.py
[2024-03-05T20:53:52.479-0300] {processor.py:840} INFO - DAG(s) 'example_short_circuit_decorator' retrieved from /home/gabriel/Documents/Airflow/venv/lib/python3.10/site-packages/airflow/example_dags/example_short_circuit_decorator.py
[2024-03-05T20:53:52.492-0300] {logging_mixin.py:188} INFO - [2024-03-05T20:53:52.492-0300] {dag.py:3047} INFO - Sync 1 DAGs
[2024-03-05T20:53:52.509-0300] {logging_mixin.py:188} INFO - [2024-03-05T20:53:52.509-0300] {dag.py:3834} INFO - Setting next_dagrun for example_short_circuit_decorator to 2024-03-04 00:00:00+00:00, run_after=2024-03-05 00:00:00+00:00
[2024-03-05T20:53:52.531-0300] {processor.py:183} INFO - Processing /home/gabriel/Documents/Airflow/venv/lib/python3.10/site-packages/airflow/example_dags/example_short_circuit_decorator.py took 0.063 seconds
[2024-03-05T20:54:41.750-0300] {processor.py:161} INFO - Started process (PID=24295) to work on /home/gabriel/Documents/Airflow/venv/lib/python3.10/site-packages/airflow/example_dags/example_short_circuit_decorator.py
[2024-03-05T20:54:41.752-0300] {processor.py:830} INFO - Processing file /home/gabriel/Documents/Airflow/venv/lib/python3.10/site-packages/airflow/example_dags/example_short_circuit_decorator.py for tasks to queue
[2024-03-05T20:54:41.753-0300] {logging_mixin.py:188} INFO - [2024-03-05T20:54:41.753-0300] {dagbag.py:540} INFO - Filling up the DagBag from /home/gabriel/Documents/Airflow/venv/lib/python3.10/site-packages/airflow/example_dags/example_short_circuit_decorator.py
[2024-03-05T20:54:41.759-0300] {processor.py:840} INFO - DAG(s) 'example_short_circuit_decorator' retrieved from /home/gabriel/Documents/Airflow/venv/lib/python3.10/site-packages/airflow/example_dags/example_short_circuit_decorator.py
[2024-03-05T20:54:41.772-0300] {logging_mixin.py:188} INFO - [2024-03-05T20:54:41.772-0300] {dag.py:3047} INFO - Sync 1 DAGs
[2024-03-05T20:54:41.788-0300] {logging_mixin.py:188} INFO - [2024-03-05T20:54:41.788-0300] {dag.py:3834} INFO - Setting next_dagrun for example_short_circuit_decorator to 2024-03-04 00:00:00+00:00, run_after=2024-03-05 00:00:00+00:00
[2024-03-05T20:54:41.891-0300] {processor.py:183} INFO - Processing /home/gabriel/Documents/Airflow/venv/lib/python3.10/site-packages/airflow/example_dags/example_short_circuit_decorator.py took 0.143 seconds
[2024-03-05T20:55:20.715-0300] {processor.py:161} INFO - Started process (PID=24615) to work on /home/gabriel/Documents/Airflow/venv/lib/python3.10/site-packages/airflow/example_dags/example_short_circuit_decorator.py
[2024-03-05T20:55:20.716-0300] {processor.py:830} INFO - Processing file /home/gabriel/Documents/Airflow/venv/lib/python3.10/site-packages/airflow/example_dags/example_short_circuit_decorator.py for tasks to queue
[2024-03-05T20:55:20.718-0300] {logging_mixin.py:188} INFO - [2024-03-05T20:55:20.717-0300] {dagbag.py:540} INFO - Filling up the DagBag from /home/gabriel/Documents/Airflow/venv/lib/python3.10/site-packages/airflow/example_dags/example_short_circuit_decorator.py
[2024-03-05T20:55:20.725-0300] {processor.py:840} INFO - DAG(s) 'example_short_circuit_decorator' retrieved from /home/gabriel/Documents/Airflow/venv/lib/python3.10/site-packages/airflow/example_dags/example_short_circuit_decorator.py
[2024-03-05T20:55:20.739-0300] {logging_mixin.py:188} INFO - [2024-03-05T20:55:20.739-0300] {dag.py:3047} INFO - Sync 1 DAGs
[2024-03-05T20:55:20.839-0300] {logging_mixin.py:188} INFO - [2024-03-05T20:55:20.838-0300] {dag.py:3834} INFO - Setting next_dagrun for example_short_circuit_decorator to 2024-03-04 00:00:00+00:00, run_after=2024-03-05 00:00:00+00:00
[2024-03-05T20:55:20.859-0300] {processor.py:183} INFO - Processing /home/gabriel/Documents/Airflow/venv/lib/python3.10/site-packages/airflow/example_dags/example_short_circuit_decorator.py took 0.146 seconds
[2024-03-05T20:56:02.159-0300] {processor.py:161} INFO - Started process (PID=25199) to work on /home/gabriel/Documents/Airflow/venv/lib/python3.10/site-packages/airflow/example_dags/example_short_circuit_decorator.py
[2024-03-05T20:56:02.161-0300] {processor.py:830} INFO - Processing file /home/gabriel/Documents/Airflow/venv/lib/python3.10/site-packages/airflow/example_dags/example_short_circuit_decorator.py for tasks to queue
[2024-03-05T20:56:02.162-0300] {logging_mixin.py:188} INFO - [2024-03-05T20:56:02.162-0300] {dagbag.py:540} INFO - Filling up the DagBag from /home/gabriel/Documents/Airflow/venv/lib/python3.10/site-packages/airflow/example_dags/example_short_circuit_decorator.py
[2024-03-05T20:56:02.173-0300] {processor.py:840} INFO - DAG(s) 'example_short_circuit_decorator' retrieved from /home/gabriel/Documents/Airflow/venv/lib/python3.10/site-packages/airflow/example_dags/example_short_circuit_decorator.py
[2024-03-05T20:56:02.193-0300] {logging_mixin.py:188} INFO - [2024-03-05T20:56:02.193-0300] {dag.py:3047} INFO - Sync 1 DAGs
[2024-03-05T20:56:02.226-0300] {logging_mixin.py:188} INFO - [2024-03-05T20:56:02.225-0300] {dag.py:3834} INFO - Setting next_dagrun for example_short_circuit_decorator to 2024-03-04 00:00:00+00:00, run_after=2024-03-05 00:00:00+00:00
[2024-03-05T20:56:02.264-0300] {processor.py:183} INFO - Processing /home/gabriel/Documents/Airflow/venv/lib/python3.10/site-packages/airflow/example_dags/example_short_circuit_decorator.py took 0.108 seconds
[2024-03-05T20:56:49.321-0300] {processor.py:161} INFO - Started process (PID=25683) to work on /home/gabriel/Documents/Airflow/venv/lib/python3.10/site-packages/airflow/example_dags/example_short_circuit_decorator.py
[2024-03-05T20:56:49.322-0300] {processor.py:830} INFO - Processing file /home/gabriel/Documents/Airflow/venv/lib/python3.10/site-packages/airflow/example_dags/example_short_circuit_decorator.py for tasks to queue
[2024-03-05T20:56:49.323-0300] {logging_mixin.py:188} INFO - [2024-03-05T20:56:49.323-0300] {dagbag.py:540} INFO - Filling up the DagBag from /home/gabriel/Documents/Airflow/venv/lib/python3.10/site-packages/airflow/example_dags/example_short_circuit_decorator.py
[2024-03-05T20:56:49.330-0300] {processor.py:840} INFO - DAG(s) 'example_short_circuit_decorator' retrieved from /home/gabriel/Documents/Airflow/venv/lib/python3.10/site-packages/airflow/example_dags/example_short_circuit_decorator.py
[2024-03-05T20:56:49.342-0300] {logging_mixin.py:188} INFO - [2024-03-05T20:56:49.342-0300] {dag.py:3047} INFO - Sync 1 DAGs
[2024-03-05T20:56:49.358-0300] {logging_mixin.py:188} INFO - [2024-03-05T20:56:49.358-0300] {dag.py:3834} INFO - Setting next_dagrun for example_short_circuit_decorator to 2024-03-04 00:00:00+00:00, run_after=2024-03-05 00:00:00+00:00
[2024-03-05T20:56:49.379-0300] {processor.py:183} INFO - Processing /home/gabriel/Documents/Airflow/venv/lib/python3.10/site-packages/airflow/example_dags/example_short_circuit_decorator.py took 0.060 seconds
