[2024-03-05T20:52:34.352-0300] {processor.py:161} INFO - Started process (PID=22891) to work on /home/gabriel/Documents/Airflow/venv/lib/python3.10/site-packages/airflow/example_dags/example_xcom.py
[2024-03-05T20:52:34.385-0300] {processor.py:830} INFO - Processing file /home/gabriel/Documents/Airflow/venv/lib/python3.10/site-packages/airflow/example_dags/example_xcom.py for tasks to queue
[2024-03-05T20:52:34.395-0300] {logging_mixin.py:188} INFO - [2024-03-05T20:52:34.389-0300] {dagbag.py:540} INFO - Filling up the DagBag from /home/gabriel/Documents/Airflow/venv/lib/python3.10/site-packages/airflow/example_dags/example_xcom.py
[2024-03-05T20:52:34.518-0300] {processor.py:840} INFO - DAG(s) 'example_xcom' retrieved from /home/gabriel/Documents/Airflow/venv/lib/python3.10/site-packages/airflow/example_dags/example_xcom.py
[2024-03-05T20:52:34.733-0300] {logging_mixin.py:188} INFO - [2024-03-05T20:52:34.732-0300] {override.py:1769} INFO - Created Permission View: can read on DAG:example_xcom
[2024-03-05T20:52:34.757-0300] {logging_mixin.py:188} INFO - [2024-03-05T20:52:34.756-0300] {override.py:1769} INFO - Created Permission View: can delete on DAG:example_xcom
[2024-03-05T20:52:34.773-0300] {logging_mixin.py:188} INFO - [2024-03-05T20:52:34.773-0300] {override.py:1769} INFO - Created Permission View: can edit on DAG:example_xcom
[2024-03-05T20:52:34.774-0300] {logging_mixin.py:188} INFO - [2024-03-05T20:52:34.774-0300] {dag.py:3047} INFO - Sync 1 DAGs
[2024-03-05T20:52:34.814-0300] {logging_mixin.py:188} INFO - [2024-03-05T20:52:34.814-0300] {dag.py:3069} INFO - Creating ORM DAG for example_xcom
[2024-03-05T20:52:34.841-0300] {logging_mixin.py:188} INFO - [2024-03-05T20:52:34.841-0300] {dag.py:3834} INFO - Setting next_dagrun for example_xcom to 2021-01-01 00:00:00+00:00, run_after=2021-01-01 00:00:00+00:00
[2024-03-05T20:52:34.879-0300] {processor.py:183} INFO - Processing /home/gabriel/Documents/Airflow/venv/lib/python3.10/site-packages/airflow/example_dags/example_xcom.py took 0.665 seconds
[2024-03-05T20:53:48.041-0300] {processor.py:161} INFO - Started process (PID=23801) to work on /home/gabriel/Documents/Airflow/venv/lib/python3.10/site-packages/airflow/example_dags/example_xcom.py
[2024-03-05T20:53:48.042-0300] {processor.py:830} INFO - Processing file /home/gabriel/Documents/Airflow/venv/lib/python3.10/site-packages/airflow/example_dags/example_xcom.py for tasks to queue
[2024-03-05T20:53:48.044-0300] {logging_mixin.py:188} INFO - [2024-03-05T20:53:48.043-0300] {dagbag.py:540} INFO - Filling up the DagBag from /home/gabriel/Documents/Airflow/venv/lib/python3.10/site-packages/airflow/example_dags/example_xcom.py
[2024-03-05T20:53:48.051-0300] {processor.py:840} INFO - DAG(s) 'example_xcom' retrieved from /home/gabriel/Documents/Airflow/venv/lib/python3.10/site-packages/airflow/example_dags/example_xcom.py
[2024-03-05T20:53:48.063-0300] {logging_mixin.py:188} INFO - [2024-03-05T20:53:48.063-0300] {dag.py:3047} INFO - Sync 1 DAGs
[2024-03-05T20:53:48.081-0300] {logging_mixin.py:188} INFO - [2024-03-05T20:53:48.081-0300] {dag.py:3834} INFO - Setting next_dagrun for example_xcom to 2021-01-01 00:00:00+00:00, run_after=2021-01-01 00:00:00+00:00
[2024-03-05T20:53:48.104-0300] {processor.py:183} INFO - Processing /home/gabriel/Documents/Airflow/venv/lib/python3.10/site-packages/airflow/example_dags/example_xcom.py took 0.065 seconds
[2024-03-05T20:54:35.427-0300] {processor.py:161} INFO - Started process (PID=24212) to work on /home/gabriel/Documents/Airflow/venv/lib/python3.10/site-packages/airflow/example_dags/example_xcom.py
[2024-03-05T20:54:35.429-0300] {processor.py:830} INFO - Processing file /home/gabriel/Documents/Airflow/venv/lib/python3.10/site-packages/airflow/example_dags/example_xcom.py for tasks to queue
[2024-03-05T20:54:35.430-0300] {logging_mixin.py:188} INFO - [2024-03-05T20:54:35.430-0300] {dagbag.py:540} INFO - Filling up the DagBag from /home/gabriel/Documents/Airflow/venv/lib/python3.10/site-packages/airflow/example_dags/example_xcom.py
[2024-03-05T20:54:35.435-0300] {processor.py:840} INFO - DAG(s) 'example_xcom' retrieved from /home/gabriel/Documents/Airflow/venv/lib/python3.10/site-packages/airflow/example_dags/example_xcom.py
[2024-03-05T20:54:35.447-0300] {logging_mixin.py:188} INFO - [2024-03-05T20:54:35.447-0300] {dag.py:3047} INFO - Sync 1 DAGs
[2024-03-05T20:54:35.462-0300] {logging_mixin.py:188} INFO - [2024-03-05T20:54:35.462-0300] {dag.py:3834} INFO - Setting next_dagrun for example_xcom to 2021-01-01 00:00:00+00:00, run_after=2021-01-01 00:00:00+00:00
[2024-03-05T20:54:35.564-0300] {processor.py:183} INFO - Processing /home/gabriel/Documents/Airflow/venv/lib/python3.10/site-packages/airflow/example_dags/example_xcom.py took 0.139 seconds
[2024-03-05T20:55:15.465-0300] {processor.py:161} INFO - Started process (PID=24598) to work on /home/gabriel/Documents/Airflow/venv/lib/python3.10/site-packages/airflow/example_dags/example_xcom.py
[2024-03-05T20:55:15.466-0300] {processor.py:830} INFO - Processing file /home/gabriel/Documents/Airflow/venv/lib/python3.10/site-packages/airflow/example_dags/example_xcom.py for tasks to queue
[2024-03-05T20:55:15.467-0300] {logging_mixin.py:188} INFO - [2024-03-05T20:55:15.467-0300] {dagbag.py:540} INFO - Filling up the DagBag from /home/gabriel/Documents/Airflow/venv/lib/python3.10/site-packages/airflow/example_dags/example_xcom.py
[2024-03-05T20:55:15.473-0300] {processor.py:840} INFO - DAG(s) 'example_xcom' retrieved from /home/gabriel/Documents/Airflow/venv/lib/python3.10/site-packages/airflow/example_dags/example_xcom.py
[2024-03-05T20:55:15.486-0300] {logging_mixin.py:188} INFO - [2024-03-05T20:55:15.486-0300] {dag.py:3047} INFO - Sync 1 DAGs
[2024-03-05T20:55:15.587-0300] {logging_mixin.py:188} INFO - [2024-03-05T20:55:15.587-0300] {dag.py:3834} INFO - Setting next_dagrun for example_xcom to 2021-01-01 00:00:00+00:00, run_after=2021-01-01 00:00:00+00:00
[2024-03-05T20:55:15.608-0300] {processor.py:183} INFO - Processing /home/gabriel/Documents/Airflow/venv/lib/python3.10/site-packages/airflow/example_dags/example_xcom.py took 0.146 seconds
[2024-03-05T20:55:56.617-0300] {processor.py:161} INFO - Started process (PID=25087) to work on /home/gabriel/Documents/Airflow/venv/lib/python3.10/site-packages/airflow/example_dags/example_xcom.py
[2024-03-05T20:55:56.619-0300] {processor.py:830} INFO - Processing file /home/gabriel/Documents/Airflow/venv/lib/python3.10/site-packages/airflow/example_dags/example_xcom.py for tasks to queue
[2024-03-05T20:55:56.620-0300] {logging_mixin.py:188} INFO - [2024-03-05T20:55:56.619-0300] {dagbag.py:540} INFO - Filling up the DagBag from /home/gabriel/Documents/Airflow/venv/lib/python3.10/site-packages/airflow/example_dags/example_xcom.py
[2024-03-05T20:55:56.626-0300] {processor.py:840} INFO - DAG(s) 'example_xcom' retrieved from /home/gabriel/Documents/Airflow/venv/lib/python3.10/site-packages/airflow/example_dags/example_xcom.py
[2024-03-05T20:55:56.641-0300] {logging_mixin.py:188} INFO - [2024-03-05T20:55:56.641-0300] {dag.py:3047} INFO - Sync 1 DAGs
[2024-03-05T20:55:56.660-0300] {logging_mixin.py:188} INFO - [2024-03-05T20:55:56.659-0300] {dag.py:3834} INFO - Setting next_dagrun for example_xcom to 2021-01-01 00:00:00+00:00, run_after=2021-01-01 00:00:00+00:00
[2024-03-05T20:55:56.684-0300] {processor.py:183} INFO - Processing /home/gabriel/Documents/Airflow/venv/lib/python3.10/site-packages/airflow/example_dags/example_xcom.py took 0.069 seconds
[2024-03-05T20:56:34.180-0300] {processor.py:161} INFO - Started process (PID=25432) to work on /home/gabriel/Documents/Airflow/venv/lib/python3.10/site-packages/airflow/example_dags/example_xcom.py
[2024-03-05T20:56:34.181-0300] {processor.py:830} INFO - Processing file /home/gabriel/Documents/Airflow/venv/lib/python3.10/site-packages/airflow/example_dags/example_xcom.py for tasks to queue
[2024-03-05T20:56:34.182-0300] {logging_mixin.py:188} INFO - [2024-03-05T20:56:34.182-0300] {dagbag.py:540} INFO - Filling up the DagBag from /home/gabriel/Documents/Airflow/venv/lib/python3.10/site-packages/airflow/example_dags/example_xcom.py
[2024-03-05T20:56:34.190-0300] {processor.py:840} INFO - DAG(s) 'example_xcom' retrieved from /home/gabriel/Documents/Airflow/venv/lib/python3.10/site-packages/airflow/example_dags/example_xcom.py
[2024-03-05T20:56:34.203-0300] {logging_mixin.py:188} INFO - [2024-03-05T20:56:34.202-0300] {dag.py:3047} INFO - Sync 1 DAGs
[2024-03-05T20:56:34.221-0300] {logging_mixin.py:188} INFO - [2024-03-05T20:56:34.221-0300] {dag.py:3834} INFO - Setting next_dagrun for example_xcom to 2021-01-01 00:00:00+00:00, run_after=2021-01-01 00:00:00+00:00
[2024-03-05T20:56:34.246-0300] {processor.py:183} INFO - Processing /home/gabriel/Documents/Airflow/venv/lib/python3.10/site-packages/airflow/example_dags/example_xcom.py took 0.068 seconds
[2024-03-05T20:57:09.923-0300] {processor.py:161} INFO - Started process (PID=25752) to work on /home/gabriel/Documents/Airflow/venv/lib/python3.10/site-packages/airflow/example_dags/example_xcom.py
[2024-03-05T20:57:09.925-0300] {processor.py:830} INFO - Processing file /home/gabriel/Documents/Airflow/venv/lib/python3.10/site-packages/airflow/example_dags/example_xcom.py for tasks to queue
[2024-03-05T20:57:09.926-0300] {logging_mixin.py:188} INFO - [2024-03-05T20:57:09.926-0300] {dagbag.py:540} INFO - Filling up the DagBag from /home/gabriel/Documents/Airflow/venv/lib/python3.10/site-packages/airflow/example_dags/example_xcom.py
[2024-03-05T20:57:09.933-0300] {processor.py:840} INFO - DAG(s) 'example_xcom' retrieved from /home/gabriel/Documents/Airflow/venv/lib/python3.10/site-packages/airflow/example_dags/example_xcom.py
[2024-03-05T20:57:09.948-0300] {logging_mixin.py:188} INFO - [2024-03-05T20:57:09.947-0300] {dag.py:3047} INFO - Sync 1 DAGs
[2024-03-05T20:57:09.962-0300] {logging_mixin.py:188} INFO - [2024-03-05T20:57:09.962-0300] {dag.py:3834} INFO - Setting next_dagrun for example_xcom to 2021-01-01 00:00:00+00:00, run_after=2021-01-01 00:00:00+00:00
[2024-03-05T20:57:09.983-0300] {processor.py:183} INFO - Processing /home/gabriel/Documents/Airflow/venv/lib/python3.10/site-packages/airflow/example_dags/example_xcom.py took 0.061 seconds
