[2024-03-05T20:53:27.048-0300] {processor.py:161} INFO - Started process (PID=23458) to work on /home/gabriel/Documents/Airflow/venv/lib/python3.10/site-packages/airflow/example_dags/example_branch_day_of_week_operator.py
[2024-03-05T20:53:27.050-0300] {processor.py:830} INFO - Processing file /home/gabriel/Documents/Airflow/venv/lib/python3.10/site-packages/airflow/example_dags/example_branch_day_of_week_operator.py for tasks to queue
[2024-03-05T20:53:27.051-0300] {logging_mixin.py:188} INFO - [2024-03-05T20:53:27.051-0300] {dagbag.py:540} INFO - Filling up the DagBag from /home/gabriel/Documents/Airflow/venv/lib/python3.10/site-packages/airflow/example_dags/example_branch_day_of_week_operator.py
[2024-03-05T20:53:27.060-0300] {processor.py:840} INFO - DAG(s) 'example_weekday_branch_operator' retrieved from /home/gabriel/Documents/Airflow/venv/lib/python3.10/site-packages/airflow/example_dags/example_branch_day_of_week_operator.py
[2024-03-05T20:53:27.192-0300] {logging_mixin.py:188} INFO - [2024-03-05T20:53:27.191-0300] {override.py:1769} INFO - Created Permission View: can read on DAG:example_weekday_branch_operator
[2024-03-05T20:53:27.208-0300] {logging_mixin.py:188} INFO - [2024-03-05T20:53:27.207-0300] {override.py:1769} INFO - Created Permission View: can delete on DAG:example_weekday_branch_operator
[2024-03-05T20:53:27.219-0300] {logging_mixin.py:188} INFO - [2024-03-05T20:53:27.219-0300] {override.py:1769} INFO - Created Permission View: can edit on DAG:example_weekday_branch_operator
[2024-03-05T20:53:27.220-0300] {logging_mixin.py:188} INFO - [2024-03-05T20:53:27.219-0300] {dag.py:3047} INFO - Sync 1 DAGs
[2024-03-05T20:53:27.228-0300] {logging_mixin.py:188} INFO - [2024-03-05T20:53:27.228-0300] {dag.py:3069} INFO - Creating ORM DAG for example_weekday_branch_operator
[2024-03-05T20:53:27.239-0300] {logging_mixin.py:188} INFO - [2024-03-05T20:53:27.239-0300] {dag.py:3834} INFO - Setting next_dagrun for example_weekday_branch_operator to 2024-03-04 00:00:00+00:00, run_after=2024-03-05 00:00:00+00:00
[2024-03-05T20:53:27.387-0300] {processor.py:183} INFO - Processing /home/gabriel/Documents/Airflow/venv/lib/python3.10/site-packages/airflow/example_dags/example_branch_day_of_week_operator.py took 0.342 seconds
[2024-03-05T20:54:21.349-0300] {processor.py:161} INFO - Started process (PID=24106) to work on /home/gabriel/Documents/Airflow/venv/lib/python3.10/site-packages/airflow/example_dags/example_branch_day_of_week_operator.py
[2024-03-05T20:54:21.351-0300] {processor.py:830} INFO - Processing file /home/gabriel/Documents/Airflow/venv/lib/python3.10/site-packages/airflow/example_dags/example_branch_day_of_week_operator.py for tasks to queue
[2024-03-05T20:54:21.352-0300] {logging_mixin.py:188} INFO - [2024-03-05T20:54:21.352-0300] {dagbag.py:540} INFO - Filling up the DagBag from /home/gabriel/Documents/Airflow/venv/lib/python3.10/site-packages/airflow/example_dags/example_branch_day_of_week_operator.py
[2024-03-05T20:54:21.359-0300] {processor.py:840} INFO - DAG(s) 'example_weekday_branch_operator' retrieved from /home/gabriel/Documents/Airflow/venv/lib/python3.10/site-packages/airflow/example_dags/example_branch_day_of_week_operator.py
[2024-03-05T20:54:21.373-0300] {logging_mixin.py:188} INFO - [2024-03-05T20:54:21.373-0300] {dag.py:3047} INFO - Sync 1 DAGs
[2024-03-05T20:54:21.393-0300] {logging_mixin.py:188} INFO - [2024-03-05T20:54:21.393-0300] {dag.py:3834} INFO - Setting next_dagrun for example_weekday_branch_operator to 2024-03-04 00:00:00+00:00, run_after=2024-03-05 00:00:00+00:00
[2024-03-05T20:54:21.425-0300] {processor.py:183} INFO - Processing /home/gabriel/Documents/Airflow/venv/lib/python3.10/site-packages/airflow/example_dags/example_branch_day_of_week_operator.py took 0.078 seconds
[2024-03-05T20:55:11.740-0300] {processor.py:161} INFO - Started process (PID=24589) to work on /home/gabriel/Documents/Airflow/venv/lib/python3.10/site-packages/airflow/example_dags/example_branch_day_of_week_operator.py
[2024-03-05T20:55:11.741-0300] {processor.py:830} INFO - Processing file /home/gabriel/Documents/Airflow/venv/lib/python3.10/site-packages/airflow/example_dags/example_branch_day_of_week_operator.py for tasks to queue
[2024-03-05T20:55:11.743-0300] {logging_mixin.py:188} INFO - [2024-03-05T20:55:11.742-0300] {dagbag.py:540} INFO - Filling up the DagBag from /home/gabriel/Documents/Airflow/venv/lib/python3.10/site-packages/airflow/example_dags/example_branch_day_of_week_operator.py
[2024-03-05T20:55:11.754-0300] {processor.py:840} INFO - DAG(s) 'example_weekday_branch_operator' retrieved from /home/gabriel/Documents/Airflow/venv/lib/python3.10/site-packages/airflow/example_dags/example_branch_day_of_week_operator.py
[2024-03-05T20:55:11.770-0300] {logging_mixin.py:188} INFO - [2024-03-05T20:55:11.770-0300] {dag.py:3047} INFO - Sync 1 DAGs
[2024-03-05T20:55:11.909-0300] {logging_mixin.py:188} INFO - [2024-03-05T20:55:11.908-0300] {dag.py:3834} INFO - Setting next_dagrun for example_weekday_branch_operator to 2024-03-04 00:00:00+00:00, run_after=2024-03-05 00:00:00+00:00
[2024-03-05T20:55:11.931-0300] {processor.py:183} INFO - Processing /home/gabriel/Documents/Airflow/venv/lib/python3.10/site-packages/airflow/example_dags/example_branch_day_of_week_operator.py took 0.193 seconds
[2024-03-05T20:56:10.172-0300] {processor.py:161} INFO - Started process (PID=25225) to work on /home/gabriel/Documents/Airflow/venv/lib/python3.10/site-packages/airflow/example_dags/example_branch_day_of_week_operator.py
[2024-03-05T20:56:10.174-0300] {processor.py:830} INFO - Processing file /home/gabriel/Documents/Airflow/venv/lib/python3.10/site-packages/airflow/example_dags/example_branch_day_of_week_operator.py for tasks to queue
[2024-03-05T20:56:10.175-0300] {logging_mixin.py:188} INFO - [2024-03-05T20:56:10.175-0300] {dagbag.py:540} INFO - Filling up the DagBag from /home/gabriel/Documents/Airflow/venv/lib/python3.10/site-packages/airflow/example_dags/example_branch_day_of_week_operator.py
[2024-03-05T20:56:10.182-0300] {processor.py:840} INFO - DAG(s) 'example_weekday_branch_operator' retrieved from /home/gabriel/Documents/Airflow/venv/lib/python3.10/site-packages/airflow/example_dags/example_branch_day_of_week_operator.py
[2024-03-05T20:56:10.197-0300] {logging_mixin.py:188} INFO - [2024-03-05T20:56:10.196-0300] {dag.py:3047} INFO - Sync 1 DAGs
[2024-03-05T20:56:10.216-0300] {logging_mixin.py:188} INFO - [2024-03-05T20:56:10.216-0300] {dag.py:3834} INFO - Setting next_dagrun for example_weekday_branch_operator to 2024-03-04 00:00:00+00:00, run_after=2024-03-05 00:00:00+00:00
[2024-03-05T20:56:10.240-0300] {processor.py:183} INFO - Processing /home/gabriel/Documents/Airflow/venv/lib/python3.10/site-packages/airflow/example_dags/example_branch_day_of_week_operator.py took 0.069 seconds
[2024-03-05T20:57:03.319-0300] {processor.py:161} INFO - Started process (PID=25728) to work on /home/gabriel/Documents/Airflow/venv/lib/python3.10/site-packages/airflow/example_dags/example_branch_day_of_week_operator.py
[2024-03-05T20:57:03.321-0300] {processor.py:830} INFO - Processing file /home/gabriel/Documents/Airflow/venv/lib/python3.10/site-packages/airflow/example_dags/example_branch_day_of_week_operator.py for tasks to queue
[2024-03-05T20:57:03.322-0300] {logging_mixin.py:188} INFO - [2024-03-05T20:57:03.322-0300] {dagbag.py:540} INFO - Filling up the DagBag from /home/gabriel/Documents/Airflow/venv/lib/python3.10/site-packages/airflow/example_dags/example_branch_day_of_week_operator.py
[2024-03-05T20:57:03.328-0300] {processor.py:840} INFO - DAG(s) 'example_weekday_branch_operator' retrieved from /home/gabriel/Documents/Airflow/venv/lib/python3.10/site-packages/airflow/example_dags/example_branch_day_of_week_operator.py
[2024-03-05T20:57:03.341-0300] {logging_mixin.py:188} INFO - [2024-03-05T20:57:03.341-0300] {dag.py:3047} INFO - Sync 1 DAGs
[2024-03-05T20:57:03.358-0300] {logging_mixin.py:188} INFO - [2024-03-05T20:57:03.357-0300] {dag.py:3834} INFO - Setting next_dagrun for example_weekday_branch_operator to 2024-03-04 00:00:00+00:00, run_after=2024-03-05 00:00:00+00:00
[2024-03-05T20:57:03.378-0300] {processor.py:183} INFO - Processing /home/gabriel/Documents/Airflow/venv/lib/python3.10/site-packages/airflow/example_dags/example_branch_day_of_week_operator.py took 0.062 seconds
