[2024-03-05T20:53:42.026-0300] {processor.py:161} INFO - Started process (PID=23687) to work on /home/gabriel/Documents/Airflow/venv/lib/python3.10/site-packages/airflow/example_dags/example_setup_teardown_taskflow.py
[2024-03-05T20:53:42.027-0300] {processor.py:830} INFO - Processing file /home/gabriel/Documents/Airflow/venv/lib/python3.10/site-packages/airflow/example_dags/example_setup_teardown_taskflow.py for tasks to queue
[2024-03-05T20:53:42.027-0300] {logging_mixin.py:188} INFO - [2024-03-05T20:53:42.027-0300] {dagbag.py:540} INFO - Filling up the DagBag from /home/gabriel/Documents/Airflow/venv/lib/python3.10/site-packages/airflow/example_dags/example_setup_teardown_taskflow.py
[2024-03-05T20:53:42.035-0300] {processor.py:840} INFO - DAG(s) 'example_setup_teardown_taskflow' retrieved from /home/gabriel/Documents/Airflow/venv/lib/python3.10/site-packages/airflow/example_dags/example_setup_teardown_taskflow.py
[2024-03-05T20:53:42.141-0300] {logging_mixin.py:188} INFO - [2024-03-05T20:53:42.141-0300] {override.py:1769} INFO - Created Permission View: can read on DAG:example_setup_teardown_taskflow
[2024-03-05T20:53:42.154-0300] {logging_mixin.py:188} INFO - [2024-03-05T20:53:42.154-0300] {override.py:1769} INFO - Created Permission View: can delete on DAG:example_setup_teardown_taskflow
[2024-03-05T20:53:42.169-0300] {logging_mixin.py:188} INFO - [2024-03-05T20:53:42.168-0300] {override.py:1769} INFO - Created Permission View: can edit on DAG:example_setup_teardown_taskflow
[2024-03-05T20:53:42.170-0300] {logging_mixin.py:188} INFO - [2024-03-05T20:53:42.170-0300] {dag.py:3047} INFO - Sync 1 DAGs
[2024-03-05T20:53:42.314-0300] {logging_mixin.py:188} INFO - [2024-03-05T20:53:42.314-0300] {dag.py:3069} INFO - Creating ORM DAG for example_setup_teardown_taskflow
[2024-03-05T20:53:42.332-0300] {logging_mixin.py:188} INFO - [2024-03-05T20:53:42.331-0300] {dag.py:3834} INFO - Setting next_dagrun for example_setup_teardown_taskflow to 2024-03-04 00:00:00+00:00, run_after=2024-03-05 00:00:00+00:00
[2024-03-05T20:53:42.378-0300] {processor.py:183} INFO - Processing /home/gabriel/Documents/Airflow/venv/lib/python3.10/site-packages/airflow/example_dags/example_setup_teardown_taskflow.py took 0.354 seconds
[2024-03-05T20:54:30.757-0300] {processor.py:161} INFO - Started process (PID=24140) to work on /home/gabriel/Documents/Airflow/venv/lib/python3.10/site-packages/airflow/example_dags/example_setup_teardown_taskflow.py
[2024-03-05T20:54:30.759-0300] {processor.py:830} INFO - Processing file /home/gabriel/Documents/Airflow/venv/lib/python3.10/site-packages/airflow/example_dags/example_setup_teardown_taskflow.py for tasks to queue
[2024-03-05T20:54:30.760-0300] {logging_mixin.py:188} INFO - [2024-03-05T20:54:30.759-0300] {dagbag.py:540} INFO - Filling up the DagBag from /home/gabriel/Documents/Airflow/venv/lib/python3.10/site-packages/airflow/example_dags/example_setup_teardown_taskflow.py
[2024-03-05T20:54:30.768-0300] {processor.py:840} INFO - DAG(s) 'example_setup_teardown_taskflow' retrieved from /home/gabriel/Documents/Airflow/venv/lib/python3.10/site-packages/airflow/example_dags/example_setup_teardown_taskflow.py
[2024-03-05T20:54:30.781-0300] {logging_mixin.py:188} INFO - [2024-03-05T20:54:30.780-0300] {dag.py:3047} INFO - Sync 1 DAGs
[2024-03-05T20:54:30.797-0300] {logging_mixin.py:188} INFO - [2024-03-05T20:54:30.797-0300] {dag.py:3834} INFO - Setting next_dagrun for example_setup_teardown_taskflow to 2024-03-04 00:00:00+00:00, run_after=2024-03-05 00:00:00+00:00
[2024-03-05T20:54:30.820-0300] {processor.py:183} INFO - Processing /home/gabriel/Documents/Airflow/venv/lib/python3.10/site-packages/airflow/example_dags/example_setup_teardown_taskflow.py took 0.065 seconds
[2024-03-05T20:55:30.898-0300] {processor.py:161} INFO - Started process (PID=24741) to work on /home/gabriel/Documents/Airflow/venv/lib/python3.10/site-packages/airflow/example_dags/example_setup_teardown_taskflow.py
[2024-03-05T20:55:30.900-0300] {processor.py:830} INFO - Processing file /home/gabriel/Documents/Airflow/venv/lib/python3.10/site-packages/airflow/example_dags/example_setup_teardown_taskflow.py for tasks to queue
[2024-03-05T20:55:30.901-0300] {logging_mixin.py:188} INFO - [2024-03-05T20:55:30.900-0300] {dagbag.py:540} INFO - Filling up the DagBag from /home/gabriel/Documents/Airflow/venv/lib/python3.10/site-packages/airflow/example_dags/example_setup_teardown_taskflow.py
[2024-03-05T20:55:31.026-0300] {processor.py:840} INFO - DAG(s) 'example_setup_teardown_taskflow' retrieved from /home/gabriel/Documents/Airflow/venv/lib/python3.10/site-packages/airflow/example_dags/example_setup_teardown_taskflow.py
[2024-03-05T20:55:31.040-0300] {logging_mixin.py:188} INFO - [2024-03-05T20:55:31.040-0300] {dag.py:3047} INFO - Sync 1 DAGs
[2024-03-05T20:55:31.061-0300] {logging_mixin.py:188} INFO - [2024-03-05T20:55:31.061-0300] {dag.py:3834} INFO - Setting next_dagrun for example_setup_teardown_taskflow to 2024-03-04 00:00:00+00:00, run_after=2024-03-05 00:00:00+00:00
[2024-03-05T20:55:31.088-0300] {processor.py:183} INFO - Processing /home/gabriel/Documents/Airflow/venv/lib/python3.10/site-packages/airflow/example_dags/example_setup_teardown_taskflow.py took 0.192 seconds
[2024-03-05T20:56:29.346-0300] {processor.py:161} INFO - Started process (PID=25355) to work on /home/gabriel/Documents/Airflow/venv/lib/python3.10/site-packages/airflow/example_dags/example_setup_teardown_taskflow.py
[2024-03-05T20:56:29.348-0300] {processor.py:830} INFO - Processing file /home/gabriel/Documents/Airflow/venv/lib/python3.10/site-packages/airflow/example_dags/example_setup_teardown_taskflow.py for tasks to queue
[2024-03-05T20:56:29.350-0300] {logging_mixin.py:188} INFO - [2024-03-05T20:56:29.349-0300] {dagbag.py:540} INFO - Filling up the DagBag from /home/gabriel/Documents/Airflow/venv/lib/python3.10/site-packages/airflow/example_dags/example_setup_teardown_taskflow.py
[2024-03-05T20:56:29.362-0300] {processor.py:840} INFO - DAG(s) 'example_setup_teardown_taskflow' retrieved from /home/gabriel/Documents/Airflow/venv/lib/python3.10/site-packages/airflow/example_dags/example_setup_teardown_taskflow.py
[2024-03-05T20:56:29.387-0300] {logging_mixin.py:188} INFO - [2024-03-05T20:56:29.387-0300] {dag.py:3047} INFO - Sync 1 DAGs
[2024-03-05T20:56:29.418-0300] {logging_mixin.py:188} INFO - [2024-03-05T20:56:29.417-0300] {dag.py:3834} INFO - Setting next_dagrun for example_setup_teardown_taskflow to 2024-03-04 00:00:00+00:00, run_after=2024-03-05 00:00:00+00:00
[2024-03-05T20:56:29.446-0300] {processor.py:183} INFO - Processing /home/gabriel/Documents/Airflow/venv/lib/python3.10/site-packages/airflow/example_dags/example_setup_teardown_taskflow.py took 0.104 seconds
