[2024-03-05T20:52:41.407-0300] {processor.py:161} INFO - Started process (PID=22995) to work on /home/gabriel/Documents/Airflow/venv/lib/python3.10/site-packages/airflow/example_dags/example_task_group_decorator.py
[2024-03-05T20:52:41.408-0300] {processor.py:830} INFO - Processing file /home/gabriel/Documents/Airflow/venv/lib/python3.10/site-packages/airflow/example_dags/example_task_group_decorator.py for tasks to queue
[2024-03-05T20:52:41.409-0300] {logging_mixin.py:188} INFO - [2024-03-05T20:52:41.408-0300] {dagbag.py:540} INFO - Filling up the DagBag from /home/gabriel/Documents/Airflow/venv/lib/python3.10/site-packages/airflow/example_dags/example_task_group_decorator.py
[2024-03-05T20:52:41.421-0300] {processor.py:840} INFO - DAG(s) 'example_task_group_decorator' retrieved from /home/gabriel/Documents/Airflow/venv/lib/python3.10/site-packages/airflow/example_dags/example_task_group_decorator.py
[2024-03-05T20:52:41.506-0300] {logging_mixin.py:188} INFO - [2024-03-05T20:52:41.505-0300] {override.py:1769} INFO - Created Permission View: can read on DAG:example_task_group_decorator
[2024-03-05T20:52:41.517-0300] {logging_mixin.py:188} INFO - [2024-03-05T20:52:41.516-0300] {override.py:1769} INFO - Created Permission View: can delete on DAG:example_task_group_decorator
[2024-03-05T20:52:41.526-0300] {logging_mixin.py:188} INFO - [2024-03-05T20:52:41.525-0300] {override.py:1769} INFO - Created Permission View: can edit on DAG:example_task_group_decorator
[2024-03-05T20:52:41.526-0300] {logging_mixin.py:188} INFO - [2024-03-05T20:52:41.526-0300] {dag.py:3047} INFO - Sync 1 DAGs
[2024-03-05T20:52:41.541-0300] {logging_mixin.py:188} INFO - [2024-03-05T20:52:41.541-0300] {dag.py:3069} INFO - Creating ORM DAG for example_task_group_decorator
[2024-03-05T20:52:41.547-0300] {logging_mixin.py:188} INFO - [2024-03-05T20:52:41.547-0300] {dag.py:3834} INFO - Setting next_dagrun for example_task_group_decorator to 2024-03-04 00:00:00+00:00, run_after=2024-03-05 00:00:00+00:00
[2024-03-05T20:52:41.578-0300] {processor.py:183} INFO - Processing /home/gabriel/Documents/Airflow/venv/lib/python3.10/site-packages/airflow/example_dags/example_task_group_decorator.py took 0.173 seconds
[2024-03-05T20:53:50.967-0300] {processor.py:161} INFO - Started process (PID=23810) to work on /home/gabriel/Documents/Airflow/venv/lib/python3.10/site-packages/airflow/example_dags/example_task_group_decorator.py
[2024-03-05T20:53:50.969-0300] {processor.py:830} INFO - Processing file /home/gabriel/Documents/Airflow/venv/lib/python3.10/site-packages/airflow/example_dags/example_task_group_decorator.py for tasks to queue
[2024-03-05T20:53:50.970-0300] {logging_mixin.py:188} INFO - [2024-03-05T20:53:50.969-0300] {dagbag.py:540} INFO - Filling up the DagBag from /home/gabriel/Documents/Airflow/venv/lib/python3.10/site-packages/airflow/example_dags/example_task_group_decorator.py
[2024-03-05T20:53:50.982-0300] {processor.py:840} INFO - DAG(s) 'example_task_group_decorator' retrieved from /home/gabriel/Documents/Airflow/venv/lib/python3.10/site-packages/airflow/example_dags/example_task_group_decorator.py
[2024-03-05T20:53:50.998-0300] {logging_mixin.py:188} INFO - [2024-03-05T20:53:50.998-0300] {dag.py:3047} INFO - Sync 1 DAGs
[2024-03-05T20:53:51.014-0300] {logging_mixin.py:188} INFO - [2024-03-05T20:53:51.014-0300] {dag.py:3834} INFO - Setting next_dagrun for example_task_group_decorator to 2024-03-04 00:00:00+00:00, run_after=2024-03-05 00:00:00+00:00
[2024-03-05T20:53:51.038-0300] {processor.py:183} INFO - Processing /home/gabriel/Documents/Airflow/venv/lib/python3.10/site-packages/airflow/example_dags/example_task_group_decorator.py took 0.074 seconds
[2024-03-05T20:54:39.165-0300] {processor.py:161} INFO - Started process (PID=24227) to work on /home/gabriel/Documents/Airflow/venv/lib/python3.10/site-packages/airflow/example_dags/example_task_group_decorator.py
[2024-03-05T20:54:39.167-0300] {processor.py:830} INFO - Processing file /home/gabriel/Documents/Airflow/venv/lib/python3.10/site-packages/airflow/example_dags/example_task_group_decorator.py for tasks to queue
[2024-03-05T20:54:39.168-0300] {logging_mixin.py:188} INFO - [2024-03-05T20:54:39.168-0300] {dagbag.py:540} INFO - Filling up the DagBag from /home/gabriel/Documents/Airflow/venv/lib/python3.10/site-packages/airflow/example_dags/example_task_group_decorator.py
[2024-03-05T20:54:39.179-0300] {processor.py:840} INFO - DAG(s) 'example_task_group_decorator' retrieved from /home/gabriel/Documents/Airflow/venv/lib/python3.10/site-packages/airflow/example_dags/example_task_group_decorator.py
[2024-03-05T20:54:39.195-0300] {logging_mixin.py:188} INFO - [2024-03-05T20:54:39.195-0300] {dag.py:3047} INFO - Sync 1 DAGs
[2024-03-05T20:54:39.214-0300] {logging_mixin.py:188} INFO - [2024-03-05T20:54:39.214-0300] {dag.py:3834} INFO - Setting next_dagrun for example_task_group_decorator to 2024-03-04 00:00:00+00:00, run_after=2024-03-05 00:00:00+00:00
[2024-03-05T20:54:39.365-0300] {processor.py:183} INFO - Processing /home/gabriel/Documents/Airflow/venv/lib/python3.10/site-packages/airflow/example_dags/example_task_group_decorator.py took 0.202 seconds
[2024-03-05T20:55:18.236-0300] {processor.py:161} INFO - Started process (PID=24607) to work on /home/gabriel/Documents/Airflow/venv/lib/python3.10/site-packages/airflow/example_dags/example_task_group_decorator.py
[2024-03-05T20:55:18.238-0300] {processor.py:830} INFO - Processing file /home/gabriel/Documents/Airflow/venv/lib/python3.10/site-packages/airflow/example_dags/example_task_group_decorator.py for tasks to queue
[2024-03-05T20:55:18.239-0300] {logging_mixin.py:188} INFO - [2024-03-05T20:55:18.239-0300] {dagbag.py:540} INFO - Filling up the DagBag from /home/gabriel/Documents/Airflow/venv/lib/python3.10/site-packages/airflow/example_dags/example_task_group_decorator.py
[2024-03-05T20:55:18.250-0300] {processor.py:840} INFO - DAG(s) 'example_task_group_decorator' retrieved from /home/gabriel/Documents/Airflow/venv/lib/python3.10/site-packages/airflow/example_dags/example_task_group_decorator.py
[2024-03-05T20:55:18.364-0300] {logging_mixin.py:188} INFO - [2024-03-05T20:55:18.364-0300] {dag.py:3047} INFO - Sync 1 DAGs
[2024-03-05T20:55:18.380-0300] {logging_mixin.py:188} INFO - [2024-03-05T20:55:18.380-0300] {dag.py:3834} INFO - Setting next_dagrun for example_task_group_decorator to 2024-03-04 00:00:00+00:00, run_after=2024-03-05 00:00:00+00:00
[2024-03-05T20:55:18.400-0300] {processor.py:183} INFO - Processing /home/gabriel/Documents/Airflow/venv/lib/python3.10/site-packages/airflow/example_dags/example_task_group_decorator.py took 0.166 seconds
[2024-03-05T20:55:59.766-0300] {processor.py:161} INFO - Started process (PID=25131) to work on /home/gabriel/Documents/Airflow/venv/lib/python3.10/site-packages/airflow/example_dags/example_task_group_decorator.py
[2024-03-05T20:55:59.767-0300] {processor.py:830} INFO - Processing file /home/gabriel/Documents/Airflow/venv/lib/python3.10/site-packages/airflow/example_dags/example_task_group_decorator.py for tasks to queue
[2024-03-05T20:55:59.769-0300] {logging_mixin.py:188} INFO - [2024-03-05T20:55:59.768-0300] {dagbag.py:540} INFO - Filling up the DagBag from /home/gabriel/Documents/Airflow/venv/lib/python3.10/site-packages/airflow/example_dags/example_task_group_decorator.py
[2024-03-05T20:55:59.782-0300] {processor.py:840} INFO - DAG(s) 'example_task_group_decorator' retrieved from /home/gabriel/Documents/Airflow/venv/lib/python3.10/site-packages/airflow/example_dags/example_task_group_decorator.py
[2024-03-05T20:55:59.799-0300] {logging_mixin.py:188} INFO - [2024-03-05T20:55:59.799-0300] {dag.py:3047} INFO - Sync 1 DAGs
[2024-03-05T20:55:59.822-0300] {logging_mixin.py:188} INFO - [2024-03-05T20:55:59.821-0300] {dag.py:3834} INFO - Setting next_dagrun for example_task_group_decorator to 2024-03-04 00:00:00+00:00, run_after=2024-03-05 00:00:00+00:00
[2024-03-05T20:55:59.847-0300] {processor.py:183} INFO - Processing /home/gabriel/Documents/Airflow/venv/lib/python3.10/site-packages/airflow/example_dags/example_task_group_decorator.py took 0.084 seconds
[2024-03-05T20:56:36.067-0300] {processor.py:161} INFO - Started process (PID=25441) to work on /home/gabriel/Documents/Airflow/venv/lib/python3.10/site-packages/airflow/example_dags/example_task_group_decorator.py
[2024-03-05T20:56:36.069-0300] {processor.py:830} INFO - Processing file /home/gabriel/Documents/Airflow/venv/lib/python3.10/site-packages/airflow/example_dags/example_task_group_decorator.py for tasks to queue
[2024-03-05T20:56:36.071-0300] {logging_mixin.py:188} INFO - [2024-03-05T20:56:36.070-0300] {dagbag.py:540} INFO - Filling up the DagBag from /home/gabriel/Documents/Airflow/venv/lib/python3.10/site-packages/airflow/example_dags/example_task_group_decorator.py
[2024-03-05T20:56:36.080-0300] {processor.py:840} INFO - DAG(s) 'example_task_group_decorator' retrieved from /home/gabriel/Documents/Airflow/venv/lib/python3.10/site-packages/airflow/example_dags/example_task_group_decorator.py
[2024-03-05T20:56:36.095-0300] {logging_mixin.py:188} INFO - [2024-03-05T20:56:36.095-0300] {dag.py:3047} INFO - Sync 1 DAGs
[2024-03-05T20:56:36.112-0300] {logging_mixin.py:188} INFO - [2024-03-05T20:56:36.111-0300] {dag.py:3834} INFO - Setting next_dagrun for example_task_group_decorator to 2024-03-04 00:00:00+00:00, run_after=2024-03-05 00:00:00+00:00
[2024-03-05T20:56:36.135-0300] {processor.py:183} INFO - Processing /home/gabriel/Documents/Airflow/venv/lib/python3.10/site-packages/airflow/example_dags/example_task_group_decorator.py took 0.070 seconds
[2024-03-05T20:57:13.013-0300] {processor.py:161} INFO - Started process (PID=25761) to work on /home/gabriel/Documents/Airflow/venv/lib/python3.10/site-packages/airflow/example_dags/example_task_group_decorator.py
[2024-03-05T20:57:13.018-0300] {processor.py:830} INFO - Processing file /home/gabriel/Documents/Airflow/venv/lib/python3.10/site-packages/airflow/example_dags/example_task_group_decorator.py for tasks to queue
[2024-03-05T20:57:13.019-0300] {logging_mixin.py:188} INFO - [2024-03-05T20:57:13.019-0300] {dagbag.py:540} INFO - Filling up the DagBag from /home/gabriel/Documents/Airflow/venv/lib/python3.10/site-packages/airflow/example_dags/example_task_group_decorator.py
[2024-03-05T20:57:13.032-0300] {processor.py:840} INFO - DAG(s) 'example_task_group_decorator' retrieved from /home/gabriel/Documents/Airflow/venv/lib/python3.10/site-packages/airflow/example_dags/example_task_group_decorator.py
[2024-03-05T20:57:13.046-0300] {logging_mixin.py:188} INFO - [2024-03-05T20:57:13.046-0300] {dag.py:3047} INFO - Sync 1 DAGs
[2024-03-05T20:57:13.064-0300] {logging_mixin.py:188} INFO - [2024-03-05T20:57:13.063-0300] {dag.py:3834} INFO - Setting next_dagrun for example_task_group_decorator to 2024-03-04 00:00:00+00:00, run_after=2024-03-05 00:00:00+00:00
[2024-03-05T20:57:13.096-0300] {processor.py:183} INFO - Processing /home/gabriel/Documents/Airflow/venv/lib/python3.10/site-packages/airflow/example_dags/example_task_group_decorator.py took 0.085 seconds
