[2024-03-05T20:53:02.229-0300] {processor.py:161} INFO - Started process (PID=23205) to work on /home/gabriel/Documents/Airflow/venv/lib/python3.10/site-packages/airflow/example_dags/example_external_task_marker_dag.py
[2024-03-05T20:53:02.230-0300] {processor.py:830} INFO - Processing file /home/gabriel/Documents/Airflow/venv/lib/python3.10/site-packages/airflow/example_dags/example_external_task_marker_dag.py for tasks to queue
[2024-03-05T20:53:02.230-0300] {logging_mixin.py:188} INFO - [2024-03-05T20:53:02.230-0300] {dagbag.py:540} INFO - Filling up the DagBag from /home/gabriel/Documents/Airflow/venv/lib/python3.10/site-packages/airflow/example_dags/example_external_task_marker_dag.py
[2024-03-05T20:53:02.235-0300] {processor.py:840} INFO - DAG(s) 'example_external_task_marker_child', 'example_external_task_marker_parent' retrieved from /home/gabriel/Documents/Airflow/venv/lib/python3.10/site-packages/airflow/example_dags/example_external_task_marker_dag.py
[2024-03-05T20:53:02.324-0300] {logging_mixin.py:188} INFO - [2024-03-05T20:53:02.323-0300] {override.py:1769} INFO - Created Permission View: can read on DAG:example_external_task_marker_child
[2024-03-05T20:53:02.343-0300] {logging_mixin.py:188} INFO - [2024-03-05T20:53:02.343-0300] {override.py:1769} INFO - Created Permission View: can delete on DAG:example_external_task_marker_child
[2024-03-05T20:53:02.360-0300] {logging_mixin.py:188} INFO - [2024-03-05T20:53:02.359-0300] {override.py:1769} INFO - Created Permission View: can edit on DAG:example_external_task_marker_child
[2024-03-05T20:53:02.412-0300] {logging_mixin.py:188} INFO - [2024-03-05T20:53:02.410-0300] {override.py:1769} INFO - Created Permission View: can read on DAG:example_external_task_marker_parent
[2024-03-05T20:53:02.432-0300] {logging_mixin.py:188} INFO - [2024-03-05T20:53:02.431-0300] {override.py:1769} INFO - Created Permission View: can delete on DAG:example_external_task_marker_parent
[2024-03-05T20:53:02.448-0300] {logging_mixin.py:188} INFO - [2024-03-05T20:53:02.448-0300] {override.py:1769} INFO - Created Permission View: can edit on DAG:example_external_task_marker_parent
[2024-03-05T20:53:02.449-0300] {logging_mixin.py:188} INFO - [2024-03-05T20:53:02.449-0300] {dag.py:3047} INFO - Sync 2 DAGs
[2024-03-05T20:53:02.487-0300] {logging_mixin.py:188} INFO - [2024-03-05T20:53:02.487-0300] {dag.py:3069} INFO - Creating ORM DAG for example_external_task_marker_child
[2024-03-05T20:53:02.488-0300] {logging_mixin.py:188} INFO - [2024-03-05T20:53:02.488-0300] {dag.py:3069} INFO - Creating ORM DAG for example_external_task_marker_parent
[2024-03-05T20:53:02.489-0300] {logging_mixin.py:188} INFO - [2024-03-05T20:53:02.489-0300] {dag.py:3834} INFO - Setting next_dagrun for example_external_task_marker_child to None, run_after=None
[2024-03-05T20:53:02.490-0300] {logging_mixin.py:188} INFO - [2024-03-05T20:53:02.489-0300] {dag.py:3834} INFO - Setting next_dagrun for example_external_task_marker_parent to None, run_after=None
[2024-03-05T20:53:02.524-0300] {processor.py:183} INFO - Processing /home/gabriel/Documents/Airflow/venv/lib/python3.10/site-packages/airflow/example_dags/example_external_task_marker_dag.py took 0.297 seconds
[2024-03-05T20:54:09.746-0300] {processor.py:161} INFO - Started process (PID=24070) to work on /home/gabriel/Documents/Airflow/venv/lib/python3.10/site-packages/airflow/example_dags/example_external_task_marker_dag.py
[2024-03-05T20:54:09.748-0300] {processor.py:830} INFO - Processing file /home/gabriel/Documents/Airflow/venv/lib/python3.10/site-packages/airflow/example_dags/example_external_task_marker_dag.py for tasks to queue
[2024-03-05T20:54:09.749-0300] {logging_mixin.py:188} INFO - [2024-03-05T20:54:09.748-0300] {dagbag.py:540} INFO - Filling up the DagBag from /home/gabriel/Documents/Airflow/venv/lib/python3.10/site-packages/airflow/example_dags/example_external_task_marker_dag.py
[2024-03-05T20:54:09.753-0300] {processor.py:840} INFO - DAG(s) 'example_external_task_marker_child', 'example_external_task_marker_parent' retrieved from /home/gabriel/Documents/Airflow/venv/lib/python3.10/site-packages/airflow/example_dags/example_external_task_marker_dag.py
[2024-03-05T20:54:09.770-0300] {logging_mixin.py:188} INFO - [2024-03-05T20:54:09.769-0300] {dag.py:3047} INFO - Sync 2 DAGs
[2024-03-05T20:54:09.779-0300] {logging_mixin.py:188} INFO - [2024-03-05T20:54:09.779-0300] {dag.py:3834} INFO - Setting next_dagrun for example_external_task_marker_child to None, run_after=None
[2024-03-05T20:54:09.782-0300] {logging_mixin.py:188} INFO - [2024-03-05T20:54:09.782-0300] {dag.py:3834} INFO - Setting next_dagrun for example_external_task_marker_parent to None, run_after=None
[2024-03-05T20:54:09.805-0300] {processor.py:183} INFO - Processing /home/gabriel/Documents/Airflow/venv/lib/python3.10/site-packages/airflow/example_dags/example_external_task_marker_dag.py took 0.062 seconds
[2024-03-05T20:54:58.757-0300] {processor.py:161} INFO - Started process (PID=24486) to work on /home/gabriel/Documents/Airflow/venv/lib/python3.10/site-packages/airflow/example_dags/example_external_task_marker_dag.py
[2024-03-05T20:54:58.759-0300] {processor.py:830} INFO - Processing file /home/gabriel/Documents/Airflow/venv/lib/python3.10/site-packages/airflow/example_dags/example_external_task_marker_dag.py for tasks to queue
[2024-03-05T20:54:58.760-0300] {logging_mixin.py:188} INFO - [2024-03-05T20:54:58.760-0300] {dagbag.py:540} INFO - Filling up the DagBag from /home/gabriel/Documents/Airflow/venv/lib/python3.10/site-packages/airflow/example_dags/example_external_task_marker_dag.py
[2024-03-05T20:54:58.764-0300] {processor.py:840} INFO - DAG(s) 'example_external_task_marker_parent', 'example_external_task_marker_child' retrieved from /home/gabriel/Documents/Airflow/venv/lib/python3.10/site-packages/airflow/example_dags/example_external_task_marker_dag.py
[2024-03-05T20:54:58.777-0300] {logging_mixin.py:188} INFO - [2024-03-05T20:54:58.777-0300] {dag.py:3047} INFO - Sync 2 DAGs
[2024-03-05T20:54:58.786-0300] {logging_mixin.py:188} INFO - [2024-03-05T20:54:58.786-0300] {dag.py:3834} INFO - Setting next_dagrun for example_external_task_marker_child to None, run_after=None
[2024-03-05T20:54:58.789-0300] {logging_mixin.py:188} INFO - [2024-03-05T20:54:58.788-0300] {dag.py:3834} INFO - Setting next_dagrun for example_external_task_marker_parent to None, run_after=None
[2024-03-05T20:54:58.883-0300] {processor.py:183} INFO - Processing /home/gabriel/Documents/Airflow/venv/lib/python3.10/site-packages/airflow/example_dags/example_external_task_marker_dag.py took 0.128 seconds
[2024-03-05T20:55:49.355-0300] {processor.py:161} INFO - Started process (PID=25034) to work on /home/gabriel/Documents/Airflow/venv/lib/python3.10/site-packages/airflow/example_dags/example_external_task_marker_dag.py
[2024-03-05T20:55:49.357-0300] {processor.py:830} INFO - Processing file /home/gabriel/Documents/Airflow/venv/lib/python3.10/site-packages/airflow/example_dags/example_external_task_marker_dag.py for tasks to queue
[2024-03-05T20:55:49.358-0300] {logging_mixin.py:188} INFO - [2024-03-05T20:55:49.358-0300] {dagbag.py:540} INFO - Filling up the DagBag from /home/gabriel/Documents/Airflow/venv/lib/python3.10/site-packages/airflow/example_dags/example_external_task_marker_dag.py
[2024-03-05T20:55:49.364-0300] {processor.py:840} INFO - DAG(s) 'example_external_task_marker_parent', 'example_external_task_marker_child' retrieved from /home/gabriel/Documents/Airflow/venv/lib/python3.10/site-packages/airflow/example_dags/example_external_task_marker_dag.py
[2024-03-05T20:55:49.378-0300] {logging_mixin.py:188} INFO - [2024-03-05T20:55:49.378-0300] {dag.py:3047} INFO - Sync 2 DAGs
[2024-03-05T20:55:49.387-0300] {logging_mixin.py:188} INFO - [2024-03-05T20:55:49.386-0300] {dag.py:3834} INFO - Setting next_dagrun for example_external_task_marker_child to None, run_after=None
[2024-03-05T20:55:49.389-0300] {logging_mixin.py:188} INFO - [2024-03-05T20:55:49.389-0300] {dag.py:3834} INFO - Setting next_dagrun for example_external_task_marker_parent to None, run_after=None
[2024-03-05T20:55:49.408-0300] {processor.py:183} INFO - Processing /home/gabriel/Documents/Airflow/venv/lib/python3.10/site-packages/airflow/example_dags/example_external_task_marker_dag.py took 0.055 seconds
[2024-03-05T20:56:44.601-0300] {processor.py:161} INFO - Started process (PID=25606) to work on /home/gabriel/Documents/Airflow/venv/lib/python3.10/site-packages/airflow/example_dags/example_external_task_marker_dag.py
[2024-03-05T20:56:44.604-0300] {processor.py:830} INFO - Processing file /home/gabriel/Documents/Airflow/venv/lib/python3.10/site-packages/airflow/example_dags/example_external_task_marker_dag.py for tasks to queue
[2024-03-05T20:56:44.605-0300] {logging_mixin.py:188} INFO - [2024-03-05T20:56:44.605-0300] {dagbag.py:540} INFO - Filling up the DagBag from /home/gabriel/Documents/Airflow/venv/lib/python3.10/site-packages/airflow/example_dags/example_external_task_marker_dag.py
[2024-03-05T20:56:44.610-0300] {processor.py:840} INFO - DAG(s) 'example_external_task_marker_child', 'example_external_task_marker_parent' retrieved from /home/gabriel/Documents/Airflow/venv/lib/python3.10/site-packages/airflow/example_dags/example_external_task_marker_dag.py
[2024-03-05T20:56:44.623-0300] {logging_mixin.py:188} INFO - [2024-03-05T20:56:44.622-0300] {dag.py:3047} INFO - Sync 2 DAGs
[2024-03-05T20:56:44.631-0300] {logging_mixin.py:188} INFO - [2024-03-05T20:56:44.631-0300] {dag.py:3834} INFO - Setting next_dagrun for example_external_task_marker_child to None, run_after=None
[2024-03-05T20:56:44.634-0300] {logging_mixin.py:188} INFO - [2024-03-05T20:56:44.634-0300] {dag.py:3834} INFO - Setting next_dagrun for example_external_task_marker_parent to None, run_after=None
[2024-03-05T20:56:44.654-0300] {processor.py:183} INFO - Processing /home/gabriel/Documents/Airflow/venv/lib/python3.10/site-packages/airflow/example_dags/example_external_task_marker_dag.py took 0.055 seconds
