[2024-03-05T20:53:35.718-0300] {processor.py:161} INFO - Started process (PID=23580) to work on /home/gabriel/Documents/Airflow/venv/lib/python3.10/site-packages/airflow/example_dags/example_kubernetes_executor.py
[2024-03-05T20:53:35.719-0300] {processor.py:830} INFO - Processing file /home/gabriel/Documents/Airflow/venv/lib/python3.10/site-packages/airflow/example_dags/example_kubernetes_executor.py for tasks to queue
[2024-03-05T20:53:35.720-0300] {logging_mixin.py:188} INFO - [2024-03-05T20:53:35.719-0300] {dagbag.py:540} INFO - Filling up the DagBag from /home/gabriel/Documents/Airflow/venv/lib/python3.10/site-packages/airflow/example_dags/example_kubernetes_executor.py
[2024-03-05T20:53:35.723-0300] {logging_mixin.py:188} INFO - [2024-03-05T20:53:35.722-0300] {example_kubernetes_executor.py:38} WARNING - The example_kubernetes_executor example DAG requires the kubernetes provider. Please install it with: pip install apache-airflow[cncf.kubernetes]
[2024-03-05T20:53:35.723-0300] {processor.py:842} WARNING - No viable dags retrieved from /home/gabriel/Documents/Airflow/venv/lib/python3.10/site-packages/airflow/example_dags/example_kubernetes_executor.py
[2024-03-05T20:53:35.732-0300] {processor.py:183} INFO - Processing /home/gabriel/Documents/Airflow/venv/lib/python3.10/site-packages/airflow/example_dags/example_kubernetes_executor.py took 0.017 seconds
[2024-03-05T20:54:26.447-0300] {processor.py:161} INFO - Started process (PID=24123) to work on /home/gabriel/Documents/Airflow/venv/lib/python3.10/site-packages/airflow/example_dags/example_kubernetes_executor.py
[2024-03-05T20:54:26.449-0300] {processor.py:830} INFO - Processing file /home/gabriel/Documents/Airflow/venv/lib/python3.10/site-packages/airflow/example_dags/example_kubernetes_executor.py for tasks to queue
[2024-03-05T20:54:26.449-0300] {logging_mixin.py:188} INFO - [2024-03-05T20:54:26.449-0300] {dagbag.py:540} INFO - Filling up the DagBag from /home/gabriel/Documents/Airflow/venv/lib/python3.10/site-packages/airflow/example_dags/example_kubernetes_executor.py
[2024-03-05T20:54:26.452-0300] {logging_mixin.py:188} INFO - [2024-03-05T20:54:26.451-0300] {example_kubernetes_executor.py:38} WARNING - The example_kubernetes_executor example DAG requires the kubernetes provider. Please install it with: pip install apache-airflow[cncf.kubernetes]
[2024-03-05T20:54:26.452-0300] {processor.py:842} WARNING - No viable dags retrieved from /home/gabriel/Documents/Airflow/venv/lib/python3.10/site-packages/airflow/example_dags/example_kubernetes_executor.py
[2024-03-05T20:54:26.460-0300] {processor.py:183} INFO - Processing /home/gabriel/Documents/Airflow/venv/lib/python3.10/site-packages/airflow/example_dags/example_kubernetes_executor.py took 0.015 seconds
[2024-03-05T20:55:25.713-0300] {processor.py:161} INFO - Started process (PID=24637) to work on /home/gabriel/Documents/Airflow/venv/lib/python3.10/site-packages/airflow/example_dags/example_kubernetes_executor.py
[2024-03-05T20:55:25.715-0300] {processor.py:830} INFO - Processing file /home/gabriel/Documents/Airflow/venv/lib/python3.10/site-packages/airflow/example_dags/example_kubernetes_executor.py for tasks to queue
[2024-03-05T20:55:25.716-0300] {logging_mixin.py:188} INFO - [2024-03-05T20:55:25.716-0300] {dagbag.py:540} INFO - Filling up the DagBag from /home/gabriel/Documents/Airflow/venv/lib/python3.10/site-packages/airflow/example_dags/example_kubernetes_executor.py
[2024-03-05T20:55:25.720-0300] {logging_mixin.py:188} INFO - [2024-03-05T20:55:25.719-0300] {example_kubernetes_executor.py:38} WARNING - The example_kubernetes_executor example DAG requires the kubernetes provider. Please install it with: pip install apache-airflow[cncf.kubernetes]
[2024-03-05T20:55:25.720-0300] {processor.py:842} WARNING - No viable dags retrieved from /home/gabriel/Documents/Airflow/venv/lib/python3.10/site-packages/airflow/example_dags/example_kubernetes_executor.py
[2024-03-05T20:55:25.730-0300] {processor.py:183} INFO - Processing /home/gabriel/Documents/Airflow/venv/lib/python3.10/site-packages/airflow/example_dags/example_kubernetes_executor.py took 0.019 seconds
[2024-03-05T20:56:24.471-0300] {processor.py:161} INFO - Started process (PID=25272) to work on /home/gabriel/Documents/Airflow/venv/lib/python3.10/site-packages/airflow/example_dags/example_kubernetes_executor.py
[2024-03-05T20:56:24.474-0300] {processor.py:830} INFO - Processing file /home/gabriel/Documents/Airflow/venv/lib/python3.10/site-packages/airflow/example_dags/example_kubernetes_executor.py for tasks to queue
[2024-03-05T20:56:24.475-0300] {logging_mixin.py:188} INFO - [2024-03-05T20:56:24.475-0300] {dagbag.py:540} INFO - Filling up the DagBag from /home/gabriel/Documents/Airflow/venv/lib/python3.10/site-packages/airflow/example_dags/example_kubernetes_executor.py
[2024-03-05T20:56:24.477-0300] {logging_mixin.py:188} INFO - [2024-03-05T20:56:24.477-0300] {example_kubernetes_executor.py:38} WARNING - The example_kubernetes_executor example DAG requires the kubernetes provider. Please install it with: pip install apache-airflow[cncf.kubernetes]
[2024-03-05T20:56:24.477-0300] {processor.py:842} WARNING - No viable dags retrieved from /home/gabriel/Documents/Airflow/venv/lib/python3.10/site-packages/airflow/example_dags/example_kubernetes_executor.py
[2024-03-05T20:56:24.484-0300] {processor.py:183} INFO - Processing /home/gabriel/Documents/Airflow/venv/lib/python3.10/site-packages/airflow/example_dags/example_kubernetes_executor.py took 0.015 seconds
