[2024-03-05T20:52:53.110-0300] {processor.py:161} INFO - Started process (PID=23148) to work on /home/gabriel/Documents/Airflow/venv/lib/python3.10/site-packages/airflow/example_dags/tutorial_objectstorage.py
[2024-03-05T20:52:53.110-0300] {processor.py:830} INFO - Processing file /home/gabriel/Documents/Airflow/venv/lib/python3.10/site-packages/airflow/example_dags/tutorial_objectstorage.py for tasks to queue
[2024-03-05T20:52:53.111-0300] {logging_mixin.py:188} INFO - [2024-03-05T20:52:53.111-0300] {dagbag.py:540} INFO - Filling up the DagBag from /home/gabriel/Documents/Airflow/venv/lib/python3.10/site-packages/airflow/example_dags/tutorial_objectstorage.py
[2024-03-05T20:52:53.117-0300] {processor.py:840} INFO - DAG(s) 'tutorial_objectstorage' retrieved from /home/gabriel/Documents/Airflow/venv/lib/python3.10/site-packages/airflow/example_dags/tutorial_objectstorage.py
[2024-03-05T20:52:53.194-0300] {logging_mixin.py:188} INFO - [2024-03-05T20:52:53.193-0300] {override.py:1769} INFO - Created Permission View: can read on DAG:tutorial_objectstorage
[2024-03-05T20:52:53.205-0300] {logging_mixin.py:188} INFO - [2024-03-05T20:52:53.204-0300] {override.py:1769} INFO - Created Permission View: can delete on DAG:tutorial_objectstorage
[2024-03-05T20:52:53.216-0300] {logging_mixin.py:188} INFO - [2024-03-05T20:52:53.215-0300] {override.py:1769} INFO - Created Permission View: can edit on DAG:tutorial_objectstorage
[2024-03-05T20:52:53.216-0300] {logging_mixin.py:188} INFO - [2024-03-05T20:52:53.216-0300] {dag.py:3047} INFO - Sync 1 DAGs
[2024-03-05T20:52:53.246-0300] {logging_mixin.py:188} INFO - [2024-03-05T20:52:53.246-0300] {dag.py:3069} INFO - Creating ORM DAG for tutorial_objectstorage
[2024-03-05T20:52:53.247-0300] {logging_mixin.py:188} INFO - [2024-03-05T20:52:53.247-0300] {dag.py:3834} INFO - Setting next_dagrun for tutorial_objectstorage to None, run_after=None
[2024-03-05T20:52:53.279-0300] {processor.py:183} INFO - Processing /home/gabriel/Documents/Airflow/venv/lib/python3.10/site-packages/airflow/example_dags/tutorial_objectstorage.py took 0.171 seconds
[2024-03-05T20:54:00.907-0300] {processor.py:161} INFO - Started process (PID=23933) to work on /home/gabriel/Documents/Airflow/venv/lib/python3.10/site-packages/airflow/example_dags/tutorial_objectstorage.py
[2024-03-05T20:54:00.909-0300] {processor.py:830} INFO - Processing file /home/gabriel/Documents/Airflow/venv/lib/python3.10/site-packages/airflow/example_dags/tutorial_objectstorage.py for tasks to queue
[2024-03-05T20:54:00.910-0300] {logging_mixin.py:188} INFO - [2024-03-05T20:54:00.910-0300] {dagbag.py:540} INFO - Filling up the DagBag from /home/gabriel/Documents/Airflow/venv/lib/python3.10/site-packages/airflow/example_dags/tutorial_objectstorage.py
[2024-03-05T20:54:00.916-0300] {processor.py:840} INFO - DAG(s) 'tutorial_objectstorage' retrieved from /home/gabriel/Documents/Airflow/venv/lib/python3.10/site-packages/airflow/example_dags/tutorial_objectstorage.py
[2024-03-05T20:54:00.929-0300] {logging_mixin.py:188} INFO - [2024-03-05T20:54:00.929-0300] {dag.py:3047} INFO - Sync 1 DAGs
[2024-03-05T20:54:00.938-0300] {logging_mixin.py:188} INFO - [2024-03-05T20:54:00.938-0300] {dag.py:3834} INFO - Setting next_dagrun for tutorial_objectstorage to None, run_after=None
[2024-03-05T20:54:00.967-0300] {processor.py:183} INFO - Processing /home/gabriel/Documents/Airflow/venv/lib/python3.10/site-packages/airflow/example_dags/tutorial_objectstorage.py took 0.062 seconds
[2024-03-05T20:54:48.914-0300] {processor.py:161} INFO - Started process (PID=24315) to work on /home/gabriel/Documents/Airflow/venv/lib/python3.10/site-packages/airflow/example_dags/tutorial_objectstorage.py
[2024-03-05T20:54:48.916-0300] {processor.py:830} INFO - Processing file /home/gabriel/Documents/Airflow/venv/lib/python3.10/site-packages/airflow/example_dags/tutorial_objectstorage.py for tasks to queue
[2024-03-05T20:54:48.917-0300] {logging_mixin.py:188} INFO - [2024-03-05T20:54:48.917-0300] {dagbag.py:540} INFO - Filling up the DagBag from /home/gabriel/Documents/Airflow/venv/lib/python3.10/site-packages/airflow/example_dags/tutorial_objectstorage.py
[2024-03-05T20:54:48.922-0300] {processor.py:840} INFO - DAG(s) 'tutorial_objectstorage' retrieved from /home/gabriel/Documents/Airflow/venv/lib/python3.10/site-packages/airflow/example_dags/tutorial_objectstorage.py
[2024-03-05T20:54:48.937-0300] {logging_mixin.py:188} INFO - [2024-03-05T20:54:48.936-0300] {dag.py:3047} INFO - Sync 1 DAGs
[2024-03-05T20:54:48.945-0300] {logging_mixin.py:188} INFO - [2024-03-05T20:54:48.945-0300] {dag.py:3834} INFO - Setting next_dagrun for tutorial_objectstorage to None, run_after=None
[2024-03-05T20:54:49.056-0300] {processor.py:183} INFO - Processing /home/gabriel/Documents/Airflow/venv/lib/python3.10/site-packages/airflow/example_dags/tutorial_objectstorage.py took 0.144 seconds
[2024-03-05T20:55:41.365-0300] {processor.py:161} INFO - Started process (PID=24895) to work on /home/gabriel/Documents/Airflow/venv/lib/python3.10/site-packages/airflow/example_dags/tutorial_objectstorage.py
[2024-03-05T20:55:41.367-0300] {processor.py:830} INFO - Processing file /home/gabriel/Documents/Airflow/venv/lib/python3.10/site-packages/airflow/example_dags/tutorial_objectstorage.py for tasks to queue
[2024-03-05T20:55:41.369-0300] {logging_mixin.py:188} INFO - [2024-03-05T20:55:41.368-0300] {dagbag.py:540} INFO - Filling up the DagBag from /home/gabriel/Documents/Airflow/venv/lib/python3.10/site-packages/airflow/example_dags/tutorial_objectstorage.py
[2024-03-05T20:55:41.376-0300] {processor.py:840} INFO - DAG(s) 'tutorial_objectstorage' retrieved from /home/gabriel/Documents/Airflow/venv/lib/python3.10/site-packages/airflow/example_dags/tutorial_objectstorage.py
[2024-03-05T20:55:41.392-0300] {logging_mixin.py:188} INFO - [2024-03-05T20:55:41.392-0300] {dag.py:3047} INFO - Sync 1 DAGs
[2024-03-05T20:55:41.404-0300] {logging_mixin.py:188} INFO - [2024-03-05T20:55:41.403-0300] {dag.py:3834} INFO - Setting next_dagrun for tutorial_objectstorage to None, run_after=None
[2024-03-05T20:55:41.429-0300] {processor.py:183} INFO - Processing /home/gabriel/Documents/Airflow/venv/lib/python3.10/site-packages/airflow/example_dags/tutorial_objectstorage.py took 0.066 seconds
[2024-03-05T20:56:20.473-0300] {processor.py:161} INFO - Started process (PID=25262) to work on /home/gabriel/Documents/Airflow/venv/lib/python3.10/site-packages/airflow/example_dags/tutorial_objectstorage.py
[2024-03-05T20:56:20.474-0300] {processor.py:830} INFO - Processing file /home/gabriel/Documents/Airflow/venv/lib/python3.10/site-packages/airflow/example_dags/tutorial_objectstorage.py for tasks to queue
[2024-03-05T20:56:20.475-0300] {logging_mixin.py:188} INFO - [2024-03-05T20:56:20.475-0300] {dagbag.py:540} INFO - Filling up the DagBag from /home/gabriel/Documents/Airflow/venv/lib/python3.10/site-packages/airflow/example_dags/tutorial_objectstorage.py
[2024-03-05T20:56:20.482-0300] {processor.py:840} INFO - DAG(s) 'tutorial_objectstorage' retrieved from /home/gabriel/Documents/Airflow/venv/lib/python3.10/site-packages/airflow/example_dags/tutorial_objectstorage.py
[2024-03-05T20:56:20.507-0300] {logging_mixin.py:188} INFO - [2024-03-05T20:56:20.507-0300] {dag.py:3047} INFO - Sync 1 DAGs
[2024-03-05T20:56:20.520-0300] {logging_mixin.py:188} INFO - [2024-03-05T20:56:20.520-0300] {dag.py:3834} INFO - Setting next_dagrun for tutorial_objectstorage to None, run_after=None
[2024-03-05T20:56:20.549-0300] {processor.py:183} INFO - Processing /home/gabriel/Documents/Airflow/venv/lib/python3.10/site-packages/airflow/example_dags/tutorial_objectstorage.py took 0.079 seconds
[2024-03-05T20:57:15.875-0300] {processor.py:161} INFO - Started process (PID=25771) to work on /home/gabriel/Documents/Airflow/venv/lib/python3.10/site-packages/airflow/example_dags/tutorial_objectstorage.py
[2024-03-05T20:57:15.877-0300] {processor.py:830} INFO - Processing file /home/gabriel/Documents/Airflow/venv/lib/python3.10/site-packages/airflow/example_dags/tutorial_objectstorage.py for tasks to queue
[2024-03-05T20:57:15.878-0300] {logging_mixin.py:188} INFO - [2024-03-05T20:57:15.878-0300] {dagbag.py:540} INFO - Filling up the DagBag from /home/gabriel/Documents/Airflow/venv/lib/python3.10/site-packages/airflow/example_dags/tutorial_objectstorage.py
[2024-03-05T20:57:15.884-0300] {processor.py:840} INFO - DAG(s) 'tutorial_objectstorage' retrieved from /home/gabriel/Documents/Airflow/venv/lib/python3.10/site-packages/airflow/example_dags/tutorial_objectstorage.py
[2024-03-05T20:57:15.898-0300] {logging_mixin.py:188} INFO - [2024-03-05T20:57:15.898-0300] {dag.py:3047} INFO - Sync 1 DAGs
[2024-03-05T20:57:15.910-0300] {logging_mixin.py:188} INFO - [2024-03-05T20:57:15.909-0300] {dag.py:3834} INFO - Setting next_dagrun for tutorial_objectstorage to None, run_after=None
[2024-03-05T20:57:15.934-0300] {processor.py:183} INFO - Processing /home/gabriel/Documents/Airflow/venv/lib/python3.10/site-packages/airflow/example_dags/tutorial_objectstorage.py took 0.062 seconds
