[2024-03-05T20:52:49.055-0300] {processor.py:161} INFO - Started process (PID=23126) to work on /home/gabriel/Documents/Airflow/venv/lib/python3.10/site-packages/airflow/example_dags/tutorial_taskflow_api.py
[2024-03-05T20:52:49.056-0300] {processor.py:830} INFO - Processing file /home/gabriel/Documents/Airflow/venv/lib/python3.10/site-packages/airflow/example_dags/tutorial_taskflow_api.py for tasks to queue
[2024-03-05T20:52:49.057-0300] {logging_mixin.py:188} INFO - [2024-03-05T20:52:49.056-0300] {dagbag.py:540} INFO - Filling up the DagBag from /home/gabriel/Documents/Airflow/venv/lib/python3.10/site-packages/airflow/example_dags/tutorial_taskflow_api.py
[2024-03-05T20:52:49.062-0300] {processor.py:840} INFO - DAG(s) 'tutorial_taskflow_api' retrieved from /home/gabriel/Documents/Airflow/venv/lib/python3.10/site-packages/airflow/example_dags/tutorial_taskflow_api.py
[2024-03-05T20:52:49.140-0300] {logging_mixin.py:188} INFO - [2024-03-05T20:52:49.139-0300] {override.py:1769} INFO - Created Permission View: can read on DAG:tutorial_taskflow_api
[2024-03-05T20:52:49.150-0300] {logging_mixin.py:188} INFO - [2024-03-05T20:52:49.149-0300] {override.py:1769} INFO - Created Permission View: can delete on DAG:tutorial_taskflow_api
[2024-03-05T20:52:49.159-0300] {logging_mixin.py:188} INFO - [2024-03-05T20:52:49.158-0300] {override.py:1769} INFO - Created Permission View: can edit on DAG:tutorial_taskflow_api
[2024-03-05T20:52:49.159-0300] {logging_mixin.py:188} INFO - [2024-03-05T20:52:49.159-0300] {dag.py:3047} INFO - Sync 1 DAGs
[2024-03-05T20:52:49.167-0300] {logging_mixin.py:188} INFO - [2024-03-05T20:52:49.167-0300] {dag.py:3069} INFO - Creating ORM DAG for tutorial_taskflow_api
[2024-03-05T20:52:49.167-0300] {logging_mixin.py:188} INFO - [2024-03-05T20:52:49.167-0300] {dag.py:3834} INFO - Setting next_dagrun for tutorial_taskflow_api to None, run_after=None
[2024-03-05T20:52:49.188-0300] {processor.py:183} INFO - Processing /home/gabriel/Documents/Airflow/venv/lib/python3.10/site-packages/airflow/example_dags/tutorial_taskflow_api.py took 0.134 seconds
[2024-03-05T20:53:56.540-0300] {processor.py:161} INFO - Started process (PID=23891) to work on /home/gabriel/Documents/Airflow/venv/lib/python3.10/site-packages/airflow/example_dags/tutorial_taskflow_api.py
[2024-03-05T20:53:56.542-0300] {processor.py:830} INFO - Processing file /home/gabriel/Documents/Airflow/venv/lib/python3.10/site-packages/airflow/example_dags/tutorial_taskflow_api.py for tasks to queue
[2024-03-05T20:53:56.543-0300] {logging_mixin.py:188} INFO - [2024-03-05T20:53:56.543-0300] {dagbag.py:540} INFO - Filling up the DagBag from /home/gabriel/Documents/Airflow/venv/lib/python3.10/site-packages/airflow/example_dags/tutorial_taskflow_api.py
[2024-03-05T20:53:56.548-0300] {processor.py:840} INFO - DAG(s) 'tutorial_taskflow_api' retrieved from /home/gabriel/Documents/Airflow/venv/lib/python3.10/site-packages/airflow/example_dags/tutorial_taskflow_api.py
[2024-03-05T20:53:56.561-0300] {logging_mixin.py:188} INFO - [2024-03-05T20:53:56.560-0300] {dag.py:3047} INFO - Sync 1 DAGs
[2024-03-05T20:53:56.569-0300] {logging_mixin.py:188} INFO - [2024-03-05T20:53:56.569-0300] {dag.py:3834} INFO - Setting next_dagrun for tutorial_taskflow_api to None, run_after=None
[2024-03-05T20:53:56.593-0300] {processor.py:183} INFO - Processing /home/gabriel/Documents/Airflow/venv/lib/python3.10/site-packages/airflow/example_dags/tutorial_taskflow_api.py took 0.054 seconds
[2024-03-05T20:54:45.571-0300] {processor.py:161} INFO - Started process (PID=24305) to work on /home/gabriel/Documents/Airflow/venv/lib/python3.10/site-packages/airflow/example_dags/tutorial_taskflow_api.py
[2024-03-05T20:54:45.574-0300] {processor.py:830} INFO - Processing file /home/gabriel/Documents/Airflow/venv/lib/python3.10/site-packages/airflow/example_dags/tutorial_taskflow_api.py for tasks to queue
[2024-03-05T20:54:45.575-0300] {logging_mixin.py:188} INFO - [2024-03-05T20:54:45.575-0300] {dagbag.py:540} INFO - Filling up the DagBag from /home/gabriel/Documents/Airflow/venv/lib/python3.10/site-packages/airflow/example_dags/tutorial_taskflow_api.py
[2024-03-05T20:54:45.579-0300] {processor.py:840} INFO - DAG(s) 'tutorial_taskflow_api' retrieved from /home/gabriel/Documents/Airflow/venv/lib/python3.10/site-packages/airflow/example_dags/tutorial_taskflow_api.py
[2024-03-05T20:54:45.590-0300] {logging_mixin.py:188} INFO - [2024-03-05T20:54:45.590-0300] {dag.py:3047} INFO - Sync 1 DAGs
[2024-03-05T20:54:45.598-0300] {logging_mixin.py:188} INFO - [2024-03-05T20:54:45.597-0300] {dag.py:3834} INFO - Setting next_dagrun for tutorial_taskflow_api to None, run_after=None
[2024-03-05T20:54:45.619-0300] {processor.py:183} INFO - Processing /home/gabriel/Documents/Airflow/venv/lib/python3.10/site-packages/airflow/example_dags/tutorial_taskflow_api.py took 0.050 seconds
[2024-03-05T20:55:36.998-0300] {processor.py:161} INFO - Started process (PID=24854) to work on /home/gabriel/Documents/Airflow/venv/lib/python3.10/site-packages/airflow/example_dags/tutorial_taskflow_api.py
[2024-03-05T20:55:37.000-0300] {processor.py:830} INFO - Processing file /home/gabriel/Documents/Airflow/venv/lib/python3.10/site-packages/airflow/example_dags/tutorial_taskflow_api.py for tasks to queue
[2024-03-05T20:55:37.001-0300] {logging_mixin.py:188} INFO - [2024-03-05T20:55:37.000-0300] {dagbag.py:540} INFO - Filling up the DagBag from /home/gabriel/Documents/Airflow/venv/lib/python3.10/site-packages/airflow/example_dags/tutorial_taskflow_api.py
[2024-03-05T20:55:37.013-0300] {processor.py:840} INFO - DAG(s) 'tutorial_taskflow_api' retrieved from /home/gabriel/Documents/Airflow/venv/lib/python3.10/site-packages/airflow/example_dags/tutorial_taskflow_api.py
[2024-03-05T20:55:37.033-0300] {logging_mixin.py:188} INFO - [2024-03-05T20:55:37.033-0300] {dag.py:3047} INFO - Sync 1 DAGs
[2024-03-05T20:55:37.045-0300] {logging_mixin.py:188} INFO - [2024-03-05T20:55:37.044-0300] {dag.py:3834} INFO - Setting next_dagrun for tutorial_taskflow_api to None, run_after=None
[2024-03-05T20:55:37.070-0300] {processor.py:183} INFO - Processing /home/gabriel/Documents/Airflow/venv/lib/python3.10/site-packages/airflow/example_dags/tutorial_taskflow_api.py took 0.073 seconds
[2024-03-05T20:56:16.914-0300] {processor.py:161} INFO - Started process (PID=25244) to work on /home/gabriel/Documents/Airflow/venv/lib/python3.10/site-packages/airflow/example_dags/tutorial_taskflow_api.py
[2024-03-05T20:56:16.916-0300] {processor.py:830} INFO - Processing file /home/gabriel/Documents/Airflow/venv/lib/python3.10/site-packages/airflow/example_dags/tutorial_taskflow_api.py for tasks to queue
[2024-03-05T20:56:16.917-0300] {logging_mixin.py:188} INFO - [2024-03-05T20:56:16.917-0300] {dagbag.py:540} INFO - Filling up the DagBag from /home/gabriel/Documents/Airflow/venv/lib/python3.10/site-packages/airflow/example_dags/tutorial_taskflow_api.py
[2024-03-05T20:56:16.922-0300] {processor.py:840} INFO - DAG(s) 'tutorial_taskflow_api' retrieved from /home/gabriel/Documents/Airflow/venv/lib/python3.10/site-packages/airflow/example_dags/tutorial_taskflow_api.py
[2024-03-05T20:56:16.933-0300] {logging_mixin.py:188} INFO - [2024-03-05T20:56:16.932-0300] {dag.py:3047} INFO - Sync 1 DAGs
[2024-03-05T20:56:16.941-0300] {logging_mixin.py:188} INFO - [2024-03-05T20:56:16.941-0300] {dag.py:3834} INFO - Setting next_dagrun for tutorial_taskflow_api to None, run_after=None
[2024-03-05T20:56:16.963-0300] {processor.py:183} INFO - Processing /home/gabriel/Documents/Airflow/venv/lib/python3.10/site-packages/airflow/example_dags/tutorial_taskflow_api.py took 0.051 seconds
[2024-03-05T20:56:53.729-0300] {processor.py:161} INFO - Started process (PID=25700) to work on /home/gabriel/Documents/Airflow/venv/lib/python3.10/site-packages/airflow/example_dags/tutorial_taskflow_api.py
[2024-03-05T20:56:53.731-0300] {processor.py:830} INFO - Processing file /home/gabriel/Documents/Airflow/venv/lib/python3.10/site-packages/airflow/example_dags/tutorial_taskflow_api.py for tasks to queue
[2024-03-05T20:56:53.733-0300] {logging_mixin.py:188} INFO - [2024-03-05T20:56:53.732-0300] {dagbag.py:540} INFO - Filling up the DagBag from /home/gabriel/Documents/Airflow/venv/lib/python3.10/site-packages/airflow/example_dags/tutorial_taskflow_api.py
[2024-03-05T20:56:53.737-0300] {processor.py:840} INFO - DAG(s) 'tutorial_taskflow_api' retrieved from /home/gabriel/Documents/Airflow/venv/lib/python3.10/site-packages/airflow/example_dags/tutorial_taskflow_api.py
[2024-03-05T20:56:53.748-0300] {logging_mixin.py:188} INFO - [2024-03-05T20:56:53.748-0300] {dag.py:3047} INFO - Sync 1 DAGs
[2024-03-05T20:56:53.756-0300] {logging_mixin.py:188} INFO - [2024-03-05T20:56:53.756-0300] {dag.py:3834} INFO - Setting next_dagrun for tutorial_taskflow_api to None, run_after=None
[2024-03-05T20:56:53.775-0300] {processor.py:183} INFO - Processing /home/gabriel/Documents/Airflow/venv/lib/python3.10/site-packages/airflow/example_dags/tutorial_taskflow_api.py took 0.048 seconds
