[2024-03-05T20:52:29.784-0300] {processor.py:161} INFO - Started process (PID=22820) to work on /home/gabriel/Documents/Airflow/venv/lib/python3.10/site-packages/airflow/example_dags/tutorial_dag.py
[2024-03-05T20:52:29.841-0300] {processor.py:830} INFO - Processing file /home/gabriel/Documents/Airflow/venv/lib/python3.10/site-packages/airflow/example_dags/tutorial_dag.py for tasks to queue
[2024-03-05T20:52:29.878-0300] {logging_mixin.py:188} INFO - [2024-03-05T20:52:29.861-0300] {dagbag.py:540} INFO - Filling up the DagBag from /home/gabriel/Documents/Airflow/venv/lib/python3.10/site-packages/airflow/example_dags/tutorial_dag.py
[2024-03-05T20:52:30.221-0300] {processor.py:840} INFO - DAG(s) 'tutorial_dag' retrieved from /home/gabriel/Documents/Airflow/venv/lib/python3.10/site-packages/airflow/example_dags/tutorial_dag.py
[2024-03-05T20:52:30.737-0300] {logging_mixin.py:188} INFO - [2024-03-05T20:52:30.736-0300] {override.py:1769} INFO - Created Permission View: can read on DAG:tutorial_dag
[2024-03-05T20:52:30.762-0300] {logging_mixin.py:188} INFO - [2024-03-05T20:52:30.762-0300] {override.py:1769} INFO - Created Permission View: can delete on DAG:tutorial_dag
[2024-03-05T20:52:30.775-0300] {logging_mixin.py:188} INFO - [2024-03-05T20:52:30.775-0300] {override.py:1769} INFO - Created Permission View: can edit on DAG:tutorial_dag
[2024-03-05T20:52:30.775-0300] {logging_mixin.py:188} INFO - [2024-03-05T20:52:30.775-0300] {dag.py:3047} INFO - Sync 1 DAGs
[2024-03-05T20:52:30.801-0300] {logging_mixin.py:188} INFO - [2024-03-05T20:52:30.801-0300] {dag.py:3069} INFO - Creating ORM DAG for tutorial_dag
[2024-03-05T20:52:30.803-0300] {logging_mixin.py:188} INFO - [2024-03-05T20:52:30.802-0300] {dag.py:3834} INFO - Setting next_dagrun for tutorial_dag to None, run_after=None
[2024-03-05T20:52:30.855-0300] {processor.py:183} INFO - Processing /home/gabriel/Documents/Airflow/venv/lib/python3.10/site-packages/airflow/example_dags/tutorial_dag.py took 1.243 seconds
[2024-03-05T20:53:45.764-0300] {processor.py:161} INFO - Started process (PID=23731) to work on /home/gabriel/Documents/Airflow/venv/lib/python3.10/site-packages/airflow/example_dags/tutorial_dag.py
[2024-03-05T20:53:45.766-0300] {processor.py:830} INFO - Processing file /home/gabriel/Documents/Airflow/venv/lib/python3.10/site-packages/airflow/example_dags/tutorial_dag.py for tasks to queue
[2024-03-05T20:53:45.767-0300] {logging_mixin.py:188} INFO - [2024-03-05T20:53:45.767-0300] {dagbag.py:540} INFO - Filling up the DagBag from /home/gabriel/Documents/Airflow/venv/lib/python3.10/site-packages/airflow/example_dags/tutorial_dag.py
[2024-03-05T20:53:45.772-0300] {processor.py:840} INFO - DAG(s) 'tutorial_dag' retrieved from /home/gabriel/Documents/Airflow/venv/lib/python3.10/site-packages/airflow/example_dags/tutorial_dag.py
[2024-03-05T20:53:45.785-0300] {logging_mixin.py:188} INFO - [2024-03-05T20:53:45.785-0300] {dag.py:3047} INFO - Sync 1 DAGs
[2024-03-05T20:53:45.795-0300] {logging_mixin.py:188} INFO - [2024-03-05T20:53:45.795-0300] {dag.py:3834} INFO - Setting next_dagrun for tutorial_dag to None, run_after=None
[2024-03-05T20:53:45.818-0300] {processor.py:183} INFO - Processing /home/gabriel/Documents/Airflow/venv/lib/python3.10/site-packages/airflow/example_dags/tutorial_dag.py took 0.056 seconds
[2024-03-05T20:54:33.050-0300] {processor.py:161} INFO - Started process (PID=24204) to work on /home/gabriel/Documents/Airflow/venv/lib/python3.10/site-packages/airflow/example_dags/tutorial_dag.py
[2024-03-05T20:54:33.051-0300] {processor.py:830} INFO - Processing file /home/gabriel/Documents/Airflow/venv/lib/python3.10/site-packages/airflow/example_dags/tutorial_dag.py for tasks to queue
[2024-03-05T20:54:33.052-0300] {logging_mixin.py:188} INFO - [2024-03-05T20:54:33.052-0300] {dagbag.py:540} INFO - Filling up the DagBag from /home/gabriel/Documents/Airflow/venv/lib/python3.10/site-packages/airflow/example_dags/tutorial_dag.py
[2024-03-05T20:54:33.056-0300] {processor.py:840} INFO - DAG(s) 'tutorial_dag' retrieved from /home/gabriel/Documents/Airflow/venv/lib/python3.10/site-packages/airflow/example_dags/tutorial_dag.py
[2024-03-05T20:54:33.068-0300] {logging_mixin.py:188} INFO - [2024-03-05T20:54:33.068-0300] {dag.py:3047} INFO - Sync 1 DAGs
[2024-03-05T20:54:33.079-0300] {logging_mixin.py:188} INFO - [2024-03-05T20:54:33.078-0300] {dag.py:3834} INFO - Setting next_dagrun for tutorial_dag to None, run_after=None
[2024-03-05T20:54:33.103-0300] {processor.py:183} INFO - Processing /home/gabriel/Documents/Airflow/venv/lib/python3.10/site-packages/airflow/example_dags/tutorial_dag.py took 0.055 seconds
[2024-03-05T20:55:12.989-0300] {processor.py:161} INFO - Started process (PID=24590) to work on /home/gabriel/Documents/Airflow/venv/lib/python3.10/site-packages/airflow/example_dags/tutorial_dag.py
[2024-03-05T20:55:12.991-0300] {processor.py:830} INFO - Processing file /home/gabriel/Documents/Airflow/venv/lib/python3.10/site-packages/airflow/example_dags/tutorial_dag.py for tasks to queue
[2024-03-05T20:55:12.993-0300] {logging_mixin.py:188} INFO - [2024-03-05T20:55:12.992-0300] {dagbag.py:540} INFO - Filling up the DagBag from /home/gabriel/Documents/Airflow/venv/lib/python3.10/site-packages/airflow/example_dags/tutorial_dag.py
[2024-03-05T20:55:13.000-0300] {processor.py:840} INFO - DAG(s) 'tutorial_dag' retrieved from /home/gabriel/Documents/Airflow/venv/lib/python3.10/site-packages/airflow/example_dags/tutorial_dag.py
[2024-03-05T20:55:13.019-0300] {logging_mixin.py:188} INFO - [2024-03-05T20:55:13.019-0300] {dag.py:3047} INFO - Sync 1 DAGs
[2024-03-05T20:55:13.128-0300] {logging_mixin.py:188} INFO - [2024-03-05T20:55:13.128-0300] {dag.py:3834} INFO - Setting next_dagrun for tutorial_dag to None, run_after=None
[2024-03-05T20:55:13.149-0300] {processor.py:183} INFO - Processing /home/gabriel/Documents/Airflow/venv/lib/python3.10/site-packages/airflow/example_dags/tutorial_dag.py took 0.163 seconds
[2024-03-05T20:55:54.506-0300] {processor.py:161} INFO - Started process (PID=25051) to work on /home/gabriel/Documents/Airflow/venv/lib/python3.10/site-packages/airflow/example_dags/tutorial_dag.py
[2024-03-05T20:55:54.508-0300] {processor.py:830} INFO - Processing file /home/gabriel/Documents/Airflow/venv/lib/python3.10/site-packages/airflow/example_dags/tutorial_dag.py for tasks to queue
[2024-03-05T20:55:54.509-0300] {logging_mixin.py:188} INFO - [2024-03-05T20:55:54.508-0300] {dagbag.py:540} INFO - Filling up the DagBag from /home/gabriel/Documents/Airflow/venv/lib/python3.10/site-packages/airflow/example_dags/tutorial_dag.py
[2024-03-05T20:55:54.513-0300] {processor.py:840} INFO - DAG(s) 'tutorial_dag' retrieved from /home/gabriel/Documents/Airflow/venv/lib/python3.10/site-packages/airflow/example_dags/tutorial_dag.py
[2024-03-05T20:55:54.528-0300] {logging_mixin.py:188} INFO - [2024-03-05T20:55:54.528-0300] {dag.py:3047} INFO - Sync 1 DAGs
[2024-03-05T20:55:54.537-0300] {logging_mixin.py:188} INFO - [2024-03-05T20:55:54.536-0300] {dag.py:3834} INFO - Setting next_dagrun for tutorial_dag to None, run_after=None
[2024-03-05T20:55:54.560-0300] {processor.py:183} INFO - Processing /home/gabriel/Documents/Airflow/venv/lib/python3.10/site-packages/airflow/example_dags/tutorial_dag.py took 0.056 seconds
[2024-03-05T20:56:32.297-0300] {processor.py:161} INFO - Started process (PID=25389) to work on /home/gabriel/Documents/Airflow/venv/lib/python3.10/site-packages/airflow/example_dags/tutorial_dag.py
[2024-03-05T20:56:32.300-0300] {processor.py:830} INFO - Processing file /home/gabriel/Documents/Airflow/venv/lib/python3.10/site-packages/airflow/example_dags/tutorial_dag.py for tasks to queue
[2024-03-05T20:56:32.301-0300] {logging_mixin.py:188} INFO - [2024-03-05T20:56:32.301-0300] {dagbag.py:540} INFO - Filling up the DagBag from /home/gabriel/Documents/Airflow/venv/lib/python3.10/site-packages/airflow/example_dags/tutorial_dag.py
[2024-03-05T20:56:32.305-0300] {processor.py:840} INFO - DAG(s) 'tutorial_dag' retrieved from /home/gabriel/Documents/Airflow/venv/lib/python3.10/site-packages/airflow/example_dags/tutorial_dag.py
[2024-03-05T20:56:32.317-0300] {logging_mixin.py:188} INFO - [2024-03-05T20:56:32.317-0300] {dag.py:3047} INFO - Sync 1 DAGs
[2024-03-05T20:56:32.325-0300] {logging_mixin.py:188} INFO - [2024-03-05T20:56:32.325-0300] {dag.py:3834} INFO - Setting next_dagrun for tutorial_dag to None, run_after=None
[2024-03-05T20:56:32.346-0300] {processor.py:183} INFO - Processing /home/gabriel/Documents/Airflow/venv/lib/python3.10/site-packages/airflow/example_dags/tutorial_dag.py took 0.051 seconds
[2024-03-05T20:57:07.645-0300] {processor.py:161} INFO - Started process (PID=25744) to work on /home/gabriel/Documents/Airflow/venv/lib/python3.10/site-packages/airflow/example_dags/tutorial_dag.py
[2024-03-05T20:57:07.647-0300] {processor.py:830} INFO - Processing file /home/gabriel/Documents/Airflow/venv/lib/python3.10/site-packages/airflow/example_dags/tutorial_dag.py for tasks to queue
[2024-03-05T20:57:07.648-0300] {logging_mixin.py:188} INFO - [2024-03-05T20:57:07.648-0300] {dagbag.py:540} INFO - Filling up the DagBag from /home/gabriel/Documents/Airflow/venv/lib/python3.10/site-packages/airflow/example_dags/tutorial_dag.py
[2024-03-05T20:57:07.652-0300] {processor.py:840} INFO - DAG(s) 'tutorial_dag' retrieved from /home/gabriel/Documents/Airflow/venv/lib/python3.10/site-packages/airflow/example_dags/tutorial_dag.py
[2024-03-05T20:57:07.664-0300] {logging_mixin.py:188} INFO - [2024-03-05T20:57:07.663-0300] {dag.py:3047} INFO - Sync 1 DAGs
[2024-03-05T20:57:07.672-0300] {logging_mixin.py:188} INFO - [2024-03-05T20:57:07.671-0300] {dag.py:3834} INFO - Setting next_dagrun for tutorial_dag to None, run_after=None
[2024-03-05T20:57:07.693-0300] {processor.py:183} INFO - Processing /home/gabriel/Documents/Airflow/venv/lib/python3.10/site-packages/airflow/example_dags/tutorial_dag.py took 0.050 seconds
