[2024-03-05T20:52:50.585-0300] {processor.py:161} INFO - Started process (PID=23134) to work on /home/gabriel/Documents/Airflow/venv/lib/python3.10/site-packages/airflow/example_dags/tutorial_taskflow_api_virtualenv.py
[2024-03-05T20:52:50.585-0300] {processor.py:830} INFO - Processing file /home/gabriel/Documents/Airflow/venv/lib/python3.10/site-packages/airflow/example_dags/tutorial_taskflow_api_virtualenv.py for tasks to queue
[2024-03-05T20:52:50.586-0300] {logging_mixin.py:188} INFO - [2024-03-05T20:52:50.586-0300] {dagbag.py:540} INFO - Filling up the DagBag from /home/gabriel/Documents/Airflow/venv/lib/python3.10/site-packages/airflow/example_dags/tutorial_taskflow_api_virtualenv.py
[2024-03-05T20:52:50.595-0300] {processor.py:840} INFO - DAG(s) 'tutorial_taskflow_api_virtualenv' retrieved from /home/gabriel/Documents/Airflow/venv/lib/python3.10/site-packages/airflow/example_dags/tutorial_taskflow_api_virtualenv.py
[2024-03-05T20:52:50.673-0300] {logging_mixin.py:188} INFO - [2024-03-05T20:52:50.673-0300] {override.py:1769} INFO - Created Permission View: can read on DAG:tutorial_taskflow_api_virtualenv
[2024-03-05T20:52:50.685-0300] {logging_mixin.py:188} INFO - [2024-03-05T20:52:50.684-0300] {override.py:1769} INFO - Created Permission View: can delete on DAG:tutorial_taskflow_api_virtualenv
[2024-03-05T20:52:50.693-0300] {logging_mixin.py:188} INFO - [2024-03-05T20:52:50.693-0300] {override.py:1769} INFO - Created Permission View: can edit on DAG:tutorial_taskflow_api_virtualenv
[2024-03-05T20:52:50.694-0300] {logging_mixin.py:188} INFO - [2024-03-05T20:52:50.694-0300] {dag.py:3047} INFO - Sync 1 DAGs
[2024-03-05T20:52:50.702-0300] {logging_mixin.py:188} INFO - [2024-03-05T20:52:50.702-0300] {dag.py:3069} INFO - Creating ORM DAG for tutorial_taskflow_api_virtualenv
[2024-03-05T20:52:50.702-0300] {logging_mixin.py:188} INFO - [2024-03-05T20:52:50.702-0300] {dag.py:3834} INFO - Setting next_dagrun for tutorial_taskflow_api_virtualenv to None, run_after=None
[2024-03-05T20:52:50.722-0300] {processor.py:183} INFO - Processing /home/gabriel/Documents/Airflow/venv/lib/python3.10/site-packages/airflow/example_dags/tutorial_taskflow_api_virtualenv.py took 0.139 seconds
[2024-03-05T20:53:58.826-0300] {processor.py:161} INFO - Started process (PID=23899) to work on /home/gabriel/Documents/Airflow/venv/lib/python3.10/site-packages/airflow/example_dags/tutorial_taskflow_api_virtualenv.py
[2024-03-05T20:53:58.828-0300] {processor.py:830} INFO - Processing file /home/gabriel/Documents/Airflow/venv/lib/python3.10/site-packages/airflow/example_dags/tutorial_taskflow_api_virtualenv.py for tasks to queue
[2024-03-05T20:53:58.829-0300] {logging_mixin.py:188} INFO - [2024-03-05T20:53:58.828-0300] {dagbag.py:540} INFO - Filling up the DagBag from /home/gabriel/Documents/Airflow/venv/lib/python3.10/site-packages/airflow/example_dags/tutorial_taskflow_api_virtualenv.py
[2024-03-05T20:53:58.836-0300] {processor.py:840} INFO - DAG(s) 'tutorial_taskflow_api_virtualenv' retrieved from /home/gabriel/Documents/Airflow/venv/lib/python3.10/site-packages/airflow/example_dags/tutorial_taskflow_api_virtualenv.py
[2024-03-05T20:53:58.852-0300] {logging_mixin.py:188} INFO - [2024-03-05T20:53:58.851-0300] {dag.py:3047} INFO - Sync 1 DAGs
[2024-03-05T20:53:58.885-0300] {logging_mixin.py:188} INFO - [2024-03-05T20:53:58.884-0300] {dag.py:3834} INFO - Setting next_dagrun for tutorial_taskflow_api_virtualenv to None, run_after=None
[2024-03-05T20:53:58.936-0300] {processor.py:183} INFO - Processing /home/gabriel/Documents/Airflow/venv/lib/python3.10/site-packages/airflow/example_dags/tutorial_taskflow_api_virtualenv.py took 0.113 seconds
[2024-03-05T20:54:46.537-0300] {processor.py:161} INFO - Started process (PID=24307) to work on /home/gabriel/Documents/Airflow/venv/lib/python3.10/site-packages/airflow/example_dags/tutorial_taskflow_api_virtualenv.py
[2024-03-05T20:54:46.542-0300] {processor.py:830} INFO - Processing file /home/gabriel/Documents/Airflow/venv/lib/python3.10/site-packages/airflow/example_dags/tutorial_taskflow_api_virtualenv.py for tasks to queue
[2024-03-05T20:54:46.543-0300] {logging_mixin.py:188} INFO - [2024-03-05T20:54:46.543-0300] {dagbag.py:540} INFO - Filling up the DagBag from /home/gabriel/Documents/Airflow/venv/lib/python3.10/site-packages/airflow/example_dags/tutorial_taskflow_api_virtualenv.py
[2024-03-05T20:54:46.551-0300] {processor.py:840} INFO - DAG(s) 'tutorial_taskflow_api_virtualenv' retrieved from /home/gabriel/Documents/Airflow/venv/lib/python3.10/site-packages/airflow/example_dags/tutorial_taskflow_api_virtualenv.py
[2024-03-05T20:54:46.561-0300] {logging_mixin.py:188} INFO - [2024-03-05T20:54:46.561-0300] {dag.py:3047} INFO - Sync 1 DAGs
[2024-03-05T20:54:46.569-0300] {logging_mixin.py:188} INFO - [2024-03-05T20:54:46.569-0300] {dag.py:3834} INFO - Setting next_dagrun for tutorial_taskflow_api_virtualenv to None, run_after=None
[2024-03-05T20:54:46.671-0300] {processor.py:183} INFO - Processing /home/gabriel/Documents/Airflow/venv/lib/python3.10/site-packages/airflow/example_dags/tutorial_taskflow_api_virtualenv.py took 0.135 seconds
[2024-03-05T20:55:39.058-0300] {processor.py:161} INFO - Started process (PID=24862) to work on /home/gabriel/Documents/Airflow/venv/lib/python3.10/site-packages/airflow/example_dags/tutorial_taskflow_api_virtualenv.py
[2024-03-05T20:55:39.060-0300] {processor.py:830} INFO - Processing file /home/gabriel/Documents/Airflow/venv/lib/python3.10/site-packages/airflow/example_dags/tutorial_taskflow_api_virtualenv.py for tasks to queue
[2024-03-05T20:55:39.061-0300] {logging_mixin.py:188} INFO - [2024-03-05T20:55:39.061-0300] {dagbag.py:540} INFO - Filling up the DagBag from /home/gabriel/Documents/Airflow/venv/lib/python3.10/site-packages/airflow/example_dags/tutorial_taskflow_api_virtualenv.py
[2024-03-05T20:55:39.070-0300] {processor.py:840} INFO - DAG(s) 'tutorial_taskflow_api_virtualenv' retrieved from /home/gabriel/Documents/Airflow/venv/lib/python3.10/site-packages/airflow/example_dags/tutorial_taskflow_api_virtualenv.py
[2024-03-05T20:55:39.084-0300] {logging_mixin.py:188} INFO - [2024-03-05T20:55:39.083-0300] {dag.py:3047} INFO - Sync 1 DAGs
[2024-03-05T20:55:39.095-0300] {logging_mixin.py:188} INFO - [2024-03-05T20:55:39.095-0300] {dag.py:3834} INFO - Setting next_dagrun for tutorial_taskflow_api_virtualenv to None, run_after=None
[2024-03-05T20:55:39.120-0300] {processor.py:183} INFO - Processing /home/gabriel/Documents/Airflow/venv/lib/python3.10/site-packages/airflow/example_dags/tutorial_taskflow_api_virtualenv.py took 0.064 seconds
[2024-03-05T20:56:19.038-0300] {processor.py:161} INFO - Started process (PID=25253) to work on /home/gabriel/Documents/Airflow/venv/lib/python3.10/site-packages/airflow/example_dags/tutorial_taskflow_api_virtualenv.py
[2024-03-05T20:56:19.039-0300] {processor.py:830} INFO - Processing file /home/gabriel/Documents/Airflow/venv/lib/python3.10/site-packages/airflow/example_dags/tutorial_taskflow_api_virtualenv.py for tasks to queue
[2024-03-05T20:56:19.040-0300] {logging_mixin.py:188} INFO - [2024-03-05T20:56:19.040-0300] {dagbag.py:540} INFO - Filling up the DagBag from /home/gabriel/Documents/Airflow/venv/lib/python3.10/site-packages/airflow/example_dags/tutorial_taskflow_api_virtualenv.py
[2024-03-05T20:56:19.047-0300] {processor.py:840} INFO - DAG(s) 'tutorial_taskflow_api_virtualenv' retrieved from /home/gabriel/Documents/Airflow/venv/lib/python3.10/site-packages/airflow/example_dags/tutorial_taskflow_api_virtualenv.py
[2024-03-05T20:56:19.059-0300] {logging_mixin.py:188} INFO - [2024-03-05T20:56:19.059-0300] {dag.py:3047} INFO - Sync 1 DAGs
[2024-03-05T20:56:19.068-0300] {logging_mixin.py:188} INFO - [2024-03-05T20:56:19.068-0300] {dag.py:3834} INFO - Setting next_dagrun for tutorial_taskflow_api_virtualenv to None, run_after=None
[2024-03-05T20:56:19.090-0300] {processor.py:183} INFO - Processing /home/gabriel/Documents/Airflow/venv/lib/python3.10/site-packages/airflow/example_dags/tutorial_taskflow_api_virtualenv.py took 0.055 seconds
[2024-03-05T20:56:55.347-0300] {processor.py:161} INFO - Started process (PID=25702) to work on /home/gabriel/Documents/Airflow/venv/lib/python3.10/site-packages/airflow/example_dags/tutorial_taskflow_api_virtualenv.py
[2024-03-05T20:56:55.348-0300] {processor.py:830} INFO - Processing file /home/gabriel/Documents/Airflow/venv/lib/python3.10/site-packages/airflow/example_dags/tutorial_taskflow_api_virtualenv.py for tasks to queue
[2024-03-05T20:56:55.349-0300] {logging_mixin.py:188} INFO - [2024-03-05T20:56:55.349-0300] {dagbag.py:540} INFO - Filling up the DagBag from /home/gabriel/Documents/Airflow/venv/lib/python3.10/site-packages/airflow/example_dags/tutorial_taskflow_api_virtualenv.py
[2024-03-05T20:56:55.357-0300] {processor.py:840} INFO - DAG(s) 'tutorial_taskflow_api_virtualenv' retrieved from /home/gabriel/Documents/Airflow/venv/lib/python3.10/site-packages/airflow/example_dags/tutorial_taskflow_api_virtualenv.py
[2024-03-05T20:56:55.367-0300] {logging_mixin.py:188} INFO - [2024-03-05T20:56:55.367-0300] {dag.py:3047} INFO - Sync 1 DAGs
[2024-03-05T20:56:55.376-0300] {logging_mixin.py:188} INFO - [2024-03-05T20:56:55.376-0300] {dag.py:3834} INFO - Setting next_dagrun for tutorial_taskflow_api_virtualenv to None, run_after=None
[2024-03-05T20:56:55.397-0300] {processor.py:183} INFO - Processing /home/gabriel/Documents/Airflow/venv/lib/python3.10/site-packages/airflow/example_dags/tutorial_taskflow_api_virtualenv.py took 0.053 seconds
