[2024-03-05T20:52:46.584-0300] {processor.py:161} INFO - Started process (PID=23077) to work on /home/gabriel/Documents/Airflow/venv/lib/python3.10/site-packages/airflow/example_dags/tutorial.py
[2024-03-05T20:52:46.585-0300] {processor.py:830} INFO - Processing file /home/gabriel/Documents/Airflow/venv/lib/python3.10/site-packages/airflow/example_dags/tutorial.py for tasks to queue
[2024-03-05T20:52:46.585-0300] {logging_mixin.py:188} INFO - [2024-03-05T20:52:46.585-0300] {dagbag.py:540} INFO - Filling up the DagBag from /home/gabriel/Documents/Airflow/venv/lib/python3.10/site-packages/airflow/example_dags/tutorial.py
[2024-03-05T20:52:46.591-0300] {processor.py:840} INFO - DAG(s) 'tutorial' retrieved from /home/gabriel/Documents/Airflow/venv/lib/python3.10/site-packages/airflow/example_dags/tutorial.py
[2024-03-05T20:52:46.675-0300] {logging_mixin.py:188} INFO - [2024-03-05T20:52:46.674-0300] {override.py:1769} INFO - Created Permission View: can read on DAG:tutorial
[2024-03-05T20:52:46.687-0300] {logging_mixin.py:188} INFO - [2024-03-05T20:52:46.687-0300] {override.py:1769} INFO - Created Permission View: can delete on DAG:tutorial
[2024-03-05T20:52:46.697-0300] {logging_mixin.py:188} INFO - [2024-03-05T20:52:46.696-0300] {override.py:1769} INFO - Created Permission View: can edit on DAG:tutorial
[2024-03-05T20:52:46.697-0300] {logging_mixin.py:188} INFO - [2024-03-05T20:52:46.697-0300] {dag.py:3047} INFO - Sync 1 DAGs
[2024-03-05T20:52:46.707-0300] {logging_mixin.py:188} INFO - [2024-03-05T20:52:46.707-0300] {dag.py:3069} INFO - Creating ORM DAG for tutorial
[2024-03-05T20:52:46.713-0300] {logging_mixin.py:188} INFO - [2024-03-05T20:52:46.713-0300] {dag.py:3834} INFO - Setting next_dagrun for tutorial to 2024-03-04 00:00:00+00:00, run_after=2024-03-05 00:00:00+00:00
[2024-03-05T20:52:46.738-0300] {processor.py:183} INFO - Processing /home/gabriel/Documents/Airflow/venv/lib/python3.10/site-packages/airflow/example_dags/tutorial.py took 0.157 seconds
[2024-03-05T20:53:53.827-0300] {processor.py:161} INFO - Started process (PID=23820) to work on /home/gabriel/Documents/Airflow/venv/lib/python3.10/site-packages/airflow/example_dags/tutorial.py
[2024-03-05T20:53:53.828-0300] {processor.py:830} INFO - Processing file /home/gabriel/Documents/Airflow/venv/lib/python3.10/site-packages/airflow/example_dags/tutorial.py for tasks to queue
[2024-03-05T20:53:53.829-0300] {logging_mixin.py:188} INFO - [2024-03-05T20:53:53.829-0300] {dagbag.py:540} INFO - Filling up the DagBag from /home/gabriel/Documents/Airflow/venv/lib/python3.10/site-packages/airflow/example_dags/tutorial.py
[2024-03-05T20:53:53.835-0300] {processor.py:840} INFO - DAG(s) 'tutorial' retrieved from /home/gabriel/Documents/Airflow/venv/lib/python3.10/site-packages/airflow/example_dags/tutorial.py
[2024-03-05T20:53:53.846-0300] {logging_mixin.py:188} INFO - [2024-03-05T20:53:53.846-0300] {dag.py:3047} INFO - Sync 1 DAGs
[2024-03-05T20:53:53.862-0300] {logging_mixin.py:188} INFO - [2024-03-05T20:53:53.862-0300] {dag.py:3834} INFO - Setting next_dagrun for tutorial to 2024-03-04 00:00:00+00:00, run_after=2024-03-05 00:00:00+00:00
[2024-03-05T20:53:53.885-0300] {processor.py:183} INFO - Processing /home/gabriel/Documents/Airflow/venv/lib/python3.10/site-packages/airflow/example_dags/tutorial.py took 0.060 seconds
[2024-03-05T20:54:43.191-0300] {processor.py:161} INFO - Started process (PID=24297) to work on /home/gabriel/Documents/Airflow/venv/lib/python3.10/site-packages/airflow/example_dags/tutorial.py
[2024-03-05T20:54:43.192-0300] {processor.py:830} INFO - Processing file /home/gabriel/Documents/Airflow/venv/lib/python3.10/site-packages/airflow/example_dags/tutorial.py for tasks to queue
[2024-03-05T20:54:43.193-0300] {logging_mixin.py:188} INFO - [2024-03-05T20:54:43.193-0300] {dagbag.py:540} INFO - Filling up the DagBag from /home/gabriel/Documents/Airflow/venv/lib/python3.10/site-packages/airflow/example_dags/tutorial.py
[2024-03-05T20:54:43.198-0300] {processor.py:840} INFO - DAG(s) 'tutorial' retrieved from /home/gabriel/Documents/Airflow/venv/lib/python3.10/site-packages/airflow/example_dags/tutorial.py
[2024-03-05T20:54:43.209-0300] {logging_mixin.py:188} INFO - [2024-03-05T20:54:43.209-0300] {dag.py:3047} INFO - Sync 1 DAGs
[2024-03-05T20:54:43.225-0300] {logging_mixin.py:188} INFO - [2024-03-05T20:54:43.224-0300] {dag.py:3834} INFO - Setting next_dagrun for tutorial to 2024-03-04 00:00:00+00:00, run_after=2024-03-05 00:00:00+00:00
[2024-03-05T20:54:43.323-0300] {processor.py:183} INFO - Processing /home/gabriel/Documents/Airflow/venv/lib/python3.10/site-packages/airflow/example_dags/tutorial.py took 0.134 seconds
[2024-03-05T20:55:34.714-0300] {processor.py:161} INFO - Started process (PID=24786) to work on /home/gabriel/Documents/Airflow/venv/lib/python3.10/site-packages/airflow/example_dags/tutorial.py
[2024-03-05T20:55:34.716-0300] {processor.py:830} INFO - Processing file /home/gabriel/Documents/Airflow/venv/lib/python3.10/site-packages/airflow/example_dags/tutorial.py for tasks to queue
[2024-03-05T20:55:34.717-0300] {logging_mixin.py:188} INFO - [2024-03-05T20:55:34.716-0300] {dagbag.py:540} INFO - Filling up the DagBag from /home/gabriel/Documents/Airflow/venv/lib/python3.10/site-packages/airflow/example_dags/tutorial.py
[2024-03-05T20:55:34.724-0300] {processor.py:840} INFO - DAG(s) 'tutorial' retrieved from /home/gabriel/Documents/Airflow/venv/lib/python3.10/site-packages/airflow/example_dags/tutorial.py
[2024-03-05T20:55:34.740-0300] {logging_mixin.py:188} INFO - [2024-03-05T20:55:34.739-0300] {dag.py:3047} INFO - Sync 1 DAGs
[2024-03-05T20:55:34.762-0300] {logging_mixin.py:188} INFO - [2024-03-05T20:55:34.762-0300] {dag.py:3834} INFO - Setting next_dagrun for tutorial to 2024-03-04 00:00:00+00:00, run_after=2024-03-05 00:00:00+00:00
[2024-03-05T20:55:34.788-0300] {processor.py:183} INFO - Processing /home/gabriel/Documents/Airflow/venv/lib/python3.10/site-packages/airflow/example_dags/tutorial.py took 0.077 seconds
[2024-03-05T20:56:15.328-0300] {processor.py:161} INFO - Started process (PID=25242) to work on /home/gabriel/Documents/Airflow/venv/lib/python3.10/site-packages/airflow/example_dags/tutorial.py
[2024-03-05T20:56:15.330-0300] {processor.py:830} INFO - Processing file /home/gabriel/Documents/Airflow/venv/lib/python3.10/site-packages/airflow/example_dags/tutorial.py for tasks to queue
[2024-03-05T20:56:15.331-0300] {logging_mixin.py:188} INFO - [2024-03-05T20:56:15.330-0300] {dagbag.py:540} INFO - Filling up the DagBag from /home/gabriel/Documents/Airflow/venv/lib/python3.10/site-packages/airflow/example_dags/tutorial.py
[2024-03-05T20:56:15.336-0300] {processor.py:840} INFO - DAG(s) 'tutorial' retrieved from /home/gabriel/Documents/Airflow/venv/lib/python3.10/site-packages/airflow/example_dags/tutorial.py
[2024-03-05T20:56:15.352-0300] {logging_mixin.py:188} INFO - [2024-03-05T20:56:15.351-0300] {dag.py:3047} INFO - Sync 1 DAGs
[2024-03-05T20:56:15.376-0300] {logging_mixin.py:188} INFO - [2024-03-05T20:56:15.376-0300] {dag.py:3834} INFO - Setting next_dagrun for tutorial to 2024-03-04 00:00:00+00:00, run_after=2024-03-05 00:00:00+00:00
[2024-03-05T20:56:15.406-0300] {processor.py:183} INFO - Processing /home/gabriel/Documents/Airflow/venv/lib/python3.10/site-packages/airflow/example_dags/tutorial.py took 0.081 seconds
[2024-03-05T20:56:51.347-0300] {processor.py:161} INFO - Started process (PID=25691) to work on /home/gabriel/Documents/Airflow/venv/lib/python3.10/site-packages/airflow/example_dags/tutorial.py
[2024-03-05T20:56:51.349-0300] {processor.py:830} INFO - Processing file /home/gabriel/Documents/Airflow/venv/lib/python3.10/site-packages/airflow/example_dags/tutorial.py for tasks to queue
[2024-03-05T20:56:51.351-0300] {logging_mixin.py:188} INFO - [2024-03-05T20:56:51.350-0300] {dagbag.py:540} INFO - Filling up the DagBag from /home/gabriel/Documents/Airflow/venv/lib/python3.10/site-packages/airflow/example_dags/tutorial.py
[2024-03-05T20:56:51.360-0300] {processor.py:840} INFO - DAG(s) 'tutorial' retrieved from /home/gabriel/Documents/Airflow/venv/lib/python3.10/site-packages/airflow/example_dags/tutorial.py
[2024-03-05T20:56:51.380-0300] {logging_mixin.py:188} INFO - [2024-03-05T20:56:51.380-0300] {dag.py:3047} INFO - Sync 1 DAGs
[2024-03-05T20:56:51.418-0300] {logging_mixin.py:188} INFO - [2024-03-05T20:56:51.418-0300] {dag.py:3834} INFO - Setting next_dagrun for tutorial to 2024-03-04 00:00:00+00:00, run_after=2024-03-05 00:00:00+00:00
[2024-03-05T20:56:51.453-0300] {processor.py:183} INFO - Processing /home/gabriel/Documents/Airflow/venv/lib/python3.10/site-packages/airflow/example_dags/tutorial.py took 0.109 seconds
