[2024-03-05T21:23:48.398-0300] {taskinstance.py:1979} INFO - Dependencies all met for dep_context=non-requeueable deps ti=<TaskInstance: Executando-notebook-etl.Transformando-dados scheduled__2024-02-18T09:00:00+00:00 [queued]>
[2024-03-05T21:23:48.406-0300] {taskinstance.py:1979} INFO - Dependencies all met for dep_context=requeueable deps ti=<TaskInstance: Executando-notebook-etl.Transformando-dados scheduled__2024-02-18T09:00:00+00:00 [queued]>
[2024-03-05T21:23:48.406-0300] {taskinstance.py:2193} INFO - Starting attempt 1 of 1
[2024-03-05T21:23:48.424-0300] {taskinstance.py:2214} INFO - Executing <Task(DatabricksRunNowOperator): Transformando-dados> on 2024-02-18 09:00:00+00:00
[2024-03-05T21:23:48.427-0300] {standard_task_runner.py:60} INFO - Started process 40199 to run task
[2024-03-05T21:23:48.430-0300] {standard_task_runner.py:87} INFO - Running: ['airflow', 'tasks', 'run', 'Executando-notebook-etl', 'Transformando-dados', 'scheduled__2024-02-18T09:00:00+00:00', '--job-id', '23', '--raw', '--subdir', 'DAGS_FOLDER/exchange_rate_dag.py', '--cfg-path', '/tmp/tmprwqkjflg']
[2024-03-05T21:23:48.432-0300] {standard_task_runner.py:88} INFO - Job 23: Subtask Transformando-dados
[2024-03-05T21:23:48.464-0300] {task_command.py:423} INFO - Running <TaskInstance: Executando-notebook-etl.Transformando-dados scheduled__2024-02-18T09:00:00+00:00 [running]> on host GabGalani.
[2024-03-05T21:23:48.520-0300] {taskinstance.py:2510} INFO - Exporting env vars: AIRFLOW_CTX_DAG_OWNER='airflow' AIRFLOW_CTX_DAG_ID='Executando-notebook-etl' AIRFLOW_CTX_TASK_ID='Transformando-dados' AIRFLOW_CTX_EXECUTION_DATE='2024-02-18T09:00:00+00:00' AIRFLOW_CTX_TRY_NUMBER='1' AIRFLOW_CTX_DAG_RUN_ID='scheduled__2024-02-18T09:00:00+00:00'
[2024-03-05T21:23:48.524-0300] {base.py:83} INFO - Using connection ID 'databricks_default' for task execution.
[2024-03-05T21:23:48.536-0300] {databricks_base.py:500} INFO - Using token auth.
[2024-03-05T21:23:48.892-0300] {databricks.py:54} INFO - Run submitted with run_id: 326922740095314
[2024-03-05T21:23:48.892-0300] {databricks_base.py:500} INFO - Using token auth.
[2024-03-05T21:23:49.145-0300] {databricks_base.py:500} INFO - Using token auth.
[2024-03-05T21:23:49.351-0300] {databricks.py:108} INFO - Transformando-dados in run state: {'life_cycle_state': 'RUNNING', 'result_state': '', 'state_message': ''}
[2024-03-05T21:23:49.352-0300] {databricks.py:109} INFO - View run status, Spark UI, and logs at https://adb-2816171104137333.13.azuredatabricks.net/?o=2816171104137333#job/140817525018336/run/326922740095314
[2024-03-05T21:23:49.352-0300] {databricks.py:110} INFO - Sleeping for 30 seconds.
[2024-03-05T21:24:19.383-0300] {databricks_base.py:500} INFO - Using token auth.
[2024-03-05T21:24:19.700-0300] {databricks.py:65} INFO - Transformando-dados completed successfully.
[2024-03-05T21:24:19.701-0300] {databricks.py:66} INFO - View run status, Spark UI, and logs at https://adb-2816171104137333.13.azuredatabricks.net/?o=2816171104137333#job/140817525018336/run/326922740095314
[2024-03-05T21:24:19.704-0300] {taskinstance.py:1149} INFO - Marking task as SUCCESS. dag_id=Executando-notebook-etl, task_id=Transformando-dados, execution_date=20240218T090000, start_date=20240306T002348, end_date=20240306T002419
[2024-03-05T21:24:19.747-0300] {local_task_job_runner.py:234} INFO - Task exited with return code 0
[2024-03-05T21:24:19.754-0300] {taskinstance.py:3309} INFO - 0 downstream tasks scheduled from follow-on schedule check
