[2024-03-05T21:29:21.944-0300] {taskinstance.py:1979} INFO - Dependencies all met for dep_context=non-requeueable deps ti=<TaskInstance: Executando-notebook-etl.Transformando-dados scheduled__2024-02-23T09:00:00+00:00 [queued]>
[2024-03-05T21:29:21.954-0300] {taskinstance.py:1979} INFO - Dependencies all met for dep_context=requeueable deps ti=<TaskInstance: Executando-notebook-etl.Transformando-dados scheduled__2024-02-23T09:00:00+00:00 [queued]>
[2024-03-05T21:29:21.954-0300] {taskinstance.py:2193} INFO - Starting attempt 1 of 1
[2024-03-05T21:29:21.978-0300] {taskinstance.py:2214} INFO - Executing <Task(DatabricksRunNowOperator): Transformando-dados> on 2024-02-23 09:00:00+00:00
[2024-03-05T21:29:21.983-0300] {standard_task_runner.py:60} INFO - Started process 45124 to run task
[2024-03-05T21:29:21.989-0300] {standard_task_runner.py:87} INFO - Running: ['airflow', 'tasks', 'run', 'Executando-notebook-etl', 'Transformando-dados', 'scheduled__2024-02-23T09:00:00+00:00', '--job-id', '33', '--raw', '--subdir', 'DAGS_FOLDER/exchange_rate_dag.py', '--cfg-path', '/tmp/tmpturhhn5t']
[2024-03-05T21:29:21.991-0300] {standard_task_runner.py:88} INFO - Job 33: Subtask Transformando-dados
[2024-03-05T21:29:22.037-0300] {task_command.py:423} INFO - Running <TaskInstance: Executando-notebook-etl.Transformando-dados scheduled__2024-02-23T09:00:00+00:00 [running]> on host GabGalani.
[2024-03-05T21:29:22.125-0300] {taskinstance.py:2510} INFO - Exporting env vars: AIRFLOW_CTX_DAG_OWNER='airflow' AIRFLOW_CTX_DAG_ID='Executando-notebook-etl' AIRFLOW_CTX_TASK_ID='Transformando-dados' AIRFLOW_CTX_EXECUTION_DATE='2024-02-23T09:00:00+00:00' AIRFLOW_CTX_TRY_NUMBER='1' AIRFLOW_CTX_DAG_RUN_ID='scheduled__2024-02-23T09:00:00+00:00'
[2024-03-05T21:29:22.131-0300] {base.py:83} INFO - Using connection ID 'databricks_default' for task execution.
[2024-03-05T21:29:22.151-0300] {databricks_base.py:500} INFO - Using token auth.
[2024-03-05T21:29:22.498-0300] {databricks.py:54} INFO - Run submitted with run_id: 1106823582939512
[2024-03-05T21:29:22.498-0300] {databricks_base.py:500} INFO - Using token auth.
[2024-03-05T21:29:22.697-0300] {databricks_base.py:500} INFO - Using token auth.
[2024-03-05T21:29:22.980-0300] {databricks.py:108} INFO - Transformando-dados in run state: {'life_cycle_state': 'RUNNING', 'result_state': '', 'state_message': ''}
[2024-03-05T21:29:22.981-0300] {databricks.py:109} INFO - View run status, Spark UI, and logs at https://adb-2816171104137333.13.azuredatabricks.net/?o=2816171104137333#job/140817525018336/run/1106823582939512
[2024-03-05T21:29:22.981-0300] {databricks.py:110} INFO - Sleeping for 30 seconds.
[2024-03-05T21:29:52.992-0300] {databricks_base.py:500} INFO - Using token auth.
[2024-03-05T21:29:53.283-0300] {databricks.py:65} INFO - Transformando-dados completed successfully.
[2024-03-05T21:29:53.284-0300] {databricks.py:66} INFO - View run status, Spark UI, and logs at https://adb-2816171104137333.13.azuredatabricks.net/?o=2816171104137333#job/140817525018336/run/1106823582939512
[2024-03-05T21:29:53.288-0300] {taskinstance.py:1149} INFO - Marking task as SUCCESS. dag_id=Executando-notebook-etl, task_id=Transformando-dados, execution_date=20240223T090000, start_date=20240306T002921, end_date=20240306T002953
[2024-03-05T21:29:53.331-0300] {local_task_job_runner.py:234} INFO - Task exited with return code 0
[2024-03-05T21:29:53.339-0300] {taskinstance.py:3309} INFO - 0 downstream tasks scheduled from follow-on schedule check
