[2024-03-05T21:41:25.046-0300] {taskinstance.py:1979} INFO - Dependencies all met for dep_context=non-requeueable deps ti=<TaskInstance: Executando-notebook-etl.Transformando-dados scheduled__2024-03-04T09:00:00+00:00 [queued]>
[2024-03-05T21:41:25.055-0300] {taskinstance.py:1979} INFO - Dependencies all met for dep_context=requeueable deps ti=<TaskInstance: Executando-notebook-etl.Transformando-dados scheduled__2024-03-04T09:00:00+00:00 [queued]>
[2024-03-05T21:41:25.055-0300] {taskinstance.py:2193} INFO - Starting attempt 1 of 1
[2024-03-05T21:41:25.072-0300] {taskinstance.py:2214} INFO - Executing <Task(DatabricksRunNowOperator): Transformando-dados> on 2024-03-04 09:00:00+00:00
[2024-03-05T21:41:25.075-0300] {standard_task_runner.py:60} INFO - Started process 53511 to run task
[2024-03-05T21:41:25.080-0300] {standard_task_runner.py:87} INFO - Running: ['airflow', 'tasks', 'run', 'Executando-notebook-etl', 'Transformando-dados', 'scheduled__2024-03-04T09:00:00+00:00', '--job-id', '51', '--raw', '--subdir', 'DAGS_FOLDER/exchange_rate_dag.py', '--cfg-path', '/tmp/tmpqtbg7kow']
[2024-03-05T21:41:25.082-0300] {standard_task_runner.py:88} INFO - Job 51: Subtask Transformando-dados
[2024-03-05T21:41:25.111-0300] {task_command.py:423} INFO - Running <TaskInstance: Executando-notebook-etl.Transformando-dados scheduled__2024-03-04T09:00:00+00:00 [running]> on host GabGalani.
[2024-03-05T21:41:25.170-0300] {taskinstance.py:2510} INFO - Exporting env vars: AIRFLOW_CTX_DAG_OWNER='airflow' AIRFLOW_CTX_DAG_ID='Executando-notebook-etl' AIRFLOW_CTX_TASK_ID='Transformando-dados' AIRFLOW_CTX_EXECUTION_DATE='2024-03-04T09:00:00+00:00' AIRFLOW_CTX_TRY_NUMBER='1' AIRFLOW_CTX_DAG_RUN_ID='scheduled__2024-03-04T09:00:00+00:00'
[2024-03-05T21:41:25.175-0300] {base.py:83} INFO - Using connection ID 'databricks_default' for task execution.
[2024-03-05T21:41:25.187-0300] {databricks_base.py:500} INFO - Using token auth.
[2024-03-05T21:41:25.536-0300] {databricks.py:54} INFO - Run submitted with run_id: 391046064692941
[2024-03-05T21:41:25.537-0300] {databricks_base.py:500} INFO - Using token auth.
[2024-03-05T21:41:25.815-0300] {databricks_base.py:500} INFO - Using token auth.
[2024-03-05T21:41:26.053-0300] {databricks.py:108} INFO - Transformando-dados in run state: {'life_cycle_state': 'RUNNING', 'result_state': '', 'state_message': ''}
[2024-03-05T21:41:26.053-0300] {databricks.py:109} INFO - View run status, Spark UI, and logs at https://adb-2816171104137333.13.azuredatabricks.net/?o=2816171104137333#job/140817525018336/run/391046064692941
[2024-03-05T21:41:26.054-0300] {databricks.py:110} INFO - Sleeping for 30 seconds.
[2024-03-05T21:41:56.084-0300] {databricks_base.py:500} INFO - Using token auth.
[2024-03-05T21:41:56.330-0300] {databricks.py:65} INFO - Transformando-dados completed successfully.
[2024-03-05T21:41:56.332-0300] {databricks.py:66} INFO - View run status, Spark UI, and logs at https://adb-2816171104137333.13.azuredatabricks.net/?o=2816171104137333#job/140817525018336/run/391046064692941
[2024-03-05T21:41:56.336-0300] {taskinstance.py:1149} INFO - Marking task as SUCCESS. dag_id=Executando-notebook-etl, task_id=Transformando-dados, execution_date=20240304T090000, start_date=20240306T004125, end_date=20240306T004156
[2024-03-05T21:41:56.356-0300] {local_task_job_runner.py:234} INFO - Task exited with return code 0
[2024-03-05T21:41:56.362-0300] {taskinstance.py:3309} INFO - 0 downstream tasks scheduled from follow-on schedule check
[2024-03-05T22:10:40.496-0300] {taskinstance.py:1979} INFO - Dependencies all met for dep_context=non-requeueable deps ti=<TaskInstance: Executando-notebook-etl.Transformando-dados scheduled__2024-03-04T09:00:00+00:00 [queued]>
[2024-03-05T22:10:40.506-0300] {taskinstance.py:1979} INFO - Dependencies all met for dep_context=requeueable deps ti=<TaskInstance: Executando-notebook-etl.Transformando-dados scheduled__2024-03-04T09:00:00+00:00 [queued]>
[2024-03-05T22:10:40.506-0300] {taskinstance.py:2193} INFO - Starting attempt 1 of 1
[2024-03-05T22:10:40.531-0300] {taskinstance.py:2214} INFO - Executing <Task(DatabricksRunNowOperator): Transformando-dados> on 2024-03-04 09:00:00+00:00
[2024-03-05T22:10:40.533-0300] {standard_task_runner.py:60} INFO - Started process 61465 to run task
[2024-03-05T22:10:40.537-0300] {standard_task_runner.py:87} INFO - Running: ['airflow', 'tasks', 'run', 'Executando-notebook-etl', 'Transformando-dados', 'scheduled__2024-03-04T09:00:00+00:00', '--job-id', '6', '--raw', '--subdir', 'DAGS_FOLDER/exchange_rate_dag.py', '--cfg-path', '/tmp/tmp4plrnvk2']
[2024-03-05T22:10:40.538-0300] {standard_task_runner.py:88} INFO - Job 6: Subtask Transformando-dados
[2024-03-05T22:10:40.578-0300] {task_command.py:423} INFO - Running <TaskInstance: Executando-notebook-etl.Transformando-dados scheduled__2024-03-04T09:00:00+00:00 [running]> on host GabGalani.
[2024-03-05T22:10:40.658-0300] {taskinstance.py:2510} INFO - Exporting env vars: AIRFLOW_CTX_DAG_OWNER='airflow' AIRFLOW_CTX_DAG_ID='Executando-notebook-etl' AIRFLOW_CTX_TASK_ID='Transformando-dados' AIRFLOW_CTX_EXECUTION_DATE='2024-03-04T09:00:00+00:00' AIRFLOW_CTX_TRY_NUMBER='1' AIRFLOW_CTX_DAG_RUN_ID='scheduled__2024-03-04T09:00:00+00:00'
[2024-03-05T22:10:40.665-0300] {base.py:83} INFO - Using connection ID 'databricks_default' for task execution.
[2024-03-05T22:10:40.681-0300] {databricks_base.py:500} INFO - Using token auth.
[2024-03-05T22:10:41.037-0300] {databricks.py:54} INFO - Run submitted with run_id: 1108341891683582
[2024-03-05T22:10:41.038-0300] {databricks_base.py:500} INFO - Using token auth.
[2024-03-05T22:10:41.257-0300] {databricks_base.py:500} INFO - Using token auth.
[2024-03-05T22:10:41.448-0300] {databricks.py:108} INFO - Transformando-dados in run state: {'life_cycle_state': 'RUNNING', 'result_state': '', 'state_message': ''}
[2024-03-05T22:10:41.451-0300] {databricks.py:109} INFO - View run status, Spark UI, and logs at https://adb-2816171104137333.13.azuredatabricks.net/?o=2816171104137333#job/140817525018336/run/1108341891683582
[2024-03-05T22:10:41.451-0300] {databricks.py:110} INFO - Sleeping for 30 seconds.
[2024-03-05T22:11:11.482-0300] {databricks_base.py:500} INFO - Using token auth.
[2024-03-05T22:11:11.737-0300] {databricks.py:65} INFO - Transformando-dados completed successfully.
[2024-03-05T22:11:11.738-0300] {databricks.py:66} INFO - View run status, Spark UI, and logs at https://adb-2816171104137333.13.azuredatabricks.net/?o=2816171104137333#job/140817525018336/run/1108341891683582
[2024-03-05T22:11:11.742-0300] {taskinstance.py:1149} INFO - Marking task as SUCCESS. dag_id=Executando-notebook-etl, task_id=Transformando-dados, execution_date=20240304T090000, start_date=20240306T011040, end_date=20240306T011111
[2024-03-05T22:11:11.787-0300] {local_task_job_runner.py:234} INFO - Task exited with return code 0
[2024-03-05T22:11:11.799-0300] {taskinstance.py:3309} INFO - 1 downstream tasks scheduled from follow-on schedule check
[2024-03-05T22:25:34.878-0300] {taskinstance.py:1979} INFO - Dependencies all met for dep_context=non-requeueable deps ti=<TaskInstance: Executando-notebook-etl.Transformando-dados scheduled__2024-03-04T09:00:00+00:00 [queued]>
[2024-03-05T22:25:34.885-0300] {taskinstance.py:1979} INFO - Dependencies all met for dep_context=requeueable deps ti=<TaskInstance: Executando-notebook-etl.Transformando-dados scheduled__2024-03-04T09:00:00+00:00 [queued]>
[2024-03-05T22:25:34.885-0300] {taskinstance.py:2193} INFO - Starting attempt 1 of 1
[2024-03-05T22:25:34.907-0300] {taskinstance.py:2214} INFO - Executing <Task(DatabricksRunNowOperator): Transformando-dados> on 2024-03-04 09:00:00+00:00
[2024-03-05T22:25:34.910-0300] {standard_task_runner.py:60} INFO - Started process 66898 to run task
[2024-03-05T22:25:34.913-0300] {standard_task_runner.py:87} INFO - Running: ['airflow', 'tasks', 'run', 'Executando-notebook-etl', 'Transformando-dados', 'scheduled__2024-03-04T09:00:00+00:00', '--job-id', '6', '--raw', '--subdir', 'DAGS_FOLDER/exchange_rate_dag.py', '--cfg-path', '/tmp/tmpmist_csq']
[2024-03-05T22:25:34.915-0300] {standard_task_runner.py:88} INFO - Job 6: Subtask Transformando-dados
[2024-03-05T22:25:34.953-0300] {task_command.py:423} INFO - Running <TaskInstance: Executando-notebook-etl.Transformando-dados scheduled__2024-03-04T09:00:00+00:00 [running]> on host GabGalani.
[2024-03-05T22:25:35.021-0300] {taskinstance.py:2510} INFO - Exporting env vars: AIRFLOW_CTX_DAG_OWNER='airflow' AIRFLOW_CTX_DAG_ID='Executando-notebook-etl' AIRFLOW_CTX_TASK_ID='Transformando-dados' AIRFLOW_CTX_EXECUTION_DATE='2024-03-04T09:00:00+00:00' AIRFLOW_CTX_TRY_NUMBER='1' AIRFLOW_CTX_DAG_RUN_ID='scheduled__2024-03-04T09:00:00+00:00'
[2024-03-05T22:25:35.029-0300] {base.py:83} INFO - Using connection ID 'databricks_default' for task execution.
[2024-03-05T22:25:35.054-0300] {databricks_base.py:500} INFO - Using token auth.
[2024-03-05T22:25:35.410-0300] {databricks.py:54} INFO - Run submitted with run_id: 129942203739184
[2024-03-05T22:25:35.412-0300] {databricks_base.py:500} INFO - Using token auth.
[2024-03-05T22:25:35.740-0300] {databricks_base.py:500} INFO - Using token auth.
[2024-03-05T22:25:35.913-0300] {databricks.py:108} INFO - Transformando-dados in run state: {'life_cycle_state': 'RUNNING', 'result_state': '', 'state_message': ''}
[2024-03-05T22:25:35.914-0300] {databricks.py:109} INFO - View run status, Spark UI, and logs at https://adb-2816171104137333.13.azuredatabricks.net/?o=2816171104137333#job/140817525018336/run/129942203739184
[2024-03-05T22:25:35.915-0300] {databricks.py:110} INFO - Sleeping for 30 seconds.
[2024-03-05T22:26:05.945-0300] {databricks_base.py:500} INFO - Using token auth.
[2024-03-05T22:26:06.156-0300] {databricks.py:65} INFO - Transformando-dados completed successfully.
[2024-03-05T22:26:06.157-0300] {databricks.py:66} INFO - View run status, Spark UI, and logs at https://adb-2816171104137333.13.azuredatabricks.net/?o=2816171104137333#job/140817525018336/run/129942203739184
[2024-03-05T22:26:06.162-0300] {taskinstance.py:1149} INFO - Marking task as SUCCESS. dag_id=Executando-notebook-etl, task_id=Transformando-dados, execution_date=20240304T090000, start_date=20240306T012534, end_date=20240306T012606
[2024-03-05T22:26:06.181-0300] {local_task_job_runner.py:234} INFO - Task exited with return code 0
[2024-03-05T22:26:06.195-0300] {taskinstance.py:3309} INFO - 1 downstream tasks scheduled from follow-on schedule check
