[2024-03-05T20:52:55.829-0300] {processor.py:161} INFO - Started process (PID=23159) to work on /home/gabriel/Documents/Airflow/venv/lib/python3.10/site-packages/airflow/example_dags/plugins/event_listener.py
[2024-03-05T20:52:55.829-0300] {processor.py:830} INFO - Processing file /home/gabriel/Documents/Airflow/venv/lib/python3.10/site-packages/airflow/example_dags/plugins/event_listener.py for tasks to queue
[2024-03-05T20:52:55.830-0300] {logging_mixin.py:188} INFO - [2024-03-05T20:52:55.830-0300] {dagbag.py:540} INFO - Filling up the DagBag from /home/gabriel/Documents/Airflow/venv/lib/python3.10/site-packages/airflow/example_dags/plugins/event_listener.py
[2024-03-05T20:52:55.831-0300] {processor.py:842} WARNING - No viable dags retrieved from /home/gabriel/Documents/Airflow/venv/lib/python3.10/site-packages/airflow/example_dags/plugins/event_listener.py
[2024-03-05T20:52:55.838-0300] {processor.py:183} INFO - Processing /home/gabriel/Documents/Airflow/venv/lib/python3.10/site-packages/airflow/example_dags/plugins/event_listener.py took 0.011 seconds
[2024-03-05T20:54:03.753-0300] {processor.py:161} INFO - Started process (PID=23977) to work on /home/gabriel/Documents/Airflow/venv/lib/python3.10/site-packages/airflow/example_dags/plugins/event_listener.py
[2024-03-05T20:54:03.756-0300] {processor.py:830} INFO - Processing file /home/gabriel/Documents/Airflow/venv/lib/python3.10/site-packages/airflow/example_dags/plugins/event_listener.py for tasks to queue
[2024-03-05T20:54:03.757-0300] {logging_mixin.py:188} INFO - [2024-03-05T20:54:03.757-0300] {dagbag.py:540} INFO - Filling up the DagBag from /home/gabriel/Documents/Airflow/venv/lib/python3.10/site-packages/airflow/example_dags/plugins/event_listener.py
[2024-03-05T20:54:03.758-0300] {processor.py:842} WARNING - No viable dags retrieved from /home/gabriel/Documents/Airflow/venv/lib/python3.10/site-packages/airflow/example_dags/plugins/event_listener.py
[2024-03-05T20:54:03.768-0300] {processor.py:183} INFO - Processing /home/gabriel/Documents/Airflow/venv/lib/python3.10/site-packages/airflow/example_dags/plugins/event_listener.py took 0.017 seconds
[2024-03-05T20:54:52.151-0300] {processor.py:161} INFO - Started process (PID=24387) to work on /home/gabriel/Documents/Airflow/venv/lib/python3.10/site-packages/airflow/example_dags/plugins/event_listener.py
[2024-03-05T20:54:52.154-0300] {processor.py:830} INFO - Processing file /home/gabriel/Documents/Airflow/venv/lib/python3.10/site-packages/airflow/example_dags/plugins/event_listener.py for tasks to queue
[2024-03-05T20:54:52.155-0300] {logging_mixin.py:188} INFO - [2024-03-05T20:54:52.155-0300] {dagbag.py:540} INFO - Filling up the DagBag from /home/gabriel/Documents/Airflow/venv/lib/python3.10/site-packages/airflow/example_dags/plugins/event_listener.py
[2024-03-05T20:54:52.157-0300] {processor.py:842} WARNING - No viable dags retrieved from /home/gabriel/Documents/Airflow/venv/lib/python3.10/site-packages/airflow/example_dags/plugins/event_listener.py
[2024-03-05T20:54:52.164-0300] {processor.py:183} INFO - Processing /home/gabriel/Documents/Airflow/venv/lib/python3.10/site-packages/airflow/example_dags/plugins/event_listener.py took 0.015 seconds
[2024-03-05T20:55:44.211-0300] {processor.py:161} INFO - Started process (PID=24939) to work on /home/gabriel/Documents/Airflow/venv/lib/python3.10/site-packages/airflow/example_dags/plugins/event_listener.py
[2024-03-05T20:55:44.213-0300] {processor.py:830} INFO - Processing file /home/gabriel/Documents/Airflow/venv/lib/python3.10/site-packages/airflow/example_dags/plugins/event_listener.py for tasks to queue
[2024-03-05T20:55:44.214-0300] {logging_mixin.py:188} INFO - [2024-03-05T20:55:44.213-0300] {dagbag.py:540} INFO - Filling up the DagBag from /home/gabriel/Documents/Airflow/venv/lib/python3.10/site-packages/airflow/example_dags/plugins/event_listener.py
[2024-03-05T20:55:44.216-0300] {processor.py:842} WARNING - No viable dags retrieved from /home/gabriel/Documents/Airflow/venv/lib/python3.10/site-packages/airflow/example_dags/plugins/event_listener.py
[2024-03-05T20:55:44.225-0300] {processor.py:183} INFO - Processing /home/gabriel/Documents/Airflow/venv/lib/python3.10/site-packages/airflow/example_dags/plugins/event_listener.py took 0.017 seconds
[2024-03-05T20:56:38.348-0300] {processor.py:161} INFO - Started process (PID=25511) to work on /home/gabriel/Documents/Airflow/venv/lib/python3.10/site-packages/airflow/example_dags/plugins/event_listener.py
[2024-03-05T20:56:38.350-0300] {processor.py:830} INFO - Processing file /home/gabriel/Documents/Airflow/venv/lib/python3.10/site-packages/airflow/example_dags/plugins/event_listener.py for tasks to queue
[2024-03-05T20:56:38.351-0300] {logging_mixin.py:188} INFO - [2024-03-05T20:56:38.351-0300] {dagbag.py:540} INFO - Filling up the DagBag from /home/gabriel/Documents/Airflow/venv/lib/python3.10/site-packages/airflow/example_dags/plugins/event_listener.py
[2024-03-05T20:56:38.354-0300] {processor.py:842} WARNING - No viable dags retrieved from /home/gabriel/Documents/Airflow/venv/lib/python3.10/site-packages/airflow/example_dags/plugins/event_listener.py
[2024-03-05T20:56:38.361-0300] {processor.py:183} INFO - Processing /home/gabriel/Documents/Airflow/venv/lib/python3.10/site-packages/airflow/example_dags/plugins/event_listener.py took 0.015 seconds
