[2024-03-05T20:52:55.580-0300] {processor.py:161} INFO - Started process (PID=23156) to work on /home/gabriel/Documents/Airflow/venv/lib/python3.10/site-packages/airflow/example_dags/plugins/listener_plugin.py
[2024-03-05T20:52:55.582-0300] {processor.py:830} INFO - Processing file /home/gabriel/Documents/Airflow/venv/lib/python3.10/site-packages/airflow/example_dags/plugins/listener_plugin.py for tasks to queue
[2024-03-05T20:52:55.583-0300] {logging_mixin.py:188} INFO - [2024-03-05T20:52:55.583-0300] {dagbag.py:540} INFO - Filling up the DagBag from /home/gabriel/Documents/Airflow/venv/lib/python3.10/site-packages/airflow/example_dags/plugins/listener_plugin.py
[2024-03-05T20:52:55.587-0300] {processor.py:842} WARNING - No viable dags retrieved from /home/gabriel/Documents/Airflow/venv/lib/python3.10/site-packages/airflow/example_dags/plugins/listener_plugin.py
[2024-03-05T20:52:55.600-0300] {processor.py:183} INFO - Processing /home/gabriel/Documents/Airflow/venv/lib/python3.10/site-packages/airflow/example_dags/plugins/listener_plugin.py took 0.022 seconds
[2024-03-05T20:54:02.610-0300] {processor.py:161} INFO - Started process (PID=23970) to work on /home/gabriel/Documents/Airflow/venv/lib/python3.10/site-packages/airflow/example_dags/plugins/listener_plugin.py
[2024-03-05T20:54:02.612-0300] {processor.py:830} INFO - Processing file /home/gabriel/Documents/Airflow/venv/lib/python3.10/site-packages/airflow/example_dags/plugins/listener_plugin.py for tasks to queue
[2024-03-05T20:54:02.613-0300] {logging_mixin.py:188} INFO - [2024-03-05T20:54:02.612-0300] {dagbag.py:540} INFO - Filling up the DagBag from /home/gabriel/Documents/Airflow/venv/lib/python3.10/site-packages/airflow/example_dags/plugins/listener_plugin.py
[2024-03-05T20:54:02.615-0300] {processor.py:842} WARNING - No viable dags retrieved from /home/gabriel/Documents/Airflow/venv/lib/python3.10/site-packages/airflow/example_dags/plugins/listener_plugin.py
[2024-03-05T20:54:02.625-0300] {processor.py:183} INFO - Processing /home/gabriel/Documents/Airflow/venv/lib/python3.10/site-packages/airflow/example_dags/plugins/listener_plugin.py took 0.019 seconds
[2024-03-05T20:54:50.997-0300] {processor.py:161} INFO - Started process (PID=24351) to work on /home/gabriel/Documents/Airflow/venv/lib/python3.10/site-packages/airflow/example_dags/plugins/listener_plugin.py
[2024-03-05T20:54:50.999-0300] {processor.py:830} INFO - Processing file /home/gabriel/Documents/Airflow/venv/lib/python3.10/site-packages/airflow/example_dags/plugins/listener_plugin.py for tasks to queue
[2024-03-05T20:54:51.000-0300] {logging_mixin.py:188} INFO - [2024-03-05T20:54:50.999-0300] {dagbag.py:540} INFO - Filling up the DagBag from /home/gabriel/Documents/Airflow/venv/lib/python3.10/site-packages/airflow/example_dags/plugins/listener_plugin.py
[2024-03-05T20:54:51.002-0300] {processor.py:842} WARNING - No viable dags retrieved from /home/gabriel/Documents/Airflow/venv/lib/python3.10/site-packages/airflow/example_dags/plugins/listener_plugin.py
[2024-03-05T20:54:51.011-0300] {processor.py:183} INFO - Processing /home/gabriel/Documents/Airflow/venv/lib/python3.10/site-packages/airflow/example_dags/plugins/listener_plugin.py took 0.017 seconds
[2024-03-05T20:55:43.055-0300] {processor.py:161} INFO - Started process (PID=24938) to work on /home/gabriel/Documents/Airflow/venv/lib/python3.10/site-packages/airflow/example_dags/plugins/listener_plugin.py
[2024-03-05T20:55:43.057-0300] {processor.py:830} INFO - Processing file /home/gabriel/Documents/Airflow/venv/lib/python3.10/site-packages/airflow/example_dags/plugins/listener_plugin.py for tasks to queue
[2024-03-05T20:55:43.058-0300] {logging_mixin.py:188} INFO - [2024-03-05T20:55:43.057-0300] {dagbag.py:540} INFO - Filling up the DagBag from /home/gabriel/Documents/Airflow/venv/lib/python3.10/site-packages/airflow/example_dags/plugins/listener_plugin.py
[2024-03-05T20:55:43.061-0300] {processor.py:842} WARNING - No viable dags retrieved from /home/gabriel/Documents/Airflow/venv/lib/python3.10/site-packages/airflow/example_dags/plugins/listener_plugin.py
[2024-03-05T20:55:43.071-0300] {processor.py:183} INFO - Processing /home/gabriel/Documents/Airflow/venv/lib/python3.10/site-packages/airflow/example_dags/plugins/listener_plugin.py took 0.019 seconds
[2024-03-05T20:56:22.752-0300] {processor.py:161} INFO - Started process (PID=25270) to work on /home/gabriel/Documents/Airflow/venv/lib/python3.10/site-packages/airflow/example_dags/plugins/listener_plugin.py
[2024-03-05T20:56:22.755-0300] {processor.py:830} INFO - Processing file /home/gabriel/Documents/Airflow/venv/lib/python3.10/site-packages/airflow/example_dags/plugins/listener_plugin.py for tasks to queue
[2024-03-05T20:56:22.756-0300] {logging_mixin.py:188} INFO - [2024-03-05T20:56:22.756-0300] {dagbag.py:540} INFO - Filling up the DagBag from /home/gabriel/Documents/Airflow/venv/lib/python3.10/site-packages/airflow/example_dags/plugins/listener_plugin.py
[2024-03-05T20:56:22.758-0300] {processor.py:842} WARNING - No viable dags retrieved from /home/gabriel/Documents/Airflow/venv/lib/python3.10/site-packages/airflow/example_dags/plugins/listener_plugin.py
[2024-03-05T20:56:22.767-0300] {processor.py:183} INFO - Processing /home/gabriel/Documents/Airflow/venv/lib/python3.10/site-packages/airflow/example_dags/plugins/listener_plugin.py took 0.016 seconds
