[2024-03-05T20:52:56.977-0300] {processor.py:161} INFO - Started process (PID=23166) to work on /home/gabriel/Documents/Airflow/venv/lib/python3.10/site-packages/airflow/example_dags/plugins/workday.py
[2024-03-05T20:52:56.977-0300] {processor.py:830} INFO - Processing file /home/gabriel/Documents/Airflow/venv/lib/python3.10/site-packages/airflow/example_dags/plugins/workday.py for tasks to queue
[2024-03-05T20:52:56.978-0300] {logging_mixin.py:188} INFO - [2024-03-05T20:52:56.978-0300] {dagbag.py:540} INFO - Filling up the DagBag from /home/gabriel/Documents/Airflow/venv/lib/python3.10/site-packages/airflow/example_dags/plugins/workday.py
[2024-03-05T20:52:58.991-0300] {processor.py:842} WARNING - No viable dags retrieved from /home/gabriel/Documents/Airflow/venv/lib/python3.10/site-packages/airflow/example_dags/plugins/workday.py
[2024-03-05T20:52:59.018-0300] {processor.py:183} INFO - Processing /home/gabriel/Documents/Airflow/venv/lib/python3.10/site-packages/airflow/example_dags/plugins/workday.py took 2.043 seconds
[2024-03-05T20:54:04.073-0300] {processor.py:161} INFO - Started process (PID=23978) to work on /home/gabriel/Documents/Airflow/venv/lib/python3.10/site-packages/airflow/example_dags/plugins/workday.py
[2024-03-05T20:54:04.075-0300] {processor.py:830} INFO - Processing file /home/gabriel/Documents/Airflow/venv/lib/python3.10/site-packages/airflow/example_dags/plugins/workday.py for tasks to queue
[2024-03-05T20:54:04.076-0300] {logging_mixin.py:188} INFO - [2024-03-05T20:54:04.076-0300] {dagbag.py:540} INFO - Filling up the DagBag from /home/gabriel/Documents/Airflow/venv/lib/python3.10/site-packages/airflow/example_dags/plugins/workday.py
[2024-03-05T20:54:04.791-0300] {processor.py:842} WARNING - No viable dags retrieved from /home/gabriel/Documents/Airflow/venv/lib/python3.10/site-packages/airflow/example_dags/plugins/workday.py
[2024-03-05T20:54:04.820-0300] {processor.py:183} INFO - Processing /home/gabriel/Documents/Airflow/venv/lib/python3.10/site-packages/airflow/example_dags/plugins/workday.py took 0.749 seconds
[2024-03-05T20:54:53.290-0300] {processor.py:161} INFO - Started process (PID=24394) to work on /home/gabriel/Documents/Airflow/venv/lib/python3.10/site-packages/airflow/example_dags/plugins/workday.py
[2024-03-05T20:54:53.291-0300] {processor.py:830} INFO - Processing file /home/gabriel/Documents/Airflow/venv/lib/python3.10/site-packages/airflow/example_dags/plugins/workday.py for tasks to queue
[2024-03-05T20:54:53.292-0300] {logging_mixin.py:188} INFO - [2024-03-05T20:54:53.292-0300] {dagbag.py:540} INFO - Filling up the DagBag from /home/gabriel/Documents/Airflow/venv/lib/python3.10/site-packages/airflow/example_dags/plugins/workday.py
[2024-03-05T20:54:53.955-0300] {processor.py:842} WARNING - No viable dags retrieved from /home/gabriel/Documents/Airflow/venv/lib/python3.10/site-packages/airflow/example_dags/plugins/workday.py
[2024-03-05T20:54:53.963-0300] {processor.py:183} INFO - Processing /home/gabriel/Documents/Airflow/venv/lib/python3.10/site-packages/airflow/example_dags/plugins/workday.py took 0.676 seconds
[2024-03-05T20:55:44.862-0300] {processor.py:161} INFO - Started process (PID=24940) to work on /home/gabriel/Documents/Airflow/venv/lib/python3.10/site-packages/airflow/example_dags/plugins/workday.py
[2024-03-05T20:55:44.864-0300] {processor.py:830} INFO - Processing file /home/gabriel/Documents/Airflow/venv/lib/python3.10/site-packages/airflow/example_dags/plugins/workday.py for tasks to queue
[2024-03-05T20:55:44.866-0300] {logging_mixin.py:188} INFO - [2024-03-05T20:55:44.865-0300] {dagbag.py:540} INFO - Filling up the DagBag from /home/gabriel/Documents/Airflow/venv/lib/python3.10/site-packages/airflow/example_dags/plugins/workday.py
[2024-03-05T20:55:45.309-0300] {processor.py:842} WARNING - No viable dags retrieved from /home/gabriel/Documents/Airflow/venv/lib/python3.10/site-packages/airflow/example_dags/plugins/workday.py
[2024-03-05T20:55:45.319-0300] {processor.py:183} INFO - Processing /home/gabriel/Documents/Airflow/venv/lib/python3.10/site-packages/airflow/example_dags/plugins/workday.py took 0.461 seconds
[2024-03-05T20:56:39.486-0300] {processor.py:161} INFO - Started process (PID=25512) to work on /home/gabriel/Documents/Airflow/venv/lib/python3.10/site-packages/airflow/example_dags/plugins/workday.py
[2024-03-05T20:56:39.487-0300] {processor.py:830} INFO - Processing file /home/gabriel/Documents/Airflow/venv/lib/python3.10/site-packages/airflow/example_dags/plugins/workday.py for tasks to queue
[2024-03-05T20:56:39.488-0300] {logging_mixin.py:188} INFO - [2024-03-05T20:56:39.488-0300] {dagbag.py:540} INFO - Filling up the DagBag from /home/gabriel/Documents/Airflow/venv/lib/python3.10/site-packages/airflow/example_dags/plugins/workday.py
[2024-03-05T20:56:39.939-0300] {processor.py:842} WARNING - No viable dags retrieved from /home/gabriel/Documents/Airflow/venv/lib/python3.10/site-packages/airflow/example_dags/plugins/workday.py
[2024-03-05T20:56:39.953-0300] {processor.py:183} INFO - Processing /home/gabriel/Documents/Airflow/venv/lib/python3.10/site-packages/airflow/example_dags/plugins/workday.py took 0.470 seconds
