[2024-03-05T21:31:04.032-0300] {taskinstance.py:1979} INFO - Dependencies all met for dep_context=non-requeueable deps ti=<TaskInstance: Executando-notebook-etl.Extraindo-conversoes scheduled__2024-02-26T09:00:00+00:00 [queued]>
[2024-03-05T21:31:04.040-0300] {taskinstance.py:1979} INFO - Dependencies all met for dep_context=requeueable deps ti=<TaskInstance: Executando-notebook-etl.Extraindo-conversoes scheduled__2024-02-26T09:00:00+00:00 [queued]>
[2024-03-05T21:31:04.041-0300] {taskinstance.py:2193} INFO - Starting attempt 1 of 1
[2024-03-05T21:31:04.060-0300] {taskinstance.py:2214} INFO - Executing <Task(DatabricksRunNowOperator): Extraindo-conversoes> on 2024-02-26 09:00:00+00:00
[2024-03-05T21:31:04.063-0300] {standard_task_runner.py:60} INFO - Started process 46154 to run task
[2024-03-05T21:31:04.066-0300] {standard_task_runner.py:87} INFO - Running: ['airflow', 'tasks', 'run', 'Executando-notebook-etl', 'Extraindo-conversoes', 'scheduled__2024-02-26T09:00:00+00:00', '--job-id', '36', '--raw', '--subdir', 'DAGS_FOLDER/exchange_rate_dag.py', '--cfg-path', '/tmp/tmpo440rt7b']
[2024-03-05T21:31:04.067-0300] {standard_task_runner.py:88} INFO - Job 36: Subtask Extraindo-conversoes
[2024-03-05T21:31:04.105-0300] {task_command.py:423} INFO - Running <TaskInstance: Executando-notebook-etl.Extraindo-conversoes scheduled__2024-02-26T09:00:00+00:00 [running]> on host GabGalani.
[2024-03-05T21:31:04.182-0300] {taskinstance.py:2510} INFO - Exporting env vars: AIRFLOW_CTX_DAG_OWNER='airflow' AIRFLOW_CTX_DAG_ID='Executando-notebook-etl' AIRFLOW_CTX_TASK_ID='Extraindo-conversoes' AIRFLOW_CTX_EXECUTION_DATE='2024-02-26T09:00:00+00:00' AIRFLOW_CTX_TRY_NUMBER='1' AIRFLOW_CTX_DAG_RUN_ID='scheduled__2024-02-26T09:00:00+00:00'
[2024-03-05T21:31:04.189-0300] {base.py:83} INFO - Using connection ID 'databricks_default' for task execution.
[2024-03-05T21:31:04.205-0300] {databricks_base.py:500} INFO - Using token auth.
[2024-03-05T21:31:04.791-0300] {databricks.py:54} INFO - Run submitted with run_id: 283119411595460
[2024-03-05T21:31:04.792-0300] {databricks_base.py:500} INFO - Using token auth.
[2024-03-05T21:31:05.050-0300] {databricks_base.py:500} INFO - Using token auth.
[2024-03-05T21:31:05.234-0300] {databricks.py:108} INFO - Extraindo-conversoes in run state: {'life_cycle_state': 'RUNNING', 'result_state': '', 'state_message': ''}
[2024-03-05T21:31:05.234-0300] {databricks.py:109} INFO - View run status, Spark UI, and logs at https://adb-2816171104137333.13.azuredatabricks.net/?o=2816171104137333#job/292067935571330/run/283119411595460
[2024-03-05T21:31:05.235-0300] {databricks.py:110} INFO - Sleeping for 30 seconds.
[2024-03-05T21:31:35.265-0300] {databricks_base.py:500} INFO - Using token auth.
[2024-03-05T21:31:35.508-0300] {databricks.py:65} INFO - Extraindo-conversoes completed successfully.
[2024-03-05T21:31:35.509-0300] {databricks.py:66} INFO - View run status, Spark UI, and logs at https://adb-2816171104137333.13.azuredatabricks.net/?o=2816171104137333#job/292067935571330/run/283119411595460
[2024-03-05T21:31:35.513-0300] {taskinstance.py:1149} INFO - Marking task as SUCCESS. dag_id=Executando-notebook-etl, task_id=Extraindo-conversoes, execution_date=20240226T090000, start_date=20240306T003104, end_date=20240306T003135
[2024-03-05T21:31:35.532-0300] {local_task_job_runner.py:234} INFO - Task exited with return code 0
[2024-03-05T21:31:35.546-0300] {taskinstance.py:3309} INFO - 1 downstream tasks scheduled from follow-on schedule check
