[2024-03-05T20:52:59.337-0300] {processor.py:161} INFO - Started process (PID=23189) to work on /home/gabriel/Documents/Airflow/venv/lib/python3.10/site-packages/airflow/example_dags/subdags/subdag.py
[2024-03-05T20:52:59.338-0300] {processor.py:830} INFO - Processing file /home/gabriel/Documents/Airflow/venv/lib/python3.10/site-packages/airflow/example_dags/subdags/subdag.py for tasks to queue
[2024-03-05T20:52:59.338-0300] {logging_mixin.py:188} INFO - [2024-03-05T20:52:59.338-0300] {dagbag.py:540} INFO - Filling up the DagBag from /home/gabriel/Documents/Airflow/venv/lib/python3.10/site-packages/airflow/example_dags/subdags/subdag.py
[2024-03-05T20:52:59.340-0300] {processor.py:842} WARNING - No viable dags retrieved from /home/gabriel/Documents/Airflow/venv/lib/python3.10/site-packages/airflow/example_dags/subdags/subdag.py
[2024-03-05T20:52:59.347-0300] {processor.py:183} INFO - Processing /home/gabriel/Documents/Airflow/venv/lib/python3.10/site-packages/airflow/example_dags/subdags/subdag.py took 0.012 seconds
[2024-03-05T20:54:05.924-0300] {processor.py:161} INFO - Started process (PID=24026) to work on /home/gabriel/Documents/Airflow/venv/lib/python3.10/site-packages/airflow/example_dags/subdags/subdag.py
[2024-03-05T20:54:05.925-0300] {processor.py:830} INFO - Processing file /home/gabriel/Documents/Airflow/venv/lib/python3.10/site-packages/airflow/example_dags/subdags/subdag.py for tasks to queue
[2024-03-05T20:54:05.926-0300] {logging_mixin.py:188} INFO - [2024-03-05T20:54:05.926-0300] {dagbag.py:540} INFO - Filling up the DagBag from /home/gabriel/Documents/Airflow/venv/lib/python3.10/site-packages/airflow/example_dags/subdags/subdag.py
[2024-03-05T20:54:05.928-0300] {processor.py:842} WARNING - No viable dags retrieved from /home/gabriel/Documents/Airflow/venv/lib/python3.10/site-packages/airflow/example_dags/subdags/subdag.py
[2024-03-05T20:54:05.937-0300] {processor.py:183} INFO - Processing /home/gabriel/Documents/Airflow/venv/lib/python3.10/site-packages/airflow/example_dags/subdags/subdag.py took 0.015 seconds
[2024-03-05T20:54:55.086-0300] {processor.py:161} INFO - Started process (PID=24414) to work on /home/gabriel/Documents/Airflow/venv/lib/python3.10/site-packages/airflow/example_dags/subdags/subdag.py
[2024-03-05T20:54:55.087-0300] {processor.py:830} INFO - Processing file /home/gabriel/Documents/Airflow/venv/lib/python3.10/site-packages/airflow/example_dags/subdags/subdag.py for tasks to queue
[2024-03-05T20:54:55.089-0300] {logging_mixin.py:188} INFO - [2024-03-05T20:54:55.088-0300] {dagbag.py:540} INFO - Filling up the DagBag from /home/gabriel/Documents/Airflow/venv/lib/python3.10/site-packages/airflow/example_dags/subdags/subdag.py
[2024-03-05T20:54:55.092-0300] {processor.py:842} WARNING - No viable dags retrieved from /home/gabriel/Documents/Airflow/venv/lib/python3.10/site-packages/airflow/example_dags/subdags/subdag.py
[2024-03-05T20:54:55.101-0300] {processor.py:183} INFO - Processing /home/gabriel/Documents/Airflow/venv/lib/python3.10/site-packages/airflow/example_dags/subdags/subdag.py took 0.019 seconds
[2024-03-05T20:55:46.399-0300] {processor.py:161} INFO - Started process (PID=24988) to work on /home/gabriel/Documents/Airflow/venv/lib/python3.10/site-packages/airflow/example_dags/subdags/subdag.py
[2024-03-05T20:55:46.400-0300] {processor.py:830} INFO - Processing file /home/gabriel/Documents/Airflow/venv/lib/python3.10/site-packages/airflow/example_dags/subdags/subdag.py for tasks to queue
[2024-03-05T20:55:46.401-0300] {logging_mixin.py:188} INFO - [2024-03-05T20:55:46.401-0300] {dagbag.py:540} INFO - Filling up the DagBag from /home/gabriel/Documents/Airflow/venv/lib/python3.10/site-packages/airflow/example_dags/subdags/subdag.py
[2024-03-05T20:55:46.402-0300] {processor.py:842} WARNING - No viable dags retrieved from /home/gabriel/Documents/Airflow/venv/lib/python3.10/site-packages/airflow/example_dags/subdags/subdag.py
[2024-03-05T20:55:46.410-0300] {processor.py:183} INFO - Processing /home/gabriel/Documents/Airflow/venv/lib/python3.10/site-packages/airflow/example_dags/subdags/subdag.py took 0.013 seconds
[2024-03-05T20:56:41.076-0300] {processor.py:161} INFO - Started process (PID=25536) to work on /home/gabriel/Documents/Airflow/venv/lib/python3.10/site-packages/airflow/example_dags/subdags/subdag.py
[2024-03-05T20:56:41.078-0300] {processor.py:830} INFO - Processing file /home/gabriel/Documents/Airflow/venv/lib/python3.10/site-packages/airflow/example_dags/subdags/subdag.py for tasks to queue
[2024-03-05T20:56:41.079-0300] {logging_mixin.py:188} INFO - [2024-03-05T20:56:41.078-0300] {dagbag.py:540} INFO - Filling up the DagBag from /home/gabriel/Documents/Airflow/venv/lib/python3.10/site-packages/airflow/example_dags/subdags/subdag.py
[2024-03-05T20:56:41.081-0300] {processor.py:842} WARNING - No viable dags retrieved from /home/gabriel/Documents/Airflow/venv/lib/python3.10/site-packages/airflow/example_dags/subdags/subdag.py
[2024-03-05T20:56:41.091-0300] {processor.py:183} INFO - Processing /home/gabriel/Documents/Airflow/venv/lib/python3.10/site-packages/airflow/example_dags/subdags/subdag.py took 0.019 seconds
