[2024-03-05T21:39:10.997-0300] {taskinstance.py:1979} INFO - Dependencies all met for dep_context=non-requeueable deps ti=<TaskInstance: Executando-notebook-etl.Transformando-dados scheduled__2024-03-01T09:00:00+00:00 [queued]>
[2024-03-05T21:39:11.003-0300] {taskinstance.py:1979} INFO - Dependencies all met for dep_context=requeueable deps ti=<TaskInstance: Executando-notebook-etl.Transformando-dados scheduled__2024-03-01T09:00:00+00:00 [queued]>
[2024-03-05T21:39:11.004-0300] {taskinstance.py:2193} INFO - Starting attempt 1 of 1
[2024-03-05T21:39:11.019-0300] {taskinstance.py:2214} INFO - Executing <Task(DatabricksRunNowOperator): Transformando-dados> on 2024-03-01 09:00:00+00:00
[2024-03-05T21:39:11.023-0300] {standard_task_runner.py:60} INFO - Started process 51933 to run task
[2024-03-05T21:39:11.025-0300] {standard_task_runner.py:87} INFO - Running: ['airflow', 'tasks', 'run', 'Executando-notebook-etl', 'Transformando-dados', 'scheduled__2024-03-01T09:00:00+00:00', '--job-id', '47', '--raw', '--subdir', 'DAGS_FOLDER/exchange_rate_dag.py', '--cfg-path', '/tmp/tmpgw9ziy10']
[2024-03-05T21:39:11.026-0300] {standard_task_runner.py:88} INFO - Job 47: Subtask Transformando-dados
[2024-03-05T21:39:11.060-0300] {task_command.py:423} INFO - Running <TaskInstance: Executando-notebook-etl.Transformando-dados scheduled__2024-03-01T09:00:00+00:00 [running]> on host GabGalani.
[2024-03-05T21:39:11.128-0300] {taskinstance.py:2510} INFO - Exporting env vars: AIRFLOW_CTX_DAG_OWNER='airflow' AIRFLOW_CTX_DAG_ID='Executando-notebook-etl' AIRFLOW_CTX_TASK_ID='Transformando-dados' AIRFLOW_CTX_EXECUTION_DATE='2024-03-01T09:00:00+00:00' AIRFLOW_CTX_TRY_NUMBER='1' AIRFLOW_CTX_DAG_RUN_ID='scheduled__2024-03-01T09:00:00+00:00'
[2024-03-05T21:39:11.132-0300] {base.py:83} INFO - Using connection ID 'databricks_default' for task execution.
[2024-03-05T21:39:11.147-0300] {databricks_base.py:500} INFO - Using token auth.
[2024-03-05T21:39:11.513-0300] {databricks.py:54} INFO - Run submitted with run_id: 800818764193164
[2024-03-05T21:39:11.513-0300] {databricks_base.py:500} INFO - Using token auth.
[2024-03-05T21:39:11.786-0300] {databricks_base.py:500} INFO - Using token auth.
[2024-03-05T21:39:11.966-0300] {databricks.py:108} INFO - Transformando-dados in run state: {'life_cycle_state': 'RUNNING', 'result_state': '', 'state_message': ''}
[2024-03-05T21:39:11.967-0300] {databricks.py:109} INFO - View run status, Spark UI, and logs at https://adb-2816171104137333.13.azuredatabricks.net/?o=2816171104137333#job/140817525018336/run/800818764193164
[2024-03-05T21:39:11.967-0300] {databricks.py:110} INFO - Sleeping for 30 seconds.
[2024-03-05T21:39:41.998-0300] {databricks_base.py:500} INFO - Using token auth.
[2024-03-05T21:39:42.425-0300] {databricks.py:65} INFO - Transformando-dados completed successfully.
[2024-03-05T21:39:42.425-0300] {databricks.py:66} INFO - View run status, Spark UI, and logs at https://adb-2816171104137333.13.azuredatabricks.net/?o=2816171104137333#job/140817525018336/run/800818764193164
[2024-03-05T21:39:42.431-0300] {taskinstance.py:1149} INFO - Marking task as SUCCESS. dag_id=Executando-notebook-etl, task_id=Transformando-dados, execution_date=20240301T090000, start_date=20240306T003910, end_date=20240306T003942
[2024-03-05T21:39:42.459-0300] {local_task_job_runner.py:234} INFO - Task exited with return code 0
[2024-03-05T21:39:42.468-0300] {taskinstance.py:3309} INFO - 0 downstream tasks scheduled from follow-on schedule check
