[2024-03-05T21:18:49.603-0300] {taskinstance.py:1979} INFO - Dependencies all met for dep_context=non-requeueable deps ti=<TaskInstance: Executando-notebook-etl.Extraindo-conversoes scheduled__2024-02-15T09:00:00+00:00 [queued]>
[2024-03-05T21:18:49.609-0300] {taskinstance.py:1979} INFO - Dependencies all met for dep_context=requeueable deps ti=<TaskInstance: Executando-notebook-etl.Extraindo-conversoes scheduled__2024-02-15T09:00:00+00:00 [queued]>
[2024-03-05T21:18:49.610-0300] {taskinstance.py:2193} INFO - Starting attempt 1 of 1
[2024-03-05T21:18:49.626-0300] {taskinstance.py:2214} INFO - Executing <Task(DatabricksRunNowOperator): Extraindo-conversoes> on 2024-02-15 09:00:00+00:00
[2024-03-05T21:18:49.628-0300] {standard_task_runner.py:60} INFO - Started process 36751 to run task
[2024-03-05T21:18:49.631-0300] {standard_task_runner.py:87} INFO - Running: ['airflow', 'tasks', 'run', 'Executando-notebook-etl', 'Extraindo-conversoes', 'scheduled__2024-02-15T09:00:00+00:00', '--job-id', '14', '--raw', '--subdir', 'DAGS_FOLDER/exchange_rate_dag.py', '--cfg-path', '/tmp/tmpbnnctxcg']
[2024-03-05T21:18:49.632-0300] {standard_task_runner.py:88} INFO - Job 14: Subtask Extraindo-conversoes
[2024-03-05T21:18:49.672-0300] {task_command.py:423} INFO - Running <TaskInstance: Executando-notebook-etl.Extraindo-conversoes scheduled__2024-02-15T09:00:00+00:00 [running]> on host GabGalani.
[2024-03-05T21:18:49.738-0300] {taskinstance.py:2510} INFO - Exporting env vars: AIRFLOW_CTX_DAG_OWNER='airflow' AIRFLOW_CTX_DAG_ID='Executando-notebook-etl' AIRFLOW_CTX_TASK_ID='Extraindo-conversoes' AIRFLOW_CTX_EXECUTION_DATE='2024-02-15T09:00:00+00:00' AIRFLOW_CTX_TRY_NUMBER='1' AIRFLOW_CTX_DAG_RUN_ID='scheduled__2024-02-15T09:00:00+00:00'
[2024-03-05T21:18:49.743-0300] {base.py:83} INFO - Using connection ID 'databricks_default' for task execution.
[2024-03-05T21:18:49.757-0300] {databricks_base.py:500} INFO - Using token auth.
[2024-03-05T21:18:50.103-0300] {databricks.py:54} INFO - Run submitted with run_id: 547217198139362
[2024-03-05T21:18:50.104-0300] {databricks_base.py:500} INFO - Using token auth.
[2024-03-05T21:18:50.333-0300] {databricks_base.py:500} INFO - Using token auth.
[2024-03-05T21:18:50.497-0300] {databricks.py:108} INFO - Extraindo-conversoes in run state: {'life_cycle_state': 'RUNNING', 'result_state': '', 'state_message': ''}
[2024-03-05T21:18:50.498-0300] {databricks.py:109} INFO - View run status, Spark UI, and logs at https://adb-2816171104137333.13.azuredatabricks.net/?o=2816171104137333#job/292067935571330/run/547217198139362
[2024-03-05T21:18:50.498-0300] {databricks.py:110} INFO - Sleeping for 30 seconds.
[2024-03-05T21:19:20.529-0300] {databricks_base.py:500} INFO - Using token auth.
[2024-03-05T21:19:20.768-0300] {databricks.py:65} INFO - Extraindo-conversoes completed successfully.
[2024-03-05T21:19:20.769-0300] {databricks.py:66} INFO - View run status, Spark UI, and logs at https://adb-2816171104137333.13.azuredatabricks.net/?o=2816171104137333#job/292067935571330/run/547217198139362
[2024-03-05T21:19:20.776-0300] {taskinstance.py:1149} INFO - Marking task as SUCCESS. dag_id=Executando-notebook-etl, task_id=Extraindo-conversoes, execution_date=20240215T090000, start_date=20240306T001849, end_date=20240306T001920
[2024-03-05T21:19:20.813-0300] {local_task_job_runner.py:234} INFO - Task exited with return code 0
[2024-03-05T21:19:20.828-0300] {taskinstance.py:3309} INFO - 1 downstream tasks scheduled from follow-on schedule check
