[2024-03-05T21:35:27.498-0300] {taskinstance.py:1979} INFO - Dependencies all met for dep_context=non-requeueable deps ti=<TaskInstance: Executando-notebook-etl.Transformando-dados scheduled__2024-02-28T09:00:00+00:00 [queued]>
[2024-03-05T21:35:27.504-0300] {taskinstance.py:1979} INFO - Dependencies all met for dep_context=requeueable deps ti=<TaskInstance: Executando-notebook-etl.Transformando-dados scheduled__2024-02-28T09:00:00+00:00 [queued]>
[2024-03-05T21:35:27.505-0300] {taskinstance.py:2193} INFO - Starting attempt 1 of 1
[2024-03-05T21:35:27.520-0300] {taskinstance.py:2214} INFO - Executing <Task(DatabricksRunNowOperator): Transformando-dados> on 2024-02-28 09:00:00+00:00
[2024-03-05T21:35:27.522-0300] {standard_task_runner.py:60} INFO - Started process 49671 to run task
[2024-03-05T21:35:27.525-0300] {standard_task_runner.py:87} INFO - Running: ['airflow', 'tasks', 'run', 'Executando-notebook-etl', 'Transformando-dados', 'scheduled__2024-02-28T09:00:00+00:00', '--job-id', '43', '--raw', '--subdir', 'DAGS_FOLDER/exchange_rate_dag.py', '--cfg-path', '/tmp/tmpdn1as1vh']
[2024-03-05T21:35:27.527-0300] {standard_task_runner.py:88} INFO - Job 43: Subtask Transformando-dados
[2024-03-05T21:35:27.559-0300] {task_command.py:423} INFO - Running <TaskInstance: Executando-notebook-etl.Transformando-dados scheduled__2024-02-28T09:00:00+00:00 [running]> on host GabGalani.
[2024-03-05T21:35:27.622-0300] {taskinstance.py:2510} INFO - Exporting env vars: AIRFLOW_CTX_DAG_OWNER='airflow' AIRFLOW_CTX_DAG_ID='Executando-notebook-etl' AIRFLOW_CTX_TASK_ID='Transformando-dados' AIRFLOW_CTX_EXECUTION_DATE='2024-02-28T09:00:00+00:00' AIRFLOW_CTX_TRY_NUMBER='1' AIRFLOW_CTX_DAG_RUN_ID='scheduled__2024-02-28T09:00:00+00:00'
[2024-03-05T21:35:27.628-0300] {base.py:83} INFO - Using connection ID 'databricks_default' for task execution.
[2024-03-05T21:35:27.641-0300] {databricks_base.py:500} INFO - Using token auth.
[2024-03-05T21:35:27.993-0300] {databricks.py:54} INFO - Run submitted with run_id: 1058273819441875
[2024-03-05T21:35:27.993-0300] {databricks_base.py:500} INFO - Using token auth.
[2024-03-05T21:35:28.241-0300] {databricks_base.py:500} INFO - Using token auth.
[2024-03-05T21:35:28.426-0300] {databricks.py:108} INFO - Transformando-dados in run state: {'life_cycle_state': 'RUNNING', 'result_state': '', 'state_message': ''}
[2024-03-05T21:35:28.427-0300] {databricks.py:109} INFO - View run status, Spark UI, and logs at https://adb-2816171104137333.13.azuredatabricks.net/?o=2816171104137333#job/140817525018336/run/1058273819441875
[2024-03-05T21:35:28.428-0300] {databricks.py:110} INFO - Sleeping for 30 seconds.
[2024-03-05T21:35:58.435-0300] {databricks_base.py:500} INFO - Using token auth.
[2024-03-05T21:35:58.732-0300] {databricks.py:65} INFO - Transformando-dados completed successfully.
[2024-03-05T21:35:58.733-0300] {databricks.py:66} INFO - View run status, Spark UI, and logs at https://adb-2816171104137333.13.azuredatabricks.net/?o=2816171104137333#job/140817525018336/run/1058273819441875
[2024-03-05T21:35:58.737-0300] {taskinstance.py:1149} INFO - Marking task as SUCCESS. dag_id=Executando-notebook-etl, task_id=Transformando-dados, execution_date=20240228T090000, start_date=20240306T003527, end_date=20240306T003558
[2024-03-05T21:35:58.759-0300] {local_task_job_runner.py:234} INFO - Task exited with return code 0
[2024-03-05T21:35:58.766-0300] {taskinstance.py:3309} INFO - 0 downstream tasks scheduled from follow-on schedule check
